{
  "uid" : "2ba6feec47061ca1",
  "name" : "Test submenu and button on the Fraud Prevention page",
  "fullName" : "Test Redirection of Pages: Test submenu and button on the Fraud Prevention page",
  "historyId" : "f30ada24157a19abc6ec88eb89175359",
  "time" : {
    "start" : 1702388012858,
    "stop" : 1702388037020,
    "duration" : 24162
  },
  "status" : "broken",
  "statusMessage" : "selenium.common.exceptions.NoSuchElementException: Message: no such element: Unable to locate element: {\"method\":\"xpath\",\"selector\":\"/html/body/div[1]/div[3]/div/div/div/div/main/article/div/div/div[5]/div/div/div/div[2]/div[2]/div/div/div[2]/div/div/div/div/div[2]/a\"}\n  (Session info: headless chrome=114.0.5735.133); For documentation on this error, please visit: https://www.selenium.dev/documentation/webdriver/troubleshooting/errors#no-such-element-exception\nStacktrace:\n#0 0x55b00fa614e3 <unknown>\n#1 0x55b00f790c76 <unknown>\n#2 0x55b00f7ccc96 <unknown>\n#3 0x55b00f7ccdc1 <unknown>\n#4 0x55b00f8067f4 <unknown>\n#5 0x55b00f7ec03d <unknown>\n#6 0x55b00f80430e <unknown>\n#7 0x55b00f7ebde3 <unknown>\n#8 0x55b00f7c12dd <unknown>\n#9 0x55b00f7c234e <unknown>\n#10 0x55b00fa213e4 <unknown>\n#11 0x55b00fa253d7 <unknown>\n#12 0x55b00fa2fb20 <unknown>\n#13 0x55b00fa26023 <unknown>\n#14 0x55b00f9f41aa <unknown>\n#15 0x55b00fa4a6b8 <unknown>\n#16 0x55b00fa4a847 <unknown>\n#17 0x55b00fa5a243 <unknown>\n#18 0x7fc7e7e90402 <unknown>\n\n",
  "statusTrace" : "  File \"/usr/local/lib/python3.10/dist-packages/behave/model.py\", line 1329, in run\n    match.run(runner.context)\n  File \"/usr/local/lib/python3.10/dist-packages/behave/matchers.py\", line 98, in run\n    self.func(context, *args, **kwargs)\n  File \"steps/PageRedirectionSteps.py\", line 103, in step_impl\n    button_element = context.driver.find_element(By.XPATH, xpath)\n  File \"/home/addweb/.local/lib/python3.10/site-packages/selenium/webdriver/remote/webdriver.py\", line 740, in find_element\n    return self.execute(Command.FIND_ELEMENT, {\"using\": by, \"value\": value})[\"value\"]\n  File \"/home/addweb/.local/lib/python3.10/site-packages/selenium/webdriver/remote/webdriver.py\", line 346, in execute\n    self.error_handler.check_response(response)\n  File \"/home/addweb/.local/lib/python3.10/site-packages/selenium/webdriver/remote/errorhandler.py\", line 245, in check_response\n    raise exception_class(message, screen, stacktrace)\n",
  "flaky" : false,
  "newFailed" : false,
  "beforeStages" : [ ],
  "testStage" : {
    "status" : "broken",
    "statusMessage" : "selenium.common.exceptions.NoSuchElementException: Message: no such element: Unable to locate element: {\"method\":\"xpath\",\"selector\":\"/html/body/div[1]/div[3]/div/div/div/div/main/article/div/div/div[5]/div/div/div/div[2]/div[2]/div/div/div[2]/div/div/div/div/div[2]/a\"}\n  (Session info: headless chrome=114.0.5735.133); For documentation on this error, please visit: https://www.selenium.dev/documentation/webdriver/troubleshooting/errors#no-such-element-exception\nStacktrace:\n#0 0x55b00fa614e3 <unknown>\n#1 0x55b00f790c76 <unknown>\n#2 0x55b00f7ccc96 <unknown>\n#3 0x55b00f7ccdc1 <unknown>\n#4 0x55b00f8067f4 <unknown>\n#5 0x55b00f7ec03d <unknown>\n#6 0x55b00f80430e <unknown>\n#7 0x55b00f7ebde3 <unknown>\n#8 0x55b00f7c12dd <unknown>\n#9 0x55b00f7c234e <unknown>\n#10 0x55b00fa213e4 <unknown>\n#11 0x55b00fa253d7 <unknown>\n#12 0x55b00fa2fb20 <unknown>\n#13 0x55b00fa26023 <unknown>\n#14 0x55b00f9f41aa <unknown>\n#15 0x55b00fa4a6b8 <unknown>\n#16 0x55b00fa4a847 <unknown>\n#17 0x55b00fa5a243 <unknown>\n#18 0x7fc7e7e90402 <unknown>\n\n",
    "statusTrace" : "  File \"/usr/local/lib/python3.10/dist-packages/behave/model.py\", line 1329, in run\n    match.run(runner.context)\n  File \"/usr/local/lib/python3.10/dist-packages/behave/matchers.py\", line 98, in run\n    self.func(context, *args, **kwargs)\n  File \"steps/PageRedirectionSteps.py\", line 103, in step_impl\n    button_element = context.driver.find_element(By.XPATH, xpath)\n  File \"/home/addweb/.local/lib/python3.10/site-packages/selenium/webdriver/remote/webdriver.py\", line 740, in find_element\n    return self.execute(Command.FIND_ELEMENT, {\"using\": by, \"value\": value})[\"value\"]\n  File \"/home/addweb/.local/lib/python3.10/site-packages/selenium/webdriver/remote/webdriver.py\", line 346, in execute\n    self.error_handler.check_response(response)\n  File \"/home/addweb/.local/lib/python3.10/site-packages/selenium/webdriver/remote/errorhandler.py\", line 245, in check_response\n    raise exception_class(message, screen, stacktrace)\n",
    "steps" : [ {
      "name" : "Given The user is on the \"dev\" site",
      "time" : {
        "start" : 1702388013603,
        "stop" : 1702388020921,
        "duration" : 7318
      },
      "status" : "passed",
      "steps" : [ ],
      "attachments" : [ ],
      "parameters" : [ ],
      "stepsCount" : 0,
      "attachmentsCount" : 0,
      "shouldDisplayMessage" : false,
      "hasContent" : false
    }, {
      "name" : "When The user hovers over the \"use_cases\" menu",
      "time" : {
        "start" : 1702388020922,
        "stop" : 1702388021242,
        "duration" : 320
      },
      "status" : "passed",
      "steps" : [ ],
      "attachments" : [ ],
      "parameters" : [ ],
      "stepsCount" : 0,
      "attachmentsCount" : 0,
      "shouldDisplayMessage" : false,
      "hasContent" : false
    }, {
      "name" : "And The user clicks on the \"fraud_prevention\" submenu link and verify the redirection \"fraud_prevention\" page",
      "time" : {
        "start" : 1702388021243,
        "stop" : 1702388025461,
        "duration" : 4218
      },
      "status" : "passed",
      "steps" : [ ],
      "attachments" : [ ],
      "parameters" : [ ],
      "stepsCount" : 0,
      "attachmentsCount" : 0,
      "shouldDisplayMessage" : false,
      "hasContent" : false
    }, {
      "name" : "When The user clicks on the \"litsen_to_podcast\" button",
      "time" : {
        "start" : 1702388025461,
        "stop" : 1702388027753,
        "duration" : 2292
      },
      "status" : "passed",
      "steps" : [ ],
      "attachments" : [ ],
      "parameters" : [ ],
      "stepsCount" : 0,
      "attachmentsCount" : 0,
      "shouldDisplayMessage" : false,
      "hasContent" : false
    }, {
      "name" : "Then The user should be redirected to the \"litsen_to_podcast\" page",
      "time" : {
        "start" : 1702388027753,
        "stop" : 1702388031655,
        "duration" : 3902
      },
      "status" : "passed",
      "steps" : [ ],
      "attachments" : [ ],
      "parameters" : [ ],
      "stepsCount" : 0,
      "attachmentsCount" : 0,
      "shouldDisplayMessage" : false,
      "hasContent" : false
    }, {
      "name" : "When The user clicks on the \"sakura\" button",
      "time" : {
        "start" : 1702388031655,
        "stop" : 1702388036955,
        "duration" : 5300
      },
      "status" : "broken",
      "statusMessage" : "selenium.common.exceptions.NoSuchElementException: Message: no such element: Unable to locate element: {\"method\":\"xpath\",\"selector\":\"/html/body/div[1]/div[3]/div/div/div/div/main/article/div/div/div[5]/div/div/div/div[2]/div[2]/div/div/div[2]/div/div/div/div/div[2]/a\"}\n  (Session info: headless chrome=114.0.5735.133); For documentation on this error, please visit: https://www.selenium.dev/documentation/webdriver/troubleshooting/errors#no-such-element-exception\nStacktrace:\n#0 0x55b00fa614e3 <unknown>\n#1 0x55b00f790c76 <unknown>\n#2 0x55b00f7ccc96 <unknown>\n#3 0x55b00f7ccdc1 <unknown>\n#4 0x55b00f8067f4 <unknown>\n#5 0x55b00f7ec03d <unknown>\n#6 0x55b00f80430e <unknown>\n#7 0x55b00f7ebde3 <unknown>\n#8 0x55b00f7c12dd <unknown>\n#9 0x55b00f7c234e <unknown>\n#10 0x55b00fa213e4 <unknown>\n#11 0x55b00fa253d7 <unknown>\n#12 0x55b00fa2fb20 <unknown>\n#13 0x55b00fa26023 <unknown>\n#14 0x55b00f9f41aa <unknown>\n#15 0x55b00fa4a6b8 <unknown>\n#16 0x55b00fa4a847 <unknown>\n#17 0x55b00fa5a243 <unknown>\n#18 0x7fc7e7e90402 <unknown>\n\n",
      "statusTrace" : "  File \"/usr/local/lib/python3.10/dist-packages/behave/model.py\", line 1329, in run\n    match.run(runner.context)\n  File \"/usr/local/lib/python3.10/dist-packages/behave/matchers.py\", line 98, in run\n    self.func(context, *args, **kwargs)\n  File \"steps/PageRedirectionSteps.py\", line 103, in step_impl\n    button_element = context.driver.find_element(By.XPATH, xpath)\n  File \"/home/addweb/.local/lib/python3.10/site-packages/selenium/webdriver/remote/webdriver.py\", line 740, in find_element\n    return self.execute(Command.FIND_ELEMENT, {\"using\": by, \"value\": value})[\"value\"]\n  File \"/home/addweb/.local/lib/python3.10/site-packages/selenium/webdriver/remote/webdriver.py\", line 346, in execute\n    self.error_handler.check_response(response)\n  File \"/home/addweb/.local/lib/python3.10/site-packages/selenium/webdriver/remote/errorhandler.py\", line 245, in check_response\n    raise exception_class(message, screen, stacktrace)\n",
      "steps" : [ ],
      "attachments" : [ {
        "uid" : "d1298d68f447ef3c",
        "name" : "Error Message",
        "source" : "d1298d68f447ef3c.txt",
        "type" : "text/plain",
        "size" : 986
      }, {
        "uid" : "ab1aeea066ba574f",
        "name" : "Screenshot of https://voltDEV:ww9E1ShSNAGLD%40M7w@dev.voltactivedata.com/ Page",
        "source" : "ab1aeea066ba574f.png",
        "type" : "image/png",
        "size" : 441840
      } ],
      "parameters" : [ ],
      "stepsCount" : 0,
      "attachmentsCount" : 2,
      "shouldDisplayMessage" : true,
      "hasContent" : true
    }, {
      "name" : "Then The user should be redirected to the \"sakura\" page",
      "time" : {
        "start" : 1702388037020,
        "stop" : 1702388037020,
        "duration" : 0
      },
      "status" : "skipped",
      "steps" : [ ],
      "attachments" : [ ],
      "parameters" : [ ],
      "stepsCount" : 0,
      "attachmentsCount" : 0,
      "shouldDisplayMessage" : false,
      "hasContent" : false
    }, {
      "name" : "When The user clicks on the \"age_of_5g\" button",
      "time" : {
        "start" : 1702388037020,
        "stop" : 1702388037020,
        "duration" : 0
      },
      "status" : "skipped",
      "steps" : [ ],
      "attachments" : [ ],
      "parameters" : [ ],
      "stepsCount" : 0,
      "attachmentsCount" : 0,
      "shouldDisplayMessage" : false,
      "hasContent" : false
    }, {
      "name" : "Then The user should be redirected to the \"age_of_5g\" page",
      "time" : {
        "start" : 1702388037020,
        "stop" : 1702388037020,
        "duration" : 0
      },
      "status" : "skipped",
      "steps" : [ ],
      "attachments" : [ ],
      "parameters" : [ ],
      "stepsCount" : 0,
      "attachmentsCount" : 0,
      "shouldDisplayMessage" : false,
      "hasContent" : false
    }, {
      "name" : "When The user clicks on the \"growth_engine\" button",
      "time" : {
        "start" : 1702388037020,
        "stop" : 1702388037020,
        "duration" : 0
      },
      "status" : "skipped",
      "steps" : [ ],
      "attachments" : [ ],
      "parameters" : [ ],
      "stepsCount" : 0,
      "attachmentsCount" : 0,
      "shouldDisplayMessage" : false,
      "hasContent" : false
    }, {
      "name" : "Then The user should be redirected to the \"growth_engine\" page",
      "time" : {
        "start" : 1702388037020,
        "stop" : 1702388037020,
        "duration" : 0
      },
      "status" : "skipped",
      "steps" : [ ],
      "attachments" : [ ],
      "parameters" : [ ],
      "stepsCount" : 0,
      "attachmentsCount" : 0,
      "shouldDisplayMessage" : false,
      "hasContent" : false
    }, {
      "name" : "When The user clicks on the \"avoid-it_8\" button",
      "time" : {
        "start" : 1702388037020,
        "stop" : 1702388037020,
        "duration" : 0
      },
      "status" : "skipped",
      "steps" : [ ],
      "attachments" : [ ],
      "parameters" : [ ],
      "stepsCount" : 0,
      "attachmentsCount" : 0,
      "shouldDisplayMessage" : false,
      "hasContent" : false
    }, {
      "name" : "Then The user should be redirected to the \"avoid-it\" page",
      "time" : {
        "start" : 1702388037020,
        "stop" : 1702388037020,
        "duration" : 0
      },
      "status" : "skipped",
      "steps" : [ ],
      "attachments" : [ ],
      "parameters" : [ ],
      "stepsCount" : 0,
      "attachmentsCount" : 0,
      "shouldDisplayMessage" : false,
      "hasContent" : false
    }, {
      "name" : "When The user clicks on the \"new_sql_2\" button",
      "time" : {
        "start" : 1702388037020,
        "stop" : 1702388037020,
        "duration" : 0
      },
      "status" : "skipped",
      "steps" : [ ],
      "attachments" : [ ],
      "parameters" : [ ],
      "stepsCount" : 0,
      "attachmentsCount" : 0,
      "shouldDisplayMessage" : false,
      "hasContent" : false
    }, {
      "name" : "Then The user should be redirected to the \"new_sql\" page",
      "time" : {
        "start" : 1702388037020,
        "stop" : 1702388037020,
        "duration" : 0
      },
      "status" : "skipped",
      "steps" : [ ],
      "attachments" : [ ],
      "parameters" : [ ],
      "stepsCount" : 0,
      "attachmentsCount" : 0,
      "shouldDisplayMessage" : false,
      "hasContent" : false
    } ],
    "attachments" : [ ],
    "parameters" : [ ],
    "stepsCount" : 15,
    "attachmentsCount" : 2,
    "shouldDisplayMessage" : false,
    "hasContent" : true
  },
  "afterStages" : [ ],
  "labels" : [ {
    "name" : "severity",
    "value" : "normal"
  }, {
    "name" : "feature",
    "value" : "Test Redirection of Pages"
  }, {
    "name" : "framework",
    "value" : "behave"
  }, {
    "name" : "language",
    "value" : "cpython3"
  }, {
    "name" : "resultFormat",
    "value" : "allure2"
  } ],
  "parameters" : [ ],
  "links" : [ ],
  "hidden" : false,
  "retry" : false,
  "extra" : {
    "severity" : "normal",
    "retries" : [ ],
    "categories" : [ {
      "name" : "Test defects",
      "matchedStatuses" : [ ],
      "flaky" : false
    } ],
    "tags" : [ ]
  },
  "source" : "2ba6feec47061ca1.json",
  "parameterValues" : [ ]
}