{
  "uid" : "3b846fb53990eb5d",
  "name" : "Test submenu and button on the Webinars and Events page",
  "fullName" : "Test Redirection of Pages: Test submenu and button on the Webinars and Events page",
  "historyId" : "47630eb91979b618063c05268ce85685",
  "time" : {
    "start" : 1702388147519,
    "stop" : 1702388157892,
    "duration" : 10373
  },
  "status" : "broken",
  "statusMessage" : "selenium.common.exceptions.ElementClickInterceptedException: Message: element click intercepted: Element <a class=\"vc_general vc_btn3 vc_btn3-size-md vc_btn3-shape-rounded vc_btn3-style-modern vc_btn3-color-grey\" href=\"https://dtw.tmforum.org/passes/\" title=\"\" target=\"_blank\">...</a> is not clickable at point (150, 867). Other element would receive the click: <div id=\"onetrust-policy-text\">...</div>\n  (Session info: headless chrome=114.0.5735.133)\nStacktrace:\n#0 0x55894e92b4e3 <unknown>\n#1 0x55894e65ac76 <unknown>\n#2 0x55894e69c9d4 <unknown>\n#3 0x55894e69acbd <unknown>\n#4 0x55894e698d2e <unknown>\n#5 0x55894e69810f <unknown>\n#6 0x55894e68d1da <unknown>\n#7 0x55894e6b6012 <unknown>\n#8 0x55894e68cb03 <unknown>\n#9 0x55894e6b61de <unknown>\n#10 0x55894e6ce30e <unknown>\n#11 0x55894e6b5de3 <unknown>\n#12 0x55894e68b2dd <unknown>\n#13 0x55894e68c34e <unknown>\n#14 0x55894e8eb3e4 <unknown>\n#15 0x55894e8ef3d7 <unknown>\n#16 0x55894e8f9b20 <unknown>\n#17 0x55894e8f0023 <unknown>\n#18 0x55894e8be1aa <unknown>\n#19 0x55894e9146b8 <unknown>\n#20 0x55894e914847 <unknown>\n#21 0x55894e924243 <unknown>\n#22 0x7f4d43290402 <unknown>\n\n",
  "statusTrace" : "  File \"/usr/local/lib/python3.10/dist-packages/behave/model.py\", line 1329, in run\n    match.run(runner.context)\n  File \"/usr/local/lib/python3.10/dist-packages/behave/matchers.py\", line 98, in run\n    self.func(context, *args, **kwargs)\n  File \"steps/PageRedirectionSteps.py\", line 142, in step_impl\n    button_element.click()\n  File \"/home/addweb/.local/lib/python3.10/site-packages/selenium/webdriver/remote/webelement.py\", line 94, in click\n    self._execute(Command.CLICK_ELEMENT)\n  File \"/home/addweb/.local/lib/python3.10/site-packages/selenium/webdriver/remote/webelement.py\", line 395, in _execute\n    return self._parent.execute(command, params)\n  File \"/home/addweb/.local/lib/python3.10/site-packages/selenium/webdriver/remote/webdriver.py\", line 346, in execute\n    self.error_handler.check_response(response)\n  File \"/home/addweb/.local/lib/python3.10/site-packages/selenium/webdriver/remote/errorhandler.py\", line 245, in check_response\n    raise exception_class(message, screen, stacktrace)\n",
  "flaky" : false,
  "newFailed" : false,
  "beforeStages" : [ ],
  "testStage" : {
    "status" : "broken",
    "statusMessage" : "selenium.common.exceptions.ElementClickInterceptedException: Message: element click intercepted: Element <a class=\"vc_general vc_btn3 vc_btn3-size-md vc_btn3-shape-rounded vc_btn3-style-modern vc_btn3-color-grey\" href=\"https://dtw.tmforum.org/passes/\" title=\"\" target=\"_blank\">...</a> is not clickable at point (150, 867). Other element would receive the click: <div id=\"onetrust-policy-text\">...</div>\n  (Session info: headless chrome=114.0.5735.133)\nStacktrace:\n#0 0x55894e92b4e3 <unknown>\n#1 0x55894e65ac76 <unknown>\n#2 0x55894e69c9d4 <unknown>\n#3 0x55894e69acbd <unknown>\n#4 0x55894e698d2e <unknown>\n#5 0x55894e69810f <unknown>\n#6 0x55894e68d1da <unknown>\n#7 0x55894e6b6012 <unknown>\n#8 0x55894e68cb03 <unknown>\n#9 0x55894e6b61de <unknown>\n#10 0x55894e6ce30e <unknown>\n#11 0x55894e6b5de3 <unknown>\n#12 0x55894e68b2dd <unknown>\n#13 0x55894e68c34e <unknown>\n#14 0x55894e8eb3e4 <unknown>\n#15 0x55894e8ef3d7 <unknown>\n#16 0x55894e8f9b20 <unknown>\n#17 0x55894e8f0023 <unknown>\n#18 0x55894e8be1aa <unknown>\n#19 0x55894e9146b8 <unknown>\n#20 0x55894e914847 <unknown>\n#21 0x55894e924243 <unknown>\n#22 0x7f4d43290402 <unknown>\n\n",
    "statusTrace" : "  File \"/usr/local/lib/python3.10/dist-packages/behave/model.py\", line 1329, in run\n    match.run(runner.context)\n  File \"/usr/local/lib/python3.10/dist-packages/behave/matchers.py\", line 98, in run\n    self.func(context, *args, **kwargs)\n  File \"steps/PageRedirectionSteps.py\", line 142, in step_impl\n    button_element.click()\n  File \"/home/addweb/.local/lib/python3.10/site-packages/selenium/webdriver/remote/webelement.py\", line 94, in click\n    self._execute(Command.CLICK_ELEMENT)\n  File \"/home/addweb/.local/lib/python3.10/site-packages/selenium/webdriver/remote/webelement.py\", line 395, in _execute\n    return self._parent.execute(command, params)\n  File \"/home/addweb/.local/lib/python3.10/site-packages/selenium/webdriver/remote/webdriver.py\", line 346, in execute\n    self.error_handler.check_response(response)\n  File \"/home/addweb/.local/lib/python3.10/site-packages/selenium/webdriver/remote/errorhandler.py\", line 245, in check_response\n    raise exception_class(message, screen, stacktrace)\n",
    "steps" : [ {
      "name" : "Given The user is on the \"dev\" site",
      "time" : {
        "start" : 1702388148219,
        "stop" : 1702388152982,
        "duration" : 4763
      },
      "status" : "passed",
      "steps" : [ ],
      "attachments" : [ ],
      "parameters" : [ ],
      "stepsCount" : 0,
      "attachmentsCount" : 0,
      "shouldDisplayMessage" : false,
      "hasContent" : false
    }, {
      "name" : "When The user hovers over the \"resources\" menu",
      "time" : {
        "start" : 1702388152982,
        "stop" : 1702388153350,
        "duration" : 368
      },
      "status" : "passed",
      "steps" : [ ],
      "attachments" : [ ],
      "parameters" : [ ],
      "stepsCount" : 0,
      "attachmentsCount" : 0,
      "shouldDisplayMessage" : false,
      "hasContent" : false
    }, {
      "name" : "And The user clicks on the \"webinar\" submenu link and verify the redirection \"webinar\" page",
      "time" : {
        "start" : 1702388153350,
        "stop" : 1702388156141,
        "duration" : 2791
      },
      "status" : "passed",
      "steps" : [ ],
      "attachments" : [ ],
      "parameters" : [ ],
      "stepsCount" : 0,
      "attachmentsCount" : 0,
      "shouldDisplayMessage" : false,
      "hasContent" : false
    }, {
      "name" : "When The user clicks on the \"register_now\" button verify the page redirection",
      "time" : {
        "start" : 1702388156141,
        "stop" : 1702388157829,
        "duration" : 1688
      },
      "status" : "broken",
      "statusMessage" : "selenium.common.exceptions.ElementClickInterceptedException: Message: element click intercepted: Element <a class=\"vc_general vc_btn3 vc_btn3-size-md vc_btn3-shape-rounded vc_btn3-style-modern vc_btn3-color-grey\" href=\"https://dtw.tmforum.org/passes/\" title=\"\" target=\"_blank\">...</a> is not clickable at point (150, 867). Other element would receive the click: <div id=\"onetrust-policy-text\">...</div>\n  (Session info: headless chrome=114.0.5735.133)\nStacktrace:\n#0 0x55894e92b4e3 <unknown>\n#1 0x55894e65ac76 <unknown>\n#2 0x55894e69c9d4 <unknown>\n#3 0x55894e69acbd <unknown>\n#4 0x55894e698d2e <unknown>\n#5 0x55894e69810f <unknown>\n#6 0x55894e68d1da <unknown>\n#7 0x55894e6b6012 <unknown>\n#8 0x55894e68cb03 <unknown>\n#9 0x55894e6b61de <unknown>\n#10 0x55894e6ce30e <unknown>\n#11 0x55894e6b5de3 <unknown>\n#12 0x55894e68b2dd <unknown>\n#13 0x55894e68c34e <unknown>\n#14 0x55894e8eb3e4 <unknown>\n#15 0x55894e8ef3d7 <unknown>\n#16 0x55894e8f9b20 <unknown>\n#17 0x55894e8f0023 <unknown>\n#18 0x55894e8be1aa <unknown>\n#19 0x55894e9146b8 <unknown>\n#20 0x55894e914847 <unknown>\n#21 0x55894e924243 <unknown>\n#22 0x7f4d43290402 <unknown>\n\n",
      "statusTrace" : "  File \"/usr/local/lib/python3.10/dist-packages/behave/model.py\", line 1329, in run\n    match.run(runner.context)\n  File \"/usr/local/lib/python3.10/dist-packages/behave/matchers.py\", line 98, in run\n    self.func(context, *args, **kwargs)\n  File \"steps/PageRedirectionSteps.py\", line 142, in step_impl\n    button_element.click()\n  File \"/home/addweb/.local/lib/python3.10/site-packages/selenium/webdriver/remote/webelement.py\", line 94, in click\n    self._execute(Command.CLICK_ELEMENT)\n  File \"/home/addweb/.local/lib/python3.10/site-packages/selenium/webdriver/remote/webelement.py\", line 395, in _execute\n    return self._parent.execute(command, params)\n  File \"/home/addweb/.local/lib/python3.10/site-packages/selenium/webdriver/remote/webdriver.py\", line 346, in execute\n    self.error_handler.check_response(response)\n  File \"/home/addweb/.local/lib/python3.10/site-packages/selenium/webdriver/remote/errorhandler.py\", line 245, in check_response\n    raise exception_class(message, screen, stacktrace)\n",
      "steps" : [ ],
      "attachments" : [ {
        "uid" : "5d03a0331fa89598",
        "name" : "Error Message",
        "source" : "5d03a0331fa89598.txt",
        "type" : "text/plain",
        "size" : 1079
      }, {
        "uid" : "4c2473eec29dcad7",
        "name" : "Screenshot of https://dev.voltactivedata.com/events/ Page",
        "source" : "4c2473eec29dcad7.png",
        "type" : "image/png",
        "size" : 606311
      } ],
      "parameters" : [ ],
      "stepsCount" : 0,
      "attachmentsCount" : 2,
      "shouldDisplayMessage" : true,
      "hasContent" : true
    }, {
      "name" : "When The user clicks on the \"view_now_1\" button verify the page redirection",
      "time" : {
        "start" : 1702388157891,
        "stop" : 1702388157892,
        "duration" : 1
      },
      "status" : "skipped",
      "steps" : [ ],
      "attachments" : [ ],
      "parameters" : [ ],
      "stepsCount" : 0,
      "attachmentsCount" : 0,
      "shouldDisplayMessage" : false,
      "hasContent" : false
    }, {
      "name" : "When The user clicks on the \"view_now_2\" button verify the page redirection",
      "time" : {
        "start" : 1702388157892,
        "stop" : 1702388157892,
        "duration" : 0
      },
      "status" : "skipped",
      "steps" : [ ],
      "attachments" : [ ],
      "parameters" : [ ],
      "stepsCount" : 0,
      "attachmentsCount" : 0,
      "shouldDisplayMessage" : false,
      "hasContent" : false
    }, {
      "name" : "When The user clicks on the \"view_now_3\" button verify the page redirection",
      "time" : {
        "start" : 1702388157892,
        "stop" : 1702388157892,
        "duration" : 0
      },
      "status" : "skipped",
      "steps" : [ ],
      "attachments" : [ ],
      "parameters" : [ ],
      "stepsCount" : 0,
      "attachmentsCount" : 0,
      "shouldDisplayMessage" : false,
      "hasContent" : false
    } ],
    "attachments" : [ ],
    "parameters" : [ ],
    "stepsCount" : 7,
    "attachmentsCount" : 2,
    "shouldDisplayMessage" : false,
    "hasContent" : true
  },
  "afterStages" : [ ],
  "labels" : [ {
    "name" : "severity",
    "value" : "normal"
  }, {
    "name" : "feature",
    "value" : "Test Redirection of Pages"
  }, {
    "name" : "framework",
    "value" : "behave"
  }, {
    "name" : "language",
    "value" : "cpython3"
  }, {
    "name" : "resultFormat",
    "value" : "allure2"
  } ],
  "parameters" : [ ],
  "links" : [ ],
  "hidden" : false,
  "retry" : false,
  "extra" : {
    "severity" : "normal",
    "retries" : [ ],
    "categories" : [ {
      "name" : "Test defects",
      "matchedStatuses" : [ ],
      "flaky" : false
    } ],
    "tags" : [ ]
  },
  "source" : "3b846fb53990eb5d.json",
  "parameterValues" : [ ]
}