{
  "uid" : "852bbec76e31b115",
  "name" : "Test submenu and button on the Resources page",
  "fullName" : "Test Redirection of Pages: Test submenu and button on the Resources page",
  "historyId" : "22b01316d2a65b4f589a9af09648ad5d",
  "time" : {
    "start" : 1702388084229,
    "stop" : 1702388099273,
    "duration" : 15044
  },
  "status" : "broken",
  "statusMessage" : "selenium.common.exceptions.ElementClickInterceptedException: Message: element click intercepted: Element <div class=\"nice-select type open\" tabindex=\"0\">...</div> is not clickable at point (193, 856). Other element would receive the click: <div id=\"onetrust-policy\">...</div>\n  (Session info: headless chrome=114.0.5735.133)\nStacktrace:\n#0 0x556ba2ae54e3 <unknown>\n#1 0x556ba2814c76 <unknown>\n#2 0x556ba28569d4 <unknown>\n#3 0x556ba2854cbd <unknown>\n#4 0x556ba2852d2e <unknown>\n#5 0x556ba285210f <unknown>\n#6 0x556ba28471da <unknown>\n#7 0x556ba2870012 <unknown>\n#8 0x556ba2846b03 <unknown>\n#9 0x556ba28701de <unknown>\n#10 0x556ba288830e <unknown>\n#11 0x556ba286fde3 <unknown>\n#12 0x556ba28452dd <unknown>\n#13 0x556ba284634e <unknown>\n#14 0x556ba2aa53e4 <unknown>\n#15 0x556ba2aa93d7 <unknown>\n#16 0x556ba2ab3b20 <unknown>\n#17 0x556ba2aaa023 <unknown>\n#18 0x556ba2a781aa <unknown>\n#19 0x556ba2ace6b8 <unknown>\n#20 0x556ba2ace847 <unknown>\n#21 0x556ba2ade243 <unknown>\n#22 0x7f8033490402 <unknown>\n\n",
  "statusTrace" : "  File \"/usr/local/lib/python3.10/dist-packages/behave/model.py\", line 1329, in run\n    match.run(runner.context)\n  File \"/usr/local/lib/python3.10/dist-packages/behave/matchers.py\", line 98, in run\n    self.func(context, *args, **kwargs)\n  File \"steps/PageRedirectionSteps.py\", line 232, in step_impl\n    type_dropdown_btn.click()\n  File \"/home/addweb/.local/lib/python3.10/site-packages/selenium/webdriver/remote/webelement.py\", line 94, in click\n    self._execute(Command.CLICK_ELEMENT)\n  File \"/home/addweb/.local/lib/python3.10/site-packages/selenium/webdriver/remote/webelement.py\", line 395, in _execute\n    return self._parent.execute(command, params)\n  File \"/home/addweb/.local/lib/python3.10/site-packages/selenium/webdriver/remote/webdriver.py\", line 346, in execute\n    self.error_handler.check_response(response)\n  File \"/home/addweb/.local/lib/python3.10/site-packages/selenium/webdriver/remote/errorhandler.py\", line 245, in check_response\n    raise exception_class(message, screen, stacktrace)\n",
  "flaky" : false,
  "newFailed" : false,
  "beforeStages" : [ ],
  "testStage" : {
    "status" : "broken",
    "statusMessage" : "selenium.common.exceptions.ElementClickInterceptedException: Message: element click intercepted: Element <div class=\"nice-select type open\" tabindex=\"0\">...</div> is not clickable at point (193, 856). Other element would receive the click: <div id=\"onetrust-policy\">...</div>\n  (Session info: headless chrome=114.0.5735.133)\nStacktrace:\n#0 0x556ba2ae54e3 <unknown>\n#1 0x556ba2814c76 <unknown>\n#2 0x556ba28569d4 <unknown>\n#3 0x556ba2854cbd <unknown>\n#4 0x556ba2852d2e <unknown>\n#5 0x556ba285210f <unknown>\n#6 0x556ba28471da <unknown>\n#7 0x556ba2870012 <unknown>\n#8 0x556ba2846b03 <unknown>\n#9 0x556ba28701de <unknown>\n#10 0x556ba288830e <unknown>\n#11 0x556ba286fde3 <unknown>\n#12 0x556ba28452dd <unknown>\n#13 0x556ba284634e <unknown>\n#14 0x556ba2aa53e4 <unknown>\n#15 0x556ba2aa93d7 <unknown>\n#16 0x556ba2ab3b20 <unknown>\n#17 0x556ba2aaa023 <unknown>\n#18 0x556ba2a781aa <unknown>\n#19 0x556ba2ace6b8 <unknown>\n#20 0x556ba2ace847 <unknown>\n#21 0x556ba2ade243 <unknown>\n#22 0x7f8033490402 <unknown>\n\n",
    "statusTrace" : "  File \"/usr/local/lib/python3.10/dist-packages/behave/model.py\", line 1329, in run\n    match.run(runner.context)\n  File \"/usr/local/lib/python3.10/dist-packages/behave/matchers.py\", line 98, in run\n    self.func(context, *args, **kwargs)\n  File \"steps/PageRedirectionSteps.py\", line 232, in step_impl\n    type_dropdown_btn.click()\n  File \"/home/addweb/.local/lib/python3.10/site-packages/selenium/webdriver/remote/webelement.py\", line 94, in click\n    self._execute(Command.CLICK_ELEMENT)\n  File \"/home/addweb/.local/lib/python3.10/site-packages/selenium/webdriver/remote/webelement.py\", line 395, in _execute\n    return self._parent.execute(command, params)\n  File \"/home/addweb/.local/lib/python3.10/site-packages/selenium/webdriver/remote/webdriver.py\", line 346, in execute\n    self.error_handler.check_response(response)\n  File \"/home/addweb/.local/lib/python3.10/site-packages/selenium/webdriver/remote/errorhandler.py\", line 245, in check_response\n    raise exception_class(message, screen, stacktrace)\n",
    "steps" : [ {
      "name" : "Given The user is on the \"dev\" site",
      "time" : {
        "start" : 1702388084920,
        "stop" : 1702388090963,
        "duration" : 6043
      },
      "status" : "passed",
      "steps" : [ ],
      "attachments" : [ ],
      "parameters" : [ ],
      "stepsCount" : 0,
      "attachmentsCount" : 0,
      "shouldDisplayMessage" : false,
      "hasContent" : false
    }, {
      "name" : "When The user hovers over the \"resources\" menu",
      "time" : {
        "start" : 1702388090963,
        "stop" : 1702388091303,
        "duration" : 340
      },
      "status" : "passed",
      "steps" : [ ],
      "attachments" : [ ],
      "parameters" : [ ],
      "stepsCount" : 0,
      "attachmentsCount" : 0,
      "shouldDisplayMessage" : false,
      "hasContent" : false
    }, {
      "name" : "And The user clicks on the \"resources_library\" submenu link and verify the redirection \"resources_library\" page",
      "time" : {
        "start" : 1702388091304,
        "stop" : 1702388098072,
        "duration" : 6768
      },
      "status" : "passed",
      "steps" : [ ],
      "attachments" : [ ],
      "parameters" : [ ],
      "stepsCount" : 0,
      "attachmentsCount" : 0,
      "shouldDisplayMessage" : false,
      "hasContent" : false
    }, {
      "name" : "When The user selects \"REPORT\" from the \"Type\" dropdown in \"Type UL\"",
      "time" : {
        "start" : 1702388098072,
        "stop" : 1702388099199,
        "duration" : 1127
      },
      "status" : "broken",
      "statusMessage" : "selenium.common.exceptions.ElementClickInterceptedException: Message: element click intercepted: Element <div class=\"nice-select type open\" tabindex=\"0\">...</div> is not clickable at point (193, 856). Other element would receive the click: <div id=\"onetrust-policy\">...</div>\n  (Session info: headless chrome=114.0.5735.133)\nStacktrace:\n#0 0x556ba2ae54e3 <unknown>\n#1 0x556ba2814c76 <unknown>\n#2 0x556ba28569d4 <unknown>\n#3 0x556ba2854cbd <unknown>\n#4 0x556ba2852d2e <unknown>\n#5 0x556ba285210f <unknown>\n#6 0x556ba28471da <unknown>\n#7 0x556ba2870012 <unknown>\n#8 0x556ba2846b03 <unknown>\n#9 0x556ba28701de <unknown>\n#10 0x556ba288830e <unknown>\n#11 0x556ba286fde3 <unknown>\n#12 0x556ba28452dd <unknown>\n#13 0x556ba284634e <unknown>\n#14 0x556ba2aa53e4 <unknown>\n#15 0x556ba2aa93d7 <unknown>\n#16 0x556ba2ab3b20 <unknown>\n#17 0x556ba2aaa023 <unknown>\n#18 0x556ba2a781aa <unknown>\n#19 0x556ba2ace6b8 <unknown>\n#20 0x556ba2ace847 <unknown>\n#21 0x556ba2ade243 <unknown>\n#22 0x7f8033490402 <unknown>\n\n",
      "statusTrace" : "  File \"/usr/local/lib/python3.10/dist-packages/behave/model.py\", line 1329, in run\n    match.run(runner.context)\n  File \"/usr/local/lib/python3.10/dist-packages/behave/matchers.py\", line 98, in run\n    self.func(context, *args, **kwargs)\n  File \"steps/PageRedirectionSteps.py\", line 232, in step_impl\n    type_dropdown_btn.click()\n  File \"/home/addweb/.local/lib/python3.10/site-packages/selenium/webdriver/remote/webelement.py\", line 94, in click\n    self._execute(Command.CLICK_ELEMENT)\n  File \"/home/addweb/.local/lib/python3.10/site-packages/selenium/webdriver/remote/webelement.py\", line 395, in _execute\n    return self._parent.execute(command, params)\n  File \"/home/addweb/.local/lib/python3.10/site-packages/selenium/webdriver/remote/webdriver.py\", line 346, in execute\n    self.error_handler.check_response(response)\n  File \"/home/addweb/.local/lib/python3.10/site-packages/selenium/webdriver/remote/errorhandler.py\", line 245, in check_response\n    raise exception_class(message, screen, stacktrace)\n",
      "steps" : [ ],
      "attachments" : [ ],
      "parameters" : [ ],
      "stepsCount" : 0,
      "attachmentsCount" : 0,
      "shouldDisplayMessage" : true,
      "hasContent" : true
    }, {
      "name" : "Then The \"resource_list_element\" should be filtered by \"REPORT\" type",
      "time" : {
        "start" : 1702388099272,
        "stop" : 1702388099272,
        "duration" : 0
      },
      "status" : "skipped",
      "steps" : [ ],
      "attachments" : [ ],
      "parameters" : [ ],
      "stepsCount" : 0,
      "attachmentsCount" : 0,
      "shouldDisplayMessage" : false,
      "hasContent" : false
    }, {
      "name" : "When The user enters the resource title \"Resource Title\" in the \"search bar\"",
      "time" : {
        "start" : 1702388099272,
        "stop" : 1702388099272,
        "duration" : 0
      },
      "status" : "skipped",
      "steps" : [ ],
      "attachments" : [ ],
      "parameters" : [ ],
      "stepsCount" : 0,
      "attachmentsCount" : 0,
      "shouldDisplayMessage" : false,
      "hasContent" : false
    }, {
      "name" : "Then The \"resource_list_element\" should be filtered by \"Resource Title\" resource",
      "time" : {
        "start" : 1702388099273,
        "stop" : 1702388099273,
        "duration" : 0
      },
      "status" : "skipped",
      "steps" : [ ],
      "attachments" : [ ],
      "parameters" : [ ],
      "stepsCount" : 0,
      "attachmentsCount" : 0,
      "shouldDisplayMessage" : false,
      "hasContent" : false
    } ],
    "attachments" : [ ],
    "parameters" : [ ],
    "stepsCount" : 7,
    "attachmentsCount" : 0,
    "shouldDisplayMessage" : false,
    "hasContent" : true
  },
  "afterStages" : [ ],
  "labels" : [ {
    "name" : "severity",
    "value" : "normal"
  }, {
    "name" : "feature",
    "value" : "Test Redirection of Pages"
  }, {
    "name" : "framework",
    "value" : "behave"
  }, {
    "name" : "language",
    "value" : "cpython3"
  }, {
    "name" : "resultFormat",
    "value" : "allure2"
  } ],
  "parameters" : [ ],
  "links" : [ ],
  "hidden" : false,
  "retry" : false,
  "extra" : {
    "severity" : "normal",
    "retries" : [ ],
    "categories" : [ {
      "name" : "Test defects",
      "matchedStatuses" : [ ],
      "flaky" : false
    } ],
    "tags" : [ ]
  },
  "source" : "852bbec76e31b115.json",
  "parameterValues" : [ ]
}