{
  "uid" : "a411b747d02c8b57",
  "name" : "Test submenu and button on the BSS page",
  "fullName" : "Test Redirection of Pages: Test submenu and button on the BSS page",
  "historyId" : "80a35cfc42f2694b759e8471cd4545ec",
  "time" : {
    "start" : 1702387822477,
    "stop" : 1702387974751,
    "duration" : 152274
  },
  "status" : "broken",
  "statusMessage" : "selenium.common.exceptions.NoSuchElementException: Message: no such element: Unable to locate element: {\"method\":\"xpath\",\"selector\":\"/html/body/div[1]/div[3]/div/div/div/div/main/article/div/div/div[11]/div/div/div/div[2]/div[1]/div/div/div[2]/div/div/div/div/div[2]/a\"}\n  (Session info: headless chrome=114.0.5735.133); For documentation on this error, please visit: https://www.selenium.dev/documentation/webdriver/troubleshooting/errors#no-such-element-exception\nStacktrace:\n#0 0x563f26f8b4e3 <unknown>\n#1 0x563f26cbac76 <unknown>\n#2 0x563f26cf6c96 <unknown>\n#3 0x563f26cf6dc1 <unknown>\n#4 0x563f26d307f4 <unknown>\n#5 0x563f26d1603d <unknown>\n#6 0x563f26d2e30e <unknown>\n#7 0x563f26d15de3 <unknown>\n#8 0x563f26ceb2dd <unknown>\n#9 0x563f26cec34e <unknown>\n#10 0x563f26f4b3e4 <unknown>\n#11 0x563f26f4f3d7 <unknown>\n#12 0x563f26f59b20 <unknown>\n#13 0x563f26f50023 <unknown>\n#14 0x563f26f1e1aa <unknown>\n#15 0x563f26f746b8 <unknown>\n#16 0x563f26f74847 <unknown>\n#17 0x563f26f84243 <unknown>\n#18 0x7f628cc90402 <unknown>\n\n",
  "statusTrace" : "  File \"/usr/local/lib/python3.10/dist-packages/behave/model.py\", line 1329, in run\n    match.run(runner.context)\n  File \"/usr/local/lib/python3.10/dist-packages/behave/matchers.py\", line 98, in run\n    self.func(context, *args, **kwargs)\n  File \"steps/PageRedirectionSteps.py\", line 103, in step_impl\n    button_element = context.driver.find_element(By.XPATH, xpath)\n  File \"/home/addweb/.local/lib/python3.10/site-packages/selenium/webdriver/remote/webdriver.py\", line 740, in find_element\n    return self.execute(Command.FIND_ELEMENT, {\"using\": by, \"value\": value})[\"value\"]\n  File \"/home/addweb/.local/lib/python3.10/site-packages/selenium/webdriver/remote/webdriver.py\", line 346, in execute\n    self.error_handler.check_response(response)\n  File \"/home/addweb/.local/lib/python3.10/site-packages/selenium/webdriver/remote/errorhandler.py\", line 245, in check_response\n    raise exception_class(message, screen, stacktrace)\n",
  "flaky" : false,
  "newFailed" : false,
  "beforeStages" : [ ],
  "testStage" : {
    "status" : "broken",
    "statusMessage" : "selenium.common.exceptions.NoSuchElementException: Message: no such element: Unable to locate element: {\"method\":\"xpath\",\"selector\":\"/html/body/div[1]/div[3]/div/div/div/div/main/article/div/div/div[11]/div/div/div/div[2]/div[1]/div/div/div[2]/div/div/div/div/div[2]/a\"}\n  (Session info: headless chrome=114.0.5735.133); For documentation on this error, please visit: https://www.selenium.dev/documentation/webdriver/troubleshooting/errors#no-such-element-exception\nStacktrace:\n#0 0x563f26f8b4e3 <unknown>\n#1 0x563f26cbac76 <unknown>\n#2 0x563f26cf6c96 <unknown>\n#3 0x563f26cf6dc1 <unknown>\n#4 0x563f26d307f4 <unknown>\n#5 0x563f26d1603d <unknown>\n#6 0x563f26d2e30e <unknown>\n#7 0x563f26d15de3 <unknown>\n#8 0x563f26ceb2dd <unknown>\n#9 0x563f26cec34e <unknown>\n#10 0x563f26f4b3e4 <unknown>\n#11 0x563f26f4f3d7 <unknown>\n#12 0x563f26f59b20 <unknown>\n#13 0x563f26f50023 <unknown>\n#14 0x563f26f1e1aa <unknown>\n#15 0x563f26f746b8 <unknown>\n#16 0x563f26f74847 <unknown>\n#17 0x563f26f84243 <unknown>\n#18 0x7f628cc90402 <unknown>\n\n",
    "statusTrace" : "  File \"/usr/local/lib/python3.10/dist-packages/behave/model.py\", line 1329, in run\n    match.run(runner.context)\n  File \"/usr/local/lib/python3.10/dist-packages/behave/matchers.py\", line 98, in run\n    self.func(context, *args, **kwargs)\n  File \"steps/PageRedirectionSteps.py\", line 103, in step_impl\n    button_element = context.driver.find_element(By.XPATH, xpath)\n  File \"/home/addweb/.local/lib/python3.10/site-packages/selenium/webdriver/remote/webdriver.py\", line 740, in find_element\n    return self.execute(Command.FIND_ELEMENT, {\"using\": by, \"value\": value})[\"value\"]\n  File \"/home/addweb/.local/lib/python3.10/site-packages/selenium/webdriver/remote/webdriver.py\", line 346, in execute\n    self.error_handler.check_response(response)\n  File \"/home/addweb/.local/lib/python3.10/site-packages/selenium/webdriver/remote/errorhandler.py\", line 245, in check_response\n    raise exception_class(message, screen, stacktrace)\n",
    "steps" : [ {
      "name" : "Given The user is on the \"dev\" site",
      "time" : {
        "start" : 1702387823172,
        "stop" : 1702387829322,
        "duration" : 6150
      },
      "status" : "passed",
      "steps" : [ ],
      "attachments" : [ ],
      "parameters" : [ ],
      "stepsCount" : 0,
      "attachmentsCount" : 0,
      "shouldDisplayMessage" : false,
      "hasContent" : false
    }, {
      "name" : "When The user hovers over the \"use_cases\" menu",
      "time" : {
        "start" : 1702387829322,
        "stop" : 1702387829665,
        "duration" : 343
      },
      "status" : "passed",
      "steps" : [ ],
      "attachments" : [ ],
      "parameters" : [ ],
      "stepsCount" : 0,
      "attachmentsCount" : 0,
      "shouldDisplayMessage" : false,
      "hasContent" : false
    }, {
      "name" : "And The user clicks on the \"bss\" submenu link and verify the redirection \"bss\" page",
      "time" : {
        "start" : 1702387829665,
        "stop" : 1702387963150,
        "duration" : 133485
      },
      "status" : "passed",
      "steps" : [ ],
      "attachments" : [ ],
      "parameters" : [ ],
      "stepsCount" : 0,
      "attachmentsCount" : 0,
      "shouldDisplayMessage" : false,
      "hasContent" : false
    }, {
      "name" : "When The user clicks on the \"bss_framework\" button",
      "time" : {
        "start" : 1702387963151,
        "stop" : 1702387965425,
        "duration" : 2274
      },
      "status" : "passed",
      "steps" : [ ],
      "attachments" : [ ],
      "parameters" : [ ],
      "stepsCount" : 0,
      "attachmentsCount" : 0,
      "shouldDisplayMessage" : false,
      "hasContent" : false
    }, {
      "name" : "Then The user should be redirected to the \"bss_framework\" page",
      "time" : {
        "start" : 1702387965426,
        "stop" : 1702387969384,
        "duration" : 3958
      },
      "status" : "passed",
      "steps" : [ ],
      "attachments" : [ ],
      "parameters" : [ ],
      "stepsCount" : 0,
      "attachmentsCount" : 0,
      "shouldDisplayMessage" : false,
      "hasContent" : false
    }, {
      "name" : "When The user clicks on the \"bss_solution\" button",
      "time" : {
        "start" : 1702387969384,
        "stop" : 1702387974684,
        "duration" : 5300
      },
      "status" : "broken",
      "statusMessage" : "selenium.common.exceptions.NoSuchElementException: Message: no such element: Unable to locate element: {\"method\":\"xpath\",\"selector\":\"/html/body/div[1]/div[3]/div/div/div/div/main/article/div/div/div[11]/div/div/div/div[2]/div[1]/div/div/div[2]/div/div/div/div/div[2]/a\"}\n  (Session info: headless chrome=114.0.5735.133); For documentation on this error, please visit: https://www.selenium.dev/documentation/webdriver/troubleshooting/errors#no-such-element-exception\nStacktrace:\n#0 0x563f26f8b4e3 <unknown>\n#1 0x563f26cbac76 <unknown>\n#2 0x563f26cf6c96 <unknown>\n#3 0x563f26cf6dc1 <unknown>\n#4 0x563f26d307f4 <unknown>\n#5 0x563f26d1603d <unknown>\n#6 0x563f26d2e30e <unknown>\n#7 0x563f26d15de3 <unknown>\n#8 0x563f26ceb2dd <unknown>\n#9 0x563f26cec34e <unknown>\n#10 0x563f26f4b3e4 <unknown>\n#11 0x563f26f4f3d7 <unknown>\n#12 0x563f26f59b20 <unknown>\n#13 0x563f26f50023 <unknown>\n#14 0x563f26f1e1aa <unknown>\n#15 0x563f26f746b8 <unknown>\n#16 0x563f26f74847 <unknown>\n#17 0x563f26f84243 <unknown>\n#18 0x7f628cc90402 <unknown>\n\n",
      "statusTrace" : "  File \"/usr/local/lib/python3.10/dist-packages/behave/model.py\", line 1329, in run\n    match.run(runner.context)\n  File \"/usr/local/lib/python3.10/dist-packages/behave/matchers.py\", line 98, in run\n    self.func(context, *args, **kwargs)\n  File \"steps/PageRedirectionSteps.py\", line 103, in step_impl\n    button_element = context.driver.find_element(By.XPATH, xpath)\n  File \"/home/addweb/.local/lib/python3.10/site-packages/selenium/webdriver/remote/webdriver.py\", line 740, in find_element\n    return self.execute(Command.FIND_ELEMENT, {\"using\": by, \"value\": value})[\"value\"]\n  File \"/home/addweb/.local/lib/python3.10/site-packages/selenium/webdriver/remote/webdriver.py\", line 346, in execute\n    self.error_handler.check_response(response)\n  File \"/home/addweb/.local/lib/python3.10/site-packages/selenium/webdriver/remote/errorhandler.py\", line 245, in check_response\n    raise exception_class(message, screen, stacktrace)\n",
      "steps" : [ ],
      "attachments" : [ {
        "uid" : "6d9a1dac61f7b4db",
        "name" : "Error Message",
        "source" : "6d9a1dac61f7b4db.txt",
        "type" : "text/plain",
        "size" : 987
      }, {
        "uid" : "d4d69ec8a8157a98",
        "name" : "Screenshot of https://voltDEV:ww9E1ShSNAGLD%40M7w@dev.voltactivedata.com/ Page",
        "source" : "d4d69ec8a8157a98.png",
        "type" : "image/png",
        "size" : 441844
      } ],
      "parameters" : [ ],
      "stepsCount" : 0,
      "attachmentsCount" : 2,
      "shouldDisplayMessage" : true,
      "hasContent" : true
    }, {
      "name" : "Then The user should be redirected to the \"bss_solution\" page",
      "time" : {
        "start" : 1702387974751,
        "stop" : 1702387974751,
        "duration" : 0
      },
      "status" : "skipped",
      "steps" : [ ],
      "attachments" : [ ],
      "parameters" : [ ],
      "stepsCount" : 0,
      "attachmentsCount" : 0,
      "shouldDisplayMessage" : false,
      "hasContent" : false
    }, {
      "name" : "When The user clicks on the \"data_platform_2\" button",
      "time" : {
        "start" : 1702387974751,
        "stop" : 1702387974751,
        "duration" : 0
      },
      "status" : "skipped",
      "steps" : [ ],
      "attachments" : [ ],
      "parameters" : [ ],
      "stepsCount" : 0,
      "attachmentsCount" : 0,
      "shouldDisplayMessage" : false,
      "hasContent" : false
    }, {
      "name" : "Then The user should be redirected to the \"data_platform\" page",
      "time" : {
        "start" : 1702387974751,
        "stop" : 1702387974751,
        "duration" : 0
      },
      "status" : "skipped",
      "steps" : [ ],
      "attachments" : [ ],
      "parameters" : [ ],
      "stepsCount" : 0,
      "attachmentsCount" : 0,
      "shouldDisplayMessage" : false,
      "hasContent" : false
    }, {
      "name" : "When The user clicks on the \"edge_iot_2\" button",
      "time" : {
        "start" : 1702387974751,
        "stop" : 1702387974751,
        "duration" : 0
      },
      "status" : "skipped",
      "steps" : [ ],
      "attachments" : [ ],
      "parameters" : [ ],
      "stepsCount" : 0,
      "attachmentsCount" : 0,
      "shouldDisplayMessage" : false,
      "hasContent" : false
    }, {
      "name" : "Then The user should be redirected to the \"edge_iot\" page",
      "time" : {
        "start" : 1702387974751,
        "stop" : 1702387974751,
        "duration" : 0
      },
      "status" : "skipped",
      "steps" : [ ],
      "attachments" : [ ],
      "parameters" : [ ],
      "stepsCount" : 0,
      "attachmentsCount" : 0,
      "shouldDisplayMessage" : false,
      "hasContent" : false
    }, {
      "name" : "When The user clicks on the \"kafka_challange_2\" button",
      "time" : {
        "start" : 1702387974751,
        "stop" : 1702387974751,
        "duration" : 0
      },
      "status" : "skipped",
      "steps" : [ ],
      "attachments" : [ ],
      "parameters" : [ ],
      "stepsCount" : 0,
      "attachmentsCount" : 0,
      "shouldDisplayMessage" : false,
      "hasContent" : false
    }, {
      "name" : "Then The user should be redirected to the \"kafka_challange\" page",
      "time" : {
        "start" : 1702387974751,
        "stop" : 1702387974751,
        "duration" : 0
      },
      "status" : "skipped",
      "steps" : [ ],
      "attachments" : [ ],
      "parameters" : [ ],
      "stepsCount" : 0,
      "attachmentsCount" : 0,
      "shouldDisplayMessage" : false,
      "hasContent" : false
    } ],
    "attachments" : [ ],
    "parameters" : [ ],
    "stepsCount" : 13,
    "attachmentsCount" : 2,
    "shouldDisplayMessage" : false,
    "hasContent" : true
  },
  "afterStages" : [ ],
  "labels" : [ {
    "name" : "severity",
    "value" : "normal"
  }, {
    "name" : "feature",
    "value" : "Test Redirection of Pages"
  }, {
    "name" : "framework",
    "value" : "behave"
  }, {
    "name" : "language",
    "value" : "cpython3"
  }, {
    "name" : "resultFormat",
    "value" : "allure2"
  } ],
  "parameters" : [ ],
  "links" : [ ],
  "hidden" : false,
  "retry" : false,
  "extra" : {
    "severity" : "normal",
    "retries" : [ ],
    "categories" : [ {
      "name" : "Test defects",
      "matchedStatuses" : [ ],
      "flaky" : false
    } ],
    "tags" : [ ]
  },
  "source" : "a411b747d02c8b57.json",
  "parameterValues" : [ ]
}