{
  "uid" : "75e58ebd75b61ffb",
  "name" : "Test buttons and links on the Home page",
  "fullName" : "Test Redirection of Pages: Test buttons and links on the Home page",
  "historyId" : "0fdf3c2e33a857bccfca54c1bf04e7d0",
  "time" : {
    "start" : 1698834038422,
    "stop" : 1698834128569,
    "duration" : 90147
  },
  "status" : "broken",
  "statusMessage" : "selenium.common.exceptions.ElementClickInterceptedException: Message: element click intercepted: Element <a class=\"vc_general vc_btn3 vc_btn3-size-md vc_btn3-shape-rounded vc_btn3-style-modern vc_btn3-color-grey\" href=\"https://www.voltactivedata.com/why-volt/no-compromises/\" title=\"No Compromises\">...</a> is not clickable at point (632, 965). Other element would receive the click: <div id=\"onetrust-policy\">...</div>\n  (Session info: headless chrome=114.0.5735.133)\nStacktrace:\n#0 0x55afdd8dd4e3 <unknown>\n#1 0x55afdd60cc76 <unknown>\n#2 0x55afdd64e9d4 <unknown>\n#3 0x55afdd64ccbd <unknown>\n#4 0x55afdd64ad2e <unknown>\n#5 0x55afdd64a10f <unknown>\n#6 0x55afdd63f1da <unknown>\n#7 0x55afdd668012 <unknown>\n#8 0x55afdd63eb03 <unknown>\n#9 0x55afdd6681de <unknown>\n#10 0x55afdd68030e <unknown>\n#11 0x55afdd667de3 <unknown>\n#12 0x55afdd63d2dd <unknown>\n#13 0x55afdd63e34e <unknown>\n#14 0x55afdd89d3e4 <unknown>\n#15 0x55afdd8a13d7 <unknown>\n#16 0x55afdd8abb20 <unknown>\n#17 0x55afdd8a2023 <unknown>\n#18 0x55afdd8701aa <unknown>\n#19 0x55afdd8c66b8 <unknown>\n#20 0x55afdd8c6847 <unknown>\n#21 0x55afdd8d6243 <unknown>\n#22 0x7fa585090402 <unknown>\n\n",
  "statusTrace" : "  File \"/usr/local/lib/python3.10/dist-packages/behave/model.py\", line 1329, in run\n    match.run(runner.context)\n  File \"/usr/local/lib/python3.10/dist-packages/behave/matchers.py\", line 98, in run\n    self.func(context, *args, **kwargs)\n  File \"steps/PageRedirectionSteps.py\", line 109, in step_impl\n    button_element.click()\n  File \"/home/addweb/.local/lib/python3.10/site-packages/selenium/webdriver/remote/webelement.py\", line 94, in click\n    self._execute(Command.CLICK_ELEMENT)\n  File \"/home/addweb/.local/lib/python3.10/site-packages/selenium/webdriver/remote/webelement.py\", line 395, in _execute\n    return self._parent.execute(command, params)\n  File \"/home/addweb/.local/lib/python3.10/site-packages/selenium/webdriver/remote/webdriver.py\", line 346, in execute\n    self.error_handler.check_response(response)\n  File \"/home/addweb/.local/lib/python3.10/site-packages/selenium/webdriver/remote/errorhandler.py\", line 245, in check_response\n    raise exception_class(message, screen, stacktrace)\n",
  "flaky" : false,
  "newFailed" : false,
  "beforeStages" : [ ],
  "testStage" : {
    "status" : "broken",
    "statusMessage" : "selenium.common.exceptions.ElementClickInterceptedException: Message: element click intercepted: Element <a class=\"vc_general vc_btn3 vc_btn3-size-md vc_btn3-shape-rounded vc_btn3-style-modern vc_btn3-color-grey\" href=\"https://www.voltactivedata.com/why-volt/no-compromises/\" title=\"No Compromises\">...</a> is not clickable at point (632, 965). Other element would receive the click: <div id=\"onetrust-policy\">...</div>\n  (Session info: headless chrome=114.0.5735.133)\nStacktrace:\n#0 0x55afdd8dd4e3 <unknown>\n#1 0x55afdd60cc76 <unknown>\n#2 0x55afdd64e9d4 <unknown>\n#3 0x55afdd64ccbd <unknown>\n#4 0x55afdd64ad2e <unknown>\n#5 0x55afdd64a10f <unknown>\n#6 0x55afdd63f1da <unknown>\n#7 0x55afdd668012 <unknown>\n#8 0x55afdd63eb03 <unknown>\n#9 0x55afdd6681de <unknown>\n#10 0x55afdd68030e <unknown>\n#11 0x55afdd667de3 <unknown>\n#12 0x55afdd63d2dd <unknown>\n#13 0x55afdd63e34e <unknown>\n#14 0x55afdd89d3e4 <unknown>\n#15 0x55afdd8a13d7 <unknown>\n#16 0x55afdd8abb20 <unknown>\n#17 0x55afdd8a2023 <unknown>\n#18 0x55afdd8701aa <unknown>\n#19 0x55afdd8c66b8 <unknown>\n#20 0x55afdd8c6847 <unknown>\n#21 0x55afdd8d6243 <unknown>\n#22 0x7fa585090402 <unknown>\n\n",
    "statusTrace" : "  File \"/usr/local/lib/python3.10/dist-packages/behave/model.py\", line 1329, in run\n    match.run(runner.context)\n  File \"/usr/local/lib/python3.10/dist-packages/behave/matchers.py\", line 98, in run\n    self.func(context, *args, **kwargs)\n  File \"steps/PageRedirectionSteps.py\", line 109, in step_impl\n    button_element.click()\n  File \"/home/addweb/.local/lib/python3.10/site-packages/selenium/webdriver/remote/webelement.py\", line 94, in click\n    self._execute(Command.CLICK_ELEMENT)\n  File \"/home/addweb/.local/lib/python3.10/site-packages/selenium/webdriver/remote/webelement.py\", line 395, in _execute\n    return self._parent.execute(command, params)\n  File \"/home/addweb/.local/lib/python3.10/site-packages/selenium/webdriver/remote/webdriver.py\", line 346, in execute\n    self.error_handler.check_response(response)\n  File \"/home/addweb/.local/lib/python3.10/site-packages/selenium/webdriver/remote/errorhandler.py\", line 245, in check_response\n    raise exception_class(message, screen, stacktrace)\n",
    "steps" : [ {
      "name" : "Given The user is on the \"live\" site",
      "time" : {
        "start" : 1698834039118,
        "stop" : 1698834079665,
        "duration" : 40547
      },
      "status" : "passed",
      "steps" : [ ],
      "attachments" : [ ],
      "parameters" : [ ],
      "stepsCount" : 0,
      "attachmentsCount" : 0,
      "shouldDisplayMessage" : false,
      "hasContent" : false
    }, {
      "name" : "When The user clicks on the \"try-volt-live\" button",
      "time" : {
        "start" : 1698834079665,
        "stop" : 1698834100884,
        "duration" : 21219
      },
      "status" : "passed",
      "steps" : [ ],
      "attachments" : [ ],
      "parameters" : [ ],
      "stepsCount" : 0,
      "attachmentsCount" : 0,
      "shouldDisplayMessage" : false,
      "hasContent" : false
    }, {
      "name" : "Then The user should be redirected to the \"try-volt\" page",
      "time" : {
        "start" : 1698834100885,
        "stop" : 1698834114456,
        "duration" : 13571
      },
      "status" : "passed",
      "steps" : [ ],
      "attachments" : [ ],
      "parameters" : [ ],
      "stepsCount" : 0,
      "attachmentsCount" : 0,
      "shouldDisplayMessage" : false,
      "hasContent" : false
    }, {
      "name" : "When The user clicks on the \"partners-live\" button",
      "time" : {
        "start" : 1698834114456,
        "stop" : 1698834124544,
        "duration" : 10088
      },
      "status" : "passed",
      "steps" : [ ],
      "attachments" : [ ],
      "parameters" : [ ],
      "stepsCount" : 0,
      "attachmentsCount" : 0,
      "shouldDisplayMessage" : false,
      "hasContent" : false
    }, {
      "name" : "Then The user should be redirected to the \"partners\" page",
      "time" : {
        "start" : 1698834124544,
        "stop" : 1698834127060,
        "duration" : 2516
      },
      "status" : "passed",
      "steps" : [ ],
      "attachments" : [ ],
      "parameters" : [ ],
      "stepsCount" : 0,
      "attachmentsCount" : 0,
      "shouldDisplayMessage" : false,
      "hasContent" : false
    }, {
      "name" : "When The user clicks on the \"no-compromises-live\" button",
      "time" : {
        "start" : 1698834127060,
        "stop" : 1698834128505,
        "duration" : 1445
      },
      "status" : "broken",
      "statusMessage" : "selenium.common.exceptions.ElementClickInterceptedException: Message: element click intercepted: Element <a class=\"vc_general vc_btn3 vc_btn3-size-md vc_btn3-shape-rounded vc_btn3-style-modern vc_btn3-color-grey\" href=\"https://www.voltactivedata.com/why-volt/no-compromises/\" title=\"No Compromises\">...</a> is not clickable at point (632, 965). Other element would receive the click: <div id=\"onetrust-policy\">...</div>\n  (Session info: headless chrome=114.0.5735.133)\nStacktrace:\n#0 0x55afdd8dd4e3 <unknown>\n#1 0x55afdd60cc76 <unknown>\n#2 0x55afdd64e9d4 <unknown>\n#3 0x55afdd64ccbd <unknown>\n#4 0x55afdd64ad2e <unknown>\n#5 0x55afdd64a10f <unknown>\n#6 0x55afdd63f1da <unknown>\n#7 0x55afdd668012 <unknown>\n#8 0x55afdd63eb03 <unknown>\n#9 0x55afdd6681de <unknown>\n#10 0x55afdd68030e <unknown>\n#11 0x55afdd667de3 <unknown>\n#12 0x55afdd63d2dd <unknown>\n#13 0x55afdd63e34e <unknown>\n#14 0x55afdd89d3e4 <unknown>\n#15 0x55afdd8a13d7 <unknown>\n#16 0x55afdd8abb20 <unknown>\n#17 0x55afdd8a2023 <unknown>\n#18 0x55afdd8701aa <unknown>\n#19 0x55afdd8c66b8 <unknown>\n#20 0x55afdd8c6847 <unknown>\n#21 0x55afdd8d6243 <unknown>\n#22 0x7fa585090402 <unknown>\n\n",
      "statusTrace" : "  File \"/usr/local/lib/python3.10/dist-packages/behave/model.py\", line 1329, in run\n    match.run(runner.context)\n  File \"/usr/local/lib/python3.10/dist-packages/behave/matchers.py\", line 98, in run\n    self.func(context, *args, **kwargs)\n  File \"steps/PageRedirectionSteps.py\", line 109, in step_impl\n    button_element.click()\n  File \"/home/addweb/.local/lib/python3.10/site-packages/selenium/webdriver/remote/webelement.py\", line 94, in click\n    self._execute(Command.CLICK_ELEMENT)\n  File \"/home/addweb/.local/lib/python3.10/site-packages/selenium/webdriver/remote/webelement.py\", line 395, in _execute\n    return self._parent.execute(command, params)\n  File \"/home/addweb/.local/lib/python3.10/site-packages/selenium/webdriver/remote/webdriver.py\", line 346, in execute\n    self.error_handler.check_response(response)\n  File \"/home/addweb/.local/lib/python3.10/site-packages/selenium/webdriver/remote/errorhandler.py\", line 245, in check_response\n    raise exception_class(message, screen, stacktrace)\n",
      "steps" : [ ],
      "attachments" : [ {
        "uid" : "4c5ab022bf52436f",
        "name" : "Error Message",
        "source" : "4c5ab022bf52436f.txt",
        "type" : "text/plain",
        "size" : 1096
      }, {
        "uid" : "d138ead441c91ccf",
        "name" : "Screenshot of https://www.voltactivedata.com/ Page",
        "source" : "d138ead441c91ccf.png",
        "type" : "image/png",
        "size" : 366541
      } ],
      "parameters" : [ ],
      "stepsCount" : 0,
      "attachmentsCount" : 2,
      "shouldDisplayMessage" : true,
      "hasContent" : true
    }, {
      "name" : "Then The user should be redirected to the \"no-compromises\" page",
      "time" : {
        "start" : 1698834128569,
        "stop" : 1698834128569,
        "duration" : 0
      },
      "status" : "skipped",
      "steps" : [ ],
      "attachments" : [ ],
      "parameters" : [ ],
      "stepsCount" : 0,
      "attachmentsCount" : 0,
      "shouldDisplayMessage" : false,
      "hasContent" : false
    }, {
      "name" : "When The user clicks on the \"capabilities_2-live\" button",
      "time" : {
        "start" : 1698834128569,
        "stop" : 1698834128569,
        "duration" : 0
      },
      "status" : "skipped",
      "steps" : [ ],
      "attachments" : [ ],
      "parameters" : [ ],
      "stepsCount" : 0,
      "attachmentsCount" : 0,
      "shouldDisplayMessage" : false,
      "hasContent" : false
    }, {
      "name" : "Then The user should be redirected to the \"capabilities\" page",
      "time" : {
        "start" : 1698834128569,
        "stop" : 1698834128569,
        "duration" : 0
      },
      "status" : "skipped",
      "steps" : [ ],
      "attachments" : [ ],
      "parameters" : [ ],
      "stepsCount" : 0,
      "attachmentsCount" : 0,
      "shouldDisplayMessage" : false,
      "hasContent" : false
    }, {
      "name" : "When The user clicks on the \"ai-on-the-edge-live\" button",
      "time" : {
        "start" : 1698834128569,
        "stop" : 1698834128569,
        "duration" : 0
      },
      "status" : "skipped",
      "steps" : [ ],
      "attachments" : [ ],
      "parameters" : [ ],
      "stepsCount" : 0,
      "attachmentsCount" : 0,
      "shouldDisplayMessage" : false,
      "hasContent" : false
    }, {
      "name" : "Then The user should be redirected to the \"ai-on-the-edge-live\" page",
      "time" : {
        "start" : 1698834128569,
        "stop" : 1698834128569,
        "duration" : 0
      },
      "status" : "skipped",
      "steps" : [ ],
      "attachments" : [ ],
      "parameters" : [ ],
      "stepsCount" : 0,
      "attachmentsCount" : 0,
      "shouldDisplayMessage" : false,
      "hasContent" : false
    }, {
      "name" : "When The user clicks on the \"capabilities_3-live\" button",
      "time" : {
        "start" : 1698834128569,
        "stop" : 1698834128569,
        "duration" : 0
      },
      "status" : "skipped",
      "steps" : [ ],
      "attachments" : [ ],
      "parameters" : [ ],
      "stepsCount" : 0,
      "attachmentsCount" : 0,
      "shouldDisplayMessage" : false,
      "hasContent" : false
    }, {
      "name" : "Then The user should be redirected to the \"capabilities_2\" page",
      "time" : {
        "start" : 1698834128569,
        "stop" : 1698834128569,
        "duration" : 0
      },
      "status" : "skipped",
      "steps" : [ ],
      "attachments" : [ ],
      "parameters" : [ ],
      "stepsCount" : 0,
      "attachmentsCount" : 0,
      "shouldDisplayMessage" : false,
      "hasContent" : false
    } ],
    "attachments" : [ ],
    "parameters" : [ ],
    "stepsCount" : 13,
    "attachmentsCount" : 2,
    "shouldDisplayMessage" : false,
    "hasContent" : true
  },
  "afterStages" : [ ],
  "labels" : [ {
    "name" : "severity",
    "value" : "normal"
  }, {
    "name" : "feature",
    "value" : "Test Redirection of Pages"
  }, {
    "name" : "framework",
    "value" : "behave"
  }, {
    "name" : "language",
    "value" : "cpython3"
  }, {
    "name" : "resultFormat",
    "value" : "allure2"
  } ],
  "parameters" : [ ],
  "links" : [ ],
  "hidden" : false,
  "retry" : false,
  "extra" : {
    "severity" : "normal",
    "retries" : [ ],
    "categories" : [ {
      "name" : "Test defects",
      "matchedStatuses" : [ ],
      "flaky" : false
    } ],
    "tags" : [ ]
  },
  "source" : "75e58ebd75b61ffb.json",
  "parameterValues" : [ ]
}