{
  "uid" : "5d0b327343237fe2",
  "name" : "Test submenu and button on the Resources page",
  "fullName" : "Test Redirection of Pages: Test submenu and button on the Resources page",
  "historyId" : "22b01316d2a65b4f589a9af09648ad5d",
  "time" : {
    "start" : 1698819115186,
    "stop" : 1698819130297,
    "duration" : 15111
  },
  "status" : "broken",
  "statusMessage" : "selenium.common.exceptions.ElementNotInteractableException: Message: element not interactable\n  (Session info: chrome=114.0.5735.133)\nStacktrace:\n#0 0x55575fd4c4e3 <unknown>\n#1 0x55575fa7bb00 <unknown>\n#2 0x55575fab252c <unknown>\n#3 0x55575fab1b0a <unknown>\n#4 0x55575fad7012 <unknown>\n#5 0x55575faadb03 <unknown>\n#6 0x55575fad71de <unknown>\n#7 0x55575faef30e <unknown>\n#8 0x55575fad6de3 <unknown>\n#9 0x55575faac2dd <unknown>\n#10 0x55575faad34e <unknown>\n#11 0x55575fd0c3e4 <unknown>\n#12 0x55575fd103d7 <unknown>\n#13 0x55575fd1ab20 <unknown>\n#14 0x55575fd11023 <unknown>\n#15 0x55575fcdf1aa <unknown>\n#16 0x55575fd356b8 <unknown>\n#17 0x55575fd35847 <unknown>\n#18 0x55575fd45243 <unknown>\n#19 0x7f0041890402 <unknown>\n\n",
  "statusTrace" : "  File \"/usr/local/lib/python3.10/dist-packages/behave/model.py\", line 1329, in run\n    match.run(runner.context)\n  File \"/usr/local/lib/python3.10/dist-packages/behave/matchers.py\", line 98, in run\n    self.func(context, *args, **kwargs)\n  File \"steps/PageRedirectionSteps.py\", line 228, in step_impl\n    type_dropdown_btn.send_keys(Keys.ARROW_DOWN)\n  File \"/home/addweb/.local/lib/python3.10/site-packages/selenium/webdriver/remote/webelement.py\", line 231, in send_keys\n    self._execute(\n  File \"/home/addweb/.local/lib/python3.10/site-packages/selenium/webdriver/remote/webelement.py\", line 395, in _execute\n    return self._parent.execute(command, params)\n  File \"/home/addweb/.local/lib/python3.10/site-packages/selenium/webdriver/remote/webdriver.py\", line 346, in execute\n    self.error_handler.check_response(response)\n  File \"/home/addweb/.local/lib/python3.10/site-packages/selenium/webdriver/remote/errorhandler.py\", line 245, in check_response\n    raise exception_class(message, screen, stacktrace)\n",
  "flaky" : false,
  "newFailed" : false,
  "beforeStages" : [ ],
  "testStage" : {
    "status" : "broken",
    "statusMessage" : "selenium.common.exceptions.ElementNotInteractableException: Message: element not interactable\n  (Session info: chrome=114.0.5735.133)\nStacktrace:\n#0 0x55575fd4c4e3 <unknown>\n#1 0x55575fa7bb00 <unknown>\n#2 0x55575fab252c <unknown>\n#3 0x55575fab1b0a <unknown>\n#4 0x55575fad7012 <unknown>\n#5 0x55575faadb03 <unknown>\n#6 0x55575fad71de <unknown>\n#7 0x55575faef30e <unknown>\n#8 0x55575fad6de3 <unknown>\n#9 0x55575faac2dd <unknown>\n#10 0x55575faad34e <unknown>\n#11 0x55575fd0c3e4 <unknown>\n#12 0x55575fd103d7 <unknown>\n#13 0x55575fd1ab20 <unknown>\n#14 0x55575fd11023 <unknown>\n#15 0x55575fcdf1aa <unknown>\n#16 0x55575fd356b8 <unknown>\n#17 0x55575fd35847 <unknown>\n#18 0x55575fd45243 <unknown>\n#19 0x7f0041890402 <unknown>\n\n",
    "statusTrace" : "  File \"/usr/local/lib/python3.10/dist-packages/behave/model.py\", line 1329, in run\n    match.run(runner.context)\n  File \"/usr/local/lib/python3.10/dist-packages/behave/matchers.py\", line 98, in run\n    self.func(context, *args, **kwargs)\n  File \"steps/PageRedirectionSteps.py\", line 228, in step_impl\n    type_dropdown_btn.send_keys(Keys.ARROW_DOWN)\n  File \"/home/addweb/.local/lib/python3.10/site-packages/selenium/webdriver/remote/webelement.py\", line 231, in send_keys\n    self._execute(\n  File \"/home/addweb/.local/lib/python3.10/site-packages/selenium/webdriver/remote/webelement.py\", line 395, in _execute\n    return self._parent.execute(command, params)\n  File \"/home/addweb/.local/lib/python3.10/site-packages/selenium/webdriver/remote/webdriver.py\", line 346, in execute\n    self.error_handler.check_response(response)\n  File \"/home/addweb/.local/lib/python3.10/site-packages/selenium/webdriver/remote/errorhandler.py\", line 245, in check_response\n    raise exception_class(message, screen, stacktrace)\n",
    "steps" : [ {
      "name" : "Given The user is on the \"stg\" site",
      "time" : {
        "start" : 1698819116113,
        "stop" : 1698819126084,
        "duration" : 9971
      },
      "status" : "passed",
      "steps" : [ ],
      "attachments" : [ ],
      "parameters" : [ ],
      "stepsCount" : 0,
      "attachmentsCount" : 0,
      "shouldDisplayMessage" : false,
      "hasContent" : false
    }, {
      "name" : "When The user hovers over the \"resources\" menu",
      "time" : {
        "start" : 1698819126084,
        "stop" : 1698819126424,
        "duration" : 340
      },
      "status" : "passed",
      "steps" : [ ],
      "attachments" : [ ],
      "parameters" : [ ],
      "stepsCount" : 0,
      "attachmentsCount" : 0,
      "shouldDisplayMessage" : false,
      "hasContent" : false
    }, {
      "name" : "And The user clicks on the \"resources_library\" submenu link and verify the redirection \"resources_library\" page",
      "time" : {
        "start" : 1698819126424,
        "stop" : 1698819130148,
        "duration" : 3724
      },
      "status" : "passed",
      "steps" : [ ],
      "attachments" : [ ],
      "parameters" : [ ],
      "stepsCount" : 0,
      "attachmentsCount" : 0,
      "shouldDisplayMessage" : false,
      "hasContent" : false
    }, {
      "name" : "When The user selects \"REPORT\" from the \"Type\" dropdown in \"Type UL\"",
      "time" : {
        "start" : 1698819130148,
        "stop" : 1698819130222,
        "duration" : 74
      },
      "status" : "broken",
      "statusMessage" : "selenium.common.exceptions.ElementNotInteractableException: Message: element not interactable\n  (Session info: chrome=114.0.5735.133)\nStacktrace:\n#0 0x55575fd4c4e3 <unknown>\n#1 0x55575fa7bb00 <unknown>\n#2 0x55575fab252c <unknown>\n#3 0x55575fab1b0a <unknown>\n#4 0x55575fad7012 <unknown>\n#5 0x55575faadb03 <unknown>\n#6 0x55575fad71de <unknown>\n#7 0x55575faef30e <unknown>\n#8 0x55575fad6de3 <unknown>\n#9 0x55575faac2dd <unknown>\n#10 0x55575faad34e <unknown>\n#11 0x55575fd0c3e4 <unknown>\n#12 0x55575fd103d7 <unknown>\n#13 0x55575fd1ab20 <unknown>\n#14 0x55575fd11023 <unknown>\n#15 0x55575fcdf1aa <unknown>\n#16 0x55575fd356b8 <unknown>\n#17 0x55575fd35847 <unknown>\n#18 0x55575fd45243 <unknown>\n#19 0x7f0041890402 <unknown>\n\n",
      "statusTrace" : "  File \"/usr/local/lib/python3.10/dist-packages/behave/model.py\", line 1329, in run\n    match.run(runner.context)\n  File \"/usr/local/lib/python3.10/dist-packages/behave/matchers.py\", line 98, in run\n    self.func(context, *args, **kwargs)\n  File \"steps/PageRedirectionSteps.py\", line 228, in step_impl\n    type_dropdown_btn.send_keys(Keys.ARROW_DOWN)\n  File \"/home/addweb/.local/lib/python3.10/site-packages/selenium/webdriver/remote/webelement.py\", line 231, in send_keys\n    self._execute(\n  File \"/home/addweb/.local/lib/python3.10/site-packages/selenium/webdriver/remote/webelement.py\", line 395, in _execute\n    return self._parent.execute(command, params)\n  File \"/home/addweb/.local/lib/python3.10/site-packages/selenium/webdriver/remote/webdriver.py\", line 346, in execute\n    self.error_handler.check_response(response)\n  File \"/home/addweb/.local/lib/python3.10/site-packages/selenium/webdriver/remote/errorhandler.py\", line 245, in check_response\n    raise exception_class(message, screen, stacktrace)\n",
      "steps" : [ ],
      "attachments" : [ ],
      "parameters" : [ ],
      "stepsCount" : 0,
      "attachmentsCount" : 0,
      "shouldDisplayMessage" : true,
      "hasContent" : true
    }, {
      "name" : "Then The \"resource_list_element\" should be filtered by \"REPORT\" type",
      "time" : {
        "start" : 1698819130297,
        "stop" : 1698819130297,
        "duration" : 0
      },
      "status" : "skipped",
      "steps" : [ ],
      "attachments" : [ ],
      "parameters" : [ ],
      "stepsCount" : 0,
      "attachmentsCount" : 0,
      "shouldDisplayMessage" : false,
      "hasContent" : false
    }, {
      "name" : "When The user enters the resource title \"Resource Title\" in the \"search bar\"",
      "time" : {
        "start" : 1698819130297,
        "stop" : 1698819130297,
        "duration" : 0
      },
      "status" : "skipped",
      "steps" : [ ],
      "attachments" : [ ],
      "parameters" : [ ],
      "stepsCount" : 0,
      "attachmentsCount" : 0,
      "shouldDisplayMessage" : false,
      "hasContent" : false
    }, {
      "name" : "Then The \"resource_list_element\" should be filtered by \"Resource Title\" resource",
      "time" : {
        "start" : 1698819130297,
        "stop" : 1698819130297,
        "duration" : 0
      },
      "status" : "skipped",
      "steps" : [ ],
      "attachments" : [ ],
      "parameters" : [ ],
      "stepsCount" : 0,
      "attachmentsCount" : 0,
      "shouldDisplayMessage" : false,
      "hasContent" : false
    } ],
    "attachments" : [ ],
    "parameters" : [ ],
    "stepsCount" : 7,
    "attachmentsCount" : 0,
    "shouldDisplayMessage" : false,
    "hasContent" : true
  },
  "afterStages" : [ ],
  "labels" : [ {
    "name" : "severity",
    "value" : "normal"
  }, {
    "name" : "feature",
    "value" : "Test Redirection of Pages"
  }, {
    "name" : "framework",
    "value" : "behave"
  }, {
    "name" : "language",
    "value" : "cpython3"
  }, {
    "name" : "resultFormat",
    "value" : "allure2"
  } ],
  "parameters" : [ ],
  "links" : [ ],
  "hidden" : false,
  "retry" : false,
  "extra" : {
    "severity" : "normal",
    "retries" : [ ],
    "categories" : [ {
      "name" : "Test defects",
      "matchedStatuses" : [ ],
      "flaky" : false
    } ],
    "tags" : [ ]
  },
  "source" : "5d0b327343237fe2.json",
  "parameterValues" : [ ]
}