{
  "uid" : "7ace925e5f31a15",
  "name" : "Test submenu and button on the Fraud Prevention page",
  "fullName" : "Test Redirection of Pages: Test submenu and button on the Fraud Prevention page",
  "historyId" : "f30ada24157a19abc6ec88eb89175359",
  "time" : {
    "start" : 1698836594977,
    "stop" : 1698836645134,
    "duration" : 50157
  },
  "status" : "broken",
  "statusMessage" : "selenium.common.exceptions.NoSuchElementException: Message: no such element: Unable to locate element: {\"method\":\"xpath\",\"selector\":\"/html/body/div[1]/div[3]/div/div/div/div/main/article/div/div/div[11]/div/div/div/div[3]/div/div[3]/div/div/div[2]/a\"}\n  (Session info: headless chrome=114.0.5735.133); For documentation on this error, please visit: https://www.selenium.dev/documentation/webdriver/troubleshooting/errors#no-such-element-exception\nStacktrace:\n#0 0x561c2368e4e3 <unknown>\n#1 0x561c233bdc76 <unknown>\n#2 0x561c233f9c96 <unknown>\n#3 0x561c233f9dc1 <unknown>\n#4 0x561c234337f4 <unknown>\n#5 0x561c2341903d <unknown>\n#6 0x561c2343130e <unknown>\n#7 0x561c23418de3 <unknown>\n#8 0x561c233ee2dd <unknown>\n#9 0x561c233ef34e <unknown>\n#10 0x561c2364e3e4 <unknown>\n#11 0x561c236523d7 <unknown>\n#12 0x561c2365cb20 <unknown>\n#13 0x561c23653023 <unknown>\n#14 0x561c236211aa <unknown>\n#15 0x561c236776b8 <unknown>\n#16 0x561c23677847 <unknown>\n#17 0x561c23687243 <unknown>\n#18 0x7f7fae690402 <unknown>\n\n",
  "statusTrace" : "  File \"/usr/local/lib/python3.10/dist-packages/behave/model.py\", line 1329, in run\n    match.run(runner.context)\n  File \"/usr/local/lib/python3.10/dist-packages/behave/matchers.py\", line 98, in run\n    self.func(context, *args, **kwargs)\n  File \"steps/PageRedirectionSteps.py\", line 103, in step_impl\n    button_element = context.driver.find_element(By.XPATH, xpath)\n  File \"/home/addweb/.local/lib/python3.10/site-packages/selenium/webdriver/remote/webdriver.py\", line 740, in find_element\n    return self.execute(Command.FIND_ELEMENT, {\"using\": by, \"value\": value})[\"value\"]\n  File \"/home/addweb/.local/lib/python3.10/site-packages/selenium/webdriver/remote/webdriver.py\", line 346, in execute\n    self.error_handler.check_response(response)\n  File \"/home/addweb/.local/lib/python3.10/site-packages/selenium/webdriver/remote/errorhandler.py\", line 245, in check_response\n    raise exception_class(message, screen, stacktrace)\n",
  "flaky" : false,
  "newFailed" : false,
  "beforeStages" : [ ],
  "testStage" : {
    "status" : "broken",
    "statusMessage" : "selenium.common.exceptions.NoSuchElementException: Message: no such element: Unable to locate element: {\"method\":\"xpath\",\"selector\":\"/html/body/div[1]/div[3]/div/div/div/div/main/article/div/div/div[11]/div/div/div/div[3]/div/div[3]/div/div/div[2]/a\"}\n  (Session info: headless chrome=114.0.5735.133); For documentation on this error, please visit: https://www.selenium.dev/documentation/webdriver/troubleshooting/errors#no-such-element-exception\nStacktrace:\n#0 0x561c2368e4e3 <unknown>\n#1 0x561c233bdc76 <unknown>\n#2 0x561c233f9c96 <unknown>\n#3 0x561c233f9dc1 <unknown>\n#4 0x561c234337f4 <unknown>\n#5 0x561c2341903d <unknown>\n#6 0x561c2343130e <unknown>\n#7 0x561c23418de3 <unknown>\n#8 0x561c233ee2dd <unknown>\n#9 0x561c233ef34e <unknown>\n#10 0x561c2364e3e4 <unknown>\n#11 0x561c236523d7 <unknown>\n#12 0x561c2365cb20 <unknown>\n#13 0x561c23653023 <unknown>\n#14 0x561c236211aa <unknown>\n#15 0x561c236776b8 <unknown>\n#16 0x561c23677847 <unknown>\n#17 0x561c23687243 <unknown>\n#18 0x7f7fae690402 <unknown>\n\n",
    "statusTrace" : "  File \"/usr/local/lib/python3.10/dist-packages/behave/model.py\", line 1329, in run\n    match.run(runner.context)\n  File \"/usr/local/lib/python3.10/dist-packages/behave/matchers.py\", line 98, in run\n    self.func(context, *args, **kwargs)\n  File \"steps/PageRedirectionSteps.py\", line 103, in step_impl\n    button_element = context.driver.find_element(By.XPATH, xpath)\n  File \"/home/addweb/.local/lib/python3.10/site-packages/selenium/webdriver/remote/webdriver.py\", line 740, in find_element\n    return self.execute(Command.FIND_ELEMENT, {\"using\": by, \"value\": value})[\"value\"]\n  File \"/home/addweb/.local/lib/python3.10/site-packages/selenium/webdriver/remote/webdriver.py\", line 346, in execute\n    self.error_handler.check_response(response)\n  File \"/home/addweb/.local/lib/python3.10/site-packages/selenium/webdriver/remote/errorhandler.py\", line 245, in check_response\n    raise exception_class(message, screen, stacktrace)\n",
    "steps" : [ {
      "name" : "Given The user is on the \"live\" site",
      "time" : {
        "start" : 1698836595671,
        "stop" : 1698836602621,
        "duration" : 6950
      },
      "status" : "passed",
      "steps" : [ ],
      "attachments" : [ ],
      "parameters" : [ ],
      "stepsCount" : 0,
      "attachmentsCount" : 0,
      "shouldDisplayMessage" : false,
      "hasContent" : false
    }, {
      "name" : "When The user hovers over the \"use_cases\" menu",
      "time" : {
        "start" : 1698836602621,
        "stop" : 1698836602992,
        "duration" : 371
      },
      "status" : "passed",
      "steps" : [ ],
      "attachments" : [ ],
      "parameters" : [ ],
      "stepsCount" : 0,
      "attachmentsCount" : 0,
      "shouldDisplayMessage" : false,
      "hasContent" : false
    }, {
      "name" : "And The user clicks on the \"fraud_prevention\" submenu link and verify the redirection \"fraud_prevention\" page",
      "time" : {
        "start" : 1698836602992,
        "stop" : 1698836604722,
        "duration" : 1730
      },
      "status" : "passed",
      "steps" : [ ],
      "attachments" : [ ],
      "parameters" : [ ],
      "stepsCount" : 0,
      "attachmentsCount" : 0,
      "shouldDisplayMessage" : false,
      "hasContent" : false
    }, {
      "name" : "When The user clicks on the \"litsen_to_podcast\" button",
      "time" : {
        "start" : 1698836604723,
        "stop" : 1698836608722,
        "duration" : 3999
      },
      "status" : "passed",
      "steps" : [ ],
      "attachments" : [ ],
      "parameters" : [ ],
      "stepsCount" : 0,
      "attachmentsCount" : 0,
      "shouldDisplayMessage" : false,
      "hasContent" : false
    }, {
      "name" : "Then The user should be redirected to the \"litsen_to_podcast\" page",
      "time" : {
        "start" : 1698836608722,
        "stop" : 1698836611664,
        "duration" : 2942
      },
      "status" : "passed",
      "steps" : [ ],
      "attachments" : [ ],
      "parameters" : [ ],
      "stepsCount" : 0,
      "attachmentsCount" : 0,
      "shouldDisplayMessage" : false,
      "hasContent" : false
    }, {
      "name" : "When The user clicks on the \"sakura\" button",
      "time" : {
        "start" : 1698836611665,
        "stop" : 1698836616386,
        "duration" : 4721
      },
      "status" : "passed",
      "steps" : [ ],
      "attachments" : [ ],
      "parameters" : [ ],
      "stepsCount" : 0,
      "attachmentsCount" : 0,
      "shouldDisplayMessage" : false,
      "hasContent" : false
    }, {
      "name" : "Then The user should be redirected to the \"sakura\" page",
      "time" : {
        "start" : 1698836616387,
        "stop" : 1698836619299,
        "duration" : 2912
      },
      "status" : "passed",
      "steps" : [ ],
      "attachments" : [ ],
      "parameters" : [ ],
      "stepsCount" : 0,
      "attachmentsCount" : 0,
      "shouldDisplayMessage" : false,
      "hasContent" : false
    }, {
      "name" : "When The user clicks on the \"age_of_5g\" button",
      "time" : {
        "start" : 1698836619299,
        "stop" : 1698836623465,
        "duration" : 4166
      },
      "status" : "passed",
      "steps" : [ ],
      "attachments" : [ ],
      "parameters" : [ ],
      "stepsCount" : 0,
      "attachmentsCount" : 0,
      "shouldDisplayMessage" : false,
      "hasContent" : false
    }, {
      "name" : "Then The user should be redirected to the \"age_of_5g\" page",
      "time" : {
        "start" : 1698836623465,
        "stop" : 1698836627040,
        "duration" : 3575
      },
      "status" : "passed",
      "steps" : [ ],
      "attachments" : [ ],
      "parameters" : [ ],
      "stepsCount" : 0,
      "attachmentsCount" : 0,
      "shouldDisplayMessage" : false,
      "hasContent" : false
    }, {
      "name" : "When The user clicks on the \"growth_engine\" button",
      "time" : {
        "start" : 1698836627040,
        "stop" : 1698836630320,
        "duration" : 3280
      },
      "status" : "passed",
      "steps" : [ ],
      "attachments" : [ ],
      "parameters" : [ ],
      "stepsCount" : 0,
      "attachmentsCount" : 0,
      "shouldDisplayMessage" : false,
      "hasContent" : false
    }, {
      "name" : "Then The user should be redirected to the \"growth_engine\" page",
      "time" : {
        "start" : 1698836630320,
        "stop" : 1698836633152,
        "duration" : 2832
      },
      "status" : "passed",
      "steps" : [ ],
      "attachments" : [ ],
      "parameters" : [ ],
      "stepsCount" : 0,
      "attachmentsCount" : 0,
      "shouldDisplayMessage" : false,
      "hasContent" : false
    }, {
      "name" : "When The user clicks on the \"avoid-it_8\" button",
      "time" : {
        "start" : 1698836633153,
        "stop" : 1698836635368,
        "duration" : 2215
      },
      "status" : "passed",
      "steps" : [ ],
      "attachments" : [ ],
      "parameters" : [ ],
      "stepsCount" : 0,
      "attachmentsCount" : 0,
      "shouldDisplayMessage" : false,
      "hasContent" : false
    }, {
      "name" : "Then The user should be redirected to the \"avoid-it\" page",
      "time" : {
        "start" : 1698836635368,
        "stop" : 1698836639742,
        "duration" : 4374
      },
      "status" : "passed",
      "steps" : [ ],
      "attachments" : [ ],
      "parameters" : [ ],
      "stepsCount" : 0,
      "attachmentsCount" : 0,
      "shouldDisplayMessage" : false,
      "hasContent" : false
    }, {
      "name" : "When The user clicks on the \"new_sql_2\" button",
      "time" : {
        "start" : 1698836639743,
        "stop" : 1698836645070,
        "duration" : 5327
      },
      "status" : "broken",
      "statusMessage" : "selenium.common.exceptions.NoSuchElementException: Message: no such element: Unable to locate element: {\"method\":\"xpath\",\"selector\":\"/html/body/div[1]/div[3]/div/div/div/div/main/article/div/div/div[11]/div/div/div/div[3]/div/div[3]/div/div/div[2]/a\"}\n  (Session info: headless chrome=114.0.5735.133); For documentation on this error, please visit: https://www.selenium.dev/documentation/webdriver/troubleshooting/errors#no-such-element-exception\nStacktrace:\n#0 0x561c2368e4e3 <unknown>\n#1 0x561c233bdc76 <unknown>\n#2 0x561c233f9c96 <unknown>\n#3 0x561c233f9dc1 <unknown>\n#4 0x561c234337f4 <unknown>\n#5 0x561c2341903d <unknown>\n#6 0x561c2343130e <unknown>\n#7 0x561c23418de3 <unknown>\n#8 0x561c233ee2dd <unknown>\n#9 0x561c233ef34e <unknown>\n#10 0x561c2364e3e4 <unknown>\n#11 0x561c236523d7 <unknown>\n#12 0x561c2365cb20 <unknown>\n#13 0x561c23653023 <unknown>\n#14 0x561c236211aa <unknown>\n#15 0x561c236776b8 <unknown>\n#16 0x561c23677847 <unknown>\n#17 0x561c23687243 <unknown>\n#18 0x7f7fae690402 <unknown>\n\n",
      "statusTrace" : "  File \"/usr/local/lib/python3.10/dist-packages/behave/model.py\", line 1329, in run\n    match.run(runner.context)\n  File \"/usr/local/lib/python3.10/dist-packages/behave/matchers.py\", line 98, in run\n    self.func(context, *args, **kwargs)\n  File \"steps/PageRedirectionSteps.py\", line 103, in step_impl\n    button_element = context.driver.find_element(By.XPATH, xpath)\n  File \"/home/addweb/.local/lib/python3.10/site-packages/selenium/webdriver/remote/webdriver.py\", line 740, in find_element\n    return self.execute(Command.FIND_ELEMENT, {\"using\": by, \"value\": value})[\"value\"]\n  File \"/home/addweb/.local/lib/python3.10/site-packages/selenium/webdriver/remote/webdriver.py\", line 346, in execute\n    self.error_handler.check_response(response)\n  File \"/home/addweb/.local/lib/python3.10/site-packages/selenium/webdriver/remote/errorhandler.py\", line 245, in check_response\n    raise exception_class(message, screen, stacktrace)\n",
      "steps" : [ ],
      "attachments" : [ {
        "uid" : "3a59394608bae628",
        "name" : "Error Message",
        "source" : "3a59394608bae628.txt",
        "type" : "text/plain",
        "size" : 968
      }, {
        "uid" : "4903becb20e56bd1",
        "name" : "Screenshot of https://www.voltactivedata.com/ Page",
        "source" : "4903becb20e56bd1.png",
        "type" : "image/png",
        "size" : 463345
      } ],
      "parameters" : [ ],
      "stepsCount" : 0,
      "attachmentsCount" : 2,
      "shouldDisplayMessage" : true,
      "hasContent" : true
    }, {
      "name" : "Then The user should be redirected to the \"new_sql\" page",
      "time" : {
        "start" : 1698836645134,
        "stop" : 1698836645134,
        "duration" : 0
      },
      "status" : "skipped",
      "steps" : [ ],
      "attachments" : [ ],
      "parameters" : [ ],
      "stepsCount" : 0,
      "attachmentsCount" : 0,
      "shouldDisplayMessage" : false,
      "hasContent" : false
    } ],
    "attachments" : [ ],
    "parameters" : [ ],
    "stepsCount" : 15,
    "attachmentsCount" : 2,
    "shouldDisplayMessage" : false,
    "hasContent" : true
  },
  "afterStages" : [ ],
  "labels" : [ {
    "name" : "severity",
    "value" : "normal"
  }, {
    "name" : "feature",
    "value" : "Test Redirection of Pages"
  }, {
    "name" : "framework",
    "value" : "behave"
  }, {
    "name" : "language",
    "value" : "cpython3"
  }, {
    "name" : "resultFormat",
    "value" : "allure2"
  } ],
  "parameters" : [ ],
  "links" : [ ],
  "hidden" : false,
  "retry" : false,
  "extra" : {
    "severity" : "normal",
    "retries" : [ ],
    "categories" : [ {
      "name" : "Test defects",
      "matchedStatuses" : [ ],
      "flaky" : false
    } ],
    "tags" : [ ]
  },
  "source" : "7ace925e5f31a15.json",
  "parameterValues" : [ ]
}