{
  "uid" : "e9a31eeedcbc51ae",
  "name" : "Test submenu and button on the Careers page",
  "fullName" : "Test Redirection of Pages: Test submenu and button on the Careers page",
  "historyId" : "f532336fa6cdc1e7248f1e97b0059225",
  "time" : {
    "start" : 1698836840432,
    "stop" : 1698836857327,
    "duration" : 16895
  },
  "status" : "broken",
  "statusMessage" : "selenium.common.exceptions.NoSuchElementException: Message: no such element: Unable to locate element: {\"method\":\"xpath\",\"selector\":\"/html/body/div[1]/div[3]/div/div/div/div/main/article/div/section/div[6]/div/div/div/div[2]/div/h4/span/a\"}\n  (Session info: headless chrome=114.0.5735.133); For documentation on this error, please visit: https://www.selenium.dev/documentation/webdriver/troubleshooting/errors#no-such-element-exception\nStacktrace:\n#0 0x560511d2b4e3 <unknown>\n#1 0x560511a5ac76 <unknown>\n#2 0x560511a96c96 <unknown>\n#3 0x560511a96dc1 <unknown>\n#4 0x560511ad07f4 <unknown>\n#5 0x560511ab603d <unknown>\n#6 0x560511ace30e <unknown>\n#7 0x560511ab5de3 <unknown>\n#8 0x560511a8b2dd <unknown>\n#9 0x560511a8c34e <unknown>\n#10 0x560511ceb3e4 <unknown>\n#11 0x560511cef3d7 <unknown>\n#12 0x560511cf9b20 <unknown>\n#13 0x560511cf0023 <unknown>\n#14 0x560511cbe1aa <unknown>\n#15 0x560511d146b8 <unknown>\n#16 0x560511d14847 <unknown>\n#17 0x560511d24243 <unknown>\n#18 0x7f9bba890402 <unknown>\n\n",
  "statusTrace" : "  File \"/usr/local/lib/python3.10/dist-packages/behave/model.py\", line 1329, in run\n    match.run(runner.context)\n  File \"/usr/local/lib/python3.10/dist-packages/behave/matchers.py\", line 98, in run\n    self.func(context, *args, **kwargs)\n  File \"steps/PageRedirectionSteps.py\", line 103, in step_impl\n    button_element = context.driver.find_element(By.XPATH, xpath)\n  File \"/home/addweb/.local/lib/python3.10/site-packages/selenium/webdriver/remote/webdriver.py\", line 740, in find_element\n    return self.execute(Command.FIND_ELEMENT, {\"using\": by, \"value\": value})[\"value\"]\n  File \"/home/addweb/.local/lib/python3.10/site-packages/selenium/webdriver/remote/webdriver.py\", line 346, in execute\n    self.error_handler.check_response(response)\n  File \"/home/addweb/.local/lib/python3.10/site-packages/selenium/webdriver/remote/errorhandler.py\", line 245, in check_response\n    raise exception_class(message, screen, stacktrace)\n",
  "flaky" : false,
  "newFailed" : false,
  "beforeStages" : [ ],
  "testStage" : {
    "status" : "broken",
    "statusMessage" : "selenium.common.exceptions.NoSuchElementException: Message: no such element: Unable to locate element: {\"method\":\"xpath\",\"selector\":\"/html/body/div[1]/div[3]/div/div/div/div/main/article/div/section/div[6]/div/div/div/div[2]/div/h4/span/a\"}\n  (Session info: headless chrome=114.0.5735.133); For documentation on this error, please visit: https://www.selenium.dev/documentation/webdriver/troubleshooting/errors#no-such-element-exception\nStacktrace:\n#0 0x560511d2b4e3 <unknown>\n#1 0x560511a5ac76 <unknown>\n#2 0x560511a96c96 <unknown>\n#3 0x560511a96dc1 <unknown>\n#4 0x560511ad07f4 <unknown>\n#5 0x560511ab603d <unknown>\n#6 0x560511ace30e <unknown>\n#7 0x560511ab5de3 <unknown>\n#8 0x560511a8b2dd <unknown>\n#9 0x560511a8c34e <unknown>\n#10 0x560511ceb3e4 <unknown>\n#11 0x560511cef3d7 <unknown>\n#12 0x560511cf9b20 <unknown>\n#13 0x560511cf0023 <unknown>\n#14 0x560511cbe1aa <unknown>\n#15 0x560511d146b8 <unknown>\n#16 0x560511d14847 <unknown>\n#17 0x560511d24243 <unknown>\n#18 0x7f9bba890402 <unknown>\n\n",
    "statusTrace" : "  File \"/usr/local/lib/python3.10/dist-packages/behave/model.py\", line 1329, in run\n    match.run(runner.context)\n  File \"/usr/local/lib/python3.10/dist-packages/behave/matchers.py\", line 98, in run\n    self.func(context, *args, **kwargs)\n  File \"steps/PageRedirectionSteps.py\", line 103, in step_impl\n    button_element = context.driver.find_element(By.XPATH, xpath)\n  File \"/home/addweb/.local/lib/python3.10/site-packages/selenium/webdriver/remote/webdriver.py\", line 740, in find_element\n    return self.execute(Command.FIND_ELEMENT, {\"using\": by, \"value\": value})[\"value\"]\n  File \"/home/addweb/.local/lib/python3.10/site-packages/selenium/webdriver/remote/webdriver.py\", line 346, in execute\n    self.error_handler.check_response(response)\n  File \"/home/addweb/.local/lib/python3.10/site-packages/selenium/webdriver/remote/errorhandler.py\", line 245, in check_response\n    raise exception_class(message, screen, stacktrace)\n",
    "steps" : [ {
      "name" : "Given The user is on the \"live\" site",
      "time" : {
        "start" : 1698836841168,
        "stop" : 1698836848305,
        "duration" : 7137
      },
      "status" : "passed",
      "steps" : [ ],
      "attachments" : [ ],
      "parameters" : [ ],
      "stepsCount" : 0,
      "attachmentsCount" : 0,
      "shouldDisplayMessage" : false,
      "hasContent" : false
    }, {
      "name" : "When The user hovers over the \"company\" menu",
      "time" : {
        "start" : 1698836848305,
        "stop" : 1698836848633,
        "duration" : 328
      },
      "status" : "passed",
      "steps" : [ ],
      "attachments" : [ ],
      "parameters" : [ ],
      "stepsCount" : 0,
      "attachmentsCount" : 0,
      "shouldDisplayMessage" : false,
      "hasContent" : false
    }, {
      "name" : "And The user clicks on the \"careers\" submenu link and verify the redirection \"careers\" page",
      "time" : {
        "start" : 1698836848634,
        "stop" : 1698836851714,
        "duration" : 3080
      },
      "status" : "passed",
      "steps" : [ ],
      "attachments" : [ ],
      "parameters" : [ ],
      "stepsCount" : 0,
      "attachmentsCount" : 0,
      "shouldDisplayMessage" : false,
      "hasContent" : false
    }, {
      "name" : "When The user clicks on the \"linkedin_page_jobs\" button",
      "time" : {
        "start" : 1698836851714,
        "stop" : 1698836857264,
        "duration" : 5550
      },
      "status" : "broken",
      "statusMessage" : "selenium.common.exceptions.NoSuchElementException: Message: no such element: Unable to locate element: {\"method\":\"xpath\",\"selector\":\"/html/body/div[1]/div[3]/div/div/div/div/main/article/div/section/div[6]/div/div/div/div[2]/div/h4/span/a\"}\n  (Session info: headless chrome=114.0.5735.133); For documentation on this error, please visit: https://www.selenium.dev/documentation/webdriver/troubleshooting/errors#no-such-element-exception\nStacktrace:\n#0 0x560511d2b4e3 <unknown>\n#1 0x560511a5ac76 <unknown>\n#2 0x560511a96c96 <unknown>\n#3 0x560511a96dc1 <unknown>\n#4 0x560511ad07f4 <unknown>\n#5 0x560511ab603d <unknown>\n#6 0x560511ace30e <unknown>\n#7 0x560511ab5de3 <unknown>\n#8 0x560511a8b2dd <unknown>\n#9 0x560511a8c34e <unknown>\n#10 0x560511ceb3e4 <unknown>\n#11 0x560511cef3d7 <unknown>\n#12 0x560511cf9b20 <unknown>\n#13 0x560511cf0023 <unknown>\n#14 0x560511cbe1aa <unknown>\n#15 0x560511d146b8 <unknown>\n#16 0x560511d14847 <unknown>\n#17 0x560511d24243 <unknown>\n#18 0x7f9bba890402 <unknown>\n\n",
      "statusTrace" : "  File \"/usr/local/lib/python3.10/dist-packages/behave/model.py\", line 1329, in run\n    match.run(runner.context)\n  File \"/usr/local/lib/python3.10/dist-packages/behave/matchers.py\", line 98, in run\n    self.func(context, *args, **kwargs)\n  File \"steps/PageRedirectionSteps.py\", line 103, in step_impl\n    button_element = context.driver.find_element(By.XPATH, xpath)\n  File \"/home/addweb/.local/lib/python3.10/site-packages/selenium/webdriver/remote/webdriver.py\", line 740, in find_element\n    return self.execute(Command.FIND_ELEMENT, {\"using\": by, \"value\": value})[\"value\"]\n  File \"/home/addweb/.local/lib/python3.10/site-packages/selenium/webdriver/remote/webdriver.py\", line 346, in execute\n    self.error_handler.check_response(response)\n  File \"/home/addweb/.local/lib/python3.10/site-packages/selenium/webdriver/remote/errorhandler.py\", line 245, in check_response\n    raise exception_class(message, screen, stacktrace)\n",
      "steps" : [ ],
      "attachments" : [ {
        "uid" : "3b1aa92cf2c51b97",
        "name" : "Error Message",
        "source" : "3b1aa92cf2c51b97.txt",
        "type" : "text/plain",
        "size" : 957
      }, {
        "uid" : "93d4f232146bd679",
        "name" : "Screenshot of https://www.voltactivedata.com/company/careers/ Page",
        "source" : "93d4f232146bd679.png",
        "type" : "image/png",
        "size" : 777066
      } ],
      "parameters" : [ ],
      "stepsCount" : 0,
      "attachmentsCount" : 2,
      "shouldDisplayMessage" : true,
      "hasContent" : true
    }, {
      "name" : "Then The user should be redirected to the \"linkedin_page_jobs\" page",
      "time" : {
        "start" : 1698836857327,
        "stop" : 1698836857327,
        "duration" : 0
      },
      "status" : "skipped",
      "steps" : [ ],
      "attachments" : [ ],
      "parameters" : [ ],
      "stepsCount" : 0,
      "attachmentsCount" : 0,
      "shouldDisplayMessage" : false,
      "hasContent" : false
    } ],
    "attachments" : [ ],
    "parameters" : [ ],
    "stepsCount" : 5,
    "attachmentsCount" : 2,
    "shouldDisplayMessage" : false,
    "hasContent" : true
  },
  "afterStages" : [ ],
  "labels" : [ {
    "name" : "severity",
    "value" : "normal"
  }, {
    "name" : "feature",
    "value" : "Test Redirection of Pages"
  }, {
    "name" : "framework",
    "value" : "behave"
  }, {
    "name" : "language",
    "value" : "cpython3"
  }, {
    "name" : "resultFormat",
    "value" : "allure2"
  } ],
  "parameters" : [ ],
  "links" : [ ],
  "hidden" : false,
  "retry" : false,
  "extra" : {
    "severity" : "normal",
    "retries" : [ ],
    "categories" : [ {
      "name" : "Test defects",
      "matchedStatuses" : [ ],
      "flaky" : false
    } ],
    "tags" : [ ]
  },
  "source" : "e9a31eeedcbc51ae.json",
  "parameterValues" : [ ]
}