{
  "uid" : "ee542b5be3012272",
  "name" : "Test submenu and button on the No Compromises page",
  "fullName" : "Test Redirection of Pages: Test submenu and button on the No Compromises page",
  "historyId" : "8af1733d93a92b880a91b9d2a03c5e86",
  "time" : {
    "start" : 1698752322208,
    "stop" : 1698752419307,
    "duration" : 97099
  },
  "status" : "broken",
  "statusMessage" : "selenium.common.exceptions.NoSuchWindowException: Message: no such window: target window already closed\nfrom unknown error: web view not found\n  (Session info: chrome=114.0.5735.133)\nStacktrace:\n#0 0x562442fa54e3 <unknown>\n#1 0x562442cd4c76 <unknown>\n#2 0x562442caec6c <unknown>\n#3 0x562442d34f8f <unknown>\n#4 0x562442d47d66 <unknown>\n#5 0x562442d2fde3 <unknown>\n#6 0x562442d052dd <unknown>\n#7 0x562442d0634e <unknown>\n#8 0x562442f653e4 <unknown>\n#9 0x562442f693d7 <unknown>\n#10 0x562442f73b20 <unknown>\n#11 0x562442f6a023 <unknown>\n#12 0x562442f381aa <unknown>\n#13 0x562442f8e6b8 <unknown>\n#14 0x562442f8e847 <unknown>\n#15 0x562442f9e243 <unknown>\n#16 0x7f7167690402 <unknown>\n\n",
  "statusTrace" : "  File \"/usr/local/lib/python3.10/dist-packages/behave/model.py\", line 1329, in run\n    match.run(runner.context)\n  File \"/usr/local/lib/python3.10/dist-packages/behave/matchers.py\", line 98, in run\n    self.func(context, *args, **kwargs)\n  File \"steps/PageRedirectionSteps.py\", line 91, in step_impl\n    allure.attach(context.driver.get_screenshot_as_png(), name=f\"Screenshot of {context.driver.current_url} Page\",\n  File \"/home/addweb/.local/lib/python3.10/site-packages/selenium/webdriver/remote/webdriver.py\", line 836, in get_screenshot_as_png\n    return b64decode(self.get_screenshot_as_base64().encode(\"ascii\"))\n  File \"/home/addweb/.local/lib/python3.10/site-packages/selenium/webdriver/remote/webdriver.py\", line 847, in get_screenshot_as_base64\n    return self.execute(Command.SCREENSHOT)[\"value\"]\n  File \"/home/addweb/.local/lib/python3.10/site-packages/selenium/webdriver/remote/webdriver.py\", line 346, in execute\n    self.error_handler.check_response(response)\n  File \"/home/addweb/.local/lib/python3.10/site-packages/selenium/webdriver/remote/errorhandler.py\", line 245, in check_response\n    raise exception_class(message, screen, stacktrace)\n",
  "flaky" : false,
  "newFailed" : false,
  "beforeStages" : [ ],
  "testStage" : {
    "status" : "broken",
    "statusMessage" : "selenium.common.exceptions.NoSuchWindowException: Message: no such window: target window already closed\nfrom unknown error: web view not found\n  (Session info: chrome=114.0.5735.133)\nStacktrace:\n#0 0x562442fa54e3 <unknown>\n#1 0x562442cd4c76 <unknown>\n#2 0x562442caec6c <unknown>\n#3 0x562442d34f8f <unknown>\n#4 0x562442d47d66 <unknown>\n#5 0x562442d2fde3 <unknown>\n#6 0x562442d052dd <unknown>\n#7 0x562442d0634e <unknown>\n#8 0x562442f653e4 <unknown>\n#9 0x562442f693d7 <unknown>\n#10 0x562442f73b20 <unknown>\n#11 0x562442f6a023 <unknown>\n#12 0x562442f381aa <unknown>\n#13 0x562442f8e6b8 <unknown>\n#14 0x562442f8e847 <unknown>\n#15 0x562442f9e243 <unknown>\n#16 0x7f7167690402 <unknown>\n\n",
    "statusTrace" : "  File \"/usr/local/lib/python3.10/dist-packages/behave/model.py\", line 1329, in run\n    match.run(runner.context)\n  File \"/usr/local/lib/python3.10/dist-packages/behave/matchers.py\", line 98, in run\n    self.func(context, *args, **kwargs)\n  File \"steps/PageRedirectionSteps.py\", line 91, in step_impl\n    allure.attach(context.driver.get_screenshot_as_png(), name=f\"Screenshot of {context.driver.current_url} Page\",\n  File \"/home/addweb/.local/lib/python3.10/site-packages/selenium/webdriver/remote/webdriver.py\", line 836, in get_screenshot_as_png\n    return b64decode(self.get_screenshot_as_base64().encode(\"ascii\"))\n  File \"/home/addweb/.local/lib/python3.10/site-packages/selenium/webdriver/remote/webdriver.py\", line 847, in get_screenshot_as_base64\n    return self.execute(Command.SCREENSHOT)[\"value\"]\n  File \"/home/addweb/.local/lib/python3.10/site-packages/selenium/webdriver/remote/webdriver.py\", line 346, in execute\n    self.error_handler.check_response(response)\n  File \"/home/addweb/.local/lib/python3.10/site-packages/selenium/webdriver/remote/errorhandler.py\", line 245, in check_response\n    raise exception_class(message, screen, stacktrace)\n",
    "steps" : [ {
      "name" : "Given The user is on the \"stg\" site",
      "time" : {
        "start" : 1698752323160,
        "stop" : 1698752333666,
        "duration" : 10506
      },
      "status" : "passed",
      "steps" : [ ],
      "attachments" : [ ],
      "parameters" : [ ],
      "stepsCount" : 0,
      "attachmentsCount" : 0,
      "shouldDisplayMessage" : false,
      "hasContent" : false
    }, {
      "name" : "When The user hovers over the \"why-volt\" menu",
      "time" : {
        "start" : 1698752333666,
        "stop" : 1698752333997,
        "duration" : 331
      },
      "status" : "passed",
      "steps" : [ ],
      "attachments" : [ ],
      "parameters" : [ ],
      "stepsCount" : 0,
      "attachmentsCount" : 0,
      "shouldDisplayMessage" : false,
      "hasContent" : false
    }, {
      "name" : "And The user clicks on the \"no-compromises-menu\" submenu link and verify the redirection \"no-compromises-menu\" page",
      "time" : {
        "start" : 1698752333997,
        "stop" : 1698752419236,
        "duration" : 85239
      },
      "status" : "broken",
      "statusMessage" : "selenium.common.exceptions.NoSuchWindowException: Message: no such window: target window already closed\nfrom unknown error: web view not found\n  (Session info: chrome=114.0.5735.133)\nStacktrace:\n#0 0x562442fa54e3 <unknown>\n#1 0x562442cd4c76 <unknown>\n#2 0x562442caec6c <unknown>\n#3 0x562442d34f8f <unknown>\n#4 0x562442d47d66 <unknown>\n#5 0x562442d2fde3 <unknown>\n#6 0x562442d052dd <unknown>\n#7 0x562442d0634e <unknown>\n#8 0x562442f653e4 <unknown>\n#9 0x562442f693d7 <unknown>\n#10 0x562442f73b20 <unknown>\n#11 0x562442f6a023 <unknown>\n#12 0x562442f381aa <unknown>\n#13 0x562442f8e6b8 <unknown>\n#14 0x562442f8e847 <unknown>\n#15 0x562442f9e243 <unknown>\n#16 0x7f7167690402 <unknown>\n\n",
      "statusTrace" : "  File \"/usr/local/lib/python3.10/dist-packages/behave/model.py\", line 1329, in run\n    match.run(runner.context)\n  File \"/usr/local/lib/python3.10/dist-packages/behave/matchers.py\", line 98, in run\n    self.func(context, *args, **kwargs)\n  File \"steps/PageRedirectionSteps.py\", line 91, in step_impl\n    allure.attach(context.driver.get_screenshot_as_png(), name=f\"Screenshot of {context.driver.current_url} Page\",\n  File \"/home/addweb/.local/lib/python3.10/site-packages/selenium/webdriver/remote/webdriver.py\", line 836, in get_screenshot_as_png\n    return b64decode(self.get_screenshot_as_base64().encode(\"ascii\"))\n  File \"/home/addweb/.local/lib/python3.10/site-packages/selenium/webdriver/remote/webdriver.py\", line 847, in get_screenshot_as_base64\n    return self.execute(Command.SCREENSHOT)[\"value\"]\n  File \"/home/addweb/.local/lib/python3.10/site-packages/selenium/webdriver/remote/webdriver.py\", line 346, in execute\n    self.error_handler.check_response(response)\n  File \"/home/addweb/.local/lib/python3.10/site-packages/selenium/webdriver/remote/errorhandler.py\", line 245, in check_response\n    raise exception_class(message, screen, stacktrace)\n",
      "steps" : [ ],
      "attachments" : [ {
        "uid" : "23974843d0ac950",
        "name" : "Error Message",
        "source" : "23974843d0ac950.txt",
        "type" : "text/plain",
        "size" : 647
      } ],
      "parameters" : [ ],
      "stepsCount" : 0,
      "attachmentsCount" : 1,
      "shouldDisplayMessage" : true,
      "hasContent" : true
    }, {
      "name" : "When The user clicks on the \"learn-more\" button",
      "time" : {
        "start" : 1698752419306,
        "stop" : 1698752419306,
        "duration" : 0
      },
      "status" : "skipped",
      "steps" : [ ],
      "attachments" : [ ],
      "parameters" : [ ],
      "stepsCount" : 0,
      "attachmentsCount" : 0,
      "shouldDisplayMessage" : false,
      "hasContent" : false
    }, {
      "name" : "Then The user should be redirected to the \"learn-more\" page",
      "time" : {
        "start" : 1698752419306,
        "stop" : 1698752419306,
        "duration" : 0
      },
      "status" : "skipped",
      "steps" : [ ],
      "attachments" : [ ],
      "parameters" : [ ],
      "stepsCount" : 0,
      "attachmentsCount" : 0,
      "shouldDisplayMessage" : false,
      "hasContent" : false
    }, {
      "name" : "When The user clicks on the \"real-time\" button",
      "time" : {
        "start" : 1698752419306,
        "stop" : 1698752419307,
        "duration" : 1
      },
      "status" : "skipped",
      "steps" : [ ],
      "attachments" : [ ],
      "parameters" : [ ],
      "stepsCount" : 0,
      "attachmentsCount" : 0,
      "shouldDisplayMessage" : false,
      "hasContent" : false
    }, {
      "name" : "Then The user should be redirected to the \"real-time\" page",
      "time" : {
        "start" : 1698752419307,
        "stop" : 1698752419307,
        "duration" : 0
      },
      "status" : "skipped",
      "steps" : [ ],
      "attachments" : [ ],
      "parameters" : [ ],
      "stepsCount" : 0,
      "attachmentsCount" : 0,
      "shouldDisplayMessage" : false,
      "hasContent" : false
    }, {
      "name" : "When The user clicks on the \"streaming-data\" button",
      "time" : {
        "start" : 1698752419307,
        "stop" : 1698752419307,
        "duration" : 0
      },
      "status" : "skipped",
      "steps" : [ ],
      "attachments" : [ ],
      "parameters" : [ ],
      "stepsCount" : 0,
      "attachmentsCount" : 0,
      "shouldDisplayMessage" : false,
      "hasContent" : false
    }, {
      "name" : "Then The user should be redirected to the \"streaming-data\" page",
      "time" : {
        "start" : 1698752419307,
        "stop" : 1698752419307,
        "duration" : 0
      },
      "status" : "skipped",
      "steps" : [ ],
      "attachments" : [ ],
      "parameters" : [ ],
      "stepsCount" : 0,
      "attachmentsCount" : 0,
      "shouldDisplayMessage" : false,
      "hasContent" : false
    }, {
      "name" : "When The user clicks on the \"avoid-it\" button",
      "time" : {
        "start" : 1698752419307,
        "stop" : 1698752419307,
        "duration" : 0
      },
      "status" : "skipped",
      "steps" : [ ],
      "attachments" : [ ],
      "parameters" : [ ],
      "stepsCount" : 0,
      "attachmentsCount" : 0,
      "shouldDisplayMessage" : false,
      "hasContent" : false
    }, {
      "name" : "Then The user should be redirected to the \"avoid-it\" page",
      "time" : {
        "start" : 1698752419307,
        "stop" : 1698752419307,
        "duration" : 0
      },
      "status" : "skipped",
      "steps" : [ ],
      "attachments" : [ ],
      "parameters" : [ ],
      "stepsCount" : 0,
      "attachmentsCount" : 0,
      "shouldDisplayMessage" : false,
      "hasContent" : false
    } ],
    "attachments" : [ ],
    "parameters" : [ ],
    "stepsCount" : 11,
    "attachmentsCount" : 1,
    "shouldDisplayMessage" : false,
    "hasContent" : true
  },
  "afterStages" : [ ],
  "labels" : [ {
    "name" : "severity",
    "value" : "normal"
  }, {
    "name" : "feature",
    "value" : "Test Redirection of Pages"
  }, {
    "name" : "framework",
    "value" : "behave"
  }, {
    "name" : "language",
    "value" : "cpython3"
  }, {
    "name" : "resultFormat",
    "value" : "allure2"
  } ],
  "parameters" : [ ],
  "links" : [ ],
  "hidden" : false,
  "retry" : false,
  "extra" : {
    "severity" : "normal",
    "retries" : [ ],
    "categories" : [ {
      "name" : "Test defects",
      "matchedStatuses" : [ ],
      "flaky" : false
    } ],
    "tags" : [ ]
  },
  "source" : "ee542b5be3012272.json",
  "parameterValues" : [ ]
}