{
  "uid" : "3d7d520795f61ecc",
  "name" : "Test submenu and button on the Geo Replication page",
  "fullName" : "Test Redirection of Pages: Test submenu and button on the Geo Replication page",
  "historyId" : "00b85bb53249cb13bc5f544d1b4ee8f0",
  "time" : {
    "start" : 1698748161365,
    "stop" : 1698748183374,
    "duration" : 22009
  },
  "status" : "broken",
  "statusMessage" : "selenium.common.exceptions.NoSuchElementException: Message: no such element: Unable to locate element: {\"method\":\"xpath\",\"selector\":\"//*[@id=\"post-19777\"]/div/section/div[1]/div/div/div/div/div[1]/div/div/div[2]/a\"}\n  (Session info: chrome=114.0.5735.133); For documentation on this error, please visit: https://www.selenium.dev/documentation/webdriver/troubleshooting/errors#no-such-element-exception\nStacktrace:\n#0 0x559ac2d154e3 <unknown>\n#1 0x559ac2a44c76 <unknown>\n#2 0x559ac2a80c96 <unknown>\n#3 0x559ac2a80dc1 <unknown>\n#4 0x559ac2aba7f4 <unknown>\n#5 0x559ac2aa003d <unknown>\n#6 0x559ac2ab830e <unknown>\n#7 0x559ac2a9fde3 <unknown>\n#8 0x559ac2a752dd <unknown>\n#9 0x559ac2a7634e <unknown>\n#10 0x559ac2cd53e4 <unknown>\n#11 0x559ac2cd93d7 <unknown>\n#12 0x559ac2ce3b20 <unknown>\n#13 0x559ac2cda023 <unknown>\n#14 0x559ac2ca81aa <unknown>\n#15 0x559ac2cfe6b8 <unknown>\n#16 0x559ac2cfe847 <unknown>\n#17 0x559ac2d0e243 <unknown>\n#18 0x7fc53f490402 <unknown>\n\n",
  "statusTrace" : "  File \"/usr/local/lib/python3.10/dist-packages/behave/model.py\", line 1329, in run\n    match.run(runner.context)\n  File \"/usr/local/lib/python3.10/dist-packages/behave/matchers.py\", line 98, in run\n    self.func(context, *args, **kwargs)\n  File \"steps/PageRedirectionSteps.py\", line 103, in step_impl\n    button_element = context.driver.find_element(By.XPATH, xpath)\n  File \"/home/addweb/.local/lib/python3.10/site-packages/selenium/webdriver/remote/webdriver.py\", line 740, in find_element\n    return self.execute(Command.FIND_ELEMENT, {\"using\": by, \"value\": value})[\"value\"]\n  File \"/home/addweb/.local/lib/python3.10/site-packages/selenium/webdriver/remote/webdriver.py\", line 346, in execute\n    self.error_handler.check_response(response)\n  File \"/home/addweb/.local/lib/python3.10/site-packages/selenium/webdriver/remote/errorhandler.py\", line 245, in check_response\n    raise exception_class(message, screen, stacktrace)\n",
  "flaky" : false,
  "newFailed" : false,
  "beforeStages" : [ ],
  "testStage" : {
    "status" : "broken",
    "statusMessage" : "selenium.common.exceptions.NoSuchElementException: Message: no such element: Unable to locate element: {\"method\":\"xpath\",\"selector\":\"//*[@id=\"post-19777\"]/div/section/div[1]/div/div/div/div/div[1]/div/div/div[2]/a\"}\n  (Session info: chrome=114.0.5735.133); For documentation on this error, please visit: https://www.selenium.dev/documentation/webdriver/troubleshooting/errors#no-such-element-exception\nStacktrace:\n#0 0x559ac2d154e3 <unknown>\n#1 0x559ac2a44c76 <unknown>\n#2 0x559ac2a80c96 <unknown>\n#3 0x559ac2a80dc1 <unknown>\n#4 0x559ac2aba7f4 <unknown>\n#5 0x559ac2aa003d <unknown>\n#6 0x559ac2ab830e <unknown>\n#7 0x559ac2a9fde3 <unknown>\n#8 0x559ac2a752dd <unknown>\n#9 0x559ac2a7634e <unknown>\n#10 0x559ac2cd53e4 <unknown>\n#11 0x559ac2cd93d7 <unknown>\n#12 0x559ac2ce3b20 <unknown>\n#13 0x559ac2cda023 <unknown>\n#14 0x559ac2ca81aa <unknown>\n#15 0x559ac2cfe6b8 <unknown>\n#16 0x559ac2cfe847 <unknown>\n#17 0x559ac2d0e243 <unknown>\n#18 0x7fc53f490402 <unknown>\n\n",
    "statusTrace" : "  File \"/usr/local/lib/python3.10/dist-packages/behave/model.py\", line 1329, in run\n    match.run(runner.context)\n  File \"/usr/local/lib/python3.10/dist-packages/behave/matchers.py\", line 98, in run\n    self.func(context, *args, **kwargs)\n  File \"steps/PageRedirectionSteps.py\", line 103, in step_impl\n    button_element = context.driver.find_element(By.XPATH, xpath)\n  File \"/home/addweb/.local/lib/python3.10/site-packages/selenium/webdriver/remote/webdriver.py\", line 740, in find_element\n    return self.execute(Command.FIND_ELEMENT, {\"using\": by, \"value\": value})[\"value\"]\n  File \"/home/addweb/.local/lib/python3.10/site-packages/selenium/webdriver/remote/webdriver.py\", line 346, in execute\n    self.error_handler.check_response(response)\n  File \"/home/addweb/.local/lib/python3.10/site-packages/selenium/webdriver/remote/errorhandler.py\", line 245, in check_response\n    raise exception_class(message, screen, stacktrace)\n",
    "steps" : [ {
      "name" : "Given The user is on the \"stg\" site",
      "time" : {
        "start" : 1698748162380,
        "stop" : 1698748173479,
        "duration" : 11099
      },
      "status" : "passed",
      "steps" : [ ],
      "attachments" : [ ],
      "parameters" : [ ],
      "stepsCount" : 0,
      "attachmentsCount" : 0,
      "shouldDisplayMessage" : false,
      "hasContent" : false
    }, {
      "name" : "When The user hovers over the \"use_cases\" menu",
      "time" : {
        "start" : 1698748173479,
        "stop" : 1698748173805,
        "duration" : 326
      },
      "status" : "passed",
      "steps" : [ ],
      "attachments" : [ ],
      "parameters" : [ ],
      "stepsCount" : 0,
      "attachmentsCount" : 0,
      "shouldDisplayMessage" : false,
      "hasContent" : false
    }, {
      "name" : "And The user clicks on the \"geo_replication\" submenu link and verify the redirection \"geo_replication\" page",
      "time" : {
        "start" : 1698748173805,
        "stop" : 1698748177882,
        "duration" : 4077
      },
      "status" : "passed",
      "steps" : [ ],
      "attachments" : [ ],
      "parameters" : [ ],
      "stepsCount" : 0,
      "attachmentsCount" : 0,
      "shouldDisplayMessage" : false,
      "hasContent" : false
    }, {
      "name" : "When The user clicks on the \"learn-more_5\" button",
      "time" : {
        "start" : 1698748177882,
        "stop" : 1698748183296,
        "duration" : 5414
      },
      "status" : "broken",
      "statusMessage" : "selenium.common.exceptions.NoSuchElementException: Message: no such element: Unable to locate element: {\"method\":\"xpath\",\"selector\":\"//*[@id=\"post-19777\"]/div/section/div[1]/div/div/div/div/div[1]/div/div/div[2]/a\"}\n  (Session info: chrome=114.0.5735.133); For documentation on this error, please visit: https://www.selenium.dev/documentation/webdriver/troubleshooting/errors#no-such-element-exception\nStacktrace:\n#0 0x559ac2d154e3 <unknown>\n#1 0x559ac2a44c76 <unknown>\n#2 0x559ac2a80c96 <unknown>\n#3 0x559ac2a80dc1 <unknown>\n#4 0x559ac2aba7f4 <unknown>\n#5 0x559ac2aa003d <unknown>\n#6 0x559ac2ab830e <unknown>\n#7 0x559ac2a9fde3 <unknown>\n#8 0x559ac2a752dd <unknown>\n#9 0x559ac2a7634e <unknown>\n#10 0x559ac2cd53e4 <unknown>\n#11 0x559ac2cd93d7 <unknown>\n#12 0x559ac2ce3b20 <unknown>\n#13 0x559ac2cda023 <unknown>\n#14 0x559ac2ca81aa <unknown>\n#15 0x559ac2cfe6b8 <unknown>\n#16 0x559ac2cfe847 <unknown>\n#17 0x559ac2d0e243 <unknown>\n#18 0x7fc53f490402 <unknown>\n\n",
      "statusTrace" : "  File \"/usr/local/lib/python3.10/dist-packages/behave/model.py\", line 1329, in run\n    match.run(runner.context)\n  File \"/usr/local/lib/python3.10/dist-packages/behave/matchers.py\", line 98, in run\n    self.func(context, *args, **kwargs)\n  File \"steps/PageRedirectionSteps.py\", line 103, in step_impl\n    button_element = context.driver.find_element(By.XPATH, xpath)\n  File \"/home/addweb/.local/lib/python3.10/site-packages/selenium/webdriver/remote/webdriver.py\", line 740, in find_element\n    return self.execute(Command.FIND_ELEMENT, {\"using\": by, \"value\": value})[\"value\"]\n  File \"/home/addweb/.local/lib/python3.10/site-packages/selenium/webdriver/remote/webdriver.py\", line 346, in execute\n    self.error_handler.check_response(response)\n  File \"/home/addweb/.local/lib/python3.10/site-packages/selenium/webdriver/remote/errorhandler.py\", line 245, in check_response\n    raise exception_class(message, screen, stacktrace)\n",
      "steps" : [ ],
      "attachments" : [ {
        "uid" : "7c4a14c544104ac",
        "name" : "Error Message",
        "source" : "7c4a14c544104ac.txt",
        "type" : "text/plain",
        "size" : 923
      }, {
        "uid" : "e88d7ef8ace9f641",
        "name" : "Screenshot of https://stg.voltactivedata.com/use-cases/geo-replication/ Page",
        "source" : "e88d7ef8ace9f641.png",
        "type" : "image/png",
        "size" : 659938
      } ],
      "parameters" : [ ],
      "stepsCount" : 0,
      "attachmentsCount" : 2,
      "shouldDisplayMessage" : true,
      "hasContent" : true
    }, {
      "name" : "Then The user should be redirected to the \"learn-more_5\" page",
      "time" : {
        "start" : 1698748183373,
        "stop" : 1698748183373,
        "duration" : 0
      },
      "status" : "skipped",
      "steps" : [ ],
      "attachments" : [ ],
      "parameters" : [ ],
      "stepsCount" : 0,
      "attachmentsCount" : 0,
      "shouldDisplayMessage" : false,
      "hasContent" : false
    }, {
      "name" : "When The user clicks on the \"5g-monetization\" button",
      "time" : {
        "start" : 1698748183373,
        "stop" : 1698748183374,
        "duration" : 1
      },
      "status" : "skipped",
      "steps" : [ ],
      "attachments" : [ ],
      "parameters" : [ ],
      "stepsCount" : 0,
      "attachmentsCount" : 0,
      "shouldDisplayMessage" : false,
      "hasContent" : false
    }, {
      "name" : "Then The user should be redirected to the \"5g-monetization\" page",
      "time" : {
        "start" : 1698748183374,
        "stop" : 1698748183374,
        "duration" : 0
      },
      "status" : "skipped",
      "steps" : [ ],
      "attachments" : [ ],
      "parameters" : [ ],
      "stepsCount" : 0,
      "attachmentsCount" : 0,
      "shouldDisplayMessage" : false,
      "hasContent" : false
    }, {
      "name" : "When The user clicks on the \"avoid-it_3\" button",
      "time" : {
        "start" : 1698748183374,
        "stop" : 1698748183374,
        "duration" : 0
      },
      "status" : "skipped",
      "steps" : [ ],
      "attachments" : [ ],
      "parameters" : [ ],
      "stepsCount" : 0,
      "attachmentsCount" : 0,
      "shouldDisplayMessage" : false,
      "hasContent" : false
    }, {
      "name" : "Then The user should be redirected to the \"avoid-it\" page",
      "time" : {
        "start" : 1698748183374,
        "stop" : 1698748183374,
        "duration" : 0
      },
      "status" : "skipped",
      "steps" : [ ],
      "attachments" : [ ],
      "parameters" : [ ],
      "stepsCount" : 0,
      "attachmentsCount" : 0,
      "shouldDisplayMessage" : false,
      "hasContent" : false
    }, {
      "name" : "When The user clicks on the \"new_sql\" button",
      "time" : {
        "start" : 1698748183374,
        "stop" : 1698748183374,
        "duration" : 0
      },
      "status" : "skipped",
      "steps" : [ ],
      "attachments" : [ ],
      "parameters" : [ ],
      "stepsCount" : 0,
      "attachmentsCount" : 0,
      "shouldDisplayMessage" : false,
      "hasContent" : false
    }, {
      "name" : "Then The user should be redirected to the \"new_sql\" page",
      "time" : {
        "start" : 1698748183374,
        "stop" : 1698748183374,
        "duration" : 0
      },
      "status" : "skipped",
      "steps" : [ ],
      "attachments" : [ ],
      "parameters" : [ ],
      "stepsCount" : 0,
      "attachmentsCount" : 0,
      "shouldDisplayMessage" : false,
      "hasContent" : false
    } ],
    "attachments" : [ ],
    "parameters" : [ ],
    "stepsCount" : 11,
    "attachmentsCount" : 2,
    "shouldDisplayMessage" : false,
    "hasContent" : true
  },
  "afterStages" : [ ],
  "labels" : [ {
    "name" : "severity",
    "value" : "normal"
  }, {
    "name" : "feature",
    "value" : "Test Redirection of Pages"
  }, {
    "name" : "framework",
    "value" : "behave"
  }, {
    "name" : "language",
    "value" : "cpython3"
  }, {
    "name" : "resultFormat",
    "value" : "allure2"
  } ],
  "parameters" : [ ],
  "links" : [ ],
  "hidden" : false,
  "retry" : false,
  "extra" : {
    "severity" : "normal",
    "retries" : [ ],
    "categories" : [ {
      "name" : "Test defects",
      "matchedStatuses" : [ ],
      "flaky" : false
    } ],
    "tags" : [ ]
  },
  "source" : "3d7d520795f61ecc.json",
  "parameterValues" : [ ]
}