{
  "uid" : "87aa3c07b2920e0c",
  "name" : "Test buttons and links on the Home page",
  "fullName" : "Test Redirection of Pages: Test buttons and links on the Home page",
  "historyId" : "0fdf3c2e33a857bccfca54c1bf04e7d0",
  "time" : {
    "start" : 1698748513279,
    "stop" : 1698748556926,
    "duration" : 43647
  },
  "status" : "broken",
  "statusMessage" : "selenium.common.exceptions.NoSuchElementException: Message: no such element: Unable to locate element: {\"method\":\"xpath\",\"selector\":\"//*[@id=\"post-18176\"]/div/section/div[1]/div/div/div/div/div/div/div/div[5]/a\"}\n  (Session info: chrome=114.0.5735.133); For documentation on this error, please visit: https://www.selenium.dev/documentation/webdriver/troubleshooting/errors#no-such-element-exception\nStacktrace:\n#0 0x56319c77c4e3 <unknown>\n#1 0x56319c4abc76 <unknown>\n#2 0x56319c4e7c96 <unknown>\n#3 0x56319c4e7dc1 <unknown>\n#4 0x56319c5217f4 <unknown>\n#5 0x56319c50703d <unknown>\n#6 0x56319c51f30e <unknown>\n#7 0x56319c506de3 <unknown>\n#8 0x56319c4dc2dd <unknown>\n#9 0x56319c4dd34e <unknown>\n#10 0x56319c73c3e4 <unknown>\n#11 0x56319c7403d7 <unknown>\n#12 0x56319c74ab20 <unknown>\n#13 0x56319c741023 <unknown>\n#14 0x56319c70f1aa <unknown>\n#15 0x56319c7656b8 <unknown>\n#16 0x56319c765847 <unknown>\n#17 0x56319c775243 <unknown>\n#18 0x7f0bbca90402 <unknown>\n\n",
  "statusTrace" : "  File \"/usr/local/lib/python3.10/dist-packages/behave/model.py\", line 1329, in run\n    match.run(runner.context)\n  File \"/usr/local/lib/python3.10/dist-packages/behave/matchers.py\", line 98, in run\n    self.func(context, *args, **kwargs)\n  File \"steps/PageRedirectionSteps.py\", line 103, in step_impl\n    button_element = context.driver.find_element(By.XPATH, xpath)\n  File \"/home/addweb/.local/lib/python3.10/site-packages/selenium/webdriver/remote/webdriver.py\", line 740, in find_element\n    return self.execute(Command.FIND_ELEMENT, {\"using\": by, \"value\": value})[\"value\"]\n  File \"/home/addweb/.local/lib/python3.10/site-packages/selenium/webdriver/remote/webdriver.py\", line 346, in execute\n    self.error_handler.check_response(response)\n  File \"/home/addweb/.local/lib/python3.10/site-packages/selenium/webdriver/remote/errorhandler.py\", line 245, in check_response\n    raise exception_class(message, screen, stacktrace)\n",
  "flaky" : false,
  "newFailed" : false,
  "beforeStages" : [ ],
  "testStage" : {
    "status" : "broken",
    "statusMessage" : "selenium.common.exceptions.NoSuchElementException: Message: no such element: Unable to locate element: {\"method\":\"xpath\",\"selector\":\"//*[@id=\"post-18176\"]/div/section/div[1]/div/div/div/div/div/div/div/div[5]/a\"}\n  (Session info: chrome=114.0.5735.133); For documentation on this error, please visit: https://www.selenium.dev/documentation/webdriver/troubleshooting/errors#no-such-element-exception\nStacktrace:\n#0 0x56319c77c4e3 <unknown>\n#1 0x56319c4abc76 <unknown>\n#2 0x56319c4e7c96 <unknown>\n#3 0x56319c4e7dc1 <unknown>\n#4 0x56319c5217f4 <unknown>\n#5 0x56319c50703d <unknown>\n#6 0x56319c51f30e <unknown>\n#7 0x56319c506de3 <unknown>\n#8 0x56319c4dc2dd <unknown>\n#9 0x56319c4dd34e <unknown>\n#10 0x56319c73c3e4 <unknown>\n#11 0x56319c7403d7 <unknown>\n#12 0x56319c74ab20 <unknown>\n#13 0x56319c741023 <unknown>\n#14 0x56319c70f1aa <unknown>\n#15 0x56319c7656b8 <unknown>\n#16 0x56319c765847 <unknown>\n#17 0x56319c775243 <unknown>\n#18 0x7f0bbca90402 <unknown>\n\n",
    "statusTrace" : "  File \"/usr/local/lib/python3.10/dist-packages/behave/model.py\", line 1329, in run\n    match.run(runner.context)\n  File \"/usr/local/lib/python3.10/dist-packages/behave/matchers.py\", line 98, in run\n    self.func(context, *args, **kwargs)\n  File \"steps/PageRedirectionSteps.py\", line 103, in step_impl\n    button_element = context.driver.find_element(By.XPATH, xpath)\n  File \"/home/addweb/.local/lib/python3.10/site-packages/selenium/webdriver/remote/webdriver.py\", line 740, in find_element\n    return self.execute(Command.FIND_ELEMENT, {\"using\": by, \"value\": value})[\"value\"]\n  File \"/home/addweb/.local/lib/python3.10/site-packages/selenium/webdriver/remote/webdriver.py\", line 346, in execute\n    self.error_handler.check_response(response)\n  File \"/home/addweb/.local/lib/python3.10/site-packages/selenium/webdriver/remote/errorhandler.py\", line 245, in check_response\n    raise exception_class(message, screen, stacktrace)\n",
    "steps" : [ {
      "name" : "Given The user is on the \"stg\" site",
      "time" : {
        "start" : 1698748514239,
        "stop" : 1698748532863,
        "duration" : 18624
      },
      "status" : "passed",
      "steps" : [ ],
      "attachments" : [ ],
      "parameters" : [ ],
      "stepsCount" : 0,
      "attachmentsCount" : 0,
      "shouldDisplayMessage" : false,
      "hasContent" : false
    }, {
      "name" : "When The user clicks on the \"try-volt\" button",
      "time" : {
        "start" : 1698748532863,
        "stop" : 1698748542218,
        "duration" : 9355
      },
      "status" : "passed",
      "steps" : [ ],
      "attachments" : [ ],
      "parameters" : [ ],
      "stepsCount" : 0,
      "attachmentsCount" : 0,
      "shouldDisplayMessage" : false,
      "hasContent" : false
    }, {
      "name" : "Then The user should be redirected to the \"try-volt\" page",
      "time" : {
        "start" : 1698748542218,
        "stop" : 1698748551570,
        "duration" : 9352
      },
      "status" : "passed",
      "steps" : [ ],
      "attachments" : [ ],
      "parameters" : [ ],
      "stepsCount" : 0,
      "attachmentsCount" : 0,
      "shouldDisplayMessage" : false,
      "hasContent" : false
    }, {
      "name" : "When The user clicks on the \"partners\" button",
      "time" : {
        "start" : 1698748551570,
        "stop" : 1698748556851,
        "duration" : 5281
      },
      "status" : "broken",
      "statusMessage" : "selenium.common.exceptions.NoSuchElementException: Message: no such element: Unable to locate element: {\"method\":\"xpath\",\"selector\":\"//*[@id=\"post-18176\"]/div/section/div[1]/div/div/div/div/div/div/div/div[5]/a\"}\n  (Session info: chrome=114.0.5735.133); For documentation on this error, please visit: https://www.selenium.dev/documentation/webdriver/troubleshooting/errors#no-such-element-exception\nStacktrace:\n#0 0x56319c77c4e3 <unknown>\n#1 0x56319c4abc76 <unknown>\n#2 0x56319c4e7c96 <unknown>\n#3 0x56319c4e7dc1 <unknown>\n#4 0x56319c5217f4 <unknown>\n#5 0x56319c50703d <unknown>\n#6 0x56319c51f30e <unknown>\n#7 0x56319c506de3 <unknown>\n#8 0x56319c4dc2dd <unknown>\n#9 0x56319c4dd34e <unknown>\n#10 0x56319c73c3e4 <unknown>\n#11 0x56319c7403d7 <unknown>\n#12 0x56319c74ab20 <unknown>\n#13 0x56319c741023 <unknown>\n#14 0x56319c70f1aa <unknown>\n#15 0x56319c7656b8 <unknown>\n#16 0x56319c765847 <unknown>\n#17 0x56319c775243 <unknown>\n#18 0x7f0bbca90402 <unknown>\n\n",
      "statusTrace" : "  File \"/usr/local/lib/python3.10/dist-packages/behave/model.py\", line 1329, in run\n    match.run(runner.context)\n  File \"/usr/local/lib/python3.10/dist-packages/behave/matchers.py\", line 98, in run\n    self.func(context, *args, **kwargs)\n  File \"steps/PageRedirectionSteps.py\", line 103, in step_impl\n    button_element = context.driver.find_element(By.XPATH, xpath)\n  File \"/home/addweb/.local/lib/python3.10/site-packages/selenium/webdriver/remote/webdriver.py\", line 740, in find_element\n    return self.execute(Command.FIND_ELEMENT, {\"using\": by, \"value\": value})[\"value\"]\n  File \"/home/addweb/.local/lib/python3.10/site-packages/selenium/webdriver/remote/webdriver.py\", line 346, in execute\n    self.error_handler.check_response(response)\n  File \"/home/addweb/.local/lib/python3.10/site-packages/selenium/webdriver/remote/errorhandler.py\", line 245, in check_response\n    raise exception_class(message, screen, stacktrace)\n",
      "steps" : [ ],
      "attachments" : [ {
        "uid" : "1331e5f60d513098",
        "name" : "Error Message",
        "source" : "1331e5f60d513098.txt",
        "type" : "text/plain",
        "size" : 920
      }, {
        "uid" : "cc2f7e87fd723e62",
        "name" : "Screenshot of https://voltSTG:oI5L!YKmQ%401gOvqQ@stg.voltactivedata.com/ Page",
        "source" : "cc2f7e87fd723e62.png",
        "type" : "image/png",
        "size" : 435735
      } ],
      "parameters" : [ ],
      "stepsCount" : 0,
      "attachmentsCount" : 2,
      "shouldDisplayMessage" : true,
      "hasContent" : true
    }, {
      "name" : "Then The user should be redirected to the \"partners\" page",
      "time" : {
        "start" : 1698748556926,
        "stop" : 1698748556926,
        "duration" : 0
      },
      "status" : "skipped",
      "steps" : [ ],
      "attachments" : [ ],
      "parameters" : [ ],
      "stepsCount" : 0,
      "attachmentsCount" : 0,
      "shouldDisplayMessage" : false,
      "hasContent" : false
    }, {
      "name" : "When The user clicks on the \"no-compromises\" button",
      "time" : {
        "start" : 1698748556926,
        "stop" : 1698748556926,
        "duration" : 0
      },
      "status" : "skipped",
      "steps" : [ ],
      "attachments" : [ ],
      "parameters" : [ ],
      "stepsCount" : 0,
      "attachmentsCount" : 0,
      "shouldDisplayMessage" : false,
      "hasContent" : false
    }, {
      "name" : "Then The user should be redirected to the \"no-compromises\" page",
      "time" : {
        "start" : 1698748556926,
        "stop" : 1698748556926,
        "duration" : 0
      },
      "status" : "skipped",
      "steps" : [ ],
      "attachments" : [ ],
      "parameters" : [ ],
      "stepsCount" : 0,
      "attachmentsCount" : 0,
      "shouldDisplayMessage" : false,
      "hasContent" : false
    }, {
      "name" : "When The user clicks on the \"geo-replication\" button",
      "time" : {
        "start" : 1698748556926,
        "stop" : 1698748556926,
        "duration" : 0
      },
      "status" : "skipped",
      "steps" : [ ],
      "attachments" : [ ],
      "parameters" : [ ],
      "stepsCount" : 0,
      "attachmentsCount" : 0,
      "shouldDisplayMessage" : false,
      "hasContent" : false
    }, {
      "name" : "Then The user should be redirected to the \"geo-replication\" page",
      "time" : {
        "start" : 1698748556926,
        "stop" : 1698748556926,
        "duration" : 0
      },
      "status" : "skipped",
      "steps" : [ ],
      "attachments" : [ ],
      "parameters" : [ ],
      "stepsCount" : 0,
      "attachmentsCount" : 0,
      "shouldDisplayMessage" : false,
      "hasContent" : false
    }, {
      "name" : "When The user clicks on the \"real-time-data-processing\" button",
      "time" : {
        "start" : 1698748556926,
        "stop" : 1698748556926,
        "duration" : 0
      },
      "status" : "skipped",
      "steps" : [ ],
      "attachments" : [ ],
      "parameters" : [ ],
      "stepsCount" : 0,
      "attachmentsCount" : 0,
      "shouldDisplayMessage" : false,
      "hasContent" : false
    }, {
      "name" : "Then The user should be redirected to the \"real-time-data-processing\" page",
      "time" : {
        "start" : 1698748556926,
        "stop" : 1698748556926,
        "duration" : 0
      },
      "status" : "skipped",
      "steps" : [ ],
      "attachments" : [ ],
      "parameters" : [ ],
      "stepsCount" : 0,
      "attachmentsCount" : 0,
      "shouldDisplayMessage" : false,
      "hasContent" : false
    }, {
      "name" : "When The user clicks on the \"capabilities_1\" button",
      "time" : {
        "start" : 1698748556926,
        "stop" : 1698748556926,
        "duration" : 0
      },
      "status" : "skipped",
      "steps" : [ ],
      "attachments" : [ ],
      "parameters" : [ ],
      "stepsCount" : 0,
      "attachmentsCount" : 0,
      "shouldDisplayMessage" : false,
      "hasContent" : false
    }, {
      "name" : "Then The user should be redirected to the \"capabilities\" page",
      "time" : {
        "start" : 1698748556926,
        "stop" : 1698748556926,
        "duration" : 0
      },
      "status" : "skipped",
      "steps" : [ ],
      "attachments" : [ ],
      "parameters" : [ ],
      "stepsCount" : 0,
      "attachmentsCount" : 0,
      "shouldDisplayMessage" : false,
      "hasContent" : false
    }, {
      "name" : "When The user clicks on the \"cloud-native\" button",
      "time" : {
        "start" : 1698748556926,
        "stop" : 1698748556926,
        "duration" : 0
      },
      "status" : "skipped",
      "steps" : [ ],
      "attachments" : [ ],
      "parameters" : [ ],
      "stepsCount" : 0,
      "attachmentsCount" : 0,
      "shouldDisplayMessage" : false,
      "hasContent" : false
    }, {
      "name" : "Then The user should be redirected to the \"cloud-native\" page",
      "time" : {
        "start" : 1698748556926,
        "stop" : 1698748556926,
        "duration" : 0
      },
      "status" : "skipped",
      "steps" : [ ],
      "attachments" : [ ],
      "parameters" : [ ],
      "stepsCount" : 0,
      "attachmentsCount" : 0,
      "shouldDisplayMessage" : false,
      "hasContent" : false
    }, {
      "name" : "When The user clicks on the \"high-availability\" button",
      "time" : {
        "start" : 1698748556926,
        "stop" : 1698748556926,
        "duration" : 0
      },
      "status" : "skipped",
      "steps" : [ ],
      "attachments" : [ ],
      "parameters" : [ ],
      "stepsCount" : 0,
      "attachmentsCount" : 0,
      "shouldDisplayMessage" : false,
      "hasContent" : false
    }, {
      "name" : "Then The user should be redirected to the \"high-availability\" page",
      "time" : {
        "start" : 1698748556926,
        "stop" : 1698748556926,
        "duration" : 0
      },
      "status" : "skipped",
      "steps" : [ ],
      "attachments" : [ ],
      "parameters" : [ ],
      "stepsCount" : 0,
      "attachmentsCount" : 0,
      "shouldDisplayMessage" : false,
      "hasContent" : false
    }, {
      "name" : "When The user clicks on the \"capabilities_2\" button",
      "time" : {
        "start" : 1698748556926,
        "stop" : 1698748556926,
        "duration" : 0
      },
      "status" : "skipped",
      "steps" : [ ],
      "attachments" : [ ],
      "parameters" : [ ],
      "stepsCount" : 0,
      "attachmentsCount" : 0,
      "shouldDisplayMessage" : false,
      "hasContent" : false
    }, {
      "name" : "Then The user should be redirected to the \"capabilities\" page",
      "time" : {
        "start" : 1698748556926,
        "stop" : 1698748556926,
        "duration" : 0
      },
      "status" : "skipped",
      "steps" : [ ],
      "attachments" : [ ],
      "parameters" : [ ],
      "stepsCount" : 0,
      "attachmentsCount" : 0,
      "shouldDisplayMessage" : false,
      "hasContent" : false
    }, {
      "name" : "When The user clicks on the \"iot-at-the-edge\" button",
      "time" : {
        "start" : 1698748556926,
        "stop" : 1698748556926,
        "duration" : 0
      },
      "status" : "skipped",
      "steps" : [ ],
      "attachments" : [ ],
      "parameters" : [ ],
      "stepsCount" : 0,
      "attachmentsCount" : 0,
      "shouldDisplayMessage" : false,
      "hasContent" : false
    }, {
      "name" : "Then The user should be redirected to the \"iot-at-the-edge\" page",
      "time" : {
        "start" : 1698748556926,
        "stop" : 1698748556926,
        "duration" : 0
      },
      "status" : "skipped",
      "steps" : [ ],
      "attachments" : [ ],
      "parameters" : [ ],
      "stepsCount" : 0,
      "attachmentsCount" : 0,
      "shouldDisplayMessage" : false,
      "hasContent" : false
    }, {
      "name" : "When The user clicks on the \"streaming-data-platforms\" button",
      "time" : {
        "start" : 1698748556926,
        "stop" : 1698748556926,
        "duration" : 0
      },
      "status" : "skipped",
      "steps" : [ ],
      "attachments" : [ ],
      "parameters" : [ ],
      "stepsCount" : 0,
      "attachmentsCount" : 0,
      "shouldDisplayMessage" : false,
      "hasContent" : false
    }, {
      "name" : "Then The user should be redirected to the \"streaming-data-platforms\" page",
      "time" : {
        "start" : 1698748556926,
        "stop" : 1698748556926,
        "duration" : 0
      },
      "status" : "skipped",
      "steps" : [ ],
      "attachments" : [ ],
      "parameters" : [ ],
      "stepsCount" : 0,
      "attachmentsCount" : 0,
      "shouldDisplayMessage" : false,
      "hasContent" : false
    }, {
      "name" : "When The user clicks on the \"intersection-of-edge-iot\" button",
      "time" : {
        "start" : 1698748556926,
        "stop" : 1698748556926,
        "duration" : 0
      },
      "status" : "skipped",
      "steps" : [ ],
      "attachments" : [ ],
      "parameters" : [ ],
      "stepsCount" : 0,
      "attachmentsCount" : 0,
      "shouldDisplayMessage" : false,
      "hasContent" : false
    }, {
      "name" : "Then The user should be redirected to the \"intersection-of-edge-iot\" page",
      "time" : {
        "start" : 1698748556926,
        "stop" : 1698748556926,
        "duration" : 0
      },
      "status" : "skipped",
      "steps" : [ ],
      "attachments" : [ ],
      "parameters" : [ ],
      "stepsCount" : 0,
      "attachmentsCount" : 0,
      "shouldDisplayMessage" : false,
      "hasContent" : false
    }, {
      "name" : "When The user clicks on the \"capabilities_3\" button",
      "time" : {
        "start" : 1698748556926,
        "stop" : 1698748556926,
        "duration" : 0
      },
      "status" : "skipped",
      "steps" : [ ],
      "attachments" : [ ],
      "parameters" : [ ],
      "stepsCount" : 0,
      "attachmentsCount" : 0,
      "shouldDisplayMessage" : false,
      "hasContent" : false
    }, {
      "name" : "Then The user should be redirected to the \"capabilities_2\" page",
      "time" : {
        "start" : 1698748556926,
        "stop" : 1698748556926,
        "duration" : 0
      },
      "status" : "skipped",
      "steps" : [ ],
      "attachments" : [ ],
      "parameters" : [ ],
      "stepsCount" : 0,
      "attachmentsCount" : 0,
      "shouldDisplayMessage" : false,
      "hasContent" : false
    }, {
      "name" : "Then Check for the console error on the page",
      "time" : {
        "start" : 1698748556926,
        "stop" : 1698748556926,
        "duration" : 0
      },
      "status" : "skipped",
      "steps" : [ ],
      "attachments" : [ ],
      "parameters" : [ ],
      "stepsCount" : 0,
      "attachmentsCount" : 0,
      "shouldDisplayMessage" : false,
      "hasContent" : false
    } ],
    "attachments" : [ ],
    "parameters" : [ ],
    "stepsCount" : 28,
    "attachmentsCount" : 2,
    "shouldDisplayMessage" : false,
    "hasContent" : true
  },
  "afterStages" : [ ],
  "labels" : [ {
    "name" : "severity",
    "value" : "normal"
  }, {
    "name" : "feature",
    "value" : "Test Redirection of Pages"
  }, {
    "name" : "framework",
    "value" : "behave"
  }, {
    "name" : "language",
    "value" : "cpython3"
  }, {
    "name" : "resultFormat",
    "value" : "allure2"
  } ],
  "parameters" : [ ],
  "links" : [ ],
  "hidden" : false,
  "retry" : false,
  "extra" : {
    "severity" : "normal",
    "retries" : [ {
      "uid" : "8b1564e6ee778b37",
      "status" : "broken",
      "statusDetails" : "selenium.common.exceptions.NoSuchElementException: Message: no such element: Unable to locate element: {\"method\":\"xpath\",\"selector\":\"/html/body/div[1]/div[3]/div/div/div/div/main/article/div/section/div[1]/div/div/div/div/div/div/div/div[4]/a\"}\n  (Session info: chrome=114.0.5735.133); For documentation on this error, please visit: https://www.selenium.dev/documentation/webdriver/troubleshooting/errors#no-such-element-exception\nStacktrace:\n#0 0x5573ef7264e3 <unknown>\n#1 0x5573ef455c76 <unknown>\n#2 0x5573ef491c96 <unknown>\n#3 0x5573ef491dc1 <unknown>\n#4 0x5573ef4cb7f4 <unknown>\n#5 0x5573ef4b103d <unknown>\n#6 0x5573ef4c930e <unknown>\n#7 0x5573ef4b0de3 <unknown>\n#8 0x5573ef4862dd <unknown>\n#9 0x5573ef48734e <unknown>\n#10 0x5573ef6e63e4 <unknown>\n#11 0x5573ef6ea3d7 <unknown>\n#12 0x5573ef6f4b20 <unknown>\n#13 0x5573ef6eb023 <unknown>\n#14 0x5573ef6b91aa <unknown>\n#15 0x5573ef70f6b8 <unknown>\n#16 0x5573ef70f847 <unknown>\n#17 0x5573ef71f243 <unknown>\n#18 0x7fcb88090402 <unknown>\n\n",
      "time" : {
        "start" : 1698748151677,
        "stop" : 1698748161364,
        "duration" : 9687
      }
    } ],
    "categories" : [ {
      "name" : "Test defects",
      "matchedStatuses" : [ ],
      "flaky" : false
    } ],
    "tags" : [ ]
  },
  "source" : "87aa3c07b2920e0c.json",
  "parameterValues" : [ ]
}