{
  "uid" : "aa5efe137884cdbe",
  "name" : "Test submenu and button on the High Availability page",
  "fullName" : "Test Redirection of Pages: Test submenu and button on the High Availability page",
  "historyId" : "6b2df6af5ea72e664b4f9c41664bdc67",
  "time" : {
    "start" : 1698748183375,
    "stop" : 1698748200442,
    "duration" : 17067
  },
  "status" : "broken",
  "statusMessage" : "selenium.common.exceptions.NoSuchElementException: Message: no such element: Unable to locate element: {\"method\":\"xpath\",\"selector\":\"/html/body/div[1]/div[3]/div/div/div/div/main/article/div/section/div[5]/div/div/div/div[2]/div[2]/div/div/div[2]/div/div/div/div/div[2]/a\"}\n  (Session info: chrome=114.0.5735.133); For documentation on this error, please visit: https://www.selenium.dev/documentation/webdriver/troubleshooting/errors#no-such-element-exception\nStacktrace:\n#0 0x564f6525c4e3 <unknown>\n#1 0x564f64f8bc76 <unknown>\n#2 0x564f64fc7c96 <unknown>\n#3 0x564f64fc7dc1 <unknown>\n#4 0x564f650017f4 <unknown>\n#5 0x564f64fe703d <unknown>\n#6 0x564f64fff30e <unknown>\n#7 0x564f64fe6de3 <unknown>\n#8 0x564f64fbc2dd <unknown>\n#9 0x564f64fbd34e <unknown>\n#10 0x564f6521c3e4 <unknown>\n#11 0x564f652203d7 <unknown>\n#12 0x564f6522ab20 <unknown>\n#13 0x564f65221023 <unknown>\n#14 0x564f651ef1aa <unknown>\n#15 0x564f652456b8 <unknown>\n#16 0x564f65245847 <unknown>\n#17 0x564f65255243 <unknown>\n#18 0x7f25d6490402 <unknown>\n\n",
  "statusTrace" : "  File \"/usr/local/lib/python3.10/dist-packages/behave/model.py\", line 1329, in run\n    match.run(runner.context)\n  File \"/usr/local/lib/python3.10/dist-packages/behave/matchers.py\", line 98, in run\n    self.func(context, *args, **kwargs)\n  File \"steps/PageRedirectionSteps.py\", line 103, in step_impl\n    button_element = context.driver.find_element(By.XPATH, xpath)\n  File \"/home/addweb/.local/lib/python3.10/site-packages/selenium/webdriver/remote/webdriver.py\", line 740, in find_element\n    return self.execute(Command.FIND_ELEMENT, {\"using\": by, \"value\": value})[\"value\"]\n  File \"/home/addweb/.local/lib/python3.10/site-packages/selenium/webdriver/remote/webdriver.py\", line 346, in execute\n    self.error_handler.check_response(response)\n  File \"/home/addweb/.local/lib/python3.10/site-packages/selenium/webdriver/remote/errorhandler.py\", line 245, in check_response\n    raise exception_class(message, screen, stacktrace)\n",
  "flaky" : false,
  "newFailed" : false,
  "beforeStages" : [ ],
  "testStage" : {
    "status" : "broken",
    "statusMessage" : "selenium.common.exceptions.NoSuchElementException: Message: no such element: Unable to locate element: {\"method\":\"xpath\",\"selector\":\"/html/body/div[1]/div[3]/div/div/div/div/main/article/div/section/div[5]/div/div/div/div[2]/div[2]/div/div/div[2]/div/div/div/div/div[2]/a\"}\n  (Session info: chrome=114.0.5735.133); For documentation on this error, please visit: https://www.selenium.dev/documentation/webdriver/troubleshooting/errors#no-such-element-exception\nStacktrace:\n#0 0x564f6525c4e3 <unknown>\n#1 0x564f64f8bc76 <unknown>\n#2 0x564f64fc7c96 <unknown>\n#3 0x564f64fc7dc1 <unknown>\n#4 0x564f650017f4 <unknown>\n#5 0x564f64fe703d <unknown>\n#6 0x564f64fff30e <unknown>\n#7 0x564f64fe6de3 <unknown>\n#8 0x564f64fbc2dd <unknown>\n#9 0x564f64fbd34e <unknown>\n#10 0x564f6521c3e4 <unknown>\n#11 0x564f652203d7 <unknown>\n#12 0x564f6522ab20 <unknown>\n#13 0x564f65221023 <unknown>\n#14 0x564f651ef1aa <unknown>\n#15 0x564f652456b8 <unknown>\n#16 0x564f65245847 <unknown>\n#17 0x564f65255243 <unknown>\n#18 0x7f25d6490402 <unknown>\n\n",
    "statusTrace" : "  File \"/usr/local/lib/python3.10/dist-packages/behave/model.py\", line 1329, in run\n    match.run(runner.context)\n  File \"/usr/local/lib/python3.10/dist-packages/behave/matchers.py\", line 98, in run\n    self.func(context, *args, **kwargs)\n  File \"steps/PageRedirectionSteps.py\", line 103, in step_impl\n    button_element = context.driver.find_element(By.XPATH, xpath)\n  File \"/home/addweb/.local/lib/python3.10/site-packages/selenium/webdriver/remote/webdriver.py\", line 740, in find_element\n    return self.execute(Command.FIND_ELEMENT, {\"using\": by, \"value\": value})[\"value\"]\n  File \"/home/addweb/.local/lib/python3.10/site-packages/selenium/webdriver/remote/webdriver.py\", line 346, in execute\n    self.error_handler.check_response(response)\n  File \"/home/addweb/.local/lib/python3.10/site-packages/selenium/webdriver/remote/errorhandler.py\", line 245, in check_response\n    raise exception_class(message, screen, stacktrace)\n",
    "steps" : [ {
      "name" : "Given The user is on the \"stg\" site",
      "time" : {
        "start" : 1698748184375,
        "stop" : 1698748192530,
        "duration" : 8155
      },
      "status" : "passed",
      "steps" : [ ],
      "attachments" : [ ],
      "parameters" : [ ],
      "stepsCount" : 0,
      "attachmentsCount" : 0,
      "shouldDisplayMessage" : false,
      "hasContent" : false
    }, {
      "name" : "When The user hovers over the \"use_cases\" menu",
      "time" : {
        "start" : 1698748192531,
        "stop" : 1698748192864,
        "duration" : 333
      },
      "status" : "passed",
      "steps" : [ ],
      "attachments" : [ ],
      "parameters" : [ ],
      "stepsCount" : 0,
      "attachmentsCount" : 0,
      "shouldDisplayMessage" : false,
      "hasContent" : false
    }, {
      "name" : "And The user clicks on the \"high_availability\" submenu link and verify the redirection \"high_availability\" page",
      "time" : {
        "start" : 1698748192864,
        "stop" : 1698748195080,
        "duration" : 2216
      },
      "status" : "passed",
      "steps" : [ ],
      "attachments" : [ ],
      "parameters" : [ ],
      "stepsCount" : 0,
      "attachmentsCount" : 0,
      "shouldDisplayMessage" : false,
      "hasContent" : false
    }, {
      "name" : "When The user clicks on the \"telco_provider\" button",
      "time" : {
        "start" : 1698748195080,
        "stop" : 1698748200370,
        "duration" : 5290
      },
      "status" : "broken",
      "statusMessage" : "selenium.common.exceptions.NoSuchElementException: Message: no such element: Unable to locate element: {\"method\":\"xpath\",\"selector\":\"/html/body/div[1]/div[3]/div/div/div/div/main/article/div/section/div[5]/div/div/div/div[2]/div[2]/div/div/div[2]/div/div/div/div/div[2]/a\"}\n  (Session info: chrome=114.0.5735.133); For documentation on this error, please visit: https://www.selenium.dev/documentation/webdriver/troubleshooting/errors#no-such-element-exception\nStacktrace:\n#0 0x564f6525c4e3 <unknown>\n#1 0x564f64f8bc76 <unknown>\n#2 0x564f64fc7c96 <unknown>\n#3 0x564f64fc7dc1 <unknown>\n#4 0x564f650017f4 <unknown>\n#5 0x564f64fe703d <unknown>\n#6 0x564f64fff30e <unknown>\n#7 0x564f64fe6de3 <unknown>\n#8 0x564f64fbc2dd <unknown>\n#9 0x564f64fbd34e <unknown>\n#10 0x564f6521c3e4 <unknown>\n#11 0x564f652203d7 <unknown>\n#12 0x564f6522ab20 <unknown>\n#13 0x564f65221023 <unknown>\n#14 0x564f651ef1aa <unknown>\n#15 0x564f652456b8 <unknown>\n#16 0x564f65245847 <unknown>\n#17 0x564f65255243 <unknown>\n#18 0x7f25d6490402 <unknown>\n\n",
      "statusTrace" : "  File \"/usr/local/lib/python3.10/dist-packages/behave/model.py\", line 1329, in run\n    match.run(runner.context)\n  File \"/usr/local/lib/python3.10/dist-packages/behave/matchers.py\", line 98, in run\n    self.func(context, *args, **kwargs)\n  File \"steps/PageRedirectionSteps.py\", line 103, in step_impl\n    button_element = context.driver.find_element(By.XPATH, xpath)\n  File \"/home/addweb/.local/lib/python3.10/site-packages/selenium/webdriver/remote/webdriver.py\", line 740, in find_element\n    return self.execute(Command.FIND_ELEMENT, {\"using\": by, \"value\": value})[\"value\"]\n  File \"/home/addweb/.local/lib/python3.10/site-packages/selenium/webdriver/remote/webdriver.py\", line 346, in execute\n    self.error_handler.check_response(response)\n  File \"/home/addweb/.local/lib/python3.10/site-packages/selenium/webdriver/remote/errorhandler.py\", line 245, in check_response\n    raise exception_class(message, screen, stacktrace)\n",
      "steps" : [ ],
      "attachments" : [ {
        "uid" : "ee583c5eb6b02efb",
        "name" : "Error Message",
        "source" : "ee583c5eb6b02efb.txt",
        "type" : "text/plain",
        "size" : 981
      }, {
        "uid" : "de163d9e3b2c8126",
        "name" : "Screenshot of https://stg.voltactivedata.com/use-cases/high-availability/ Page",
        "source" : "de163d9e3b2c8126.png",
        "type" : "image/png",
        "size" : 531236
      } ],
      "parameters" : [ ],
      "stepsCount" : 0,
      "attachmentsCount" : 2,
      "shouldDisplayMessage" : true,
      "hasContent" : true
    }, {
      "name" : "Then The user should be redirected to the \"telco_provider\" page",
      "time" : {
        "start" : 1698748200442,
        "stop" : 1698748200442,
        "duration" : 0
      },
      "status" : "skipped",
      "steps" : [ ],
      "attachments" : [ ],
      "parameters" : [ ],
      "stepsCount" : 0,
      "attachmentsCount" : 0,
      "shouldDisplayMessage" : false,
      "hasContent" : false
    }, {
      "name" : "When The user clicks on the \"fast_data_apps\" button",
      "time" : {
        "start" : 1698748200442,
        "stop" : 1698748200442,
        "duration" : 0
      },
      "status" : "skipped",
      "steps" : [ ],
      "attachments" : [ ],
      "parameters" : [ ],
      "stepsCount" : 0,
      "attachmentsCount" : 0,
      "shouldDisplayMessage" : false,
      "hasContent" : false
    }, {
      "name" : "Then The user should be redirected to the \"fast_data_apps\" page",
      "time" : {
        "start" : 1698748200442,
        "stop" : 1698748200442,
        "duration" : 0
      },
      "status" : "skipped",
      "steps" : [ ],
      "attachments" : [ ],
      "parameters" : [ ],
      "stepsCount" : 0,
      "attachmentsCount" : 0,
      "shouldDisplayMessage" : false,
      "hasContent" : false
    }, {
      "name" : "When The user clicks on the \"top-10-capabilites_2\" button",
      "time" : {
        "start" : 1698748200442,
        "stop" : 1698748200442,
        "duration" : 0
      },
      "status" : "skipped",
      "steps" : [ ],
      "attachments" : [ ],
      "parameters" : [ ],
      "stepsCount" : 0,
      "attachmentsCount" : 0,
      "shouldDisplayMessage" : false,
      "hasContent" : false
    }, {
      "name" : "Then The user should be redirected to the \"top-10-capabilites\" page",
      "time" : {
        "start" : 1698748200442,
        "stop" : 1698748200442,
        "duration" : 0
      },
      "status" : "skipped",
      "steps" : [ ],
      "attachments" : [ ],
      "parameters" : [ ],
      "stepsCount" : 0,
      "attachmentsCount" : 0,
      "shouldDisplayMessage" : false,
      "hasContent" : false
    }, {
      "name" : "When The user clicks on the \"avoid-it_4\" button",
      "time" : {
        "start" : 1698748200442,
        "stop" : 1698748200442,
        "duration" : 0
      },
      "status" : "skipped",
      "steps" : [ ],
      "attachments" : [ ],
      "parameters" : [ ],
      "stepsCount" : 0,
      "attachmentsCount" : 0,
      "shouldDisplayMessage" : false,
      "hasContent" : false
    }, {
      "name" : "Then The user should be redirected to the \"avoid-it\" page",
      "time" : {
        "start" : 1698748200442,
        "stop" : 1698748200442,
        "duration" : 0
      },
      "status" : "skipped",
      "steps" : [ ],
      "attachments" : [ ],
      "parameters" : [ ],
      "stepsCount" : 0,
      "attachmentsCount" : 0,
      "shouldDisplayMessage" : false,
      "hasContent" : false
    } ],
    "attachments" : [ ],
    "parameters" : [ ],
    "stepsCount" : 11,
    "attachmentsCount" : 2,
    "shouldDisplayMessage" : false,
    "hasContent" : true
  },
  "afterStages" : [ ],
  "labels" : [ {
    "name" : "severity",
    "value" : "normal"
  }, {
    "name" : "feature",
    "value" : "Test Redirection of Pages"
  }, {
    "name" : "framework",
    "value" : "behave"
  }, {
    "name" : "language",
    "value" : "cpython3"
  }, {
    "name" : "resultFormat",
    "value" : "allure2"
  } ],
  "parameters" : [ ],
  "links" : [ ],
  "hidden" : false,
  "retry" : false,
  "extra" : {
    "severity" : "normal",
    "retries" : [ ],
    "categories" : [ {
      "name" : "Test defects",
      "matchedStatuses" : [ ],
      "flaky" : false
    } ],
    "tags" : [ ]
  },
  "source" : "aa5efe137884cdbe.json",
  "parameterValues" : [ ]
}