{
  "uid" : "f835e2db8492dafb",
  "name" : "Test submenu and button on the Monetizing AI + ML page",
  "fullName" : "Test Redirection of Pages: Test submenu and button on the Monetizing AI + ML page",
  "historyId" : "9a05c9cfdb15fd3035a8b1c5c4169e11",
  "time" : {
    "start" : 1698748200443,
    "stop" : 1698748220196,
    "duration" : 19753
  },
  "status" : "broken",
  "statusMessage" : "selenium.common.exceptions.NoSuchElementException: Message: no such element: Unable to locate element: {\"method\":\"xpath\",\"selector\":\"/html/body/div[1]/div[3]/div/div/div/div/main/article/div/section/div[7]/div/div/div/div[2]/div[2]/div/div/div[2]/div/div/div/div/div/a\"}\n  (Session info: chrome=114.0.5735.133); For documentation on this error, please visit: https://www.selenium.dev/documentation/webdriver/troubleshooting/errors#no-such-element-exception\nStacktrace:\n#0 0x556a750404e3 <unknown>\n#1 0x556a74d6fc76 <unknown>\n#2 0x556a74dabc96 <unknown>\n#3 0x556a74dabdc1 <unknown>\n#4 0x556a74de57f4 <unknown>\n#5 0x556a74dcb03d <unknown>\n#6 0x556a74de330e <unknown>\n#7 0x556a74dcade3 <unknown>\n#8 0x556a74da02dd <unknown>\n#9 0x556a74da134e <unknown>\n#10 0x556a750003e4 <unknown>\n#11 0x556a750043d7 <unknown>\n#12 0x556a7500eb20 <unknown>\n#13 0x556a75005023 <unknown>\n#14 0x556a74fd31aa <unknown>\n#15 0x556a750296b8 <unknown>\n#16 0x556a75029847 <unknown>\n#17 0x556a75039243 <unknown>\n#18 0x7fb401690402 <unknown>\n\n",
  "statusTrace" : "  File \"/usr/local/lib/python3.10/dist-packages/behave/model.py\", line 1329, in run\n    match.run(runner.context)\n  File \"/usr/local/lib/python3.10/dist-packages/behave/matchers.py\", line 98, in run\n    self.func(context, *args, **kwargs)\n  File \"steps/PageRedirectionSteps.py\", line 103, in step_impl\n    button_element = context.driver.find_element(By.XPATH, xpath)\n  File \"/home/addweb/.local/lib/python3.10/site-packages/selenium/webdriver/remote/webdriver.py\", line 740, in find_element\n    return self.execute(Command.FIND_ELEMENT, {\"using\": by, \"value\": value})[\"value\"]\n  File \"/home/addweb/.local/lib/python3.10/site-packages/selenium/webdriver/remote/webdriver.py\", line 346, in execute\n    self.error_handler.check_response(response)\n  File \"/home/addweb/.local/lib/python3.10/site-packages/selenium/webdriver/remote/errorhandler.py\", line 245, in check_response\n    raise exception_class(message, screen, stacktrace)\n",
  "flaky" : false,
  "newFailed" : false,
  "beforeStages" : [ ],
  "testStage" : {
    "status" : "broken",
    "statusMessage" : "selenium.common.exceptions.NoSuchElementException: Message: no such element: Unable to locate element: {\"method\":\"xpath\",\"selector\":\"/html/body/div[1]/div[3]/div/div/div/div/main/article/div/section/div[7]/div/div/div/div[2]/div[2]/div/div/div[2]/div/div/div/div/div/a\"}\n  (Session info: chrome=114.0.5735.133); For documentation on this error, please visit: https://www.selenium.dev/documentation/webdriver/troubleshooting/errors#no-such-element-exception\nStacktrace:\n#0 0x556a750404e3 <unknown>\n#1 0x556a74d6fc76 <unknown>\n#2 0x556a74dabc96 <unknown>\n#3 0x556a74dabdc1 <unknown>\n#4 0x556a74de57f4 <unknown>\n#5 0x556a74dcb03d <unknown>\n#6 0x556a74de330e <unknown>\n#7 0x556a74dcade3 <unknown>\n#8 0x556a74da02dd <unknown>\n#9 0x556a74da134e <unknown>\n#10 0x556a750003e4 <unknown>\n#11 0x556a750043d7 <unknown>\n#12 0x556a7500eb20 <unknown>\n#13 0x556a75005023 <unknown>\n#14 0x556a74fd31aa <unknown>\n#15 0x556a750296b8 <unknown>\n#16 0x556a75029847 <unknown>\n#17 0x556a75039243 <unknown>\n#18 0x7fb401690402 <unknown>\n\n",
    "statusTrace" : "  File \"/usr/local/lib/python3.10/dist-packages/behave/model.py\", line 1329, in run\n    match.run(runner.context)\n  File \"/usr/local/lib/python3.10/dist-packages/behave/matchers.py\", line 98, in run\n    self.func(context, *args, **kwargs)\n  File \"steps/PageRedirectionSteps.py\", line 103, in step_impl\n    button_element = context.driver.find_element(By.XPATH, xpath)\n  File \"/home/addweb/.local/lib/python3.10/site-packages/selenium/webdriver/remote/webdriver.py\", line 740, in find_element\n    return self.execute(Command.FIND_ELEMENT, {\"using\": by, \"value\": value})[\"value\"]\n  File \"/home/addweb/.local/lib/python3.10/site-packages/selenium/webdriver/remote/webdriver.py\", line 346, in execute\n    self.error_handler.check_response(response)\n  File \"/home/addweb/.local/lib/python3.10/site-packages/selenium/webdriver/remote/errorhandler.py\", line 245, in check_response\n    raise exception_class(message, screen, stacktrace)\n",
    "steps" : [ {
      "name" : "Given The user is on the \"stg\" site",
      "time" : {
        "start" : 1698748201425,
        "stop" : 1698748210699,
        "duration" : 9274
      },
      "status" : "passed",
      "steps" : [ ],
      "attachments" : [ ],
      "parameters" : [ ],
      "stepsCount" : 0,
      "attachmentsCount" : 0,
      "shouldDisplayMessage" : false,
      "hasContent" : false
    }, {
      "name" : "When The user hovers over the \"use_cases\" menu",
      "time" : {
        "start" : 1698748210699,
        "stop" : 1698748211033,
        "duration" : 334
      },
      "status" : "passed",
      "steps" : [ ],
      "attachments" : [ ],
      "parameters" : [ ],
      "stepsCount" : 0,
      "attachmentsCount" : 0,
      "shouldDisplayMessage" : false,
      "hasContent" : false
    }, {
      "name" : "And The user clicks on the \"ai_ml\" submenu link and verify the redirection \"ai_ml\" page",
      "time" : {
        "start" : 1698748211033,
        "stop" : 1698748214667,
        "duration" : 3634
      },
      "status" : "passed",
      "steps" : [ ],
      "attachments" : [ ],
      "parameters" : [ ],
      "stepsCount" : 0,
      "attachmentsCount" : 0,
      "shouldDisplayMessage" : false,
      "hasContent" : false
    }, {
      "name" : "When The user clicks on the \"16_faqs\" button",
      "time" : {
        "start" : 1698748214667,
        "stop" : 1698748220124,
        "duration" : 5457
      },
      "status" : "broken",
      "statusMessage" : "selenium.common.exceptions.NoSuchElementException: Message: no such element: Unable to locate element: {\"method\":\"xpath\",\"selector\":\"/html/body/div[1]/div[3]/div/div/div/div/main/article/div/section/div[7]/div/div/div/div[2]/div[2]/div/div/div[2]/div/div/div/div/div/a\"}\n  (Session info: chrome=114.0.5735.133); For documentation on this error, please visit: https://www.selenium.dev/documentation/webdriver/troubleshooting/errors#no-such-element-exception\nStacktrace:\n#0 0x556a750404e3 <unknown>\n#1 0x556a74d6fc76 <unknown>\n#2 0x556a74dabc96 <unknown>\n#3 0x556a74dabdc1 <unknown>\n#4 0x556a74de57f4 <unknown>\n#5 0x556a74dcb03d <unknown>\n#6 0x556a74de330e <unknown>\n#7 0x556a74dcade3 <unknown>\n#8 0x556a74da02dd <unknown>\n#9 0x556a74da134e <unknown>\n#10 0x556a750003e4 <unknown>\n#11 0x556a750043d7 <unknown>\n#12 0x556a7500eb20 <unknown>\n#13 0x556a75005023 <unknown>\n#14 0x556a74fd31aa <unknown>\n#15 0x556a750296b8 <unknown>\n#16 0x556a75029847 <unknown>\n#17 0x556a75039243 <unknown>\n#18 0x7fb401690402 <unknown>\n\n",
      "statusTrace" : "  File \"/usr/local/lib/python3.10/dist-packages/behave/model.py\", line 1329, in run\n    match.run(runner.context)\n  File \"/usr/local/lib/python3.10/dist-packages/behave/matchers.py\", line 98, in run\n    self.func(context, *args, **kwargs)\n  File \"steps/PageRedirectionSteps.py\", line 103, in step_impl\n    button_element = context.driver.find_element(By.XPATH, xpath)\n  File \"/home/addweb/.local/lib/python3.10/site-packages/selenium/webdriver/remote/webdriver.py\", line 740, in find_element\n    return self.execute(Command.FIND_ELEMENT, {\"using\": by, \"value\": value})[\"value\"]\n  File \"/home/addweb/.local/lib/python3.10/site-packages/selenium/webdriver/remote/webdriver.py\", line 346, in execute\n    self.error_handler.check_response(response)\n  File \"/home/addweb/.local/lib/python3.10/site-packages/selenium/webdriver/remote/errorhandler.py\", line 245, in check_response\n    raise exception_class(message, screen, stacktrace)\n",
      "steps" : [ ],
      "attachments" : [ {
        "uid" : "ab2913c500912ef1",
        "name" : "Error Message",
        "source" : "ab2913c500912ef1.txt",
        "type" : "text/plain",
        "size" : 978
      }, {
        "uid" : "932a27a1e18e8c6f",
        "name" : "Screenshot of https://stg.voltactivedata.com/use-cases/monetize-artificial-intelligence-and-machine-learning/ Page",
        "source" : "932a27a1e18e8c6f.png",
        "type" : "image/png",
        "size" : 691359
      } ],
      "parameters" : [ ],
      "stepsCount" : 0,
      "attachmentsCount" : 2,
      "shouldDisplayMessage" : true,
      "hasContent" : true
    }, {
      "name" : "Then The user should be redirected to the \"16_faqs\" page",
      "time" : {
        "start" : 1698748220195,
        "stop" : 1698748220195,
        "duration" : 0
      },
      "status" : "skipped",
      "steps" : [ ],
      "attachments" : [ ],
      "parameters" : [ ],
      "stepsCount" : 0,
      "attachmentsCount" : 0,
      "shouldDisplayMessage" : false,
      "hasContent" : false
    }, {
      "name" : "When The user clicks on the \"decisioning\" button",
      "time" : {
        "start" : 1698748220195,
        "stop" : 1698748220195,
        "duration" : 0
      },
      "status" : "skipped",
      "steps" : [ ],
      "attachments" : [ ],
      "parameters" : [ ],
      "stepsCount" : 0,
      "attachmentsCount" : 0,
      "shouldDisplayMessage" : false,
      "hasContent" : false
    }, {
      "name" : "Then The user should be redirected to the \"decisioning\" page",
      "time" : {
        "start" : 1698748220195,
        "stop" : 1698748220195,
        "duration" : 0
      },
      "status" : "skipped",
      "steps" : [ ],
      "attachments" : [ ],
      "parameters" : [ ],
      "stepsCount" : 0,
      "attachmentsCount" : 0,
      "shouldDisplayMessage" : false,
      "hasContent" : false
    }, {
      "name" : "When The user clicks on the \"top-10-capabilites_5\" button",
      "time" : {
        "start" : 1698748220195,
        "stop" : 1698748220195,
        "duration" : 0
      },
      "status" : "skipped",
      "steps" : [ ],
      "attachments" : [ ],
      "parameters" : [ ],
      "stepsCount" : 0,
      "attachmentsCount" : 0,
      "shouldDisplayMessage" : false,
      "hasContent" : false
    }, {
      "name" : "Then The user should be redirected to the \"top-10-capabilites\" page",
      "time" : {
        "start" : 1698748220195,
        "stop" : 1698748220195,
        "duration" : 0
      },
      "status" : "skipped",
      "steps" : [ ],
      "attachments" : [ ],
      "parameters" : [ ],
      "stepsCount" : 0,
      "attachmentsCount" : 0,
      "shouldDisplayMessage" : false,
      "hasContent" : false
    }, {
      "name" : "When The user clicks on the \"fast_data_apps_2\" button",
      "time" : {
        "start" : 1698748220196,
        "stop" : 1698748220196,
        "duration" : 0
      },
      "status" : "skipped",
      "steps" : [ ],
      "attachments" : [ ],
      "parameters" : [ ],
      "stepsCount" : 0,
      "attachmentsCount" : 0,
      "shouldDisplayMessage" : false,
      "hasContent" : false
    }, {
      "name" : "Then The user should be redirected to the \"fast_data_apps\" page",
      "time" : {
        "start" : 1698748220196,
        "stop" : 1698748220196,
        "duration" : 0
      },
      "status" : "skipped",
      "steps" : [ ],
      "attachments" : [ ],
      "parameters" : [ ],
      "stepsCount" : 0,
      "attachmentsCount" : 0,
      "shouldDisplayMessage" : false,
      "hasContent" : false
    } ],
    "attachments" : [ ],
    "parameters" : [ ],
    "stepsCount" : 11,
    "attachmentsCount" : 2,
    "shouldDisplayMessage" : false,
    "hasContent" : true
  },
  "afterStages" : [ ],
  "labels" : [ {
    "name" : "severity",
    "value" : "normal"
  }, {
    "name" : "feature",
    "value" : "Test Redirection of Pages"
  }, {
    "name" : "framework",
    "value" : "behave"
  }, {
    "name" : "language",
    "value" : "cpython3"
  }, {
    "name" : "resultFormat",
    "value" : "allure2"
  } ],
  "parameters" : [ ],
  "links" : [ ],
  "hidden" : false,
  "retry" : false,
  "extra" : {
    "severity" : "normal",
    "retries" : [ ],
    "categories" : [ {
      "name" : "Test defects",
      "matchedStatuses" : [ ],
      "flaky" : false
    } ],
    "tags" : [ ]
  },
  "source" : "f835e2db8492dafb.json",
  "parameterValues" : [ ]
}