{
  "uid" : "79b11fe836b919f6",
  "name" : "Test submenu and button on the Webinars and Events page",
  "fullName" : "Test Redirection of Pages: Test submenu and button on the Webinars and Events page",
  "historyId" : "47630eb91979b618063c05268ce85685",
  "time" : {
    "start" : 1698820317855,
    "stop" : 1698820330259,
    "duration" : 12404
  },
  "status" : "broken",
  "statusMessage" : "selenium.common.exceptions.ElementNotInteractableException: Message: element not interactable\n  (Session info: chrome=114.0.5735.133)\nStacktrace:\n#0 0x5569a45cf4e3 <unknown>\n#1 0x5569a42feb00 <unknown>\n#2 0x5569a433bfa1 <unknown>\n#3 0x5569a43311da <unknown>\n#4 0x5569a435a012 <unknown>\n#5 0x5569a4330b03 <unknown>\n#6 0x5569a435a1de <unknown>\n#7 0x5569a437230e <unknown>\n#8 0x5569a4359de3 <unknown>\n#9 0x5569a432f2dd <unknown>\n#10 0x5569a433034e <unknown>\n#11 0x5569a458f3e4 <unknown>\n#12 0x5569a45933d7 <unknown>\n#13 0x5569a459db20 <unknown>\n#14 0x5569a4594023 <unknown>\n#15 0x5569a45621aa <unknown>\n#16 0x5569a45b86b8 <unknown>\n#17 0x5569a45b8847 <unknown>\n#18 0x5569a45c8243 <unknown>\n#19 0x7fe83ec90402 <unknown>\n\n",
  "statusTrace" : "  File \"/usr/local/lib/python3.10/dist-packages/behave/model.py\", line 1329, in run\n    match.run(runner.context)\n  File \"/usr/local/lib/python3.10/dist-packages/behave/matchers.py\", line 98, in run\n    self.func(context, *args, **kwargs)\n  File \"steps/PageRedirectionSteps.py\", line 69, in step_impl\n    submenu_element.click()\n  File \"/home/addweb/.local/lib/python3.10/site-packages/selenium/webdriver/remote/webelement.py\", line 94, in click\n    self._execute(Command.CLICK_ELEMENT)\n  File \"/home/addweb/.local/lib/python3.10/site-packages/selenium/webdriver/remote/webelement.py\", line 395, in _execute\n    return self._parent.execute(command, params)\n  File \"/home/addweb/.local/lib/python3.10/site-packages/selenium/webdriver/remote/webdriver.py\", line 346, in execute\n    self.error_handler.check_response(response)\n  File \"/home/addweb/.local/lib/python3.10/site-packages/selenium/webdriver/remote/errorhandler.py\", line 245, in check_response\n    raise exception_class(message, screen, stacktrace)\n",
  "flaky" : false,
  "newFailed" : false,
  "beforeStages" : [ ],
  "testStage" : {
    "status" : "broken",
    "statusMessage" : "selenium.common.exceptions.ElementNotInteractableException: Message: element not interactable\n  (Session info: chrome=114.0.5735.133)\nStacktrace:\n#0 0x5569a45cf4e3 <unknown>\n#1 0x5569a42feb00 <unknown>\n#2 0x5569a433bfa1 <unknown>\n#3 0x5569a43311da <unknown>\n#4 0x5569a435a012 <unknown>\n#5 0x5569a4330b03 <unknown>\n#6 0x5569a435a1de <unknown>\n#7 0x5569a437230e <unknown>\n#8 0x5569a4359de3 <unknown>\n#9 0x5569a432f2dd <unknown>\n#10 0x5569a433034e <unknown>\n#11 0x5569a458f3e4 <unknown>\n#12 0x5569a45933d7 <unknown>\n#13 0x5569a459db20 <unknown>\n#14 0x5569a4594023 <unknown>\n#15 0x5569a45621aa <unknown>\n#16 0x5569a45b86b8 <unknown>\n#17 0x5569a45b8847 <unknown>\n#18 0x5569a45c8243 <unknown>\n#19 0x7fe83ec90402 <unknown>\n\n",
    "statusTrace" : "  File \"/usr/local/lib/python3.10/dist-packages/behave/model.py\", line 1329, in run\n    match.run(runner.context)\n  File \"/usr/local/lib/python3.10/dist-packages/behave/matchers.py\", line 98, in run\n    self.func(context, *args, **kwargs)\n  File \"steps/PageRedirectionSteps.py\", line 69, in step_impl\n    submenu_element.click()\n  File \"/home/addweb/.local/lib/python3.10/site-packages/selenium/webdriver/remote/webelement.py\", line 94, in click\n    self._execute(Command.CLICK_ELEMENT)\n  File \"/home/addweb/.local/lib/python3.10/site-packages/selenium/webdriver/remote/webelement.py\", line 395, in _execute\n    return self._parent.execute(command, params)\n  File \"/home/addweb/.local/lib/python3.10/site-packages/selenium/webdriver/remote/webdriver.py\", line 346, in execute\n    self.error_handler.check_response(response)\n  File \"/home/addweb/.local/lib/python3.10/site-packages/selenium/webdriver/remote/errorhandler.py\", line 245, in check_response\n    raise exception_class(message, screen, stacktrace)\n",
    "steps" : [ {
      "name" : "Given The user is on the \"stg\" site",
      "time" : {
        "start" : 1698820318782,
        "stop" : 1698820329509,
        "duration" : 10727
      },
      "status" : "passed",
      "steps" : [ ],
      "attachments" : [ ],
      "parameters" : [ ],
      "stepsCount" : 0,
      "attachmentsCount" : 0,
      "shouldDisplayMessage" : false,
      "hasContent" : false
    }, {
      "name" : "When The user hovers over the \"resources\" menu",
      "time" : {
        "start" : 1698820329509,
        "stop" : 1698820329836,
        "duration" : 327
      },
      "status" : "passed",
      "steps" : [ ],
      "attachments" : [ ],
      "parameters" : [ ],
      "stepsCount" : 0,
      "attachmentsCount" : 0,
      "shouldDisplayMessage" : false,
      "hasContent" : false
    }, {
      "name" : "And The user clicks on the \"webinar\" submenu link and verify the redirection \"webinar\" page",
      "time" : {
        "start" : 1698820329837,
        "stop" : 1698820330194,
        "duration" : 357
      },
      "status" : "broken",
      "statusMessage" : "selenium.common.exceptions.ElementNotInteractableException: Message: element not interactable\n  (Session info: chrome=114.0.5735.133)\nStacktrace:\n#0 0x5569a45cf4e3 <unknown>\n#1 0x5569a42feb00 <unknown>\n#2 0x5569a433bfa1 <unknown>\n#3 0x5569a43311da <unknown>\n#4 0x5569a435a012 <unknown>\n#5 0x5569a4330b03 <unknown>\n#6 0x5569a435a1de <unknown>\n#7 0x5569a437230e <unknown>\n#8 0x5569a4359de3 <unknown>\n#9 0x5569a432f2dd <unknown>\n#10 0x5569a433034e <unknown>\n#11 0x5569a458f3e4 <unknown>\n#12 0x5569a45933d7 <unknown>\n#13 0x5569a459db20 <unknown>\n#14 0x5569a4594023 <unknown>\n#15 0x5569a45621aa <unknown>\n#16 0x5569a45b86b8 <unknown>\n#17 0x5569a45b8847 <unknown>\n#18 0x5569a45c8243 <unknown>\n#19 0x7fe83ec90402 <unknown>\n\n",
      "statusTrace" : "  File \"/usr/local/lib/python3.10/dist-packages/behave/model.py\", line 1329, in run\n    match.run(runner.context)\n  File \"/usr/local/lib/python3.10/dist-packages/behave/matchers.py\", line 98, in run\n    self.func(context, *args, **kwargs)\n  File \"steps/PageRedirectionSteps.py\", line 69, in step_impl\n    submenu_element.click()\n  File \"/home/addweb/.local/lib/python3.10/site-packages/selenium/webdriver/remote/webelement.py\", line 94, in click\n    self._execute(Command.CLICK_ELEMENT)\n  File \"/home/addweb/.local/lib/python3.10/site-packages/selenium/webdriver/remote/webelement.py\", line 395, in _execute\n    return self._parent.execute(command, params)\n  File \"/home/addweb/.local/lib/python3.10/site-packages/selenium/webdriver/remote/webdriver.py\", line 346, in execute\n    self.error_handler.check_response(response)\n  File \"/home/addweb/.local/lib/python3.10/site-packages/selenium/webdriver/remote/errorhandler.py\", line 245, in check_response\n    raise exception_class(message, screen, stacktrace)\n",
      "steps" : [ ],
      "attachments" : [ {
        "uid" : "2917825e0e8e48fe",
        "name" : "Error Message",
        "source" : "2917825e0e8e48fe.txt",
        "type" : "text/plain",
        "size" : 675
      }, {
        "uid" : "ad6f27898eaf41ce",
        "name" : "Screenshot of https://voltSTG:oI5L!YKmQ%401gOvqQ@stg.voltactivedata.com/ Page",
        "source" : "ad6f27898eaf41ce.png",
        "type" : "image/png",
        "size" : 415605
      } ],
      "parameters" : [ ],
      "stepsCount" : 0,
      "attachmentsCount" : 2,
      "shouldDisplayMessage" : true,
      "hasContent" : true
    }, {
      "name" : "When The user clicks on the \"register_now\" button verify the page redirection",
      "time" : {
        "start" : 1698820330259,
        "stop" : 1698820330259,
        "duration" : 0
      },
      "status" : "skipped",
      "steps" : [ ],
      "attachments" : [ ],
      "parameters" : [ ],
      "stepsCount" : 0,
      "attachmentsCount" : 0,
      "shouldDisplayMessage" : false,
      "hasContent" : false
    }, {
      "name" : "When The user clicks on the \"view_now_1\" button verify the page redirection",
      "time" : {
        "start" : 1698820330259,
        "stop" : 1698820330259,
        "duration" : 0
      },
      "status" : "skipped",
      "steps" : [ ],
      "attachments" : [ ],
      "parameters" : [ ],
      "stepsCount" : 0,
      "attachmentsCount" : 0,
      "shouldDisplayMessage" : false,
      "hasContent" : false
    }, {
      "name" : "When The user clicks on the \"view_now_2\" button verify the page redirection",
      "time" : {
        "start" : 1698820330259,
        "stop" : 1698820330259,
        "duration" : 0
      },
      "status" : "skipped",
      "steps" : [ ],
      "attachments" : [ ],
      "parameters" : [ ],
      "stepsCount" : 0,
      "attachmentsCount" : 0,
      "shouldDisplayMessage" : false,
      "hasContent" : false
    }, {
      "name" : "When The user clicks on the \"view_now_3\" button verify the page redirection",
      "time" : {
        "start" : 1698820330259,
        "stop" : 1698820330259,
        "duration" : 0
      },
      "status" : "skipped",
      "steps" : [ ],
      "attachments" : [ ],
      "parameters" : [ ],
      "stepsCount" : 0,
      "attachmentsCount" : 0,
      "shouldDisplayMessage" : false,
      "hasContent" : false
    } ],
    "attachments" : [ ],
    "parameters" : [ ],
    "stepsCount" : 7,
    "attachmentsCount" : 2,
    "shouldDisplayMessage" : false,
    "hasContent" : true
  },
  "afterStages" : [ ],
  "labels" : [ {
    "name" : "severity",
    "value" : "normal"
  }, {
    "name" : "feature",
    "value" : "Test Redirection of Pages"
  }, {
    "name" : "framework",
    "value" : "behave"
  }, {
    "name" : "language",
    "value" : "cpython3"
  }, {
    "name" : "resultFormat",
    "value" : "allure2"
  } ],
  "parameters" : [ ],
  "links" : [ ],
  "hidden" : false,
  "retry" : false,
  "extra" : {
    "severity" : "normal",
    "retries" : [ ],
    "categories" : [ {
      "name" : "Test defects",
      "matchedStatuses" : [ ],
      "flaky" : false
    } ],
    "tags" : [ ]
  },
  "source" : "79b11fe836b919f6.json",
  "parameterValues" : [ ]
}