{
  "uid" : "c64bec1432fffc1e",
  "name" : "Test submenu and button on the Webinars and Events page",
  "fullName" : "Test Redirection of Pages: Test submenu and button on the Webinars and Events page",
  "historyId" : "47630eb91979b618063c05268ce85685",
  "time" : {
    "start" : 1698820139289,
    "stop" : 1698820161855,
    "duration" : 22566
  },
  "status" : "broken",
  "statusMessage" : "selenium.common.exceptions.NoSuchElementException: Message: no such element: Unable to locate element: {\"method\":\"xpath\",\"selector\":\"/html/body/div[1]/div[3]/div/div/div/div/main/article/div/section/div[4]/div/div/div/div[2]/a\"}\n  (Session info: chrome=114.0.5735.133); For documentation on this error, please visit: https://www.selenium.dev/documentation/webdriver/troubleshooting/errors#no-such-element-exception\nStacktrace:\n#0 0x5613f667d4e3 <unknown>\n#1 0x5613f63acc76 <unknown>\n#2 0x5613f63e8c96 <unknown>\n#3 0x5613f63e8dc1 <unknown>\n#4 0x5613f64227f4 <unknown>\n#5 0x5613f640803d <unknown>\n#6 0x5613f642030e <unknown>\n#7 0x5613f6407de3 <unknown>\n#8 0x5613f63dd2dd <unknown>\n#9 0x5613f63de34e <unknown>\n#10 0x5613f663d3e4 <unknown>\n#11 0x5613f66413d7 <unknown>\n#12 0x5613f664bb20 <unknown>\n#13 0x5613f6642023 <unknown>\n#14 0x5613f66101aa <unknown>\n#15 0x5613f66666b8 <unknown>\n#16 0x5613f6666847 <unknown>\n#17 0x5613f6676243 <unknown>\n#18 0x7f7814e90402 <unknown>\n\n",
  "statusTrace" : "  File \"/usr/local/lib/python3.10/dist-packages/behave/model.py\", line 1329, in run\n    match.run(runner.context)\n  File \"/usr/local/lib/python3.10/dist-packages/behave/matchers.py\", line 98, in run\n    self.func(context, *args, **kwargs)\n  File \"steps/PageRedirectionSteps.py\", line 134, in step_impl\n    button_element = context.driver.find_element(By.XPATH, xpath)\n  File \"/home/addweb/.local/lib/python3.10/site-packages/selenium/webdriver/remote/webdriver.py\", line 740, in find_element\n    return self.execute(Command.FIND_ELEMENT, {\"using\": by, \"value\": value})[\"value\"]\n  File \"/home/addweb/.local/lib/python3.10/site-packages/selenium/webdriver/remote/webdriver.py\", line 346, in execute\n    self.error_handler.check_response(response)\n  File \"/home/addweb/.local/lib/python3.10/site-packages/selenium/webdriver/remote/errorhandler.py\", line 245, in check_response\n    raise exception_class(message, screen, stacktrace)\n",
  "flaky" : false,
  "newFailed" : false,
  "beforeStages" : [ ],
  "testStage" : {
    "status" : "broken",
    "statusMessage" : "selenium.common.exceptions.NoSuchElementException: Message: no such element: Unable to locate element: {\"method\":\"xpath\",\"selector\":\"/html/body/div[1]/div[3]/div/div/div/div/main/article/div/section/div[4]/div/div/div/div[2]/a\"}\n  (Session info: chrome=114.0.5735.133); For documentation on this error, please visit: https://www.selenium.dev/documentation/webdriver/troubleshooting/errors#no-such-element-exception\nStacktrace:\n#0 0x5613f667d4e3 <unknown>\n#1 0x5613f63acc76 <unknown>\n#2 0x5613f63e8c96 <unknown>\n#3 0x5613f63e8dc1 <unknown>\n#4 0x5613f64227f4 <unknown>\n#5 0x5613f640803d <unknown>\n#6 0x5613f642030e <unknown>\n#7 0x5613f6407de3 <unknown>\n#8 0x5613f63dd2dd <unknown>\n#9 0x5613f63de34e <unknown>\n#10 0x5613f663d3e4 <unknown>\n#11 0x5613f66413d7 <unknown>\n#12 0x5613f664bb20 <unknown>\n#13 0x5613f6642023 <unknown>\n#14 0x5613f66101aa <unknown>\n#15 0x5613f66666b8 <unknown>\n#16 0x5613f6666847 <unknown>\n#17 0x5613f6676243 <unknown>\n#18 0x7f7814e90402 <unknown>\n\n",
    "statusTrace" : "  File \"/usr/local/lib/python3.10/dist-packages/behave/model.py\", line 1329, in run\n    match.run(runner.context)\n  File \"/usr/local/lib/python3.10/dist-packages/behave/matchers.py\", line 98, in run\n    self.func(context, *args, **kwargs)\n  File \"steps/PageRedirectionSteps.py\", line 134, in step_impl\n    button_element = context.driver.find_element(By.XPATH, xpath)\n  File \"/home/addweb/.local/lib/python3.10/site-packages/selenium/webdriver/remote/webdriver.py\", line 740, in find_element\n    return self.execute(Command.FIND_ELEMENT, {\"using\": by, \"value\": value})[\"value\"]\n  File \"/home/addweb/.local/lib/python3.10/site-packages/selenium/webdriver/remote/webdriver.py\", line 346, in execute\n    self.error_handler.check_response(response)\n  File \"/home/addweb/.local/lib/python3.10/site-packages/selenium/webdriver/remote/errorhandler.py\", line 245, in check_response\n    raise exception_class(message, screen, stacktrace)\n",
    "steps" : [ {
      "name" : "Given The user is on the \"stg\" site",
      "time" : {
        "start" : 1698820140242,
        "stop" : 1698820153710,
        "duration" : 13468
      },
      "status" : "passed",
      "steps" : [ ],
      "attachments" : [ ],
      "parameters" : [ ],
      "stepsCount" : 0,
      "attachmentsCount" : 0,
      "shouldDisplayMessage" : false,
      "hasContent" : false
    }, {
      "name" : "When The user hovers over the \"resources\" menu",
      "time" : {
        "start" : 1698820153711,
        "stop" : 1698820154051,
        "duration" : 340
      },
      "status" : "passed",
      "steps" : [ ],
      "attachments" : [ ],
      "parameters" : [ ],
      "stepsCount" : 0,
      "attachmentsCount" : 0,
      "shouldDisplayMessage" : false,
      "hasContent" : false
    }, {
      "name" : "And The user clicks on the \"webinar\" submenu link and verify the redirection \"webinar\" page",
      "time" : {
        "start" : 1698820154051,
        "stop" : 1698820156383,
        "duration" : 2332
      },
      "status" : "passed",
      "steps" : [ ],
      "attachments" : [ ],
      "parameters" : [ ],
      "stepsCount" : 0,
      "attachmentsCount" : 0,
      "shouldDisplayMessage" : false,
      "hasContent" : false
    }, {
      "name" : "When The user clicks on the \"register_now\" button verify the page redirection",
      "time" : {
        "start" : 1698820156383,
        "stop" : 1698820161786,
        "duration" : 5403
      },
      "status" : "broken",
      "statusMessage" : "selenium.common.exceptions.NoSuchElementException: Message: no such element: Unable to locate element: {\"method\":\"xpath\",\"selector\":\"/html/body/div[1]/div[3]/div/div/div/div/main/article/div/section/div[4]/div/div/div/div[2]/a\"}\n  (Session info: chrome=114.0.5735.133); For documentation on this error, please visit: https://www.selenium.dev/documentation/webdriver/troubleshooting/errors#no-such-element-exception\nStacktrace:\n#0 0x5613f667d4e3 <unknown>\n#1 0x5613f63acc76 <unknown>\n#2 0x5613f63e8c96 <unknown>\n#3 0x5613f63e8dc1 <unknown>\n#4 0x5613f64227f4 <unknown>\n#5 0x5613f640803d <unknown>\n#6 0x5613f642030e <unknown>\n#7 0x5613f6407de3 <unknown>\n#8 0x5613f63dd2dd <unknown>\n#9 0x5613f63de34e <unknown>\n#10 0x5613f663d3e4 <unknown>\n#11 0x5613f66413d7 <unknown>\n#12 0x5613f664bb20 <unknown>\n#13 0x5613f6642023 <unknown>\n#14 0x5613f66101aa <unknown>\n#15 0x5613f66666b8 <unknown>\n#16 0x5613f6666847 <unknown>\n#17 0x5613f6676243 <unknown>\n#18 0x7f7814e90402 <unknown>\n\n",
      "statusTrace" : "  File \"/usr/local/lib/python3.10/dist-packages/behave/model.py\", line 1329, in run\n    match.run(runner.context)\n  File \"/usr/local/lib/python3.10/dist-packages/behave/matchers.py\", line 98, in run\n    self.func(context, *args, **kwargs)\n  File \"steps/PageRedirectionSteps.py\", line 134, in step_impl\n    button_element = context.driver.find_element(By.XPATH, xpath)\n  File \"/home/addweb/.local/lib/python3.10/site-packages/selenium/webdriver/remote/webdriver.py\", line 740, in find_element\n    return self.execute(Command.FIND_ELEMENT, {\"using\": by, \"value\": value})[\"value\"]\n  File \"/home/addweb/.local/lib/python3.10/site-packages/selenium/webdriver/remote/webdriver.py\", line 346, in execute\n    self.error_handler.check_response(response)\n  File \"/home/addweb/.local/lib/python3.10/site-packages/selenium/webdriver/remote/errorhandler.py\", line 245, in check_response\n    raise exception_class(message, screen, stacktrace)\n",
      "steps" : [ ],
      "attachments" : [ {
        "uid" : "464f7b77c604c707",
        "name" : "Error Message",
        "source" : "464f7b77c604c707.txt",
        "type" : "text/plain",
        "size" : 936
      }, {
        "uid" : "3f028d9801e5cf5",
        "name" : "Screenshot of https://stg.voltactivedata.com/events/ Page",
        "source" : "3f028d9801e5cf5.png",
        "type" : "image/png",
        "size" : 588003
      } ],
      "parameters" : [ ],
      "stepsCount" : 0,
      "attachmentsCount" : 2,
      "shouldDisplayMessage" : true,
      "hasContent" : true
    }, {
      "name" : "When The user clicks on the \"view_now_1\" button verify the page redirection",
      "time" : {
        "start" : 1698820161855,
        "stop" : 1698820161855,
        "duration" : 0
      },
      "status" : "skipped",
      "steps" : [ ],
      "attachments" : [ ],
      "parameters" : [ ],
      "stepsCount" : 0,
      "attachmentsCount" : 0,
      "shouldDisplayMessage" : false,
      "hasContent" : false
    }, {
      "name" : "When The user clicks on the \"view_now_2\" button verify the page redirection",
      "time" : {
        "start" : 1698820161855,
        "stop" : 1698820161855,
        "duration" : 0
      },
      "status" : "skipped",
      "steps" : [ ],
      "attachments" : [ ],
      "parameters" : [ ],
      "stepsCount" : 0,
      "attachmentsCount" : 0,
      "shouldDisplayMessage" : false,
      "hasContent" : false
    }, {
      "name" : "When The user clicks on the \"view_now_3\" button verify the page redirection",
      "time" : {
        "start" : 1698820161855,
        "stop" : 1698820161855,
        "duration" : 0
      },
      "status" : "skipped",
      "steps" : [ ],
      "attachments" : [ ],
      "parameters" : [ ],
      "stepsCount" : 0,
      "attachmentsCount" : 0,
      "shouldDisplayMessage" : false,
      "hasContent" : false
    } ],
    "attachments" : [ ],
    "parameters" : [ ],
    "stepsCount" : 7,
    "attachmentsCount" : 2,
    "shouldDisplayMessage" : false,
    "hasContent" : true
  },
  "afterStages" : [ ],
  "labels" : [ {
    "name" : "severity",
    "value" : "normal"
  }, {
    "name" : "feature",
    "value" : "Test Redirection of Pages"
  }, {
    "name" : "framework",
    "value" : "behave"
  }, {
    "name" : "language",
    "value" : "cpython3"
  }, {
    "name" : "resultFormat",
    "value" : "allure2"
  } ],
  "parameters" : [ ],
  "links" : [ ],
  "hidden" : false,
  "retry" : false,
  "extra" : {
    "severity" : "normal",
    "retries" : [ ],
    "categories" : [ {
      "name" : "Test defects",
      "matchedStatuses" : [ ],
      "flaky" : false
    } ],
    "tags" : [ ]
  },
  "source" : "c64bec1432fffc1e.json",
  "parameterValues" : [ ]
}