{
  "uid" : "406737b7f6d85bb2",
  "name" : "Test the Link Redirection on Footer",
  "fullName" : "Test Redirection of Pages: Test the Link Redirection on Footer",
  "historyId" : "76c5251f5fcfcec1f912f0a37b10614e",
  "time" : {
    "start" : 1698821798050,
    "stop" : 1698821805933,
    "duration" : 7883
  },
  "status" : "broken",
  "statusMessage" : "selenium.common.exceptions.NoSuchElementException: Message: no such element: Unable to locate element: {\"method\":\"xpath\",\"selector\":\"/html/body/div[7]/div[2]/div/div[1]/div/div[2]/div/button[3]\"}\n  (Session info: chrome=114.0.5735.133); For documentation on this error, please visit: https://www.selenium.dev/documentation/webdriver/troubleshooting/errors#no-such-element-exception\nStacktrace:\n#0 0x555bdb2254e3 <unknown>\n#1 0x555bdaf54c76 <unknown>\n#2 0x555bdaf90c96 <unknown>\n#3 0x555bdaf90dc1 <unknown>\n#4 0x555bdafca7f4 <unknown>\n#5 0x555bdafb003d <unknown>\n#6 0x555bdafc830e <unknown>\n#7 0x555bdafafde3 <unknown>\n#8 0x555bdaf852dd <unknown>\n#9 0x555bdaf8634e <unknown>\n#10 0x555bdb1e53e4 <unknown>\n#11 0x555bdb1e93d7 <unknown>\n#12 0x555bdb1f3b20 <unknown>\n#13 0x555bdb1ea023 <unknown>\n#14 0x555bdb1b81aa <unknown>\n#15 0x555bdb20e6b8 <unknown>\n#16 0x555bdb20e847 <unknown>\n#17 0x555bdb21e243 <unknown>\n#18 0x7f2a7d090402 <unknown>\n\n",
  "statusTrace" : "  File \"/usr/local/lib/python3.10/dist-packages/behave/model.py\", line 1329, in run\n    match.run(runner.context)\n  File \"/usr/local/lib/python3.10/dist-packages/behave/matchers.py\", line 98, in run\n    self.func(context, *args, **kwargs)\n  File \"steps/PageRedirectionSteps.py\", line 103, in step_impl\n    button_element = context.driver.find_element(By.XPATH, xpath)\n  File \"/home/addweb/.local/lib/python3.10/site-packages/selenium/webdriver/remote/webdriver.py\", line 740, in find_element\n    return self.execute(Command.FIND_ELEMENT, {\"using\": by, \"value\": value})[\"value\"]\n  File \"/home/addweb/.local/lib/python3.10/site-packages/selenium/webdriver/remote/webdriver.py\", line 346, in execute\n    self.error_handler.check_response(response)\n  File \"/home/addweb/.local/lib/python3.10/site-packages/selenium/webdriver/remote/errorhandler.py\", line 245, in check_response\n    raise exception_class(message, screen, stacktrace)\n",
  "flaky" : false,
  "newFailed" : false,
  "beforeStages" : [ ],
  "testStage" : {
    "status" : "broken",
    "statusMessage" : "selenium.common.exceptions.NoSuchElementException: Message: no such element: Unable to locate element: {\"method\":\"xpath\",\"selector\":\"/html/body/div[7]/div[2]/div/div[1]/div/div[2]/div/button[3]\"}\n  (Session info: chrome=114.0.5735.133); For documentation on this error, please visit: https://www.selenium.dev/documentation/webdriver/troubleshooting/errors#no-such-element-exception\nStacktrace:\n#0 0x555bdb2254e3 <unknown>\n#1 0x555bdaf54c76 <unknown>\n#2 0x555bdaf90c96 <unknown>\n#3 0x555bdaf90dc1 <unknown>\n#4 0x555bdafca7f4 <unknown>\n#5 0x555bdafb003d <unknown>\n#6 0x555bdafc830e <unknown>\n#7 0x555bdafafde3 <unknown>\n#8 0x555bdaf852dd <unknown>\n#9 0x555bdaf8634e <unknown>\n#10 0x555bdb1e53e4 <unknown>\n#11 0x555bdb1e93d7 <unknown>\n#12 0x555bdb1f3b20 <unknown>\n#13 0x555bdb1ea023 <unknown>\n#14 0x555bdb1b81aa <unknown>\n#15 0x555bdb20e6b8 <unknown>\n#16 0x555bdb20e847 <unknown>\n#17 0x555bdb21e243 <unknown>\n#18 0x7f2a7d090402 <unknown>\n\n",
    "statusTrace" : "  File \"/usr/local/lib/python3.10/dist-packages/behave/model.py\", line 1329, in run\n    match.run(runner.context)\n  File \"/usr/local/lib/python3.10/dist-packages/behave/matchers.py\", line 98, in run\n    self.func(context, *args, **kwargs)\n  File \"steps/PageRedirectionSteps.py\", line 103, in step_impl\n    button_element = context.driver.find_element(By.XPATH, xpath)\n  File \"/home/addweb/.local/lib/python3.10/site-packages/selenium/webdriver/remote/webdriver.py\", line 740, in find_element\n    return self.execute(Command.FIND_ELEMENT, {\"using\": by, \"value\": value})[\"value\"]\n  File \"/home/addweb/.local/lib/python3.10/site-packages/selenium/webdriver/remote/webdriver.py\", line 346, in execute\n    self.error_handler.check_response(response)\n  File \"/home/addweb/.local/lib/python3.10/site-packages/selenium/webdriver/remote/errorhandler.py\", line 245, in check_response\n    raise exception_class(message, screen, stacktrace)\n",
    "steps" : [ {
      "name" : "Given The user is on the \"stg\" site",
      "time" : {
        "start" : 1698821799270,
        "stop" : 1698821805507,
        "duration" : 6237
      },
      "status" : "passed",
      "steps" : [ ],
      "attachments" : [ ],
      "parameters" : [ ],
      "stepsCount" : 0,
      "attachmentsCount" : 0,
      "shouldDisplayMessage" : false,
      "hasContent" : false
    }, {
      "name" : "When The user clicks on the \"accept_cookie\" button",
      "time" : {
        "start" : 1698821805508,
        "stop" : 1698821805869,
        "duration" : 361
      },
      "status" : "broken",
      "statusMessage" : "selenium.common.exceptions.NoSuchElementException: Message: no such element: Unable to locate element: {\"method\":\"xpath\",\"selector\":\"/html/body/div[7]/div[2]/div/div[1]/div/div[2]/div/button[3]\"}\n  (Session info: chrome=114.0.5735.133); For documentation on this error, please visit: https://www.selenium.dev/documentation/webdriver/troubleshooting/errors#no-such-element-exception\nStacktrace:\n#0 0x555bdb2254e3 <unknown>\n#1 0x555bdaf54c76 <unknown>\n#2 0x555bdaf90c96 <unknown>\n#3 0x555bdaf90dc1 <unknown>\n#4 0x555bdafca7f4 <unknown>\n#5 0x555bdafb003d <unknown>\n#6 0x555bdafc830e <unknown>\n#7 0x555bdafafde3 <unknown>\n#8 0x555bdaf852dd <unknown>\n#9 0x555bdaf8634e <unknown>\n#10 0x555bdb1e53e4 <unknown>\n#11 0x555bdb1e93d7 <unknown>\n#12 0x555bdb1f3b20 <unknown>\n#13 0x555bdb1ea023 <unknown>\n#14 0x555bdb1b81aa <unknown>\n#15 0x555bdb20e6b8 <unknown>\n#16 0x555bdb20e847 <unknown>\n#17 0x555bdb21e243 <unknown>\n#18 0x7f2a7d090402 <unknown>\n\n",
      "statusTrace" : "  File \"/usr/local/lib/python3.10/dist-packages/behave/model.py\", line 1329, in run\n    match.run(runner.context)\n  File \"/usr/local/lib/python3.10/dist-packages/behave/matchers.py\", line 98, in run\n    self.func(context, *args, **kwargs)\n  File \"steps/PageRedirectionSteps.py\", line 103, in step_impl\n    button_element = context.driver.find_element(By.XPATH, xpath)\n  File \"/home/addweb/.local/lib/python3.10/site-packages/selenium/webdriver/remote/webdriver.py\", line 740, in find_element\n    return self.execute(Command.FIND_ELEMENT, {\"using\": by, \"value\": value})[\"value\"]\n  File \"/home/addweb/.local/lib/python3.10/site-packages/selenium/webdriver/remote/webdriver.py\", line 346, in execute\n    self.error_handler.check_response(response)\n  File \"/home/addweb/.local/lib/python3.10/site-packages/selenium/webdriver/remote/errorhandler.py\", line 245, in check_response\n    raise exception_class(message, screen, stacktrace)\n",
      "steps" : [ ],
      "attachments" : [ {
        "uid" : "a4044a48b1e93345",
        "name" : "Error Message",
        "source" : "a4044a48b1e93345.txt",
        "type" : "text/plain",
        "size" : 903
      }, {
        "uid" : "4048fb86af693941",
        "name" : "Screenshot of https://voltSTG:oI5L!YKmQ%401gOvqQ@stg.voltactivedata.com/ Page",
        "source" : "4048fb86af693941.png",
        "type" : "image/png",
        "size" : 418013
      } ],
      "parameters" : [ ],
      "stepsCount" : 0,
      "attachmentsCount" : 2,
      "shouldDisplayMessage" : true,
      "hasContent" : true
    }, {
      "name" : "When The user clicks on the \"privacy_statment\" button",
      "time" : {
        "start" : 1698821805933,
        "stop" : 1698821805933,
        "duration" : 0
      },
      "status" : "skipped",
      "steps" : [ ],
      "attachments" : [ ],
      "parameters" : [ ],
      "stepsCount" : 0,
      "attachmentsCount" : 0,
      "shouldDisplayMessage" : false,
      "hasContent" : false
    }, {
      "name" : "Then The user should be redirected to the \"privacy_statment\" page",
      "time" : {
        "start" : 1698821805933,
        "stop" : 1698821805933,
        "duration" : 0
      },
      "status" : "skipped",
      "steps" : [ ],
      "attachments" : [ ],
      "parameters" : [ ],
      "stepsCount" : 0,
      "attachmentsCount" : 0,
      "shouldDisplayMessage" : false,
      "hasContent" : false
    }, {
      "name" : "When The user clicks on the \"licennse_agreement\" button",
      "time" : {
        "start" : 1698821805933,
        "stop" : 1698821805933,
        "duration" : 0
      },
      "status" : "skipped",
      "steps" : [ ],
      "attachments" : [ ],
      "parameters" : [ ],
      "stepsCount" : 0,
      "attachmentsCount" : 0,
      "shouldDisplayMessage" : false,
      "hasContent" : false
    }, {
      "name" : "Then The user should be redirected to the \"licennse_agreement\" page",
      "time" : {
        "start" : 1698821805933,
        "stop" : 1698821805933,
        "duration" : 0
      },
      "status" : "skipped",
      "steps" : [ ],
      "attachments" : [ ],
      "parameters" : [ ],
      "stepsCount" : 0,
      "attachmentsCount" : 0,
      "shouldDisplayMessage" : false,
      "hasContent" : false
    }, {
      "name" : "When The user clicks on the \"contributor_agreement\" button",
      "time" : {
        "start" : 1698821805933,
        "stop" : 1698821805933,
        "duration" : 0
      },
      "status" : "skipped",
      "steps" : [ ],
      "attachments" : [ ],
      "parameters" : [ ],
      "stepsCount" : 0,
      "attachmentsCount" : 0,
      "shouldDisplayMessage" : false,
      "hasContent" : false
    }, {
      "name" : "Then The user should be redirected to the \"contributor_agreement\" page",
      "time" : {
        "start" : 1698821805933,
        "stop" : 1698821805933,
        "duration" : 0
      },
      "status" : "skipped",
      "steps" : [ ],
      "attachments" : [ ],
      "parameters" : [ ],
      "stepsCount" : 0,
      "attachmentsCount" : 0,
      "shouldDisplayMessage" : false,
      "hasContent" : false
    }, {
      "name" : "When The user clicks on the \"sitemap\" button",
      "time" : {
        "start" : 1698821805933,
        "stop" : 1698821805933,
        "duration" : 0
      },
      "status" : "skipped",
      "steps" : [ ],
      "attachments" : [ ],
      "parameters" : [ ],
      "stepsCount" : 0,
      "attachmentsCount" : 0,
      "shouldDisplayMessage" : false,
      "hasContent" : false
    }, {
      "name" : "Then The user should be redirected to the \"sitemap\" page",
      "time" : {
        "start" : 1698821805933,
        "stop" : 1698821805933,
        "duration" : 0
      },
      "status" : "skipped",
      "steps" : [ ],
      "attachments" : [ ],
      "parameters" : [ ],
      "stepsCount" : 0,
      "attachmentsCount" : 0,
      "shouldDisplayMessage" : false,
      "hasContent" : false
    }, {
      "name" : "When The user clicks on the \"contact_us\" button",
      "time" : {
        "start" : 1698821805933,
        "stop" : 1698821805933,
        "duration" : 0
      },
      "status" : "skipped",
      "steps" : [ ],
      "attachments" : [ ],
      "parameters" : [ ],
      "stepsCount" : 0,
      "attachmentsCount" : 0,
      "shouldDisplayMessage" : false,
      "hasContent" : false
    }, {
      "name" : "Then The user should be redirected to the \"contact\" page",
      "time" : {
        "start" : 1698821805933,
        "stop" : 1698821805933,
        "duration" : 0
      },
      "status" : "skipped",
      "steps" : [ ],
      "attachments" : [ ],
      "parameters" : [ ],
      "stepsCount" : 0,
      "attachmentsCount" : 0,
      "shouldDisplayMessage" : false,
      "hasContent" : false
    } ],
    "attachments" : [ ],
    "parameters" : [ ],
    "stepsCount" : 12,
    "attachmentsCount" : 2,
    "shouldDisplayMessage" : false,
    "hasContent" : true
  },
  "afterStages" : [ ],
  "labels" : [ {
    "name" : "severity",
    "value" : "normal"
  }, {
    "name" : "feature",
    "value" : "Test Redirection of Pages"
  }, {
    "name" : "framework",
    "value" : "behave"
  }, {
    "name" : "language",
    "value" : "cpython3"
  }, {
    "name" : "resultFormat",
    "value" : "allure2"
  } ],
  "parameters" : [ ],
  "links" : [ ],
  "hidden" : false,
  "retry" : false,
  "extra" : {
    "severity" : "normal",
    "retries" : [ ],
    "categories" : [ {
      "name" : "Test defects",
      "matchedStatuses" : [ ],
      "flaky" : false
    } ],
    "tags" : [ ]
  },
  "source" : "406737b7f6d85bb2.json",
  "parameterValues" : [ ]
}