{
  "uid" : "e781f13395e43f48",
  "name" : "Test the Link Redirection on Footer",
  "fullName" : "Test Redirection of Pages: Test the Link Redirection on Footer",
  "historyId" : "76c5251f5fcfcec1f912f0a37b10614e",
  "time" : {
    "start" : 1698838648079,
    "stop" : 1698838668241,
    "duration" : 20162
  },
  "status" : "broken",
  "statusMessage" : "selenium.common.exceptions.NoSuchElementException: Message: no such element: Unable to locate element: {\"method\":\"xpath\",\"selector\":\"/html/body/div[7]/div[2]/div/div[1]/div/div[2]/div/button[3]\"}\n  (Session info: headless chrome=114.0.5735.133); For documentation on this error, please visit: https://www.selenium.dev/documentation/webdriver/troubleshooting/errors#no-such-element-exception\nStacktrace:\n#0 0x55d7236714e3 <unknown>\n#1 0x55d7233a0c76 <unknown>\n#2 0x55d7233dcc96 <unknown>\n#3 0x55d7233dcdc1 <unknown>\n#4 0x55d7234167f4 <unknown>\n#5 0x55d7233fc03d <unknown>\n#6 0x55d72341430e <unknown>\n#7 0x55d7233fbde3 <unknown>\n#8 0x55d7233d12dd <unknown>\n#9 0x55d7233d234e <unknown>\n#10 0x55d7236313e4 <unknown>\n#11 0x55d7236353d7 <unknown>\n#12 0x55d72363fb20 <unknown>\n#13 0x55d723636023 <unknown>\n#14 0x55d7236041aa <unknown>\n#15 0x55d72365a6b8 <unknown>\n#16 0x55d72365a847 <unknown>\n#17 0x55d72366a243 <unknown>\n#18 0x7f8a0da90402 <unknown>\n\n",
  "statusTrace" : "  File \"/usr/local/lib/python3.10/dist-packages/behave/model.py\", line 1329, in run\n    match.run(runner.context)\n  File \"/usr/local/lib/python3.10/dist-packages/behave/matchers.py\", line 98, in run\n    self.func(context, *args, **kwargs)\n  File \"steps/PageRedirectionSteps.py\", line 103, in step_impl\n    button_element = context.driver.find_element(By.XPATH, xpath)\n  File \"/home/addweb/.local/lib/python3.10/site-packages/selenium/webdriver/remote/webdriver.py\", line 740, in find_element\n    return self.execute(Command.FIND_ELEMENT, {\"using\": by, \"value\": value})[\"value\"]\n  File \"/home/addweb/.local/lib/python3.10/site-packages/selenium/webdriver/remote/webdriver.py\", line 346, in execute\n    self.error_handler.check_response(response)\n  File \"/home/addweb/.local/lib/python3.10/site-packages/selenium/webdriver/remote/errorhandler.py\", line 245, in check_response\n    raise exception_class(message, screen, stacktrace)\n",
  "flaky" : false,
  "newFailed" : false,
  "beforeStages" : [ ],
  "testStage" : {
    "status" : "broken",
    "statusMessage" : "selenium.common.exceptions.NoSuchElementException: Message: no such element: Unable to locate element: {\"method\":\"xpath\",\"selector\":\"/html/body/div[7]/div[2]/div/div[1]/div/div[2]/div/button[3]\"}\n  (Session info: headless chrome=114.0.5735.133); For documentation on this error, please visit: https://www.selenium.dev/documentation/webdriver/troubleshooting/errors#no-such-element-exception\nStacktrace:\n#0 0x55d7236714e3 <unknown>\n#1 0x55d7233a0c76 <unknown>\n#2 0x55d7233dcc96 <unknown>\n#3 0x55d7233dcdc1 <unknown>\n#4 0x55d7234167f4 <unknown>\n#5 0x55d7233fc03d <unknown>\n#6 0x55d72341430e <unknown>\n#7 0x55d7233fbde3 <unknown>\n#8 0x55d7233d12dd <unknown>\n#9 0x55d7233d234e <unknown>\n#10 0x55d7236313e4 <unknown>\n#11 0x55d7236353d7 <unknown>\n#12 0x55d72363fb20 <unknown>\n#13 0x55d723636023 <unknown>\n#14 0x55d7236041aa <unknown>\n#15 0x55d72365a6b8 <unknown>\n#16 0x55d72365a847 <unknown>\n#17 0x55d72366a243 <unknown>\n#18 0x7f8a0da90402 <unknown>\n\n",
    "statusTrace" : "  File \"/usr/local/lib/python3.10/dist-packages/behave/model.py\", line 1329, in run\n    match.run(runner.context)\n  File \"/usr/local/lib/python3.10/dist-packages/behave/matchers.py\", line 98, in run\n    self.func(context, *args, **kwargs)\n  File \"steps/PageRedirectionSteps.py\", line 103, in step_impl\n    button_element = context.driver.find_element(By.XPATH, xpath)\n  File \"/home/addweb/.local/lib/python3.10/site-packages/selenium/webdriver/remote/webdriver.py\", line 740, in find_element\n    return self.execute(Command.FIND_ELEMENT, {\"using\": by, \"value\": value})[\"value\"]\n  File \"/home/addweb/.local/lib/python3.10/site-packages/selenium/webdriver/remote/webdriver.py\", line 346, in execute\n    self.error_handler.check_response(response)\n  File \"/home/addweb/.local/lib/python3.10/site-packages/selenium/webdriver/remote/errorhandler.py\", line 245, in check_response\n    raise exception_class(message, screen, stacktrace)\n",
    "steps" : [ {
      "name" : "Given The user is on the \"live\" site",
      "time" : {
        "start" : 1698838648799,
        "stop" : 1698838657575,
        "duration" : 8776
      },
      "status" : "passed",
      "steps" : [ ],
      "attachments" : [ ],
      "parameters" : [ ],
      "stepsCount" : 0,
      "attachmentsCount" : 0,
      "shouldDisplayMessage" : false,
      "hasContent" : false
    }, {
      "name" : "When The user clicks on the \"privacy_statment\" button",
      "time" : {
        "start" : 1698838657575,
        "stop" : 1698838660502,
        "duration" : 2927
      },
      "status" : "passed",
      "steps" : [ ],
      "attachments" : [ ],
      "parameters" : [ ],
      "stepsCount" : 0,
      "attachmentsCount" : 0,
      "shouldDisplayMessage" : false,
      "hasContent" : false
    }, {
      "name" : "Then The user should be redirected to the \"privacy_statment\" page",
      "time" : {
        "start" : 1698838660502,
        "stop" : 1698838662884,
        "duration" : 2382
      },
      "status" : "passed",
      "steps" : [ ],
      "attachments" : [ ],
      "parameters" : [ ],
      "stepsCount" : 0,
      "attachmentsCount" : 0,
      "shouldDisplayMessage" : false,
      "hasContent" : false
    }, {
      "name" : "When The user clicks on the \"accept_cookie\" button",
      "time" : {
        "start" : 1698838662885,
        "stop" : 1698838668177,
        "duration" : 5292
      },
      "status" : "broken",
      "statusMessage" : "selenium.common.exceptions.NoSuchElementException: Message: no such element: Unable to locate element: {\"method\":\"xpath\",\"selector\":\"/html/body/div[7]/div[2]/div/div[1]/div/div[2]/div/button[3]\"}\n  (Session info: headless chrome=114.0.5735.133); For documentation on this error, please visit: https://www.selenium.dev/documentation/webdriver/troubleshooting/errors#no-such-element-exception\nStacktrace:\n#0 0x55d7236714e3 <unknown>\n#1 0x55d7233a0c76 <unknown>\n#2 0x55d7233dcc96 <unknown>\n#3 0x55d7233dcdc1 <unknown>\n#4 0x55d7234167f4 <unknown>\n#5 0x55d7233fc03d <unknown>\n#6 0x55d72341430e <unknown>\n#7 0x55d7233fbde3 <unknown>\n#8 0x55d7233d12dd <unknown>\n#9 0x55d7233d234e <unknown>\n#10 0x55d7236313e4 <unknown>\n#11 0x55d7236353d7 <unknown>\n#12 0x55d72363fb20 <unknown>\n#13 0x55d723636023 <unknown>\n#14 0x55d7236041aa <unknown>\n#15 0x55d72365a6b8 <unknown>\n#16 0x55d72365a847 <unknown>\n#17 0x55d72366a243 <unknown>\n#18 0x7f8a0da90402 <unknown>\n\n",
      "statusTrace" : "  File \"/usr/local/lib/python3.10/dist-packages/behave/model.py\", line 1329, in run\n    match.run(runner.context)\n  File \"/usr/local/lib/python3.10/dist-packages/behave/matchers.py\", line 98, in run\n    self.func(context, *args, **kwargs)\n  File \"steps/PageRedirectionSteps.py\", line 103, in step_impl\n    button_element = context.driver.find_element(By.XPATH, xpath)\n  File \"/home/addweb/.local/lib/python3.10/site-packages/selenium/webdriver/remote/webdriver.py\", line 740, in find_element\n    return self.execute(Command.FIND_ELEMENT, {\"using\": by, \"value\": value})[\"value\"]\n  File \"/home/addweb/.local/lib/python3.10/site-packages/selenium/webdriver/remote/webdriver.py\", line 346, in execute\n    self.error_handler.check_response(response)\n  File \"/home/addweb/.local/lib/python3.10/site-packages/selenium/webdriver/remote/errorhandler.py\", line 245, in check_response\n    raise exception_class(message, screen, stacktrace)\n",
      "steps" : [ ],
      "attachments" : [ {
        "uid" : "94e66f3a95b689fa",
        "name" : "Error Message",
        "source" : "94e66f3a95b689fa.txt",
        "type" : "text/plain",
        "size" : 912
      }, {
        "uid" : "8fb8ce97396c60fc",
        "name" : "Screenshot of https://www.voltactivedata.com/ Page",
        "source" : "8fb8ce97396c60fc.png",
        "type" : "image/png",
        "size" : 439462
      } ],
      "parameters" : [ ],
      "stepsCount" : 0,
      "attachmentsCount" : 2,
      "shouldDisplayMessage" : true,
      "hasContent" : true
    }, {
      "name" : "When The user clicks on the \"licennse_agreement\" button",
      "time" : {
        "start" : 1698838668241,
        "stop" : 1698838668241,
        "duration" : 0
      },
      "status" : "skipped",
      "steps" : [ ],
      "attachments" : [ ],
      "parameters" : [ ],
      "stepsCount" : 0,
      "attachmentsCount" : 0,
      "shouldDisplayMessage" : false,
      "hasContent" : false
    }, {
      "name" : "Then The user should be redirected to the \"licennse_agreement\" page",
      "time" : {
        "start" : 1698838668241,
        "stop" : 1698838668241,
        "duration" : 0
      },
      "status" : "skipped",
      "steps" : [ ],
      "attachments" : [ ],
      "parameters" : [ ],
      "stepsCount" : 0,
      "attachmentsCount" : 0,
      "shouldDisplayMessage" : false,
      "hasContent" : false
    }, {
      "name" : "When The user clicks on the \"contributor_agreement\" button",
      "time" : {
        "start" : 1698838668241,
        "stop" : 1698838668241,
        "duration" : 0
      },
      "status" : "skipped",
      "steps" : [ ],
      "attachments" : [ ],
      "parameters" : [ ],
      "stepsCount" : 0,
      "attachmentsCount" : 0,
      "shouldDisplayMessage" : false,
      "hasContent" : false
    }, {
      "name" : "Then The user should be redirected to the \"contributor_agreement\" page",
      "time" : {
        "start" : 1698838668241,
        "stop" : 1698838668241,
        "duration" : 0
      },
      "status" : "skipped",
      "steps" : [ ],
      "attachments" : [ ],
      "parameters" : [ ],
      "stepsCount" : 0,
      "attachmentsCount" : 0,
      "shouldDisplayMessage" : false,
      "hasContent" : false
    }, {
      "name" : "When The user clicks on the \"sitemap\" button",
      "time" : {
        "start" : 1698838668241,
        "stop" : 1698838668241,
        "duration" : 0
      },
      "status" : "skipped",
      "steps" : [ ],
      "attachments" : [ ],
      "parameters" : [ ],
      "stepsCount" : 0,
      "attachmentsCount" : 0,
      "shouldDisplayMessage" : false,
      "hasContent" : false
    }, {
      "name" : "Then The user should be redirected to the \"sitemap\" page",
      "time" : {
        "start" : 1698838668241,
        "stop" : 1698838668241,
        "duration" : 0
      },
      "status" : "skipped",
      "steps" : [ ],
      "attachments" : [ ],
      "parameters" : [ ],
      "stepsCount" : 0,
      "attachmentsCount" : 0,
      "shouldDisplayMessage" : false,
      "hasContent" : false
    }, {
      "name" : "When The user clicks on the \"contact_us\" button",
      "time" : {
        "start" : 1698838668241,
        "stop" : 1698838668241,
        "duration" : 0
      },
      "status" : "skipped",
      "steps" : [ ],
      "attachments" : [ ],
      "parameters" : [ ],
      "stepsCount" : 0,
      "attachmentsCount" : 0,
      "shouldDisplayMessage" : false,
      "hasContent" : false
    }, {
      "name" : "Then The user should be redirected to the \"contact\" page",
      "time" : {
        "start" : 1698838668241,
        "stop" : 1698838668241,
        "duration" : 0
      },
      "status" : "skipped",
      "steps" : [ ],
      "attachments" : [ ],
      "parameters" : [ ],
      "stepsCount" : 0,
      "attachmentsCount" : 0,
      "shouldDisplayMessage" : false,
      "hasContent" : false
    } ],
    "attachments" : [ ],
    "parameters" : [ ],
    "stepsCount" : 12,
    "attachmentsCount" : 2,
    "shouldDisplayMessage" : false,
    "hasContent" : true
  },
  "afterStages" : [ ],
  "labels" : [ {
    "name" : "severity",
    "value" : "normal"
  }, {
    "name" : "feature",
    "value" : "Test Redirection of Pages"
  }, {
    "name" : "framework",
    "value" : "behave"
  }, {
    "name" : "language",
    "value" : "cpython3"
  }, {
    "name" : "resultFormat",
    "value" : "allure2"
  } ],
  "parameters" : [ ],
  "links" : [ ],
  "hidden" : false,
  "retry" : false,
  "extra" : {
    "severity" : "normal",
    "retries" : [ ],
    "categories" : [ {
      "name" : "Test defects",
      "matchedStatuses" : [ ],
      "flaky" : false
    } ],
    "tags" : [ ]
  },
  "source" : "e781f13395e43f48.json",
  "parameterValues" : [ ]
}