{
  "uid" : "1a7b2273e56a84e7",
  "name" : "Test submenu and button on the Resources page",
  "fullName" : "Test Redirection of Pages: Test submenu and button on the Resources page",
  "historyId" : "22b01316d2a65b4f589a9af09648ad5d",
  "time" : {
    "start" : 1698817263596,
    "stop" : 1698817278437,
    "duration" : 14841
  },
  "status" : "broken",
  "statusMessage" : "selenium.common.exceptions.ElementClickInterceptedException: Message: element click intercepted: Element <div class=\"nice-select type\" tabindex=\"0\">...</div> is not clickable at point (201, 591). Other element would receive the click: <div id=\"onetrust-policy-text\">...</div>\n  (Session info: chrome=114.0.5735.133)\nStacktrace:\n#0 0x562ef18184e3 <unknown>\n#1 0x562ef1547c76 <unknown>\n#2 0x562ef15899d4 <unknown>\n#3 0x562ef1587cbd <unknown>\n#4 0x562ef1585d2e <unknown>\n#5 0x562ef158510f <unknown>\n#6 0x562ef157a1da <unknown>\n#7 0x562ef15a3012 <unknown>\n#8 0x562ef1579b03 <unknown>\n#9 0x562ef15a31de <unknown>\n#10 0x562ef15bb30e <unknown>\n#11 0x562ef15a2de3 <unknown>\n#12 0x562ef15782dd <unknown>\n#13 0x562ef157934e <unknown>\n#14 0x562ef17d83e4 <unknown>\n#15 0x562ef17dc3d7 <unknown>\n#16 0x562ef17e6b20 <unknown>\n#17 0x562ef17dd023 <unknown>\n#18 0x562ef17ab1aa <unknown>\n#19 0x562ef18016b8 <unknown>\n#20 0x562ef1801847 <unknown>\n#21 0x562ef1811243 <unknown>\n#22 0x7fa130690402 <unknown>\n\n",
  "statusTrace" : "  File \"/usr/local/lib/python3.10/dist-packages/behave/model.py\", line 1329, in run\n    match.run(runner.context)\n  File \"/usr/local/lib/python3.10/dist-packages/behave/matchers.py\", line 98, in run\n    self.func(context, *args, **kwargs)\n  File \"steps/PageRedirectionSteps.py\", line 231, in step_impl\n    type_dropdown_btn.click()\n  File \"/home/addweb/.local/lib/python3.10/site-packages/selenium/webdriver/remote/webelement.py\", line 94, in click\n    self._execute(Command.CLICK_ELEMENT)\n  File \"/home/addweb/.local/lib/python3.10/site-packages/selenium/webdriver/remote/webelement.py\", line 395, in _execute\n    return self._parent.execute(command, params)\n  File \"/home/addweb/.local/lib/python3.10/site-packages/selenium/webdriver/remote/webdriver.py\", line 346, in execute\n    self.error_handler.check_response(response)\n  File \"/home/addweb/.local/lib/python3.10/site-packages/selenium/webdriver/remote/errorhandler.py\", line 245, in check_response\n    raise exception_class(message, screen, stacktrace)\n",
  "flaky" : false,
  "newFailed" : false,
  "beforeStages" : [ ],
  "testStage" : {
    "status" : "broken",
    "statusMessage" : "selenium.common.exceptions.ElementClickInterceptedException: Message: element click intercepted: Element <div class=\"nice-select type\" tabindex=\"0\">...</div> is not clickable at point (201, 591). Other element would receive the click: <div id=\"onetrust-policy-text\">...</div>\n  (Session info: chrome=114.0.5735.133)\nStacktrace:\n#0 0x562ef18184e3 <unknown>\n#1 0x562ef1547c76 <unknown>\n#2 0x562ef15899d4 <unknown>\n#3 0x562ef1587cbd <unknown>\n#4 0x562ef1585d2e <unknown>\n#5 0x562ef158510f <unknown>\n#6 0x562ef157a1da <unknown>\n#7 0x562ef15a3012 <unknown>\n#8 0x562ef1579b03 <unknown>\n#9 0x562ef15a31de <unknown>\n#10 0x562ef15bb30e <unknown>\n#11 0x562ef15a2de3 <unknown>\n#12 0x562ef15782dd <unknown>\n#13 0x562ef157934e <unknown>\n#14 0x562ef17d83e4 <unknown>\n#15 0x562ef17dc3d7 <unknown>\n#16 0x562ef17e6b20 <unknown>\n#17 0x562ef17dd023 <unknown>\n#18 0x562ef17ab1aa <unknown>\n#19 0x562ef18016b8 <unknown>\n#20 0x562ef1801847 <unknown>\n#21 0x562ef1811243 <unknown>\n#22 0x7fa130690402 <unknown>\n\n",
    "statusTrace" : "  File \"/usr/local/lib/python3.10/dist-packages/behave/model.py\", line 1329, in run\n    match.run(runner.context)\n  File \"/usr/local/lib/python3.10/dist-packages/behave/matchers.py\", line 98, in run\n    self.func(context, *args, **kwargs)\n  File \"steps/PageRedirectionSteps.py\", line 231, in step_impl\n    type_dropdown_btn.click()\n  File \"/home/addweb/.local/lib/python3.10/site-packages/selenium/webdriver/remote/webelement.py\", line 94, in click\n    self._execute(Command.CLICK_ELEMENT)\n  File \"/home/addweb/.local/lib/python3.10/site-packages/selenium/webdriver/remote/webelement.py\", line 395, in _execute\n    return self._parent.execute(command, params)\n  File \"/home/addweb/.local/lib/python3.10/site-packages/selenium/webdriver/remote/webdriver.py\", line 346, in execute\n    self.error_handler.check_response(response)\n  File \"/home/addweb/.local/lib/python3.10/site-packages/selenium/webdriver/remote/errorhandler.py\", line 245, in check_response\n    raise exception_class(message, screen, stacktrace)\n",
    "steps" : [ {
      "name" : "Given The user is on the \"stg\" site",
      "time" : {
        "start" : 1698817264550,
        "stop" : 1698817272209,
        "duration" : 7659
      },
      "status" : "passed",
      "steps" : [ ],
      "attachments" : [ ],
      "parameters" : [ ],
      "stepsCount" : 0,
      "attachmentsCount" : 0,
      "shouldDisplayMessage" : false,
      "hasContent" : false
    }, {
      "name" : "When The user hovers over the \"resources\" menu",
      "time" : {
        "start" : 1698817272209,
        "stop" : 1698817272524,
        "duration" : 315
      },
      "status" : "passed",
      "steps" : [ ],
      "attachments" : [ ],
      "parameters" : [ ],
      "stepsCount" : 0,
      "attachmentsCount" : 0,
      "shouldDisplayMessage" : false,
      "hasContent" : false
    }, {
      "name" : "And The user clicks on the \"resources_library\" submenu link and verify the redirection \"resources_library\" page",
      "time" : {
        "start" : 1698817272524,
        "stop" : 1698817277261,
        "duration" : 4737
      },
      "status" : "passed",
      "steps" : [ ],
      "attachments" : [ ],
      "parameters" : [ ],
      "stepsCount" : 0,
      "attachmentsCount" : 0,
      "shouldDisplayMessage" : false,
      "hasContent" : false
    }, {
      "name" : "When The user selects \"REPORT\" from the \"Type\" dropdown in \"Type UL\"",
      "time" : {
        "start" : 1698817277262,
        "stop" : 1698817278365,
        "duration" : 1103
      },
      "status" : "broken",
      "statusMessage" : "selenium.common.exceptions.ElementClickInterceptedException: Message: element click intercepted: Element <div class=\"nice-select type\" tabindex=\"0\">...</div> is not clickable at point (201, 591). Other element would receive the click: <div id=\"onetrust-policy-text\">...</div>\n  (Session info: chrome=114.0.5735.133)\nStacktrace:\n#0 0x562ef18184e3 <unknown>\n#1 0x562ef1547c76 <unknown>\n#2 0x562ef15899d4 <unknown>\n#3 0x562ef1587cbd <unknown>\n#4 0x562ef1585d2e <unknown>\n#5 0x562ef158510f <unknown>\n#6 0x562ef157a1da <unknown>\n#7 0x562ef15a3012 <unknown>\n#8 0x562ef1579b03 <unknown>\n#9 0x562ef15a31de <unknown>\n#10 0x562ef15bb30e <unknown>\n#11 0x562ef15a2de3 <unknown>\n#12 0x562ef15782dd <unknown>\n#13 0x562ef157934e <unknown>\n#14 0x562ef17d83e4 <unknown>\n#15 0x562ef17dc3d7 <unknown>\n#16 0x562ef17e6b20 <unknown>\n#17 0x562ef17dd023 <unknown>\n#18 0x562ef17ab1aa <unknown>\n#19 0x562ef18016b8 <unknown>\n#20 0x562ef1801847 <unknown>\n#21 0x562ef1811243 <unknown>\n#22 0x7fa130690402 <unknown>\n\n",
      "statusTrace" : "  File \"/usr/local/lib/python3.10/dist-packages/behave/model.py\", line 1329, in run\n    match.run(runner.context)\n  File \"/usr/local/lib/python3.10/dist-packages/behave/matchers.py\", line 98, in run\n    self.func(context, *args, **kwargs)\n  File \"steps/PageRedirectionSteps.py\", line 231, in step_impl\n    type_dropdown_btn.click()\n  File \"/home/addweb/.local/lib/python3.10/site-packages/selenium/webdriver/remote/webelement.py\", line 94, in click\n    self._execute(Command.CLICK_ELEMENT)\n  File \"/home/addweb/.local/lib/python3.10/site-packages/selenium/webdriver/remote/webelement.py\", line 395, in _execute\n    return self._parent.execute(command, params)\n  File \"/home/addweb/.local/lib/python3.10/site-packages/selenium/webdriver/remote/webdriver.py\", line 346, in execute\n    self.error_handler.check_response(response)\n  File \"/home/addweb/.local/lib/python3.10/site-packages/selenium/webdriver/remote/errorhandler.py\", line 245, in check_response\n    raise exception_class(message, screen, stacktrace)\n",
      "steps" : [ ],
      "attachments" : [ ],
      "parameters" : [ ],
      "stepsCount" : 0,
      "attachmentsCount" : 0,
      "shouldDisplayMessage" : true,
      "hasContent" : true
    }, {
      "name" : "Then The \"resource_list_element\" should be filtered by \"REPORT\" type",
      "time" : {
        "start" : 1698817278437,
        "stop" : 1698817278437,
        "duration" : 0
      },
      "status" : "skipped",
      "steps" : [ ],
      "attachments" : [ ],
      "parameters" : [ ],
      "stepsCount" : 0,
      "attachmentsCount" : 0,
      "shouldDisplayMessage" : false,
      "hasContent" : false
    }, {
      "name" : "When The user enters the resource title \"Resource Title\" in the \"search bar\"",
      "time" : {
        "start" : 1698817278437,
        "stop" : 1698817278437,
        "duration" : 0
      },
      "status" : "skipped",
      "steps" : [ ],
      "attachments" : [ ],
      "parameters" : [ ],
      "stepsCount" : 0,
      "attachmentsCount" : 0,
      "shouldDisplayMessage" : false,
      "hasContent" : false
    }, {
      "name" : "Then The \"resource_list_element\" should be filtered by \"Resource Title\" resource",
      "time" : {
        "start" : 1698817278437,
        "stop" : 1698817278437,
        "duration" : 0
      },
      "status" : "skipped",
      "steps" : [ ],
      "attachments" : [ ],
      "parameters" : [ ],
      "stepsCount" : 0,
      "attachmentsCount" : 0,
      "shouldDisplayMessage" : false,
      "hasContent" : false
    } ],
    "attachments" : [ ],
    "parameters" : [ ],
    "stepsCount" : 7,
    "attachmentsCount" : 0,
    "shouldDisplayMessage" : false,
    "hasContent" : true
  },
  "afterStages" : [ ],
  "labels" : [ {
    "name" : "severity",
    "value" : "normal"
  }, {
    "name" : "feature",
    "value" : "Test Redirection of Pages"
  }, {
    "name" : "framework",
    "value" : "behave"
  }, {
    "name" : "language",
    "value" : "cpython3"
  }, {
    "name" : "resultFormat",
    "value" : "allure2"
  } ],
  "parameters" : [ ],
  "links" : [ ],
  "hidden" : false,
  "retry" : false,
  "extra" : {
    "severity" : "normal",
    "retries" : [ ],
    "categories" : [ {
      "name" : "Test defects",
      "matchedStatuses" : [ ],
      "flaky" : false
    } ],
    "tags" : [ ]
  },
  "source" : "1a7b2273e56a84e7.json",
  "parameterValues" : [ ]
}