{
  "uid" : "7ac0d4cb773abb57",
  "name" : "Test the Link Redirection on Footer",
  "fullName" : "Test Redirection of Pages: Test the Link Redirection on Footer",
  "historyId" : "76c5251f5fcfcec1f912f0a37b10614e",
  "time" : {
    "start" : 1698821910136,
    "stop" : 1698821932496,
    "duration" : 22360
  },
  "status" : "broken",
  "statusMessage" : "selenium.common.exceptions.ElementClickInterceptedException: Message: element click intercepted: Element <a href=\"/contributor-license-agreement/\">...</a> is not clickable at point (773, 601). Other element would receive the click: <div id=\"onetrust-button-group-parent\" class=\"ot-sdk-three ot-sdk-columns has-reject-all-button\">...</div>\n  (Session info: chrome=114.0.5735.133)\nStacktrace:\n#0 0x5616c59de4e3 <unknown>\n#1 0x5616c570dc76 <unknown>\n#2 0x5616c574f9d4 <unknown>\n#3 0x5616c574dcbd <unknown>\n#4 0x5616c574bd2e <unknown>\n#5 0x5616c574b10f <unknown>\n#6 0x5616c57401da <unknown>\n#7 0x5616c5769012 <unknown>\n#8 0x5616c573fb03 <unknown>\n#9 0x5616c57691de <unknown>\n#10 0x5616c578130e <unknown>\n#11 0x5616c5768de3 <unknown>\n#12 0x5616c573e2dd <unknown>\n#13 0x5616c573f34e <unknown>\n#14 0x5616c599e3e4 <unknown>\n#15 0x5616c59a23d7 <unknown>\n#16 0x5616c59acb20 <unknown>\n#17 0x5616c59a3023 <unknown>\n#18 0x5616c59711aa <unknown>\n#19 0x5616c59c76b8 <unknown>\n#20 0x5616c59c7847 <unknown>\n#21 0x5616c59d7243 <unknown>\n#22 0x7fb691e90402 <unknown>\n\n",
  "statusTrace" : "  File \"/usr/local/lib/python3.10/dist-packages/behave/model.py\", line 1329, in run\n    match.run(runner.context)\n  File \"/usr/local/lib/python3.10/dist-packages/behave/matchers.py\", line 98, in run\n    self.func(context, *args, **kwargs)\n  File \"steps/PageRedirectionSteps.py\", line 109, in step_impl\n    button_element.click()\n  File \"/home/addweb/.local/lib/python3.10/site-packages/selenium/webdriver/remote/webelement.py\", line 94, in click\n    self._execute(Command.CLICK_ELEMENT)\n  File \"/home/addweb/.local/lib/python3.10/site-packages/selenium/webdriver/remote/webelement.py\", line 395, in _execute\n    return self._parent.execute(command, params)\n  File \"/home/addweb/.local/lib/python3.10/site-packages/selenium/webdriver/remote/webdriver.py\", line 346, in execute\n    self.error_handler.check_response(response)\n  File \"/home/addweb/.local/lib/python3.10/site-packages/selenium/webdriver/remote/errorhandler.py\", line 245, in check_response\n    raise exception_class(message, screen, stacktrace)\n",
  "flaky" : false,
  "newFailed" : false,
  "beforeStages" : [ ],
  "testStage" : {
    "status" : "broken",
    "statusMessage" : "selenium.common.exceptions.ElementClickInterceptedException: Message: element click intercepted: Element <a href=\"/contributor-license-agreement/\">...</a> is not clickable at point (773, 601). Other element would receive the click: <div id=\"onetrust-button-group-parent\" class=\"ot-sdk-three ot-sdk-columns has-reject-all-button\">...</div>\n  (Session info: chrome=114.0.5735.133)\nStacktrace:\n#0 0x5616c59de4e3 <unknown>\n#1 0x5616c570dc76 <unknown>\n#2 0x5616c574f9d4 <unknown>\n#3 0x5616c574dcbd <unknown>\n#4 0x5616c574bd2e <unknown>\n#5 0x5616c574b10f <unknown>\n#6 0x5616c57401da <unknown>\n#7 0x5616c5769012 <unknown>\n#8 0x5616c573fb03 <unknown>\n#9 0x5616c57691de <unknown>\n#10 0x5616c578130e <unknown>\n#11 0x5616c5768de3 <unknown>\n#12 0x5616c573e2dd <unknown>\n#13 0x5616c573f34e <unknown>\n#14 0x5616c599e3e4 <unknown>\n#15 0x5616c59a23d7 <unknown>\n#16 0x5616c59acb20 <unknown>\n#17 0x5616c59a3023 <unknown>\n#18 0x5616c59711aa <unknown>\n#19 0x5616c59c76b8 <unknown>\n#20 0x5616c59c7847 <unknown>\n#21 0x5616c59d7243 <unknown>\n#22 0x7fb691e90402 <unknown>\n\n",
    "statusTrace" : "  File \"/usr/local/lib/python3.10/dist-packages/behave/model.py\", line 1329, in run\n    match.run(runner.context)\n  File \"/usr/local/lib/python3.10/dist-packages/behave/matchers.py\", line 98, in run\n    self.func(context, *args, **kwargs)\n  File \"steps/PageRedirectionSteps.py\", line 109, in step_impl\n    button_element.click()\n  File \"/home/addweb/.local/lib/python3.10/site-packages/selenium/webdriver/remote/webelement.py\", line 94, in click\n    self._execute(Command.CLICK_ELEMENT)\n  File \"/home/addweb/.local/lib/python3.10/site-packages/selenium/webdriver/remote/webelement.py\", line 395, in _execute\n    return self._parent.execute(command, params)\n  File \"/home/addweb/.local/lib/python3.10/site-packages/selenium/webdriver/remote/webdriver.py\", line 346, in execute\n    self.error_handler.check_response(response)\n  File \"/home/addweb/.local/lib/python3.10/site-packages/selenium/webdriver/remote/errorhandler.py\", line 245, in check_response\n    raise exception_class(message, screen, stacktrace)\n",
    "steps" : [ {
      "name" : "Given The user is on the \"stg\" site",
      "time" : {
        "start" : 1698821911115,
        "stop" : 1698821917564,
        "duration" : 6449
      },
      "status" : "passed",
      "steps" : [ ],
      "attachments" : [ ],
      "parameters" : [ ],
      "stepsCount" : 0,
      "attachmentsCount" : 0,
      "shouldDisplayMessage" : false,
      "hasContent" : false
    }, {
      "name" : "When The user clicks on the \"privacy_statment\" button",
      "time" : {
        "start" : 1698821917564,
        "stop" : 1698821920958,
        "duration" : 3394
      },
      "status" : "passed",
      "steps" : [ ],
      "attachments" : [ ],
      "parameters" : [ ],
      "stepsCount" : 0,
      "attachmentsCount" : 0,
      "shouldDisplayMessage" : false,
      "hasContent" : false
    }, {
      "name" : "Then The user should be redirected to the \"privacy_statment\" page",
      "time" : {
        "start" : 1698821920958,
        "stop" : 1698821923128,
        "duration" : 2170
      },
      "status" : "passed",
      "steps" : [ ],
      "attachments" : [ ],
      "parameters" : [ ],
      "stepsCount" : 0,
      "attachmentsCount" : 0,
      "shouldDisplayMessage" : false,
      "hasContent" : false
    }, {
      "name" : "When The user clicks on the \"accept_cookie\" button",
      "time" : {
        "start" : 1698821923128,
        "stop" : 1698821925366,
        "duration" : 2238
      },
      "status" : "passed",
      "steps" : [ ],
      "attachments" : [ ],
      "parameters" : [ ],
      "stepsCount" : 0,
      "attachmentsCount" : 0,
      "shouldDisplayMessage" : false,
      "hasContent" : false
    }, {
      "name" : "When The user clicks on the \"licennse_agreement\" button",
      "time" : {
        "start" : 1698821925366,
        "stop" : 1698821928653,
        "duration" : 3287
      },
      "status" : "passed",
      "steps" : [ ],
      "attachments" : [ ],
      "parameters" : [ ],
      "stepsCount" : 0,
      "attachmentsCount" : 0,
      "shouldDisplayMessage" : false,
      "hasContent" : false
    }, {
      "name" : "Then The user should be redirected to the \"licennse_agreement\" page",
      "time" : {
        "start" : 1698821928653,
        "stop" : 1698821931080,
        "duration" : 2427
      },
      "status" : "passed",
      "steps" : [ ],
      "attachments" : [ ],
      "parameters" : [ ],
      "stepsCount" : 0,
      "attachmentsCount" : 0,
      "shouldDisplayMessage" : false,
      "hasContent" : false
    }, {
      "name" : "When The user clicks on the \"contributor_agreement\" button",
      "time" : {
        "start" : 1698821931081,
        "stop" : 1698821932426,
        "duration" : 1345
      },
      "status" : "broken",
      "statusMessage" : "selenium.common.exceptions.ElementClickInterceptedException: Message: element click intercepted: Element <a href=\"/contributor-license-agreement/\">...</a> is not clickable at point (773, 601). Other element would receive the click: <div id=\"onetrust-button-group-parent\" class=\"ot-sdk-three ot-sdk-columns has-reject-all-button\">...</div>\n  (Session info: chrome=114.0.5735.133)\nStacktrace:\n#0 0x5616c59de4e3 <unknown>\n#1 0x5616c570dc76 <unknown>\n#2 0x5616c574f9d4 <unknown>\n#3 0x5616c574dcbd <unknown>\n#4 0x5616c574bd2e <unknown>\n#5 0x5616c574b10f <unknown>\n#6 0x5616c57401da <unknown>\n#7 0x5616c5769012 <unknown>\n#8 0x5616c573fb03 <unknown>\n#9 0x5616c57691de <unknown>\n#10 0x5616c578130e <unknown>\n#11 0x5616c5768de3 <unknown>\n#12 0x5616c573e2dd <unknown>\n#13 0x5616c573f34e <unknown>\n#14 0x5616c599e3e4 <unknown>\n#15 0x5616c59a23d7 <unknown>\n#16 0x5616c59acb20 <unknown>\n#17 0x5616c59a3023 <unknown>\n#18 0x5616c59711aa <unknown>\n#19 0x5616c59c76b8 <unknown>\n#20 0x5616c59c7847 <unknown>\n#21 0x5616c59d7243 <unknown>\n#22 0x7fb691e90402 <unknown>\n\n",
      "statusTrace" : "  File \"/usr/local/lib/python3.10/dist-packages/behave/model.py\", line 1329, in run\n    match.run(runner.context)\n  File \"/usr/local/lib/python3.10/dist-packages/behave/matchers.py\", line 98, in run\n    self.func(context, *args, **kwargs)\n  File \"steps/PageRedirectionSteps.py\", line 109, in step_impl\n    button_element.click()\n  File \"/home/addweb/.local/lib/python3.10/site-packages/selenium/webdriver/remote/webelement.py\", line 94, in click\n    self._execute(Command.CLICK_ELEMENT)\n  File \"/home/addweb/.local/lib/python3.10/site-packages/selenium/webdriver/remote/webelement.py\", line 395, in _execute\n    return self._parent.execute(command, params)\n  File \"/home/addweb/.local/lib/python3.10/site-packages/selenium/webdriver/remote/webdriver.py\", line 346, in execute\n    self.error_handler.check_response(response)\n  File \"/home/addweb/.local/lib/python3.10/site-packages/selenium/webdriver/remote/errorhandler.py\", line 245, in check_response\n    raise exception_class(message, screen, stacktrace)\n",
      "steps" : [ ],
      "attachments" : [ {
        "uid" : "f6fd853e7c23f8bb",
        "name" : "Error Message",
        "source" : "f6fd853e7c23f8bb.txt",
        "type" : "text/plain",
        "size" : 1006
      }, {
        "uid" : "3a7971fce6cc7feb",
        "name" : "Screenshot of https://voltSTG:oI5L!YKmQ%401gOvqQ@stg.voltactivedata.com/ Page",
        "source" : "3a7971fce6cc7feb.png",
        "type" : "image/png",
        "size" : 211884
      } ],
      "parameters" : [ ],
      "stepsCount" : 0,
      "attachmentsCount" : 2,
      "shouldDisplayMessage" : true,
      "hasContent" : true
    }, {
      "name" : "Then The user should be redirected to the \"contributor_agreement\" page",
      "time" : {
        "start" : 1698821932496,
        "stop" : 1698821932496,
        "duration" : 0
      },
      "status" : "skipped",
      "steps" : [ ],
      "attachments" : [ ],
      "parameters" : [ ],
      "stepsCount" : 0,
      "attachmentsCount" : 0,
      "shouldDisplayMessage" : false,
      "hasContent" : false
    }, {
      "name" : "When The user clicks on the \"sitemap\" button",
      "time" : {
        "start" : 1698821932496,
        "stop" : 1698821932496,
        "duration" : 0
      },
      "status" : "skipped",
      "steps" : [ ],
      "attachments" : [ ],
      "parameters" : [ ],
      "stepsCount" : 0,
      "attachmentsCount" : 0,
      "shouldDisplayMessage" : false,
      "hasContent" : false
    }, {
      "name" : "Then The user should be redirected to the \"sitemap\" page",
      "time" : {
        "start" : 1698821932496,
        "stop" : 1698821932496,
        "duration" : 0
      },
      "status" : "skipped",
      "steps" : [ ],
      "attachments" : [ ],
      "parameters" : [ ],
      "stepsCount" : 0,
      "attachmentsCount" : 0,
      "shouldDisplayMessage" : false,
      "hasContent" : false
    }, {
      "name" : "When The user clicks on the \"contact_us\" button",
      "time" : {
        "start" : 1698821932496,
        "stop" : 1698821932496,
        "duration" : 0
      },
      "status" : "skipped",
      "steps" : [ ],
      "attachments" : [ ],
      "parameters" : [ ],
      "stepsCount" : 0,
      "attachmentsCount" : 0,
      "shouldDisplayMessage" : false,
      "hasContent" : false
    }, {
      "name" : "Then The user should be redirected to the \"contact\" page",
      "time" : {
        "start" : 1698821932496,
        "stop" : 1698821932496,
        "duration" : 0
      },
      "status" : "skipped",
      "steps" : [ ],
      "attachments" : [ ],
      "parameters" : [ ],
      "stepsCount" : 0,
      "attachmentsCount" : 0,
      "shouldDisplayMessage" : false,
      "hasContent" : false
    } ],
    "attachments" : [ ],
    "parameters" : [ ],
    "stepsCount" : 12,
    "attachmentsCount" : 2,
    "shouldDisplayMessage" : false,
    "hasContent" : true
  },
  "afterStages" : [ ],
  "labels" : [ {
    "name" : "severity",
    "value" : "normal"
  }, {
    "name" : "feature",
    "value" : "Test Redirection of Pages"
  }, {
    "name" : "framework",
    "value" : "behave"
  }, {
    "name" : "language",
    "value" : "cpython3"
  }, {
    "name" : "resultFormat",
    "value" : "allure2"
  } ],
  "parameters" : [ ],
  "links" : [ ],
  "hidden" : false,
  "retry" : false,
  "extra" : {
    "severity" : "normal",
    "retries" : [ ],
    "categories" : [ {
      "name" : "Test defects",
      "matchedStatuses" : [ ],
      "flaky" : false
    } ],
    "tags" : [ ]
  },
  "source" : "7ac0d4cb773abb57.json",
  "parameterValues" : [ ]
}