{
  "uid" : "4a8bb8e5b1396e2",
  "name" : "Test submenu and button on the No Compromises page",
  "fullName" : "Test Redirection of Pages: Test submenu and button on the No Compromises page",
  "historyId" : "8af1733d93a92b880a91b9d2a03c5e86",
  "time" : {
    "start" : 1698734451087,
    "stop" : 1698734576734,
    "duration" : 125647
  },
  "status" : "broken",
  "statusMessage" : "selenium.common.exceptions.NoSuchWindowException: Message: no such window: target window already closed\nfrom unknown error: web view not found\n  (Session info: chrome=114.0.5735.133)\nStacktrace:\n#0 0x55656a5f44e3 <unknown>\n#1 0x55656a323c76 <unknown>\n#2 0x55656a2fdc6c <unknown>\n#3 0x55656a383f8f <unknown>\n#4 0x55656a396d66 <unknown>\n#5 0x55656a37ede3 <unknown>\n#6 0x55656a3542dd <unknown>\n#7 0x55656a35534e <unknown>\n#8 0x55656a5b43e4 <unknown>\n#9 0x55656a5b83d7 <unknown>\n#10 0x55656a5c2b20 <unknown>\n#11 0x55656a5b9023 <unknown>\n#12 0x55656a5871aa <unknown>\n#13 0x55656a5dd6b8 <unknown>\n#14 0x55656a5dd847 <unknown>\n#15 0x55656a5ed243 <unknown>\n#16 0x7f6bd9c90402 <unknown>\n\n",
  "statusTrace" : "  File \"/usr/local/lib/python3.10/dist-packages/behave/model.py\", line 1329, in run\n    match.run(runner.context)\n  File \"/usr/local/lib/python3.10/dist-packages/behave/matchers.py\", line 98, in run\n    self.func(context, *args, **kwargs)\n  File \"steps/PageRedirectionSteps.py\", line 91, in step_impl\n    allure.attach(context.driver.get_screenshot_as_png(), name=f\"Screenshot of {context.driver.current_url} Page\",\n  File \"/home/addweb/.local/lib/python3.10/site-packages/selenium/webdriver/remote/webdriver.py\", line 836, in get_screenshot_as_png\n    return b64decode(self.get_screenshot_as_base64().encode(\"ascii\"))\n  File \"/home/addweb/.local/lib/python3.10/site-packages/selenium/webdriver/remote/webdriver.py\", line 847, in get_screenshot_as_base64\n    return self.execute(Command.SCREENSHOT)[\"value\"]\n  File \"/home/addweb/.local/lib/python3.10/site-packages/selenium/webdriver/remote/webdriver.py\", line 346, in execute\n    self.error_handler.check_response(response)\n  File \"/home/addweb/.local/lib/python3.10/site-packages/selenium/webdriver/remote/errorhandler.py\", line 245, in check_response\n    raise exception_class(message, screen, stacktrace)\n",
  "flaky" : false,
  "newFailed" : false,
  "beforeStages" : [ ],
  "testStage" : {
    "status" : "broken",
    "statusMessage" : "selenium.common.exceptions.NoSuchWindowException: Message: no such window: target window already closed\nfrom unknown error: web view not found\n  (Session info: chrome=114.0.5735.133)\nStacktrace:\n#0 0x55656a5f44e3 <unknown>\n#1 0x55656a323c76 <unknown>\n#2 0x55656a2fdc6c <unknown>\n#3 0x55656a383f8f <unknown>\n#4 0x55656a396d66 <unknown>\n#5 0x55656a37ede3 <unknown>\n#6 0x55656a3542dd <unknown>\n#7 0x55656a35534e <unknown>\n#8 0x55656a5b43e4 <unknown>\n#9 0x55656a5b83d7 <unknown>\n#10 0x55656a5c2b20 <unknown>\n#11 0x55656a5b9023 <unknown>\n#12 0x55656a5871aa <unknown>\n#13 0x55656a5dd6b8 <unknown>\n#14 0x55656a5dd847 <unknown>\n#15 0x55656a5ed243 <unknown>\n#16 0x7f6bd9c90402 <unknown>\n\n",
    "statusTrace" : "  File \"/usr/local/lib/python3.10/dist-packages/behave/model.py\", line 1329, in run\n    match.run(runner.context)\n  File \"/usr/local/lib/python3.10/dist-packages/behave/matchers.py\", line 98, in run\n    self.func(context, *args, **kwargs)\n  File \"steps/PageRedirectionSteps.py\", line 91, in step_impl\n    allure.attach(context.driver.get_screenshot_as_png(), name=f\"Screenshot of {context.driver.current_url} Page\",\n  File \"/home/addweb/.local/lib/python3.10/site-packages/selenium/webdriver/remote/webdriver.py\", line 836, in get_screenshot_as_png\n    return b64decode(self.get_screenshot_as_base64().encode(\"ascii\"))\n  File \"/home/addweb/.local/lib/python3.10/site-packages/selenium/webdriver/remote/webdriver.py\", line 847, in get_screenshot_as_base64\n    return self.execute(Command.SCREENSHOT)[\"value\"]\n  File \"/home/addweb/.local/lib/python3.10/site-packages/selenium/webdriver/remote/webdriver.py\", line 346, in execute\n    self.error_handler.check_response(response)\n  File \"/home/addweb/.local/lib/python3.10/site-packages/selenium/webdriver/remote/errorhandler.py\", line 245, in check_response\n    raise exception_class(message, screen, stacktrace)\n",
    "steps" : [ {
      "name" : "Given The user is on the \"stg\" site",
      "time" : {
        "start" : 1698734452390,
        "stop" : 1698734462742,
        "duration" : 10352
      },
      "status" : "passed",
      "steps" : [ ],
      "attachments" : [ ],
      "parameters" : [ ],
      "stepsCount" : 0,
      "attachmentsCount" : 0,
      "shouldDisplayMessage" : false,
      "hasContent" : false
    }, {
      "name" : "When The user hovers over the \"why-volt\" menu",
      "time" : {
        "start" : 1698734462743,
        "stop" : 1698734463061,
        "duration" : 318
      },
      "status" : "passed",
      "steps" : [ ],
      "attachments" : [ ],
      "parameters" : [ ],
      "stepsCount" : 0,
      "attachmentsCount" : 0,
      "shouldDisplayMessage" : false,
      "hasContent" : false
    }, {
      "name" : "And The user clicks on the \"no-compromises-menu\" submenu link and verify the redirection \"no-compromises-menu\" page",
      "time" : {
        "start" : 1698734463061,
        "stop" : 1698734576660,
        "duration" : 113599
      },
      "status" : "broken",
      "statusMessage" : "selenium.common.exceptions.NoSuchWindowException: Message: no such window: target window already closed\nfrom unknown error: web view not found\n  (Session info: chrome=114.0.5735.133)\nStacktrace:\n#0 0x55656a5f44e3 <unknown>\n#1 0x55656a323c76 <unknown>\n#2 0x55656a2fdc6c <unknown>\n#3 0x55656a383f8f <unknown>\n#4 0x55656a396d66 <unknown>\n#5 0x55656a37ede3 <unknown>\n#6 0x55656a3542dd <unknown>\n#7 0x55656a35534e <unknown>\n#8 0x55656a5b43e4 <unknown>\n#9 0x55656a5b83d7 <unknown>\n#10 0x55656a5c2b20 <unknown>\n#11 0x55656a5b9023 <unknown>\n#12 0x55656a5871aa <unknown>\n#13 0x55656a5dd6b8 <unknown>\n#14 0x55656a5dd847 <unknown>\n#15 0x55656a5ed243 <unknown>\n#16 0x7f6bd9c90402 <unknown>\n\n",
      "statusTrace" : "  File \"/usr/local/lib/python3.10/dist-packages/behave/model.py\", line 1329, in run\n    match.run(runner.context)\n  File \"/usr/local/lib/python3.10/dist-packages/behave/matchers.py\", line 98, in run\n    self.func(context, *args, **kwargs)\n  File \"steps/PageRedirectionSteps.py\", line 91, in step_impl\n    allure.attach(context.driver.get_screenshot_as_png(), name=f\"Screenshot of {context.driver.current_url} Page\",\n  File \"/home/addweb/.local/lib/python3.10/site-packages/selenium/webdriver/remote/webdriver.py\", line 836, in get_screenshot_as_png\n    return b64decode(self.get_screenshot_as_base64().encode(\"ascii\"))\n  File \"/home/addweb/.local/lib/python3.10/site-packages/selenium/webdriver/remote/webdriver.py\", line 847, in get_screenshot_as_base64\n    return self.execute(Command.SCREENSHOT)[\"value\"]\n  File \"/home/addweb/.local/lib/python3.10/site-packages/selenium/webdriver/remote/webdriver.py\", line 346, in execute\n    self.error_handler.check_response(response)\n  File \"/home/addweb/.local/lib/python3.10/site-packages/selenium/webdriver/remote/errorhandler.py\", line 245, in check_response\n    raise exception_class(message, screen, stacktrace)\n",
      "steps" : [ ],
      "attachments" : [ {
        "uid" : "598461cd61f77d71",
        "name" : "Error Message",
        "source" : "598461cd61f77d71.txt",
        "type" : "text/plain",
        "size" : 647
      } ],
      "parameters" : [ ],
      "stepsCount" : 0,
      "attachmentsCount" : 1,
      "shouldDisplayMessage" : true,
      "hasContent" : true
    }, {
      "name" : "When The user clicks on the \"learn-more\" button",
      "time" : {
        "start" : 1698734576734,
        "stop" : 1698734576734,
        "duration" : 0
      },
      "status" : "skipped",
      "steps" : [ ],
      "attachments" : [ ],
      "parameters" : [ ],
      "stepsCount" : 0,
      "attachmentsCount" : 0,
      "shouldDisplayMessage" : false,
      "hasContent" : false
    }, {
      "name" : "Then The user should be redirected to the \"learn-more\" page",
      "time" : {
        "start" : 1698734576734,
        "stop" : 1698734576734,
        "duration" : 0
      },
      "status" : "skipped",
      "steps" : [ ],
      "attachments" : [ ],
      "parameters" : [ ],
      "stepsCount" : 0,
      "attachmentsCount" : 0,
      "shouldDisplayMessage" : false,
      "hasContent" : false
    }, {
      "name" : "When The user clicks on the \"real-time\" button",
      "time" : {
        "start" : 1698734576734,
        "stop" : 1698734576734,
        "duration" : 0
      },
      "status" : "skipped",
      "steps" : [ ],
      "attachments" : [ ],
      "parameters" : [ ],
      "stepsCount" : 0,
      "attachmentsCount" : 0,
      "shouldDisplayMessage" : false,
      "hasContent" : false
    }, {
      "name" : "Then The user should be redirected to the \"real-time\" page",
      "time" : {
        "start" : 1698734576734,
        "stop" : 1698734576734,
        "duration" : 0
      },
      "status" : "skipped",
      "steps" : [ ],
      "attachments" : [ ],
      "parameters" : [ ],
      "stepsCount" : 0,
      "attachmentsCount" : 0,
      "shouldDisplayMessage" : false,
      "hasContent" : false
    }, {
      "name" : "When The user clicks on the \"streaming-data\" button",
      "time" : {
        "start" : 1698734576734,
        "stop" : 1698734576734,
        "duration" : 0
      },
      "status" : "skipped",
      "steps" : [ ],
      "attachments" : [ ],
      "parameters" : [ ],
      "stepsCount" : 0,
      "attachmentsCount" : 0,
      "shouldDisplayMessage" : false,
      "hasContent" : false
    }, {
      "name" : "Then The user should be redirected to the \"streaming-data\" page",
      "time" : {
        "start" : 1698734576734,
        "stop" : 1698734576734,
        "duration" : 0
      },
      "status" : "skipped",
      "steps" : [ ],
      "attachments" : [ ],
      "parameters" : [ ],
      "stepsCount" : 0,
      "attachmentsCount" : 0,
      "shouldDisplayMessage" : false,
      "hasContent" : false
    }, {
      "name" : "When The user clicks on the \"avoid-it\" button",
      "time" : {
        "start" : 1698734576734,
        "stop" : 1698734576734,
        "duration" : 0
      },
      "status" : "skipped",
      "steps" : [ ],
      "attachments" : [ ],
      "parameters" : [ ],
      "stepsCount" : 0,
      "attachmentsCount" : 0,
      "shouldDisplayMessage" : false,
      "hasContent" : false
    }, {
      "name" : "Then The user should be redirected to the \"avoid-it\" page",
      "time" : {
        "start" : 1698734576734,
        "stop" : 1698734576734,
        "duration" : 0
      },
      "status" : "skipped",
      "steps" : [ ],
      "attachments" : [ ],
      "parameters" : [ ],
      "stepsCount" : 0,
      "attachmentsCount" : 0,
      "shouldDisplayMessage" : false,
      "hasContent" : false
    } ],
    "attachments" : [ ],
    "parameters" : [ ],
    "stepsCount" : 11,
    "attachmentsCount" : 1,
    "shouldDisplayMessage" : false,
    "hasContent" : true
  },
  "afterStages" : [ ],
  "labels" : [ {
    "name" : "severity",
    "value" : "normal"
  }, {
    "name" : "feature",
    "value" : "Test Redirection of Pages"
  }, {
    "name" : "framework",
    "value" : "behave"
  }, {
    "name" : "language",
    "value" : "cpython3"
  }, {
    "name" : "resultFormat",
    "value" : "allure2"
  } ],
  "parameters" : [ ],
  "links" : [ ],
  "hidden" : false,
  "retry" : false,
  "extra" : {
    "severity" : "normal",
    "retries" : [ ],
    "categories" : [ {
      "name" : "Test defects",
      "matchedStatuses" : [ ],
      "flaky" : false
    } ],
    "tags" : [ ]
  },
  "source" : "4a8bb8e5b1396e2.json",
  "parameterValues" : [ ]
}