{
  "uid" : "f8e4748a8d86d9d4",
  "name" : "Test submenu and button on the Volt For 5g page",
  "fullName" : "Test Redirection of Pages: Test submenu and button on the Volt For 5g page",
  "historyId" : "8d77dc009f2868cdaa69097f6eda2b42",
  "time" : {
    "start" : 1698734576735,
    "stop" : 1698734595408,
    "duration" : 18673
  },
  "status" : "broken",
  "statusMessage" : "selenium.common.exceptions.NoSuchElementException: Message: no such element: Unable to locate element: {\"method\":\"xpath\",\"selector\":\"//*[@id=\"post-20300\"]/div/section/div[7]/div/div/div/div[2]/div[1]/div/div/div[2]/a\"}\n  (Session info: chrome=114.0.5735.133); For documentation on this error, please visit: https://www.selenium.dev/documentation/webdriver/troubleshooting/errors#no-such-element-exception\nStacktrace:\n#0 0x55e4fe2894e3 <unknown>\n#1 0x55e4fdfb8c76 <unknown>\n#2 0x55e4fdff4c96 <unknown>\n#3 0x55e4fdff4dc1 <unknown>\n#4 0x55e4fe02e7f4 <unknown>\n#5 0x55e4fe01403d <unknown>\n#6 0x55e4fe02c30e <unknown>\n#7 0x55e4fe013de3 <unknown>\n#8 0x55e4fdfe92dd <unknown>\n#9 0x55e4fdfea34e <unknown>\n#10 0x55e4fe2493e4 <unknown>\n#11 0x55e4fe24d3d7 <unknown>\n#12 0x55e4fe257b20 <unknown>\n#13 0x55e4fe24e023 <unknown>\n#14 0x55e4fe21c1aa <unknown>\n#15 0x55e4fe2726b8 <unknown>\n#16 0x55e4fe272847 <unknown>\n#17 0x55e4fe282243 <unknown>\n#18 0x7fc568090402 <unknown>\n\n",
  "statusTrace" : "  File \"/usr/local/lib/python3.10/dist-packages/behave/model.py\", line 1329, in run\n    match.run(runner.context)\n  File \"/usr/local/lib/python3.10/dist-packages/behave/matchers.py\", line 98, in run\n    self.func(context, *args, **kwargs)\n  File \"steps/PageRedirectionSteps.py\", line 103, in step_impl\n    button_element = context.driver.find_element(By.XPATH, xpath)\n  File \"/home/addweb/.local/lib/python3.10/site-packages/selenium/webdriver/remote/webdriver.py\", line 740, in find_element\n    return self.execute(Command.FIND_ELEMENT, {\"using\": by, \"value\": value})[\"value\"]\n  File \"/home/addweb/.local/lib/python3.10/site-packages/selenium/webdriver/remote/webdriver.py\", line 346, in execute\n    self.error_handler.check_response(response)\n  File \"/home/addweb/.local/lib/python3.10/site-packages/selenium/webdriver/remote/errorhandler.py\", line 245, in check_response\n    raise exception_class(message, screen, stacktrace)\n",
  "flaky" : false,
  "newFailed" : false,
  "beforeStages" : [ ],
  "testStage" : {
    "status" : "broken",
    "statusMessage" : "selenium.common.exceptions.NoSuchElementException: Message: no such element: Unable to locate element: {\"method\":\"xpath\",\"selector\":\"//*[@id=\"post-20300\"]/div/section/div[7]/div/div/div/div[2]/div[1]/div/div/div[2]/a\"}\n  (Session info: chrome=114.0.5735.133); For documentation on this error, please visit: https://www.selenium.dev/documentation/webdriver/troubleshooting/errors#no-such-element-exception\nStacktrace:\n#0 0x55e4fe2894e3 <unknown>\n#1 0x55e4fdfb8c76 <unknown>\n#2 0x55e4fdff4c96 <unknown>\n#3 0x55e4fdff4dc1 <unknown>\n#4 0x55e4fe02e7f4 <unknown>\n#5 0x55e4fe01403d <unknown>\n#6 0x55e4fe02c30e <unknown>\n#7 0x55e4fe013de3 <unknown>\n#8 0x55e4fdfe92dd <unknown>\n#9 0x55e4fdfea34e <unknown>\n#10 0x55e4fe2493e4 <unknown>\n#11 0x55e4fe24d3d7 <unknown>\n#12 0x55e4fe257b20 <unknown>\n#13 0x55e4fe24e023 <unknown>\n#14 0x55e4fe21c1aa <unknown>\n#15 0x55e4fe2726b8 <unknown>\n#16 0x55e4fe272847 <unknown>\n#17 0x55e4fe282243 <unknown>\n#18 0x7fc568090402 <unknown>\n\n",
    "statusTrace" : "  File \"/usr/local/lib/python3.10/dist-packages/behave/model.py\", line 1329, in run\n    match.run(runner.context)\n  File \"/usr/local/lib/python3.10/dist-packages/behave/matchers.py\", line 98, in run\n    self.func(context, *args, **kwargs)\n  File \"steps/PageRedirectionSteps.py\", line 103, in step_impl\n    button_element = context.driver.find_element(By.XPATH, xpath)\n  File \"/home/addweb/.local/lib/python3.10/site-packages/selenium/webdriver/remote/webdriver.py\", line 740, in find_element\n    return self.execute(Command.FIND_ELEMENT, {\"using\": by, \"value\": value})[\"value\"]\n  File \"/home/addweb/.local/lib/python3.10/site-packages/selenium/webdriver/remote/webdriver.py\", line 346, in execute\n    self.error_handler.check_response(response)\n  File \"/home/addweb/.local/lib/python3.10/site-packages/selenium/webdriver/remote/errorhandler.py\", line 245, in check_response\n    raise exception_class(message, screen, stacktrace)\n",
    "steps" : [ {
      "name" : "Given The user is on the \"stg\" site",
      "time" : {
        "start" : 1698734577999,
        "stop" : 1698734586063,
        "duration" : 8064
      },
      "status" : "passed",
      "steps" : [ ],
      "attachments" : [ ],
      "parameters" : [ ],
      "stepsCount" : 0,
      "attachmentsCount" : 0,
      "shouldDisplayMessage" : false,
      "hasContent" : false
    }, {
      "name" : "When The user hovers over the \"why-volt\" menu",
      "time" : {
        "start" : 1698734586064,
        "stop" : 1698734586398,
        "duration" : 334
      },
      "status" : "passed",
      "steps" : [ ],
      "attachments" : [ ],
      "parameters" : [ ],
      "stepsCount" : 0,
      "attachmentsCount" : 0,
      "shouldDisplayMessage" : false,
      "hasContent" : false
    }, {
      "name" : "And The user clicks on the \"volt-for-5g\" submenu link and verify the redirection \"volt-for-5g\" page",
      "time" : {
        "start" : 1698734586399,
        "stop" : 1698734589880,
        "duration" : 3481
      },
      "status" : "passed",
      "steps" : [ ],
      "attachments" : [ ],
      "parameters" : [ ],
      "stepsCount" : 0,
      "attachmentsCount" : 0,
      "shouldDisplayMessage" : false,
      "hasContent" : false
    }, {
      "name" : "When The user clicks on the \"learn-more_1\" button",
      "time" : {
        "start" : 1698734589880,
        "stop" : 1698734595335,
        "duration" : 5455
      },
      "status" : "broken",
      "statusMessage" : "selenium.common.exceptions.NoSuchElementException: Message: no such element: Unable to locate element: {\"method\":\"xpath\",\"selector\":\"//*[@id=\"post-20300\"]/div/section/div[7]/div/div/div/div[2]/div[1]/div/div/div[2]/a\"}\n  (Session info: chrome=114.0.5735.133); For documentation on this error, please visit: https://www.selenium.dev/documentation/webdriver/troubleshooting/errors#no-such-element-exception\nStacktrace:\n#0 0x55e4fe2894e3 <unknown>\n#1 0x55e4fdfb8c76 <unknown>\n#2 0x55e4fdff4c96 <unknown>\n#3 0x55e4fdff4dc1 <unknown>\n#4 0x55e4fe02e7f4 <unknown>\n#5 0x55e4fe01403d <unknown>\n#6 0x55e4fe02c30e <unknown>\n#7 0x55e4fe013de3 <unknown>\n#8 0x55e4fdfe92dd <unknown>\n#9 0x55e4fdfea34e <unknown>\n#10 0x55e4fe2493e4 <unknown>\n#11 0x55e4fe24d3d7 <unknown>\n#12 0x55e4fe257b20 <unknown>\n#13 0x55e4fe24e023 <unknown>\n#14 0x55e4fe21c1aa <unknown>\n#15 0x55e4fe2726b8 <unknown>\n#16 0x55e4fe272847 <unknown>\n#17 0x55e4fe282243 <unknown>\n#18 0x7fc568090402 <unknown>\n\n",
      "statusTrace" : "  File \"/usr/local/lib/python3.10/dist-packages/behave/model.py\", line 1329, in run\n    match.run(runner.context)\n  File \"/usr/local/lib/python3.10/dist-packages/behave/matchers.py\", line 98, in run\n    self.func(context, *args, **kwargs)\n  File \"steps/PageRedirectionSteps.py\", line 103, in step_impl\n    button_element = context.driver.find_element(By.XPATH, xpath)\n  File \"/home/addweb/.local/lib/python3.10/site-packages/selenium/webdriver/remote/webdriver.py\", line 740, in find_element\n    return self.execute(Command.FIND_ELEMENT, {\"using\": by, \"value\": value})[\"value\"]\n  File \"/home/addweb/.local/lib/python3.10/site-packages/selenium/webdriver/remote/webdriver.py\", line 346, in execute\n    self.error_handler.check_response(response)\n  File \"/home/addweb/.local/lib/python3.10/site-packages/selenium/webdriver/remote/errorhandler.py\", line 245, in check_response\n    raise exception_class(message, screen, stacktrace)\n",
      "steps" : [ ],
      "attachments" : [ {
        "uid" : "8a1c5980bdbc4a13",
        "name" : "Error Message",
        "source" : "8a1c5980bdbc4a13.txt",
        "type" : "text/plain",
        "size" : 926
      }, {
        "uid" : "a3d73c3409c5f0c4",
        "name" : "Screenshot of https://stg.voltactivedata.com/volt-for-5g/ Page",
        "source" : "a3d73c3409c5f0c4.png",
        "type" : "image/png",
        "size" : 783799
      } ],
      "parameters" : [ ],
      "stepsCount" : 0,
      "attachmentsCount" : 2,
      "shouldDisplayMessage" : true,
      "hasContent" : true
    }, {
      "name" : "Then The user should be redirected to the \"learn-more_1\" page",
      "time" : {
        "start" : 1698734595407,
        "stop" : 1698734595408,
        "duration" : 1
      },
      "status" : "skipped",
      "steps" : [ ],
      "attachments" : [ ],
      "parameters" : [ ],
      "stepsCount" : 0,
      "attachmentsCount" : 0,
      "shouldDisplayMessage" : false,
      "hasContent" : false
    }, {
      "name" : "When The user clicks on the \"learn-more_2\" button",
      "time" : {
        "start" : 1698734595408,
        "stop" : 1698734595408,
        "duration" : 0
      },
      "status" : "skipped",
      "steps" : [ ],
      "attachments" : [ ],
      "parameters" : [ ],
      "stepsCount" : 0,
      "attachmentsCount" : 0,
      "shouldDisplayMessage" : false,
      "hasContent" : false
    }, {
      "name" : "Then The user should be redirected to the \"learn-more_2\" page",
      "time" : {
        "start" : 1698734595408,
        "stop" : 1698734595408,
        "duration" : 0
      },
      "status" : "skipped",
      "steps" : [ ],
      "attachments" : [ ],
      "parameters" : [ ],
      "stepsCount" : 0,
      "attachmentsCount" : 0,
      "shouldDisplayMessage" : false,
      "hasContent" : false
    }, {
      "name" : "When The user clicks on the \"learn-more_3\" button",
      "time" : {
        "start" : 1698734595408,
        "stop" : 1698734595408,
        "duration" : 0
      },
      "status" : "skipped",
      "steps" : [ ],
      "attachments" : [ ],
      "parameters" : [ ],
      "stepsCount" : 0,
      "attachmentsCount" : 0,
      "shouldDisplayMessage" : false,
      "hasContent" : false
    }, {
      "name" : "Then The user should be redirected to the \"learn-more_3\" page",
      "time" : {
        "start" : 1698734595408,
        "stop" : 1698734595408,
        "duration" : 0
      },
      "status" : "skipped",
      "steps" : [ ],
      "attachments" : [ ],
      "parameters" : [ ],
      "stepsCount" : 0,
      "attachmentsCount" : 0,
      "shouldDisplayMessage" : false,
      "hasContent" : false
    }, {
      "name" : "When The user clicks on the \"learn-more_4\" button",
      "time" : {
        "start" : 1698734595408,
        "stop" : 1698734595408,
        "duration" : 0
      },
      "status" : "skipped",
      "steps" : [ ],
      "attachments" : [ ],
      "parameters" : [ ],
      "stepsCount" : 0,
      "attachmentsCount" : 0,
      "shouldDisplayMessage" : false,
      "hasContent" : false
    }, {
      "name" : "Then The user should be redirected to the \"learn-more_4\" page",
      "time" : {
        "start" : 1698734595408,
        "stop" : 1698734595408,
        "duration" : 0
      },
      "status" : "skipped",
      "steps" : [ ],
      "attachments" : [ ],
      "parameters" : [ ],
      "stepsCount" : 0,
      "attachmentsCount" : 0,
      "shouldDisplayMessage" : false,
      "hasContent" : false
    }, {
      "name" : "When The user clicks on the \"try-volt_2\" button",
      "time" : {
        "start" : 1698734595408,
        "stop" : 1698734595408,
        "duration" : 0
      },
      "status" : "skipped",
      "steps" : [ ],
      "attachments" : [ ],
      "parameters" : [ ],
      "stepsCount" : 0,
      "attachmentsCount" : 0,
      "shouldDisplayMessage" : false,
      "hasContent" : false
    }, {
      "name" : "Then The user should be redirected to the \"try-volt_2\" page",
      "time" : {
        "start" : 1698734595408,
        "stop" : 1698734595408,
        "duration" : 0
      },
      "status" : "skipped",
      "steps" : [ ],
      "attachments" : [ ],
      "parameters" : [ ],
      "stepsCount" : 0,
      "attachmentsCount" : 0,
      "shouldDisplayMessage" : false,
      "hasContent" : false
    }, {
      "name" : "When The user clicks on the \"5g-policy\" button",
      "time" : {
        "start" : 1698734595408,
        "stop" : 1698734595408,
        "duration" : 0
      },
      "status" : "skipped",
      "steps" : [ ],
      "attachments" : [ ],
      "parameters" : [ ],
      "stepsCount" : 0,
      "attachmentsCount" : 0,
      "shouldDisplayMessage" : false,
      "hasContent" : false
    }, {
      "name" : "Then The user should be redirected to the \"5g-policy\" page",
      "time" : {
        "start" : 1698734595408,
        "stop" : 1698734595408,
        "duration" : 0
      },
      "status" : "skipped",
      "steps" : [ ],
      "attachments" : [ ],
      "parameters" : [ ],
      "stepsCount" : 0,
      "attachmentsCount" : 0,
      "shouldDisplayMessage" : false,
      "hasContent" : false
    }, {
      "name" : "When The user clicks on the \"telcos\" button",
      "time" : {
        "start" : 1698734595408,
        "stop" : 1698734595408,
        "duration" : 0
      },
      "status" : "skipped",
      "steps" : [ ],
      "attachments" : [ ],
      "parameters" : [ ],
      "stepsCount" : 0,
      "attachmentsCount" : 0,
      "shouldDisplayMessage" : false,
      "hasContent" : false
    }, {
      "name" : "Then The user should be redirected to the \"telcos\" page",
      "time" : {
        "start" : 1698734595408,
        "stop" : 1698734595408,
        "duration" : 0
      },
      "status" : "skipped",
      "steps" : [ ],
      "attachments" : [ ],
      "parameters" : [ ],
      "stepsCount" : 0,
      "attachmentsCount" : 0,
      "shouldDisplayMessage" : false,
      "hasContent" : false
    } ],
    "attachments" : [ ],
    "parameters" : [ ],
    "stepsCount" : 17,
    "attachmentsCount" : 2,
    "shouldDisplayMessage" : false,
    "hasContent" : true
  },
  "afterStages" : [ ],
  "labels" : [ {
    "name" : "severity",
    "value" : "normal"
  }, {
    "name" : "feature",
    "value" : "Test Redirection of Pages"
  }, {
    "name" : "framework",
    "value" : "behave"
  }, {
    "name" : "language",
    "value" : "cpython3"
  }, {
    "name" : "resultFormat",
    "value" : "allure2"
  } ],
  "parameters" : [ ],
  "links" : [ ],
  "hidden" : false,
  "retry" : false,
  "extra" : {
    "severity" : "normal",
    "retries" : [ ],
    "categories" : [ {
      "name" : "Test defects",
      "matchedStatuses" : [ ],
      "flaky" : false
    } ],
    "tags" : [ ]
  },
  "source" : "f8e4748a8d86d9d4.json",
  "parameterValues" : [ ]
}