{
  "uid" : "689bf99fea0ed68e",
  "name" : "Test submenu and button on the Resources page",
  "fullName" : "Test Redirection of Pages: Test submenu and button on the Resources page",
  "historyId" : "22b01316d2a65b4f589a9af09648ad5d",
  "time" : {
    "start" : 1698818357169,
    "stop" : 1698818380432,
    "duration" : 23263
  },
  "status" : "broken",
  "statusMessage" : "selenium.common.exceptions.ElementClickInterceptedException: Message: element click intercepted: Element <div class=\"nice-select type\" tabindex=\"0\">...</div> is not clickable at point (201, 591). Other element would receive the click: <div id=\"onetrust-policy-text\">...</div>\n  (Session info: chrome=114.0.5735.133)\nStacktrace:\n#0 0x55b1522f34e3 <unknown>\n#1 0x55b152022c76 <unknown>\n#2 0x55b1520649d4 <unknown>\n#3 0x55b152062cbd <unknown>\n#4 0x55b152060d2e <unknown>\n#5 0x55b15206010f <unknown>\n#6 0x55b1520551da <unknown>\n#7 0x55b15207e012 <unknown>\n#8 0x55b152054b03 <unknown>\n#9 0x55b15207e1de <unknown>\n#10 0x55b15209630e <unknown>\n#11 0x55b15207dde3 <unknown>\n#12 0x55b1520532dd <unknown>\n#13 0x55b15205434e <unknown>\n#14 0x55b1522b33e4 <unknown>\n#15 0x55b1522b73d7 <unknown>\n#16 0x55b1522c1b20 <unknown>\n#17 0x55b1522b8023 <unknown>\n#18 0x55b1522861aa <unknown>\n#19 0x55b1522dc6b8 <unknown>\n#20 0x55b1522dc847 <unknown>\n#21 0x55b1522ec243 <unknown>\n#22 0x7fe20aa90402 <unknown>\n\n",
  "statusTrace" : "  File \"/usr/local/lib/python3.10/dist-packages/behave/model.py\", line 1329, in run\n    match.run(runner.context)\n  File \"/usr/local/lib/python3.10/dist-packages/behave/matchers.py\", line 98, in run\n    self.func(context, *args, **kwargs)\n  File \"steps/PageRedirectionSteps.py\", line 228, in step_impl\n    type_dropdown_btn.click()\n  File \"/home/addweb/.local/lib/python3.10/site-packages/selenium/webdriver/remote/webelement.py\", line 94, in click\n    self._execute(Command.CLICK_ELEMENT)\n  File \"/home/addweb/.local/lib/python3.10/site-packages/selenium/webdriver/remote/webelement.py\", line 395, in _execute\n    return self._parent.execute(command, params)\n  File \"/home/addweb/.local/lib/python3.10/site-packages/selenium/webdriver/remote/webdriver.py\", line 346, in execute\n    self.error_handler.check_response(response)\n  File \"/home/addweb/.local/lib/python3.10/site-packages/selenium/webdriver/remote/errorhandler.py\", line 245, in check_response\n    raise exception_class(message, screen, stacktrace)\n",
  "flaky" : false,
  "newFailed" : false,
  "beforeStages" : [ ],
  "testStage" : {
    "status" : "broken",
    "statusMessage" : "selenium.common.exceptions.ElementClickInterceptedException: Message: element click intercepted: Element <div class=\"nice-select type\" tabindex=\"0\">...</div> is not clickable at point (201, 591). Other element would receive the click: <div id=\"onetrust-policy-text\">...</div>\n  (Session info: chrome=114.0.5735.133)\nStacktrace:\n#0 0x55b1522f34e3 <unknown>\n#1 0x55b152022c76 <unknown>\n#2 0x55b1520649d4 <unknown>\n#3 0x55b152062cbd <unknown>\n#4 0x55b152060d2e <unknown>\n#5 0x55b15206010f <unknown>\n#6 0x55b1520551da <unknown>\n#7 0x55b15207e012 <unknown>\n#8 0x55b152054b03 <unknown>\n#9 0x55b15207e1de <unknown>\n#10 0x55b15209630e <unknown>\n#11 0x55b15207dde3 <unknown>\n#12 0x55b1520532dd <unknown>\n#13 0x55b15205434e <unknown>\n#14 0x55b1522b33e4 <unknown>\n#15 0x55b1522b73d7 <unknown>\n#16 0x55b1522c1b20 <unknown>\n#17 0x55b1522b8023 <unknown>\n#18 0x55b1522861aa <unknown>\n#19 0x55b1522dc6b8 <unknown>\n#20 0x55b1522dc847 <unknown>\n#21 0x55b1522ec243 <unknown>\n#22 0x7fe20aa90402 <unknown>\n\n",
    "statusTrace" : "  File \"/usr/local/lib/python3.10/dist-packages/behave/model.py\", line 1329, in run\n    match.run(runner.context)\n  File \"/usr/local/lib/python3.10/dist-packages/behave/matchers.py\", line 98, in run\n    self.func(context, *args, **kwargs)\n  File \"steps/PageRedirectionSteps.py\", line 228, in step_impl\n    type_dropdown_btn.click()\n  File \"/home/addweb/.local/lib/python3.10/site-packages/selenium/webdriver/remote/webelement.py\", line 94, in click\n    self._execute(Command.CLICK_ELEMENT)\n  File \"/home/addweb/.local/lib/python3.10/site-packages/selenium/webdriver/remote/webelement.py\", line 395, in _execute\n    return self._parent.execute(command, params)\n  File \"/home/addweb/.local/lib/python3.10/site-packages/selenium/webdriver/remote/webdriver.py\", line 346, in execute\n    self.error_handler.check_response(response)\n  File \"/home/addweb/.local/lib/python3.10/site-packages/selenium/webdriver/remote/errorhandler.py\", line 245, in check_response\n    raise exception_class(message, screen, stacktrace)\n",
    "steps" : [ {
      "name" : "Given The user is on the \"stg\" site",
      "time" : {
        "start" : 1698818358110,
        "stop" : 1698818372191,
        "duration" : 14081
      },
      "status" : "passed",
      "steps" : [ ],
      "attachments" : [ ],
      "parameters" : [ ],
      "stepsCount" : 0,
      "attachmentsCount" : 0,
      "shouldDisplayMessage" : false,
      "hasContent" : false
    }, {
      "name" : "When The user hovers over the \"resources\" menu",
      "time" : {
        "start" : 1698818372191,
        "stop" : 1698818372502,
        "duration" : 311
      },
      "status" : "passed",
      "steps" : [ ],
      "attachments" : [ ],
      "parameters" : [ ],
      "stepsCount" : 0,
      "attachmentsCount" : 0,
      "shouldDisplayMessage" : false,
      "hasContent" : false
    }, {
      "name" : "And The user clicks on the \"resources_library\" submenu link and verify the redirection \"resources_library\" page",
      "time" : {
        "start" : 1698818372502,
        "stop" : 1698818379248,
        "duration" : 6746
      },
      "status" : "passed",
      "steps" : [ ],
      "attachments" : [ ],
      "parameters" : [ ],
      "stepsCount" : 0,
      "attachmentsCount" : 0,
      "shouldDisplayMessage" : false,
      "hasContent" : false
    }, {
      "name" : "When The user selects \"REPORT\" from the \"Type\" dropdown in \"Type UL\"",
      "time" : {
        "start" : 1698818379248,
        "stop" : 1698818380351,
        "duration" : 1103
      },
      "status" : "broken",
      "statusMessage" : "selenium.common.exceptions.ElementClickInterceptedException: Message: element click intercepted: Element <div class=\"nice-select type\" tabindex=\"0\">...</div> is not clickable at point (201, 591). Other element would receive the click: <div id=\"onetrust-policy-text\">...</div>\n  (Session info: chrome=114.0.5735.133)\nStacktrace:\n#0 0x55b1522f34e3 <unknown>\n#1 0x55b152022c76 <unknown>\n#2 0x55b1520649d4 <unknown>\n#3 0x55b152062cbd <unknown>\n#4 0x55b152060d2e <unknown>\n#5 0x55b15206010f <unknown>\n#6 0x55b1520551da <unknown>\n#7 0x55b15207e012 <unknown>\n#8 0x55b152054b03 <unknown>\n#9 0x55b15207e1de <unknown>\n#10 0x55b15209630e <unknown>\n#11 0x55b15207dde3 <unknown>\n#12 0x55b1520532dd <unknown>\n#13 0x55b15205434e <unknown>\n#14 0x55b1522b33e4 <unknown>\n#15 0x55b1522b73d7 <unknown>\n#16 0x55b1522c1b20 <unknown>\n#17 0x55b1522b8023 <unknown>\n#18 0x55b1522861aa <unknown>\n#19 0x55b1522dc6b8 <unknown>\n#20 0x55b1522dc847 <unknown>\n#21 0x55b1522ec243 <unknown>\n#22 0x7fe20aa90402 <unknown>\n\n",
      "statusTrace" : "  File \"/usr/local/lib/python3.10/dist-packages/behave/model.py\", line 1329, in run\n    match.run(runner.context)\n  File \"/usr/local/lib/python3.10/dist-packages/behave/matchers.py\", line 98, in run\n    self.func(context, *args, **kwargs)\n  File \"steps/PageRedirectionSteps.py\", line 228, in step_impl\n    type_dropdown_btn.click()\n  File \"/home/addweb/.local/lib/python3.10/site-packages/selenium/webdriver/remote/webelement.py\", line 94, in click\n    self._execute(Command.CLICK_ELEMENT)\n  File \"/home/addweb/.local/lib/python3.10/site-packages/selenium/webdriver/remote/webelement.py\", line 395, in _execute\n    return self._parent.execute(command, params)\n  File \"/home/addweb/.local/lib/python3.10/site-packages/selenium/webdriver/remote/webdriver.py\", line 346, in execute\n    self.error_handler.check_response(response)\n  File \"/home/addweb/.local/lib/python3.10/site-packages/selenium/webdriver/remote/errorhandler.py\", line 245, in check_response\n    raise exception_class(message, screen, stacktrace)\n",
      "steps" : [ ],
      "attachments" : [ ],
      "parameters" : [ ],
      "stepsCount" : 0,
      "attachmentsCount" : 0,
      "shouldDisplayMessage" : true,
      "hasContent" : true
    }, {
      "name" : "Then The \"resource_list_element\" should be filtered by \"REPORT\" type",
      "time" : {
        "start" : 1698818380432,
        "stop" : 1698818380432,
        "duration" : 0
      },
      "status" : "skipped",
      "steps" : [ ],
      "attachments" : [ ],
      "parameters" : [ ],
      "stepsCount" : 0,
      "attachmentsCount" : 0,
      "shouldDisplayMessage" : false,
      "hasContent" : false
    }, {
      "name" : "When The user enters the resource title \"Resource Title\" in the \"search bar\"",
      "time" : {
        "start" : 1698818380432,
        "stop" : 1698818380432,
        "duration" : 0
      },
      "status" : "skipped",
      "steps" : [ ],
      "attachments" : [ ],
      "parameters" : [ ],
      "stepsCount" : 0,
      "attachmentsCount" : 0,
      "shouldDisplayMessage" : false,
      "hasContent" : false
    }, {
      "name" : "Then The \"resource_list_element\" should be filtered by \"Resource Title\" resource",
      "time" : {
        "start" : 1698818380432,
        "stop" : 1698818380432,
        "duration" : 0
      },
      "status" : "skipped",
      "steps" : [ ],
      "attachments" : [ ],
      "parameters" : [ ],
      "stepsCount" : 0,
      "attachmentsCount" : 0,
      "shouldDisplayMessage" : false,
      "hasContent" : false
    } ],
    "attachments" : [ ],
    "parameters" : [ ],
    "stepsCount" : 7,
    "attachmentsCount" : 0,
    "shouldDisplayMessage" : false,
    "hasContent" : true
  },
  "afterStages" : [ ],
  "labels" : [ {
    "name" : "severity",
    "value" : "normal"
  }, {
    "name" : "feature",
    "value" : "Test Redirection of Pages"
  }, {
    "name" : "framework",
    "value" : "behave"
  }, {
    "name" : "language",
    "value" : "cpython3"
  }, {
    "name" : "resultFormat",
    "value" : "allure2"
  } ],
  "parameters" : [ ],
  "links" : [ ],
  "hidden" : false,
  "retry" : false,
  "extra" : {
    "severity" : "normal",
    "retries" : [ ],
    "categories" : [ {
      "name" : "Test defects",
      "matchedStatuses" : [ ],
      "flaky" : false
    } ],
    "tags" : [ ]
  },
  "source" : "689bf99fea0ed68e.json",
  "parameterValues" : [ ]
}