{
  "uid" : "67a87c6b84dd6434",
  "name" : "Test submenu and button on the Fraud Prevention page",
  "fullName" : "Test Redirection of Pages: Test submenu and button on the Fraud Prevention page",
  "historyId" : "f30ada24157a19abc6ec88eb89175359",
  "time" : {
    "start" : 1698829894067,
    "stop" : 1698829953104,
    "duration" : 59037
  },
  "status" : "broken",
  "statusMessage" : "selenium.common.exceptions.NoSuchElementException: Message: no such element: Unable to locate element: {\"method\":\"xpath\",\"selector\":\"/html/body/div[1]/div[3]/div/div/div/div/main/article/div/div/div[9]/div/div/div/div[2]/div[2]/div/div/div[2]/div/div/div/div/div[2]/a\"}\n  (Session info: headless chrome=114.0.5735.133); For documentation on this error, please visit: https://www.selenium.dev/documentation/webdriver/troubleshooting/errors#no-such-element-exception\nStacktrace:\n#0 0x55ec613b34e3 <unknown>\n#1 0x55ec610e2c76 <unknown>\n#2 0x55ec6111ec96 <unknown>\n#3 0x55ec6111edc1 <unknown>\n#4 0x55ec611587f4 <unknown>\n#5 0x55ec6113e03d <unknown>\n#6 0x55ec6115630e <unknown>\n#7 0x55ec6113dde3 <unknown>\n#8 0x55ec611132dd <unknown>\n#9 0x55ec6111434e <unknown>\n#10 0x55ec613733e4 <unknown>\n#11 0x55ec613773d7 <unknown>\n#12 0x55ec61381b20 <unknown>\n#13 0x55ec61378023 <unknown>\n#14 0x55ec613461aa <unknown>\n#15 0x55ec6139c6b8 <unknown>\n#16 0x55ec6139c847 <unknown>\n#17 0x55ec613ac243 <unknown>\n#18 0x7f3455c90402 <unknown>\n\n",
  "statusTrace" : "  File \"/usr/local/lib/python3.10/dist-packages/behave/model.py\", line 1329, in run\n    match.run(runner.context)\n  File \"/usr/local/lib/python3.10/dist-packages/behave/matchers.py\", line 98, in run\n    self.func(context, *args, **kwargs)\n  File \"steps/PageRedirectionSteps.py\", line 103, in step_impl\n    button_element = context.driver.find_element(By.XPATH, xpath)\n  File \"/home/addweb/.local/lib/python3.10/site-packages/selenium/webdriver/remote/webdriver.py\", line 740, in find_element\n    return self.execute(Command.FIND_ELEMENT, {\"using\": by, \"value\": value})[\"value\"]\n  File \"/home/addweb/.local/lib/python3.10/site-packages/selenium/webdriver/remote/webdriver.py\", line 346, in execute\n    self.error_handler.check_response(response)\n  File \"/home/addweb/.local/lib/python3.10/site-packages/selenium/webdriver/remote/errorhandler.py\", line 245, in check_response\n    raise exception_class(message, screen, stacktrace)\n",
  "flaky" : false,
  "newFailed" : false,
  "beforeStages" : [ ],
  "testStage" : {
    "status" : "broken",
    "statusMessage" : "selenium.common.exceptions.NoSuchElementException: Message: no such element: Unable to locate element: {\"method\":\"xpath\",\"selector\":\"/html/body/div[1]/div[3]/div/div/div/div/main/article/div/div/div[9]/div/div/div/div[2]/div[2]/div/div/div[2]/div/div/div/div/div[2]/a\"}\n  (Session info: headless chrome=114.0.5735.133); For documentation on this error, please visit: https://www.selenium.dev/documentation/webdriver/troubleshooting/errors#no-such-element-exception\nStacktrace:\n#0 0x55ec613b34e3 <unknown>\n#1 0x55ec610e2c76 <unknown>\n#2 0x55ec6111ec96 <unknown>\n#3 0x55ec6111edc1 <unknown>\n#4 0x55ec611587f4 <unknown>\n#5 0x55ec6113e03d <unknown>\n#6 0x55ec6115630e <unknown>\n#7 0x55ec6113dde3 <unknown>\n#8 0x55ec611132dd <unknown>\n#9 0x55ec6111434e <unknown>\n#10 0x55ec613733e4 <unknown>\n#11 0x55ec613773d7 <unknown>\n#12 0x55ec61381b20 <unknown>\n#13 0x55ec61378023 <unknown>\n#14 0x55ec613461aa <unknown>\n#15 0x55ec6139c6b8 <unknown>\n#16 0x55ec6139c847 <unknown>\n#17 0x55ec613ac243 <unknown>\n#18 0x7f3455c90402 <unknown>\n\n",
    "statusTrace" : "  File \"/usr/local/lib/python3.10/dist-packages/behave/model.py\", line 1329, in run\n    match.run(runner.context)\n  File \"/usr/local/lib/python3.10/dist-packages/behave/matchers.py\", line 98, in run\n    self.func(context, *args, **kwargs)\n  File \"steps/PageRedirectionSteps.py\", line 103, in step_impl\n    button_element = context.driver.find_element(By.XPATH, xpath)\n  File \"/home/addweb/.local/lib/python3.10/site-packages/selenium/webdriver/remote/webdriver.py\", line 740, in find_element\n    return self.execute(Command.FIND_ELEMENT, {\"using\": by, \"value\": value})[\"value\"]\n  File \"/home/addweb/.local/lib/python3.10/site-packages/selenium/webdriver/remote/webdriver.py\", line 346, in execute\n    self.error_handler.check_response(response)\n  File \"/home/addweb/.local/lib/python3.10/site-packages/selenium/webdriver/remote/errorhandler.py\", line 245, in check_response\n    raise exception_class(message, screen, stacktrace)\n",
    "steps" : [ {
      "name" : "Given The user is on the \"stg\" site",
      "time" : {
        "start" : 1698829894768,
        "stop" : 1698829901269,
        "duration" : 6501
      },
      "status" : "passed",
      "steps" : [ ],
      "attachments" : [ ],
      "parameters" : [ ],
      "stepsCount" : 0,
      "attachmentsCount" : 0,
      "shouldDisplayMessage" : false,
      "hasContent" : false
    }, {
      "name" : "When The user hovers over the \"use_cases\" menu",
      "time" : {
        "start" : 1698829901269,
        "stop" : 1698829901596,
        "duration" : 327
      },
      "status" : "passed",
      "steps" : [ ],
      "attachments" : [ ],
      "parameters" : [ ],
      "stepsCount" : 0,
      "attachmentsCount" : 0,
      "shouldDisplayMessage" : false,
      "hasContent" : false
    }, {
      "name" : "And The user clicks on the \"fraud_prevention\" submenu link and verify the redirection \"fraud_prevention\" page",
      "time" : {
        "start" : 1698829901596,
        "stop" : 1698829913414,
        "duration" : 11818
      },
      "status" : "passed",
      "steps" : [ ],
      "attachments" : [ ],
      "parameters" : [ ],
      "stepsCount" : 0,
      "attachmentsCount" : 0,
      "shouldDisplayMessage" : false,
      "hasContent" : false
    }, {
      "name" : "When The user clicks on the \"litsen_to_podcast\" button",
      "time" : {
        "start" : 1698829913414,
        "stop" : 1698829929608,
        "duration" : 16194
      },
      "status" : "passed",
      "steps" : [ ],
      "attachments" : [ ],
      "parameters" : [ ],
      "stepsCount" : 0,
      "attachmentsCount" : 0,
      "shouldDisplayMessage" : false,
      "hasContent" : false
    }, {
      "name" : "Then The user should be redirected to the \"litsen_to_podcast\" page",
      "time" : {
        "start" : 1698829929608,
        "stop" : 1698829942719,
        "duration" : 13111
      },
      "status" : "passed",
      "steps" : [ ],
      "attachments" : [ ],
      "parameters" : [ ],
      "stepsCount" : 0,
      "attachmentsCount" : 0,
      "shouldDisplayMessage" : false,
      "hasContent" : false
    }, {
      "name" : "When The user clicks on the \"sakura\" button",
      "time" : {
        "start" : 1698829942719,
        "stop" : 1698829945107,
        "duration" : 2388
      },
      "status" : "passed",
      "steps" : [ ],
      "attachments" : [ ],
      "parameters" : [ ],
      "stepsCount" : 0,
      "attachmentsCount" : 0,
      "shouldDisplayMessage" : false,
      "hasContent" : false
    }, {
      "name" : "Then The user should be redirected to the \"sakura\" page",
      "time" : {
        "start" : 1698829945107,
        "stop" : 1698829947612,
        "duration" : 2505
      },
      "status" : "passed",
      "steps" : [ ],
      "attachments" : [ ],
      "parameters" : [ ],
      "stepsCount" : 0,
      "attachmentsCount" : 0,
      "shouldDisplayMessage" : false,
      "hasContent" : false
    }, {
      "name" : "When The user clicks on the \"age_of_5g\" button",
      "time" : {
        "start" : 1698829947612,
        "stop" : 1698829953037,
        "duration" : 5425
      },
      "status" : "broken",
      "statusMessage" : "selenium.common.exceptions.NoSuchElementException: Message: no such element: Unable to locate element: {\"method\":\"xpath\",\"selector\":\"/html/body/div[1]/div[3]/div/div/div/div/main/article/div/div/div[9]/div/div/div/div[2]/div[2]/div/div/div[2]/div/div/div/div/div[2]/a\"}\n  (Session info: headless chrome=114.0.5735.133); For documentation on this error, please visit: https://www.selenium.dev/documentation/webdriver/troubleshooting/errors#no-such-element-exception\nStacktrace:\n#0 0x55ec613b34e3 <unknown>\n#1 0x55ec610e2c76 <unknown>\n#2 0x55ec6111ec96 <unknown>\n#3 0x55ec6111edc1 <unknown>\n#4 0x55ec611587f4 <unknown>\n#5 0x55ec6113e03d <unknown>\n#6 0x55ec6115630e <unknown>\n#7 0x55ec6113dde3 <unknown>\n#8 0x55ec611132dd <unknown>\n#9 0x55ec6111434e <unknown>\n#10 0x55ec613733e4 <unknown>\n#11 0x55ec613773d7 <unknown>\n#12 0x55ec61381b20 <unknown>\n#13 0x55ec61378023 <unknown>\n#14 0x55ec613461aa <unknown>\n#15 0x55ec6139c6b8 <unknown>\n#16 0x55ec6139c847 <unknown>\n#17 0x55ec613ac243 <unknown>\n#18 0x7f3455c90402 <unknown>\n\n",
      "statusTrace" : "  File \"/usr/local/lib/python3.10/dist-packages/behave/model.py\", line 1329, in run\n    match.run(runner.context)\n  File \"/usr/local/lib/python3.10/dist-packages/behave/matchers.py\", line 98, in run\n    self.func(context, *args, **kwargs)\n  File \"steps/PageRedirectionSteps.py\", line 103, in step_impl\n    button_element = context.driver.find_element(By.XPATH, xpath)\n  File \"/home/addweb/.local/lib/python3.10/site-packages/selenium/webdriver/remote/webdriver.py\", line 740, in find_element\n    return self.execute(Command.FIND_ELEMENT, {\"using\": by, \"value\": value})[\"value\"]\n  File \"/home/addweb/.local/lib/python3.10/site-packages/selenium/webdriver/remote/webdriver.py\", line 346, in execute\n    self.error_handler.check_response(response)\n  File \"/home/addweb/.local/lib/python3.10/site-packages/selenium/webdriver/remote/errorhandler.py\", line 245, in check_response\n    raise exception_class(message, screen, stacktrace)\n",
      "steps" : [ ],
      "attachments" : [ {
        "uid" : "ce15ba4a074e7045",
        "name" : "Error Message",
        "source" : "ce15ba4a074e7045.txt",
        "type" : "text/plain",
        "size" : 986
      }, {
        "uid" : "60b48520b627862",
        "name" : "Screenshot of https://voltSTG:oI5L!YKmQ%401gOvqQ@stg.voltactivedata.com/ Page",
        "source" : "60b48520b627862.png",
        "type" : "image/png",
        "size" : 464863
      } ],
      "parameters" : [ ],
      "stepsCount" : 0,
      "attachmentsCount" : 2,
      "shouldDisplayMessage" : true,
      "hasContent" : true
    }, {
      "name" : "Then The user should be redirected to the \"age_of_5g\" page",
      "time" : {
        "start" : 1698829953104,
        "stop" : 1698829953104,
        "duration" : 0
      },
      "status" : "skipped",
      "steps" : [ ],
      "attachments" : [ ],
      "parameters" : [ ],
      "stepsCount" : 0,
      "attachmentsCount" : 0,
      "shouldDisplayMessage" : false,
      "hasContent" : false
    }, {
      "name" : "When The user clicks on the \"growth_engine\" button",
      "time" : {
        "start" : 1698829953104,
        "stop" : 1698829953104,
        "duration" : 0
      },
      "status" : "skipped",
      "steps" : [ ],
      "attachments" : [ ],
      "parameters" : [ ],
      "stepsCount" : 0,
      "attachmentsCount" : 0,
      "shouldDisplayMessage" : false,
      "hasContent" : false
    }, {
      "name" : "Then The user should be redirected to the \"growth_engine\" page",
      "time" : {
        "start" : 1698829953104,
        "stop" : 1698829953104,
        "duration" : 0
      },
      "status" : "skipped",
      "steps" : [ ],
      "attachments" : [ ],
      "parameters" : [ ],
      "stepsCount" : 0,
      "attachmentsCount" : 0,
      "shouldDisplayMessage" : false,
      "hasContent" : false
    }, {
      "name" : "When The user clicks on the \"avoid-it_8\" button",
      "time" : {
        "start" : 1698829953104,
        "stop" : 1698829953104,
        "duration" : 0
      },
      "status" : "skipped",
      "steps" : [ ],
      "attachments" : [ ],
      "parameters" : [ ],
      "stepsCount" : 0,
      "attachmentsCount" : 0,
      "shouldDisplayMessage" : false,
      "hasContent" : false
    }, {
      "name" : "Then The user should be redirected to the \"avoid-it\" page",
      "time" : {
        "start" : 1698829953104,
        "stop" : 1698829953104,
        "duration" : 0
      },
      "status" : "skipped",
      "steps" : [ ],
      "attachments" : [ ],
      "parameters" : [ ],
      "stepsCount" : 0,
      "attachmentsCount" : 0,
      "shouldDisplayMessage" : false,
      "hasContent" : false
    }, {
      "name" : "When The user clicks on the \"new_sql_2\" button",
      "time" : {
        "start" : 1698829953104,
        "stop" : 1698829953104,
        "duration" : 0
      },
      "status" : "skipped",
      "steps" : [ ],
      "attachments" : [ ],
      "parameters" : [ ],
      "stepsCount" : 0,
      "attachmentsCount" : 0,
      "shouldDisplayMessage" : false,
      "hasContent" : false
    }, {
      "name" : "Then The user should be redirected to the \"new_sql\" page",
      "time" : {
        "start" : 1698829953104,
        "stop" : 1698829953104,
        "duration" : 0
      },
      "status" : "skipped",
      "steps" : [ ],
      "attachments" : [ ],
      "parameters" : [ ],
      "stepsCount" : 0,
      "attachmentsCount" : 0,
      "shouldDisplayMessage" : false,
      "hasContent" : false
    } ],
    "attachments" : [ ],
    "parameters" : [ ],
    "stepsCount" : 15,
    "attachmentsCount" : 2,
    "shouldDisplayMessage" : false,
    "hasContent" : true
  },
  "afterStages" : [ ],
  "labels" : [ {
    "name" : "severity",
    "value" : "normal"
  }, {
    "name" : "feature",
    "value" : "Test Redirection of Pages"
  }, {
    "name" : "framework",
    "value" : "behave"
  }, {
    "name" : "language",
    "value" : "cpython3"
  }, {
    "name" : "resultFormat",
    "value" : "allure2"
  } ],
  "parameters" : [ ],
  "links" : [ ],
  "hidden" : false,
  "retry" : false,
  "extra" : {
    "severity" : "normal",
    "retries" : [ ],
    "categories" : [ {
      "name" : "Test defects",
      "matchedStatuses" : [ ],
      "flaky" : false
    } ],
    "tags" : [ ]
  },
  "source" : "67a87c6b84dd6434.json",
  "parameterValues" : [ ]
}