{
  "uid" : "a24d91ccc667c1fb",
  "name" : "Test the Link Redirection on Footer",
  "fullName" : "Test Redirection of Pages: Test the Link Redirection on Footer",
  "historyId" : "76c5251f5fcfcec1f912f0a37b10614e",
  "time" : {
    "start" : 1698826509647,
    "stop" : 1698826549746,
    "duration" : 40099
  },
  "status" : "broken",
  "statusMessage" : "selenium.common.exceptions.WebDriverException: Message: unknown error: unhandled inspector error: {\"code\":-32000,\"message\":\"Unable to capture screenshot\"}\n  (Session info: chrome=114.0.5735.133)\nStacktrace:\n#0 0x55e7decf54e3 <unknown>\n#1 0x55e7dea24c76 <unknown>\n#2 0x55e7dea0e900 <unknown>\n#3 0x55e7dea0cbac <unknown>\n#4 0x55e7dea0d162 <unknown>\n#5 0x55e7dea2ef9c <unknown>\n#6 0x55e7deaa4bc2 <unknown>\n#7 0x55e7dea80012 <unknown>\n#8 0x55e7dea9830e <unknown>\n#9 0x55e7dea7fde3 <unknown>\n#10 0x55e7dea552dd <unknown>\n#11 0x55e7dea5634e <unknown>\n#12 0x55e7decb53e4 <unknown>\n#13 0x55e7decb93d7 <unknown>\n#14 0x55e7decc3b20 <unknown>\n#15 0x55e7decba023 <unknown>\n#16 0x55e7dec881aa <unknown>\n#17 0x55e7decde6b8 <unknown>\n#18 0x55e7decde847 <unknown>\n#19 0x55e7decee243 <unknown>\n#20 0x7f5eb6290402 <unknown>\n\n",
  "statusTrace" : "  File \"/usr/local/lib/python3.10/dist-packages/behave/model.py\", line 1329, in run\n    match.run(runner.context)\n  File \"/usr/local/lib/python3.10/dist-packages/behave/matchers.py\", line 98, in run\n    self.func(context, *args, **kwargs)\n  File \"steps/PageRedirectionSteps.py\", line 124, in step_impl\n    allure.attach(context.driver.get_screenshot_as_png(), name=f\"Screenshot of {context.driver.current_url} Page\",\n  File \"/home/addweb/.local/lib/python3.10/site-packages/selenium/webdriver/remote/webdriver.py\", line 836, in get_screenshot_as_png\n    return b64decode(self.get_screenshot_as_base64().encode(\"ascii\"))\n  File \"/home/addweb/.local/lib/python3.10/site-packages/selenium/webdriver/remote/webdriver.py\", line 847, in get_screenshot_as_base64\n    return self.execute(Command.SCREENSHOT)[\"value\"]\n  File \"/home/addweb/.local/lib/python3.10/site-packages/selenium/webdriver/remote/webdriver.py\", line 346, in execute\n    self.error_handler.check_response(response)\n  File \"/home/addweb/.local/lib/python3.10/site-packages/selenium/webdriver/remote/errorhandler.py\", line 245, in check_response\n    raise exception_class(message, screen, stacktrace)\n",
  "flaky" : false,
  "newFailed" : false,
  "beforeStages" : [ ],
  "testStage" : {
    "status" : "broken",
    "statusMessage" : "selenium.common.exceptions.WebDriverException: Message: unknown error: unhandled inspector error: {\"code\":-32000,\"message\":\"Unable to capture screenshot\"}\n  (Session info: chrome=114.0.5735.133)\nStacktrace:\n#0 0x55e7decf54e3 <unknown>\n#1 0x55e7dea24c76 <unknown>\n#2 0x55e7dea0e900 <unknown>\n#3 0x55e7dea0cbac <unknown>\n#4 0x55e7dea0d162 <unknown>\n#5 0x55e7dea2ef9c <unknown>\n#6 0x55e7deaa4bc2 <unknown>\n#7 0x55e7dea80012 <unknown>\n#8 0x55e7dea9830e <unknown>\n#9 0x55e7dea7fde3 <unknown>\n#10 0x55e7dea552dd <unknown>\n#11 0x55e7dea5634e <unknown>\n#12 0x55e7decb53e4 <unknown>\n#13 0x55e7decb93d7 <unknown>\n#14 0x55e7decc3b20 <unknown>\n#15 0x55e7decba023 <unknown>\n#16 0x55e7dec881aa <unknown>\n#17 0x55e7decde6b8 <unknown>\n#18 0x55e7decde847 <unknown>\n#19 0x55e7decee243 <unknown>\n#20 0x7f5eb6290402 <unknown>\n\n",
    "statusTrace" : "  File \"/usr/local/lib/python3.10/dist-packages/behave/model.py\", line 1329, in run\n    match.run(runner.context)\n  File \"/usr/local/lib/python3.10/dist-packages/behave/matchers.py\", line 98, in run\n    self.func(context, *args, **kwargs)\n  File \"steps/PageRedirectionSteps.py\", line 124, in step_impl\n    allure.attach(context.driver.get_screenshot_as_png(), name=f\"Screenshot of {context.driver.current_url} Page\",\n  File \"/home/addweb/.local/lib/python3.10/site-packages/selenium/webdriver/remote/webdriver.py\", line 836, in get_screenshot_as_png\n    return b64decode(self.get_screenshot_as_base64().encode(\"ascii\"))\n  File \"/home/addweb/.local/lib/python3.10/site-packages/selenium/webdriver/remote/webdriver.py\", line 847, in get_screenshot_as_base64\n    return self.execute(Command.SCREENSHOT)[\"value\"]\n  File \"/home/addweb/.local/lib/python3.10/site-packages/selenium/webdriver/remote/webdriver.py\", line 346, in execute\n    self.error_handler.check_response(response)\n  File \"/home/addweb/.local/lib/python3.10/site-packages/selenium/webdriver/remote/errorhandler.py\", line 245, in check_response\n    raise exception_class(message, screen, stacktrace)\n",
    "steps" : [ {
      "name" : "Given The user is on the \"stg\" site",
      "time" : {
        "start" : 1698826510582,
        "stop" : 1698826521407,
        "duration" : 10825
      },
      "status" : "passed",
      "steps" : [ ],
      "attachments" : [ ],
      "parameters" : [ ],
      "stepsCount" : 0,
      "attachmentsCount" : 0,
      "shouldDisplayMessage" : false,
      "hasContent" : false
    }, {
      "name" : "When The user clicks on the \"privacy_statment\" button",
      "time" : {
        "start" : 1698826521408,
        "stop" : 1698826526231,
        "duration" : 4823
      },
      "status" : "passed",
      "steps" : [ ],
      "attachments" : [ ],
      "parameters" : [ ],
      "stepsCount" : 0,
      "attachmentsCount" : 0,
      "shouldDisplayMessage" : false,
      "hasContent" : false
    }, {
      "name" : "Then The user should be redirected to the \"privacy_statment\" page",
      "time" : {
        "start" : 1698826526231,
        "stop" : 1698826528308,
        "duration" : 2077
      },
      "status" : "passed",
      "steps" : [ ],
      "attachments" : [ ],
      "parameters" : [ ],
      "stepsCount" : 0,
      "attachmentsCount" : 0,
      "shouldDisplayMessage" : false,
      "hasContent" : false
    }, {
      "name" : "When The user clicks on the \"accept_cookie\" button",
      "time" : {
        "start" : 1698826528308,
        "stop" : 1698826530583,
        "duration" : 2275
      },
      "status" : "passed",
      "steps" : [ ],
      "attachments" : [ ],
      "parameters" : [ ],
      "stepsCount" : 0,
      "attachmentsCount" : 0,
      "shouldDisplayMessage" : false,
      "hasContent" : false
    }, {
      "name" : "When The user clicks on the \"licennse_agreement\" button",
      "time" : {
        "start" : 1698826530584,
        "stop" : 1698826534107,
        "duration" : 3523
      },
      "status" : "passed",
      "steps" : [ ],
      "attachments" : [ ],
      "parameters" : [ ],
      "stepsCount" : 0,
      "attachmentsCount" : 0,
      "shouldDisplayMessage" : false,
      "hasContent" : false
    }, {
      "name" : "Then The user should be redirected to the \"licennse_agreement\" page",
      "time" : {
        "start" : 1698826534108,
        "stop" : 1698826536561,
        "duration" : 2453
      },
      "status" : "passed",
      "steps" : [ ],
      "attachments" : [ ],
      "parameters" : [ ],
      "stepsCount" : 0,
      "attachmentsCount" : 0,
      "shouldDisplayMessage" : false,
      "hasContent" : false
    }, {
      "name" : "When The user clicks on the \"accept_cookie\" button",
      "time" : {
        "start" : 1698826536561,
        "stop" : 1698826538868,
        "duration" : 2307
      },
      "status" : "passed",
      "steps" : [ ],
      "attachments" : [ ],
      "parameters" : [ ],
      "stepsCount" : 0,
      "attachmentsCount" : 0,
      "shouldDisplayMessage" : false,
      "hasContent" : false
    }, {
      "name" : "When The user clicks on the \"contributor_agreement\" button",
      "time" : {
        "start" : 1698826538868,
        "stop" : 1698826542316,
        "duration" : 3448
      },
      "status" : "passed",
      "steps" : [ ],
      "attachments" : [ ],
      "parameters" : [ ],
      "stepsCount" : 0,
      "attachmentsCount" : 0,
      "shouldDisplayMessage" : false,
      "hasContent" : false
    }, {
      "name" : "Then The user should be redirected to the \"contributor_agreement\" page",
      "time" : {
        "start" : 1698826542316,
        "stop" : 1698826544388,
        "duration" : 2072
      },
      "status" : "passed",
      "steps" : [ ],
      "attachments" : [ ],
      "parameters" : [ ],
      "stepsCount" : 0,
      "attachmentsCount" : 0,
      "shouldDisplayMessage" : false,
      "hasContent" : false
    }, {
      "name" : "When The user clicks on the \"accept_cookie\" button",
      "time" : {
        "start" : 1698826544388,
        "stop" : 1698826549673,
        "duration" : 5285
      },
      "status" : "broken",
      "statusMessage" : "selenium.common.exceptions.WebDriverException: Message: unknown error: unhandled inspector error: {\"code\":-32000,\"message\":\"Unable to capture screenshot\"}\n  (Session info: chrome=114.0.5735.133)\nStacktrace:\n#0 0x55e7decf54e3 <unknown>\n#1 0x55e7dea24c76 <unknown>\n#2 0x55e7dea0e900 <unknown>\n#3 0x55e7dea0cbac <unknown>\n#4 0x55e7dea0d162 <unknown>\n#5 0x55e7dea2ef9c <unknown>\n#6 0x55e7deaa4bc2 <unknown>\n#7 0x55e7dea80012 <unknown>\n#8 0x55e7dea9830e <unknown>\n#9 0x55e7dea7fde3 <unknown>\n#10 0x55e7dea552dd <unknown>\n#11 0x55e7dea5634e <unknown>\n#12 0x55e7decb53e4 <unknown>\n#13 0x55e7decb93d7 <unknown>\n#14 0x55e7decc3b20 <unknown>\n#15 0x55e7decba023 <unknown>\n#16 0x55e7dec881aa <unknown>\n#17 0x55e7decde6b8 <unknown>\n#18 0x55e7decde847 <unknown>\n#19 0x55e7decee243 <unknown>\n#20 0x7f5eb6290402 <unknown>\n\n",
      "statusTrace" : "  File \"/usr/local/lib/python3.10/dist-packages/behave/model.py\", line 1329, in run\n    match.run(runner.context)\n  File \"/usr/local/lib/python3.10/dist-packages/behave/matchers.py\", line 98, in run\n    self.func(context, *args, **kwargs)\n  File \"steps/PageRedirectionSteps.py\", line 124, in step_impl\n    allure.attach(context.driver.get_screenshot_as_png(), name=f\"Screenshot of {context.driver.current_url} Page\",\n  File \"/home/addweb/.local/lib/python3.10/site-packages/selenium/webdriver/remote/webdriver.py\", line 836, in get_screenshot_as_png\n    return b64decode(self.get_screenshot_as_base64().encode(\"ascii\"))\n  File \"/home/addweb/.local/lib/python3.10/site-packages/selenium/webdriver/remote/webdriver.py\", line 847, in get_screenshot_as_base64\n    return self.execute(Command.SCREENSHOT)[\"value\"]\n  File \"/home/addweb/.local/lib/python3.10/site-packages/selenium/webdriver/remote/webdriver.py\", line 346, in execute\n    self.error_handler.check_response(response)\n  File \"/home/addweb/.local/lib/python3.10/site-packages/selenium/webdriver/remote/errorhandler.py\", line 245, in check_response\n    raise exception_class(message, screen, stacktrace)\n",
      "steps" : [ ],
      "attachments" : [ {
        "uid" : "70619e9f5b29442e",
        "name" : "Error Message",
        "source" : "70619e9f5b29442e.txt",
        "type" : "text/plain",
        "size" : 675
      } ],
      "parameters" : [ ],
      "stepsCount" : 0,
      "attachmentsCount" : 1,
      "shouldDisplayMessage" : true,
      "hasContent" : true
    }, {
      "name" : "When The user clicks on the \"sitemap\" button",
      "time" : {
        "start" : 1698826549746,
        "stop" : 1698826549746,
        "duration" : 0
      },
      "status" : "skipped",
      "steps" : [ ],
      "attachments" : [ ],
      "parameters" : [ ],
      "stepsCount" : 0,
      "attachmentsCount" : 0,
      "shouldDisplayMessage" : false,
      "hasContent" : false
    }, {
      "name" : "Then The user should be redirected to the \"sitemap\" page",
      "time" : {
        "start" : 1698826549746,
        "stop" : 1698826549746,
        "duration" : 0
      },
      "status" : "skipped",
      "steps" : [ ],
      "attachments" : [ ],
      "parameters" : [ ],
      "stepsCount" : 0,
      "attachmentsCount" : 0,
      "shouldDisplayMessage" : false,
      "hasContent" : false
    }, {
      "name" : "When The user clicks on the \"accept_cookie\" button",
      "time" : {
        "start" : 1698826549746,
        "stop" : 1698826549746,
        "duration" : 0
      },
      "status" : "skipped",
      "steps" : [ ],
      "attachments" : [ ],
      "parameters" : [ ],
      "stepsCount" : 0,
      "attachmentsCount" : 0,
      "shouldDisplayMessage" : false,
      "hasContent" : false
    }, {
      "name" : "When The user clicks on the \"contact_us\" button",
      "time" : {
        "start" : 1698826549746,
        "stop" : 1698826549746,
        "duration" : 0
      },
      "status" : "skipped",
      "steps" : [ ],
      "attachments" : [ ],
      "parameters" : [ ],
      "stepsCount" : 0,
      "attachmentsCount" : 0,
      "shouldDisplayMessage" : false,
      "hasContent" : false
    }, {
      "name" : "Then The user should be redirected to the \"contact\" page",
      "time" : {
        "start" : 1698826549746,
        "stop" : 1698826549746,
        "duration" : 0
      },
      "status" : "skipped",
      "steps" : [ ],
      "attachments" : [ ],
      "parameters" : [ ],
      "stepsCount" : 0,
      "attachmentsCount" : 0,
      "shouldDisplayMessage" : false,
      "hasContent" : false
    } ],
    "attachments" : [ ],
    "parameters" : [ ],
    "stepsCount" : 15,
    "attachmentsCount" : 1,
    "shouldDisplayMessage" : false,
    "hasContent" : true
  },
  "afterStages" : [ ],
  "labels" : [ {
    "name" : "severity",
    "value" : "normal"
  }, {
    "name" : "feature",
    "value" : "Test Redirection of Pages"
  }, {
    "name" : "framework",
    "value" : "behave"
  }, {
    "name" : "language",
    "value" : "cpython3"
  }, {
    "name" : "resultFormat",
    "value" : "allure2"
  } ],
  "parameters" : [ ],
  "links" : [ ],
  "hidden" : false,
  "retry" : false,
  "extra" : {
    "severity" : "normal",
    "retries" : [ ],
    "categories" : [ {
      "name" : "Test defects",
      "matchedStatuses" : [ ],
      "flaky" : false
    } ],
    "tags" : [ ]
  },
  "source" : "a24d91ccc667c1fb.json",
  "parameterValues" : [ ]
}