{
  "uid" : "b1cefdd15fac02e",
  "name" : "Test submenu and button on the Resources page",
  "fullName" : "Test Redirection of Pages: Test submenu and button on the Resources page",
  "historyId" : "22b01316d2a65b4f589a9af09648ad5d",
  "time" : {
    "start" : 1698819294996,
    "stop" : 1698819318809,
    "duration" : 23813
  },
  "status" : "broken",
  "statusMessage" : "selenium.common.exceptions.ElementNotInteractableException: Message: element not interactable\n  (Session info: chrome=114.0.5735.133)\nStacktrace:\n#0 0x559f91c5a4e3 <unknown>\n#1 0x559f91989b00 <unknown>\n#2 0x559f919c052c <unknown>\n#3 0x559f919bfb0a <unknown>\n#4 0x559f919e5012 <unknown>\n#5 0x559f919bbb03 <unknown>\n#6 0x559f919e51de <unknown>\n#7 0x559f919fd30e <unknown>\n#8 0x559f919e4de3 <unknown>\n#9 0x559f919ba2dd <unknown>\n#10 0x559f919bb34e <unknown>\n#11 0x559f91c1a3e4 <unknown>\n#12 0x559f91c1e3d7 <unknown>\n#13 0x559f91c28b20 <unknown>\n#14 0x559f91c1f023 <unknown>\n#15 0x559f91bed1aa <unknown>\n#16 0x559f91c436b8 <unknown>\n#17 0x559f91c43847 <unknown>\n#18 0x559f91c53243 <unknown>\n#19 0x7fd371690402 <unknown>\n\n",
  "statusTrace" : "  File \"/usr/local/lib/python3.10/dist-packages/behave/model.py\", line 1329, in run\n    match.run(runner.context)\n  File \"/usr/local/lib/python3.10/dist-packages/behave/matchers.py\", line 98, in run\n    self.func(context, *args, **kwargs)\n  File \"steps/PageRedirectionSteps.py\", line 228, in step_impl\n    type_dropdown_btn.send_keys(Keys.ARROW_DOWN)\n  File \"/home/addweb/.local/lib/python3.10/site-packages/selenium/webdriver/remote/webelement.py\", line 231, in send_keys\n    self._execute(\n  File \"/home/addweb/.local/lib/python3.10/site-packages/selenium/webdriver/remote/webelement.py\", line 395, in _execute\n    return self._parent.execute(command, params)\n  File \"/home/addweb/.local/lib/python3.10/site-packages/selenium/webdriver/remote/webdriver.py\", line 346, in execute\n    self.error_handler.check_response(response)\n  File \"/home/addweb/.local/lib/python3.10/site-packages/selenium/webdriver/remote/errorhandler.py\", line 245, in check_response\n    raise exception_class(message, screen, stacktrace)\n",
  "flaky" : false,
  "newFailed" : false,
  "beforeStages" : [ ],
  "testStage" : {
    "status" : "broken",
    "statusMessage" : "selenium.common.exceptions.ElementNotInteractableException: Message: element not interactable\n  (Session info: chrome=114.0.5735.133)\nStacktrace:\n#0 0x559f91c5a4e3 <unknown>\n#1 0x559f91989b00 <unknown>\n#2 0x559f919c052c <unknown>\n#3 0x559f919bfb0a <unknown>\n#4 0x559f919e5012 <unknown>\n#5 0x559f919bbb03 <unknown>\n#6 0x559f919e51de <unknown>\n#7 0x559f919fd30e <unknown>\n#8 0x559f919e4de3 <unknown>\n#9 0x559f919ba2dd <unknown>\n#10 0x559f919bb34e <unknown>\n#11 0x559f91c1a3e4 <unknown>\n#12 0x559f91c1e3d7 <unknown>\n#13 0x559f91c28b20 <unknown>\n#14 0x559f91c1f023 <unknown>\n#15 0x559f91bed1aa <unknown>\n#16 0x559f91c436b8 <unknown>\n#17 0x559f91c43847 <unknown>\n#18 0x559f91c53243 <unknown>\n#19 0x7fd371690402 <unknown>\n\n",
    "statusTrace" : "  File \"/usr/local/lib/python3.10/dist-packages/behave/model.py\", line 1329, in run\n    match.run(runner.context)\n  File \"/usr/local/lib/python3.10/dist-packages/behave/matchers.py\", line 98, in run\n    self.func(context, *args, **kwargs)\n  File \"steps/PageRedirectionSteps.py\", line 228, in step_impl\n    type_dropdown_btn.send_keys(Keys.ARROW_DOWN)\n  File \"/home/addweb/.local/lib/python3.10/site-packages/selenium/webdriver/remote/webelement.py\", line 231, in send_keys\n    self._execute(\n  File \"/home/addweb/.local/lib/python3.10/site-packages/selenium/webdriver/remote/webelement.py\", line 395, in _execute\n    return self._parent.execute(command, params)\n  File \"/home/addweb/.local/lib/python3.10/site-packages/selenium/webdriver/remote/webdriver.py\", line 346, in execute\n    self.error_handler.check_response(response)\n  File \"/home/addweb/.local/lib/python3.10/site-packages/selenium/webdriver/remote/errorhandler.py\", line 245, in check_response\n    raise exception_class(message, screen, stacktrace)\n",
    "steps" : [ {
      "name" : "Given The user is on the \"stg\" site",
      "time" : {
        "start" : 1698819295926,
        "stop" : 1698819304185,
        "duration" : 8259
      },
      "status" : "passed",
      "steps" : [ ],
      "attachments" : [ ],
      "parameters" : [ ],
      "stepsCount" : 0,
      "attachmentsCount" : 0,
      "shouldDisplayMessage" : false,
      "hasContent" : false
    }, {
      "name" : "When The user hovers over the \"resources\" menu",
      "time" : {
        "start" : 1698819304186,
        "stop" : 1698819304523,
        "duration" : 337
      },
      "status" : "passed",
      "steps" : [ ],
      "attachments" : [ ],
      "parameters" : [ ],
      "stepsCount" : 0,
      "attachmentsCount" : 0,
      "shouldDisplayMessage" : false,
      "hasContent" : false
    }, {
      "name" : "And The user clicks on the \"resources_library\" submenu link and verify the redirection \"resources_library\" page",
      "time" : {
        "start" : 1698819304523,
        "stop" : 1698819318647,
        "duration" : 14124
      },
      "status" : "passed",
      "steps" : [ ],
      "attachments" : [ ],
      "parameters" : [ ],
      "stepsCount" : 0,
      "attachmentsCount" : 0,
      "shouldDisplayMessage" : false,
      "hasContent" : false
    }, {
      "name" : "When The user selects \"REPORT\" from the \"Type\" dropdown in \"Type UL\"",
      "time" : {
        "start" : 1698819318647,
        "stop" : 1698819318732,
        "duration" : 85
      },
      "status" : "broken",
      "statusMessage" : "selenium.common.exceptions.ElementNotInteractableException: Message: element not interactable\n  (Session info: chrome=114.0.5735.133)\nStacktrace:\n#0 0x559f91c5a4e3 <unknown>\n#1 0x559f91989b00 <unknown>\n#2 0x559f919c052c <unknown>\n#3 0x559f919bfb0a <unknown>\n#4 0x559f919e5012 <unknown>\n#5 0x559f919bbb03 <unknown>\n#6 0x559f919e51de <unknown>\n#7 0x559f919fd30e <unknown>\n#8 0x559f919e4de3 <unknown>\n#9 0x559f919ba2dd <unknown>\n#10 0x559f919bb34e <unknown>\n#11 0x559f91c1a3e4 <unknown>\n#12 0x559f91c1e3d7 <unknown>\n#13 0x559f91c28b20 <unknown>\n#14 0x559f91c1f023 <unknown>\n#15 0x559f91bed1aa <unknown>\n#16 0x559f91c436b8 <unknown>\n#17 0x559f91c43847 <unknown>\n#18 0x559f91c53243 <unknown>\n#19 0x7fd371690402 <unknown>\n\n",
      "statusTrace" : "  File \"/usr/local/lib/python3.10/dist-packages/behave/model.py\", line 1329, in run\n    match.run(runner.context)\n  File \"/usr/local/lib/python3.10/dist-packages/behave/matchers.py\", line 98, in run\n    self.func(context, *args, **kwargs)\n  File \"steps/PageRedirectionSteps.py\", line 228, in step_impl\n    type_dropdown_btn.send_keys(Keys.ARROW_DOWN)\n  File \"/home/addweb/.local/lib/python3.10/site-packages/selenium/webdriver/remote/webelement.py\", line 231, in send_keys\n    self._execute(\n  File \"/home/addweb/.local/lib/python3.10/site-packages/selenium/webdriver/remote/webelement.py\", line 395, in _execute\n    return self._parent.execute(command, params)\n  File \"/home/addweb/.local/lib/python3.10/site-packages/selenium/webdriver/remote/webdriver.py\", line 346, in execute\n    self.error_handler.check_response(response)\n  File \"/home/addweb/.local/lib/python3.10/site-packages/selenium/webdriver/remote/errorhandler.py\", line 245, in check_response\n    raise exception_class(message, screen, stacktrace)\n",
      "steps" : [ ],
      "attachments" : [ ],
      "parameters" : [ ],
      "stepsCount" : 0,
      "attachmentsCount" : 0,
      "shouldDisplayMessage" : true,
      "hasContent" : true
    }, {
      "name" : "Then The \"resource_list_element\" should be filtered by \"REPORT\" type",
      "time" : {
        "start" : 1698819318809,
        "stop" : 1698819318809,
        "duration" : 0
      },
      "status" : "skipped",
      "steps" : [ ],
      "attachments" : [ ],
      "parameters" : [ ],
      "stepsCount" : 0,
      "attachmentsCount" : 0,
      "shouldDisplayMessage" : false,
      "hasContent" : false
    }, {
      "name" : "When The user enters the resource title \"Resource Title\" in the \"search bar\"",
      "time" : {
        "start" : 1698819318809,
        "stop" : 1698819318809,
        "duration" : 0
      },
      "status" : "skipped",
      "steps" : [ ],
      "attachments" : [ ],
      "parameters" : [ ],
      "stepsCount" : 0,
      "attachmentsCount" : 0,
      "shouldDisplayMessage" : false,
      "hasContent" : false
    }, {
      "name" : "Then The \"resource_list_element\" should be filtered by \"Resource Title\" resource",
      "time" : {
        "start" : 1698819318809,
        "stop" : 1698819318809,
        "duration" : 0
      },
      "status" : "skipped",
      "steps" : [ ],
      "attachments" : [ ],
      "parameters" : [ ],
      "stepsCount" : 0,
      "attachmentsCount" : 0,
      "shouldDisplayMessage" : false,
      "hasContent" : false
    } ],
    "attachments" : [ ],
    "parameters" : [ ],
    "stepsCount" : 7,
    "attachmentsCount" : 0,
    "shouldDisplayMessage" : false,
    "hasContent" : true
  },
  "afterStages" : [ ],
  "labels" : [ {
    "name" : "severity",
    "value" : "normal"
  }, {
    "name" : "feature",
    "value" : "Test Redirection of Pages"
  }, {
    "name" : "framework",
    "value" : "behave"
  }, {
    "name" : "language",
    "value" : "cpython3"
  }, {
    "name" : "resultFormat",
    "value" : "allure2"
  } ],
  "parameters" : [ ],
  "links" : [ ],
  "hidden" : false,
  "retry" : false,
  "extra" : {
    "severity" : "normal",
    "retries" : [ ],
    "categories" : [ {
      "name" : "Test defects",
      "matchedStatuses" : [ ],
      "flaky" : false
    } ],
    "tags" : [ ]
  },
  "source" : "b1cefdd15fac02e.json",
  "parameterValues" : [ ]
}