{
  "uid" : "5827dce461471fd7",
  "name" : "Test submenu and button on the IOT page",
  "fullName" : "Test Redirection of Pages: Test submenu and button on the IOT page",
  "historyId" : "2b57fa7715c91bca520a3a554100e463",
  "time" : {
    "start" : 1698816521331,
    "stop" : 1698816542748,
    "duration" : 21417
  },
  "status" : "broken",
  "statusMessage" : "selenium.common.exceptions.NoSuchElementException: Message: no such element: Unable to locate element: {\"method\":\"xpath\",\"selector\":\"/html/body/div[1]/div[3]/div/div/div/div/main/article/div/div/div[11]/div/div/div/div[3]/div/div/div/div/div/div[2]/div/div/div[2]/a\"}\n  (Session info: chrome=114.0.5735.133); For documentation on this error, please visit: https://www.selenium.dev/documentation/webdriver/troubleshooting/errors#no-such-element-exception\nStacktrace:\n#0 0x56500725f4e3 <unknown>\n#1 0x565006f8ec76 <unknown>\n#2 0x565006fcac96 <unknown>\n#3 0x565006fcadc1 <unknown>\n#4 0x5650070047f4 <unknown>\n#5 0x565006fea03d <unknown>\n#6 0x56500700230e <unknown>\n#7 0x565006fe9de3 <unknown>\n#8 0x565006fbf2dd <unknown>\n#9 0x565006fc034e <unknown>\n#10 0x56500721f3e4 <unknown>\n#11 0x5650072233d7 <unknown>\n#12 0x56500722db20 <unknown>\n#13 0x565007224023 <unknown>\n#14 0x5650071f21aa <unknown>\n#15 0x5650072486b8 <unknown>\n#16 0x565007248847 <unknown>\n#17 0x565007258243 <unknown>\n#18 0x7f6bb7e90402 <unknown>\n\n",
  "statusTrace" : "  File \"/usr/local/lib/python3.10/dist-packages/behave/model.py\", line 1329, in run\n    match.run(runner.context)\n  File \"/usr/local/lib/python3.10/dist-packages/behave/matchers.py\", line 98, in run\n    self.func(context, *args, **kwargs)\n  File \"steps/PageRedirectionSteps.py\", line 103, in step_impl\n    button_element = context.driver.find_element(By.XPATH, xpath)\n  File \"/home/addweb/.local/lib/python3.10/site-packages/selenium/webdriver/remote/webdriver.py\", line 740, in find_element\n    return self.execute(Command.FIND_ELEMENT, {\"using\": by, \"value\": value})[\"value\"]\n  File \"/home/addweb/.local/lib/python3.10/site-packages/selenium/webdriver/remote/webdriver.py\", line 346, in execute\n    self.error_handler.check_response(response)\n  File \"/home/addweb/.local/lib/python3.10/site-packages/selenium/webdriver/remote/errorhandler.py\", line 245, in check_response\n    raise exception_class(message, screen, stacktrace)\n",
  "flaky" : false,
  "newFailed" : false,
  "beforeStages" : [ ],
  "testStage" : {
    "status" : "broken",
    "statusMessage" : "selenium.common.exceptions.NoSuchElementException: Message: no such element: Unable to locate element: {\"method\":\"xpath\",\"selector\":\"/html/body/div[1]/div[3]/div/div/div/div/main/article/div/div/div[11]/div/div/div/div[3]/div/div/div/div/div/div[2]/div/div/div[2]/a\"}\n  (Session info: chrome=114.0.5735.133); For documentation on this error, please visit: https://www.selenium.dev/documentation/webdriver/troubleshooting/errors#no-such-element-exception\nStacktrace:\n#0 0x56500725f4e3 <unknown>\n#1 0x565006f8ec76 <unknown>\n#2 0x565006fcac96 <unknown>\n#3 0x565006fcadc1 <unknown>\n#4 0x5650070047f4 <unknown>\n#5 0x565006fea03d <unknown>\n#6 0x56500700230e <unknown>\n#7 0x565006fe9de3 <unknown>\n#8 0x565006fbf2dd <unknown>\n#9 0x565006fc034e <unknown>\n#10 0x56500721f3e4 <unknown>\n#11 0x5650072233d7 <unknown>\n#12 0x56500722db20 <unknown>\n#13 0x565007224023 <unknown>\n#14 0x5650071f21aa <unknown>\n#15 0x5650072486b8 <unknown>\n#16 0x565007248847 <unknown>\n#17 0x565007258243 <unknown>\n#18 0x7f6bb7e90402 <unknown>\n\n",
    "statusTrace" : "  File \"/usr/local/lib/python3.10/dist-packages/behave/model.py\", line 1329, in run\n    match.run(runner.context)\n  File \"/usr/local/lib/python3.10/dist-packages/behave/matchers.py\", line 98, in run\n    self.func(context, *args, **kwargs)\n  File \"steps/PageRedirectionSteps.py\", line 103, in step_impl\n    button_element = context.driver.find_element(By.XPATH, xpath)\n  File \"/home/addweb/.local/lib/python3.10/site-packages/selenium/webdriver/remote/webdriver.py\", line 740, in find_element\n    return self.execute(Command.FIND_ELEMENT, {\"using\": by, \"value\": value})[\"value\"]\n  File \"/home/addweb/.local/lib/python3.10/site-packages/selenium/webdriver/remote/webdriver.py\", line 346, in execute\n    self.error_handler.check_response(response)\n  File \"/home/addweb/.local/lib/python3.10/site-packages/selenium/webdriver/remote/errorhandler.py\", line 245, in check_response\n    raise exception_class(message, screen, stacktrace)\n",
    "steps" : [ {
      "name" : "Given The user is on the \"stg\" site",
      "time" : {
        "start" : 1698816522293,
        "stop" : 1698816530039,
        "duration" : 7746
      },
      "status" : "passed",
      "steps" : [ ],
      "attachments" : [ ],
      "parameters" : [ ],
      "stepsCount" : 0,
      "attachmentsCount" : 0,
      "shouldDisplayMessage" : false,
      "hasContent" : false
    }, {
      "name" : "When The user hovers over the \"use_cases\" menu",
      "time" : {
        "start" : 1698816530040,
        "stop" : 1698816530360,
        "duration" : 320
      },
      "status" : "passed",
      "steps" : [ ],
      "attachments" : [ ],
      "parameters" : [ ],
      "stepsCount" : 0,
      "attachmentsCount" : 0,
      "shouldDisplayMessage" : false,
      "hasContent" : false
    }, {
      "name" : "And The user clicks on the \"iot\" submenu link and verify the redirection \"iot\" page",
      "time" : {
        "start" : 1698816530361,
        "stop" : 1698816532706,
        "duration" : 2345
      },
      "status" : "passed",
      "steps" : [ ],
      "attachments" : [ ],
      "parameters" : [ ],
      "stepsCount" : 0,
      "attachmentsCount" : 0,
      "shouldDisplayMessage" : false,
      "hasContent" : false
    }, {
      "name" : "When The user clicks on the \"architects_2\" button",
      "time" : {
        "start" : 1698816532706,
        "stop" : 1698816534936,
        "duration" : 2230
      },
      "status" : "passed",
      "steps" : [ ],
      "attachments" : [ ],
      "parameters" : [ ],
      "stepsCount" : 0,
      "attachmentsCount" : 0,
      "shouldDisplayMessage" : false,
      "hasContent" : false
    }, {
      "name" : "Then The user should be redirected to the \"architects\" page",
      "time" : {
        "start" : 1698816534936,
        "stop" : 1698816537339,
        "duration" : 2403
      },
      "status" : "passed",
      "steps" : [ ],
      "attachments" : [ ],
      "parameters" : [ ],
      "stepsCount" : 0,
      "attachmentsCount" : 0,
      "shouldDisplayMessage" : false,
      "hasContent" : false
    }, {
      "name" : "When The user clicks on the \"advantage_streaming_3\" button",
      "time" : {
        "start" : 1698816537340,
        "stop" : 1698816542679,
        "duration" : 5339
      },
      "status" : "broken",
      "statusMessage" : "selenium.common.exceptions.NoSuchElementException: Message: no such element: Unable to locate element: {\"method\":\"xpath\",\"selector\":\"/html/body/div[1]/div[3]/div/div/div/div/main/article/div/div/div[11]/div/div/div/div[3]/div/div/div/div/div/div[2]/div/div/div[2]/a\"}\n  (Session info: chrome=114.0.5735.133); For documentation on this error, please visit: https://www.selenium.dev/documentation/webdriver/troubleshooting/errors#no-such-element-exception\nStacktrace:\n#0 0x56500725f4e3 <unknown>\n#1 0x565006f8ec76 <unknown>\n#2 0x565006fcac96 <unknown>\n#3 0x565006fcadc1 <unknown>\n#4 0x5650070047f4 <unknown>\n#5 0x565006fea03d <unknown>\n#6 0x56500700230e <unknown>\n#7 0x565006fe9de3 <unknown>\n#8 0x565006fbf2dd <unknown>\n#9 0x565006fc034e <unknown>\n#10 0x56500721f3e4 <unknown>\n#11 0x5650072233d7 <unknown>\n#12 0x56500722db20 <unknown>\n#13 0x565007224023 <unknown>\n#14 0x5650071f21aa <unknown>\n#15 0x5650072486b8 <unknown>\n#16 0x565007248847 <unknown>\n#17 0x565007258243 <unknown>\n#18 0x7f6bb7e90402 <unknown>\n\n",
      "statusTrace" : "  File \"/usr/local/lib/python3.10/dist-packages/behave/model.py\", line 1329, in run\n    match.run(runner.context)\n  File \"/usr/local/lib/python3.10/dist-packages/behave/matchers.py\", line 98, in run\n    self.func(context, *args, **kwargs)\n  File \"steps/PageRedirectionSteps.py\", line 103, in step_impl\n    button_element = context.driver.find_element(By.XPATH, xpath)\n  File \"/home/addweb/.local/lib/python3.10/site-packages/selenium/webdriver/remote/webdriver.py\", line 740, in find_element\n    return self.execute(Command.FIND_ELEMENT, {\"using\": by, \"value\": value})[\"value\"]\n  File \"/home/addweb/.local/lib/python3.10/site-packages/selenium/webdriver/remote/webdriver.py\", line 346, in execute\n    self.error_handler.check_response(response)\n  File \"/home/addweb/.local/lib/python3.10/site-packages/selenium/webdriver/remote/errorhandler.py\", line 245, in check_response\n    raise exception_class(message, screen, stacktrace)\n",
      "steps" : [ ],
      "attachments" : [ {
        "uid" : "2c606a259974eaed",
        "name" : "Error Message",
        "source" : "2c606a259974eaed.txt",
        "type" : "text/plain",
        "size" : 975
      }, {
        "uid" : "c2a668d4fe130d8d",
        "name" : "Screenshot of https://voltSTG:oI5L!YKmQ%401gOvqQ@stg.voltactivedata.com/ Page",
        "source" : "c2a668d4fe130d8d.png",
        "type" : "image/png",
        "size" : 421761
      } ],
      "parameters" : [ ],
      "stepsCount" : 0,
      "attachmentsCount" : 2,
      "shouldDisplayMessage" : true,
      "hasContent" : true
    }, {
      "name" : "Then The user should be redirected to the \"advantage_streaming\" page",
      "time" : {
        "start" : 1698816542748,
        "stop" : 1698816542748,
        "duration" : 0
      },
      "status" : "skipped",
      "steps" : [ ],
      "attachments" : [ ],
      "parameters" : [ ],
      "stepsCount" : 0,
      "attachmentsCount" : 0,
      "shouldDisplayMessage" : false,
      "hasContent" : false
    }, {
      "name" : "When The user clicks on the \"top-10-capabilites_6\" button",
      "time" : {
        "start" : 1698816542748,
        "stop" : 1698816542748,
        "duration" : 0
      },
      "status" : "skipped",
      "steps" : [ ],
      "attachments" : [ ],
      "parameters" : [ ],
      "stepsCount" : 0,
      "attachmentsCount" : 0,
      "shouldDisplayMessage" : false,
      "hasContent" : false
    }, {
      "name" : "Then The user should be redirected to the \"top-10-capabilites\" page",
      "time" : {
        "start" : 1698816542748,
        "stop" : 1698816542748,
        "duration" : 0
      },
      "status" : "skipped",
      "steps" : [ ],
      "attachments" : [ ],
      "parameters" : [ ],
      "stepsCount" : 0,
      "attachmentsCount" : 0,
      "shouldDisplayMessage" : false,
      "hasContent" : false
    } ],
    "attachments" : [ ],
    "parameters" : [ ],
    "stepsCount" : 9,
    "attachmentsCount" : 2,
    "shouldDisplayMessage" : false,
    "hasContent" : true
  },
  "afterStages" : [ ],
  "labels" : [ {
    "name" : "severity",
    "value" : "normal"
  }, {
    "name" : "feature",
    "value" : "Test Redirection of Pages"
  }, {
    "name" : "framework",
    "value" : "behave"
  }, {
    "name" : "language",
    "value" : "cpython3"
  }, {
    "name" : "resultFormat",
    "value" : "allure2"
  } ],
  "parameters" : [ ],
  "links" : [ ],
  "hidden" : false,
  "retry" : false,
  "extra" : {
    "severity" : "normal",
    "retries" : [ ],
    "categories" : [ {
      "name" : "Test defects",
      "matchedStatuses" : [ ],
      "flaky" : false
    } ],
    "tags" : [ ]
  },
  "source" : "5827dce461471fd7.json",
  "parameterValues" : [ ]
}