{
  "uid" : "6c5d6531f9e4d28e",
  "name" : "Test submenu and button on the Geo Replication page",
  "fullName" : "Test Redirection of Pages: Test submenu and button on the Geo Replication page",
  "historyId" : "00b85bb53249cb13bc5f544d1b4ee8f0",
  "time" : {
    "start" : 1698669442462,
    "stop" : 1698669467354,
    "duration" : 24892
  },
  "status" : "broken",
  "statusMessage" : "selenium.common.exceptions.NoSuchElementException: Message: no such element: Unable to locate element: {\"method\":\"xpath\",\"selector\":\"//*[@id=\"post-19777\"]/div/section/div[1]/div/div/div/div/div[1]/div/div/div[2]/a\"}\n  (Session info: chrome=114.0.5735.133); For documentation on this error, please visit: https://www.selenium.dev/documentation/webdriver/troubleshooting/errors#no-such-element-exception\nStacktrace:\n#0 0x5649267794e3 <unknown>\n#1 0x5649264a8c76 <unknown>\n#2 0x5649264e4c96 <unknown>\n#3 0x5649264e4dc1 <unknown>\n#4 0x56492651e7f4 <unknown>\n#5 0x56492650403d <unknown>\n#6 0x56492651c30e <unknown>\n#7 0x564926503de3 <unknown>\n#8 0x5649264d92dd <unknown>\n#9 0x5649264da34e <unknown>\n#10 0x5649267393e4 <unknown>\n#11 0x56492673d3d7 <unknown>\n#12 0x564926747b20 <unknown>\n#13 0x56492673e023 <unknown>\n#14 0x56492670c1aa <unknown>\n#15 0x5649267626b8 <unknown>\n#16 0x564926762847 <unknown>\n#17 0x564926772243 <unknown>\n#18 0x7f863aa90402 <unknown>\n\n",
  "statusTrace" : "  File \"/usr/local/lib/python3.10/dist-packages/behave/model.py\", line 1329, in run\n    match.run(runner.context)\n  File \"/usr/local/lib/python3.10/dist-packages/behave/matchers.py\", line 98, in run\n    self.func(context, *args, **kwargs)\n  File \"steps/PageRedirectionSteps.py\", line 103, in step_impl\n    button_element = context.driver.find_element(By.XPATH, xpath)\n  File \"/home/addweb/.local/lib/python3.10/site-packages/selenium/webdriver/remote/webdriver.py\", line 740, in find_element\n    return self.execute(Command.FIND_ELEMENT, {\"using\": by, \"value\": value})[\"value\"]\n  File \"/home/addweb/.local/lib/python3.10/site-packages/selenium/webdriver/remote/webdriver.py\", line 346, in execute\n    self.error_handler.check_response(response)\n  File \"/home/addweb/.local/lib/python3.10/site-packages/selenium/webdriver/remote/errorhandler.py\", line 245, in check_response\n    raise exception_class(message, screen, stacktrace)\n",
  "flaky" : false,
  "newFailed" : false,
  "beforeStages" : [ ],
  "testStage" : {
    "status" : "broken",
    "statusMessage" : "selenium.common.exceptions.NoSuchElementException: Message: no such element: Unable to locate element: {\"method\":\"xpath\",\"selector\":\"//*[@id=\"post-19777\"]/div/section/div[1]/div/div/div/div/div[1]/div/div/div[2]/a\"}\n  (Session info: chrome=114.0.5735.133); For documentation on this error, please visit: https://www.selenium.dev/documentation/webdriver/troubleshooting/errors#no-such-element-exception\nStacktrace:\n#0 0x5649267794e3 <unknown>\n#1 0x5649264a8c76 <unknown>\n#2 0x5649264e4c96 <unknown>\n#3 0x5649264e4dc1 <unknown>\n#4 0x56492651e7f4 <unknown>\n#5 0x56492650403d <unknown>\n#6 0x56492651c30e <unknown>\n#7 0x564926503de3 <unknown>\n#8 0x5649264d92dd <unknown>\n#9 0x5649264da34e <unknown>\n#10 0x5649267393e4 <unknown>\n#11 0x56492673d3d7 <unknown>\n#12 0x564926747b20 <unknown>\n#13 0x56492673e023 <unknown>\n#14 0x56492670c1aa <unknown>\n#15 0x5649267626b8 <unknown>\n#16 0x564926762847 <unknown>\n#17 0x564926772243 <unknown>\n#18 0x7f863aa90402 <unknown>\n\n",
    "statusTrace" : "  File \"/usr/local/lib/python3.10/dist-packages/behave/model.py\", line 1329, in run\n    match.run(runner.context)\n  File \"/usr/local/lib/python3.10/dist-packages/behave/matchers.py\", line 98, in run\n    self.func(context, *args, **kwargs)\n  File \"steps/PageRedirectionSteps.py\", line 103, in step_impl\n    button_element = context.driver.find_element(By.XPATH, xpath)\n  File \"/home/addweb/.local/lib/python3.10/site-packages/selenium/webdriver/remote/webdriver.py\", line 740, in find_element\n    return self.execute(Command.FIND_ELEMENT, {\"using\": by, \"value\": value})[\"value\"]\n  File \"/home/addweb/.local/lib/python3.10/site-packages/selenium/webdriver/remote/webdriver.py\", line 346, in execute\n    self.error_handler.check_response(response)\n  File \"/home/addweb/.local/lib/python3.10/site-packages/selenium/webdriver/remote/errorhandler.py\", line 245, in check_response\n    raise exception_class(message, screen, stacktrace)\n",
    "steps" : [ {
      "name" : "Given The user is on the \"stg\" site",
      "time" : {
        "start" : 1698669443447,
        "stop" : 1698669458653,
        "duration" : 15206
      },
      "status" : "passed",
      "steps" : [ ],
      "attachments" : [ ],
      "parameters" : [ ],
      "stepsCount" : 0,
      "attachmentsCount" : 0,
      "shouldDisplayMessage" : false,
      "hasContent" : false
    }, {
      "name" : "When The user hovers over the \"use_cases\" menu",
      "time" : {
        "start" : 1698669458653,
        "stop" : 1698669458986,
        "duration" : 333
      },
      "status" : "passed",
      "steps" : [ ],
      "attachments" : [ ],
      "parameters" : [ ],
      "stepsCount" : 0,
      "attachmentsCount" : 0,
      "shouldDisplayMessage" : false,
      "hasContent" : false
    }, {
      "name" : "And The user clicks on the \"geo_replication\" submenu link and verify the redirection \"geo_replication\" page",
      "time" : {
        "start" : 1698669458987,
        "stop" : 1698669461930,
        "duration" : 2943
      },
      "status" : "passed",
      "steps" : [ ],
      "attachments" : [ ],
      "parameters" : [ ],
      "stepsCount" : 0,
      "attachmentsCount" : 0,
      "shouldDisplayMessage" : false,
      "hasContent" : false
    }, {
      "name" : "When The user clicks on the \"learn-more_5\" button",
      "time" : {
        "start" : 1698669461930,
        "stop" : 1698669467275,
        "duration" : 5345
      },
      "status" : "broken",
      "statusMessage" : "selenium.common.exceptions.NoSuchElementException: Message: no such element: Unable to locate element: {\"method\":\"xpath\",\"selector\":\"//*[@id=\"post-19777\"]/div/section/div[1]/div/div/div/div/div[1]/div/div/div[2]/a\"}\n  (Session info: chrome=114.0.5735.133); For documentation on this error, please visit: https://www.selenium.dev/documentation/webdriver/troubleshooting/errors#no-such-element-exception\nStacktrace:\n#0 0x5649267794e3 <unknown>\n#1 0x5649264a8c76 <unknown>\n#2 0x5649264e4c96 <unknown>\n#3 0x5649264e4dc1 <unknown>\n#4 0x56492651e7f4 <unknown>\n#5 0x56492650403d <unknown>\n#6 0x56492651c30e <unknown>\n#7 0x564926503de3 <unknown>\n#8 0x5649264d92dd <unknown>\n#9 0x5649264da34e <unknown>\n#10 0x5649267393e4 <unknown>\n#11 0x56492673d3d7 <unknown>\n#12 0x564926747b20 <unknown>\n#13 0x56492673e023 <unknown>\n#14 0x56492670c1aa <unknown>\n#15 0x5649267626b8 <unknown>\n#16 0x564926762847 <unknown>\n#17 0x564926772243 <unknown>\n#18 0x7f863aa90402 <unknown>\n\n",
      "statusTrace" : "  File \"/usr/local/lib/python3.10/dist-packages/behave/model.py\", line 1329, in run\n    match.run(runner.context)\n  File \"/usr/local/lib/python3.10/dist-packages/behave/matchers.py\", line 98, in run\n    self.func(context, *args, **kwargs)\n  File \"steps/PageRedirectionSteps.py\", line 103, in step_impl\n    button_element = context.driver.find_element(By.XPATH, xpath)\n  File \"/home/addweb/.local/lib/python3.10/site-packages/selenium/webdriver/remote/webdriver.py\", line 740, in find_element\n    return self.execute(Command.FIND_ELEMENT, {\"using\": by, \"value\": value})[\"value\"]\n  File \"/home/addweb/.local/lib/python3.10/site-packages/selenium/webdriver/remote/webdriver.py\", line 346, in execute\n    self.error_handler.check_response(response)\n  File \"/home/addweb/.local/lib/python3.10/site-packages/selenium/webdriver/remote/errorhandler.py\", line 245, in check_response\n    raise exception_class(message, screen, stacktrace)\n",
      "steps" : [ ],
      "attachments" : [ {
        "uid" : "a5b18338ffa83fa6",
        "name" : "Error Message",
        "source" : "a5b18338ffa83fa6.txt",
        "type" : "text/plain",
        "size" : 923
      }, {
        "uid" : "3fbd06db92cf9d7",
        "name" : "Screenshot of https://stg.voltactivedata.com/use-cases/geo-replication/ Page",
        "source" : "3fbd06db92cf9d7.png",
        "type" : "image/png",
        "size" : 659466
      } ],
      "parameters" : [ ],
      "stepsCount" : 0,
      "attachmentsCount" : 2,
      "shouldDisplayMessage" : true,
      "hasContent" : true
    }, {
      "name" : "Then The user should be redirected to the \"learn-more_5\" page",
      "time" : {
        "start" : 1698669467354,
        "stop" : 1698669467354,
        "duration" : 0
      },
      "status" : "skipped",
      "steps" : [ ],
      "attachments" : [ ],
      "parameters" : [ ],
      "stepsCount" : 0,
      "attachmentsCount" : 0,
      "shouldDisplayMessage" : false,
      "hasContent" : false
    }, {
      "name" : "When The user clicks on the \"5g-monetization\" button",
      "time" : {
        "start" : 1698669467354,
        "stop" : 1698669467354,
        "duration" : 0
      },
      "status" : "skipped",
      "steps" : [ ],
      "attachments" : [ ],
      "parameters" : [ ],
      "stepsCount" : 0,
      "attachmentsCount" : 0,
      "shouldDisplayMessage" : false,
      "hasContent" : false
    }, {
      "name" : "Then The user should be redirected to the \"5g-monetization\" page",
      "time" : {
        "start" : 1698669467354,
        "stop" : 1698669467354,
        "duration" : 0
      },
      "status" : "skipped",
      "steps" : [ ],
      "attachments" : [ ],
      "parameters" : [ ],
      "stepsCount" : 0,
      "attachmentsCount" : 0,
      "shouldDisplayMessage" : false,
      "hasContent" : false
    }, {
      "name" : "When The user clicks on the \"avoid-it_3\" button",
      "time" : {
        "start" : 1698669467354,
        "stop" : 1698669467354,
        "duration" : 0
      },
      "status" : "skipped",
      "steps" : [ ],
      "attachments" : [ ],
      "parameters" : [ ],
      "stepsCount" : 0,
      "attachmentsCount" : 0,
      "shouldDisplayMessage" : false,
      "hasContent" : false
    }, {
      "name" : "Then The user should be redirected to the \"avoid-it\" page",
      "time" : {
        "start" : 1698669467354,
        "stop" : 1698669467354,
        "duration" : 0
      },
      "status" : "skipped",
      "steps" : [ ],
      "attachments" : [ ],
      "parameters" : [ ],
      "stepsCount" : 0,
      "attachmentsCount" : 0,
      "shouldDisplayMessage" : false,
      "hasContent" : false
    }, {
      "name" : "When The user clicks on the \"new_sql\" button",
      "time" : {
        "start" : 1698669467354,
        "stop" : 1698669467354,
        "duration" : 0
      },
      "status" : "skipped",
      "steps" : [ ],
      "attachments" : [ ],
      "parameters" : [ ],
      "stepsCount" : 0,
      "attachmentsCount" : 0,
      "shouldDisplayMessage" : false,
      "hasContent" : false
    }, {
      "name" : "Then The user should be redirected to the \"new_sql\" page",
      "time" : {
        "start" : 1698669467354,
        "stop" : 1698669467354,
        "duration" : 0
      },
      "status" : "skipped",
      "steps" : [ ],
      "attachments" : [ ],
      "parameters" : [ ],
      "stepsCount" : 0,
      "attachmentsCount" : 0,
      "shouldDisplayMessage" : false,
      "hasContent" : false
    } ],
    "attachments" : [ ],
    "parameters" : [ ],
    "stepsCount" : 11,
    "attachmentsCount" : 2,
    "shouldDisplayMessage" : false,
    "hasContent" : true
  },
  "afterStages" : [ ],
  "labels" : [ {
    "name" : "severity",
    "value" : "normal"
  }, {
    "name" : "feature",
    "value" : "Test Redirection of Pages"
  }, {
    "name" : "framework",
    "value" : "behave"
  }, {
    "name" : "language",
    "value" : "cpython3"
  }, {
    "name" : "resultFormat",
    "value" : "allure2"
  } ],
  "parameters" : [ ],
  "links" : [ ],
  "hidden" : false,
  "retry" : false,
  "extra" : {
    "severity" : "normal",
    "retries" : [ ],
    "categories" : [ {
      "name" : "Test defects",
      "matchedStatuses" : [ ],
      "flaky" : false
    } ],
    "tags" : [ ]
  },
  "source" : "6c5d6531f9e4d28e.json",
  "parameterValues" : [ ]
}