{
  "uid" : "c1dcf8e420ded037",
  "name" : "Test submenu and button on the IOT page",
  "fullName" : "Test Redirection of Pages: Test submenu and button on the IOT page",
  "historyId" : "2b57fa7715c91bca520a3a554100e463",
  "time" : {
    "start" : 1698828010658,
    "stop" : 1698828043977,
    "duration" : 33319
  },
  "status" : "broken",
  "statusMessage" : "selenium.common.exceptions.NoSuchElementException: Message: no such element: Unable to locate element: {\"method\":\"xpath\",\"selector\":\"/html/body/div[1]/div[3]/div/div/div/div/main/article/div/div/div[11]/div/div/div/div[3]/div/div/div/div/div/div[2]/div/div/div[2]/a\"}\n  (Session info: headless chrome=114.0.5735.133); For documentation on this error, please visit: https://www.selenium.dev/documentation/webdriver/troubleshooting/errors#no-such-element-exception\nStacktrace:\n#0 0x5620e0ccb4e3 <unknown>\n#1 0x5620e09fac76 <unknown>\n#2 0x5620e0a36c96 <unknown>\n#3 0x5620e0a36dc1 <unknown>\n#4 0x5620e0a707f4 <unknown>\n#5 0x5620e0a5603d <unknown>\n#6 0x5620e0a6e30e <unknown>\n#7 0x5620e0a55de3 <unknown>\n#8 0x5620e0a2b2dd <unknown>\n#9 0x5620e0a2c34e <unknown>\n#10 0x5620e0c8b3e4 <unknown>\n#11 0x5620e0c8f3d7 <unknown>\n#12 0x5620e0c99b20 <unknown>\n#13 0x5620e0c90023 <unknown>\n#14 0x5620e0c5e1aa <unknown>\n#15 0x5620e0cb46b8 <unknown>\n#16 0x5620e0cb4847 <unknown>\n#17 0x5620e0cc4243 <unknown>\n#18 0x7fe8b5290402 <unknown>\n\n",
  "statusTrace" : "  File \"/usr/local/lib/python3.10/dist-packages/behave/model.py\", line 1329, in run\n    match.run(runner.context)\n  File \"/usr/local/lib/python3.10/dist-packages/behave/matchers.py\", line 98, in run\n    self.func(context, *args, **kwargs)\n  File \"steps/PageRedirectionSteps.py\", line 103, in step_impl\n    button_element = context.driver.find_element(By.XPATH, xpath)\n  File \"/home/addweb/.local/lib/python3.10/site-packages/selenium/webdriver/remote/webdriver.py\", line 740, in find_element\n    return self.execute(Command.FIND_ELEMENT, {\"using\": by, \"value\": value})[\"value\"]\n  File \"/home/addweb/.local/lib/python3.10/site-packages/selenium/webdriver/remote/webdriver.py\", line 346, in execute\n    self.error_handler.check_response(response)\n  File \"/home/addweb/.local/lib/python3.10/site-packages/selenium/webdriver/remote/errorhandler.py\", line 245, in check_response\n    raise exception_class(message, screen, stacktrace)\n",
  "flaky" : false,
  "newFailed" : false,
  "beforeStages" : [ ],
  "testStage" : {
    "status" : "broken",
    "statusMessage" : "selenium.common.exceptions.NoSuchElementException: Message: no such element: Unable to locate element: {\"method\":\"xpath\",\"selector\":\"/html/body/div[1]/div[3]/div/div/div/div/main/article/div/div/div[11]/div/div/div/div[3]/div/div/div/div/div/div[2]/div/div/div[2]/a\"}\n  (Session info: headless chrome=114.0.5735.133); For documentation on this error, please visit: https://www.selenium.dev/documentation/webdriver/troubleshooting/errors#no-such-element-exception\nStacktrace:\n#0 0x5620e0ccb4e3 <unknown>\n#1 0x5620e09fac76 <unknown>\n#2 0x5620e0a36c96 <unknown>\n#3 0x5620e0a36dc1 <unknown>\n#4 0x5620e0a707f4 <unknown>\n#5 0x5620e0a5603d <unknown>\n#6 0x5620e0a6e30e <unknown>\n#7 0x5620e0a55de3 <unknown>\n#8 0x5620e0a2b2dd <unknown>\n#9 0x5620e0a2c34e <unknown>\n#10 0x5620e0c8b3e4 <unknown>\n#11 0x5620e0c8f3d7 <unknown>\n#12 0x5620e0c99b20 <unknown>\n#13 0x5620e0c90023 <unknown>\n#14 0x5620e0c5e1aa <unknown>\n#15 0x5620e0cb46b8 <unknown>\n#16 0x5620e0cb4847 <unknown>\n#17 0x5620e0cc4243 <unknown>\n#18 0x7fe8b5290402 <unknown>\n\n",
    "statusTrace" : "  File \"/usr/local/lib/python3.10/dist-packages/behave/model.py\", line 1329, in run\n    match.run(runner.context)\n  File \"/usr/local/lib/python3.10/dist-packages/behave/matchers.py\", line 98, in run\n    self.func(context, *args, **kwargs)\n  File \"steps/PageRedirectionSteps.py\", line 103, in step_impl\n    button_element = context.driver.find_element(By.XPATH, xpath)\n  File \"/home/addweb/.local/lib/python3.10/site-packages/selenium/webdriver/remote/webdriver.py\", line 740, in find_element\n    return self.execute(Command.FIND_ELEMENT, {\"using\": by, \"value\": value})[\"value\"]\n  File \"/home/addweb/.local/lib/python3.10/site-packages/selenium/webdriver/remote/webdriver.py\", line 346, in execute\n    self.error_handler.check_response(response)\n  File \"/home/addweb/.local/lib/python3.10/site-packages/selenium/webdriver/remote/errorhandler.py\", line 245, in check_response\n    raise exception_class(message, screen, stacktrace)\n",
    "steps" : [ {
      "name" : "Given The user is on the \"stg\" site",
      "time" : {
        "start" : 1698828011356,
        "stop" : 1698828021614,
        "duration" : 10258
      },
      "status" : "passed",
      "steps" : [ ],
      "attachments" : [ ],
      "parameters" : [ ],
      "stepsCount" : 0,
      "attachmentsCount" : 0,
      "shouldDisplayMessage" : false,
      "hasContent" : false
    }, {
      "name" : "When The user hovers over the \"use_cases\" menu",
      "time" : {
        "start" : 1698828021614,
        "stop" : 1698828021953,
        "duration" : 339
      },
      "status" : "passed",
      "steps" : [ ],
      "attachments" : [ ],
      "parameters" : [ ],
      "stepsCount" : 0,
      "attachmentsCount" : 0,
      "shouldDisplayMessage" : false,
      "hasContent" : false
    }, {
      "name" : "And The user clicks on the \"iot\" submenu link and verify the redirection \"iot\" page",
      "time" : {
        "start" : 1698828021953,
        "stop" : 1698828033752,
        "duration" : 11799
      },
      "status" : "passed",
      "steps" : [ ],
      "attachments" : [ ],
      "parameters" : [ ],
      "stepsCount" : 0,
      "attachmentsCount" : 0,
      "shouldDisplayMessage" : false,
      "hasContent" : false
    }, {
      "name" : "When The user clicks on the \"architects_2\" button",
      "time" : {
        "start" : 1698828033752,
        "stop" : 1698828036101,
        "duration" : 2349
      },
      "status" : "passed",
      "steps" : [ ],
      "attachments" : [ ],
      "parameters" : [ ],
      "stepsCount" : 0,
      "attachmentsCount" : 0,
      "shouldDisplayMessage" : false,
      "hasContent" : false
    }, {
      "name" : "Then The user should be redirected to the \"architects\" page",
      "time" : {
        "start" : 1698828036101,
        "stop" : 1698828038535,
        "duration" : 2434
      },
      "status" : "passed",
      "steps" : [ ],
      "attachments" : [ ],
      "parameters" : [ ],
      "stepsCount" : 0,
      "attachmentsCount" : 0,
      "shouldDisplayMessage" : false,
      "hasContent" : false
    }, {
      "name" : "When The user clicks on the \"advantage_streaming_3\" button",
      "time" : {
        "start" : 1698828038536,
        "stop" : 1698828043913,
        "duration" : 5377
      },
      "status" : "broken",
      "statusMessage" : "selenium.common.exceptions.NoSuchElementException: Message: no such element: Unable to locate element: {\"method\":\"xpath\",\"selector\":\"/html/body/div[1]/div[3]/div/div/div/div/main/article/div/div/div[11]/div/div/div/div[3]/div/div/div/div/div/div[2]/div/div/div[2]/a\"}\n  (Session info: headless chrome=114.0.5735.133); For documentation on this error, please visit: https://www.selenium.dev/documentation/webdriver/troubleshooting/errors#no-such-element-exception\nStacktrace:\n#0 0x5620e0ccb4e3 <unknown>\n#1 0x5620e09fac76 <unknown>\n#2 0x5620e0a36c96 <unknown>\n#3 0x5620e0a36dc1 <unknown>\n#4 0x5620e0a707f4 <unknown>\n#5 0x5620e0a5603d <unknown>\n#6 0x5620e0a6e30e <unknown>\n#7 0x5620e0a55de3 <unknown>\n#8 0x5620e0a2b2dd <unknown>\n#9 0x5620e0a2c34e <unknown>\n#10 0x5620e0c8b3e4 <unknown>\n#11 0x5620e0c8f3d7 <unknown>\n#12 0x5620e0c99b20 <unknown>\n#13 0x5620e0c90023 <unknown>\n#14 0x5620e0c5e1aa <unknown>\n#15 0x5620e0cb46b8 <unknown>\n#16 0x5620e0cb4847 <unknown>\n#17 0x5620e0cc4243 <unknown>\n#18 0x7fe8b5290402 <unknown>\n\n",
      "statusTrace" : "  File \"/usr/local/lib/python3.10/dist-packages/behave/model.py\", line 1329, in run\n    match.run(runner.context)\n  File \"/usr/local/lib/python3.10/dist-packages/behave/matchers.py\", line 98, in run\n    self.func(context, *args, **kwargs)\n  File \"steps/PageRedirectionSteps.py\", line 103, in step_impl\n    button_element = context.driver.find_element(By.XPATH, xpath)\n  File \"/home/addweb/.local/lib/python3.10/site-packages/selenium/webdriver/remote/webdriver.py\", line 740, in find_element\n    return self.execute(Command.FIND_ELEMENT, {\"using\": by, \"value\": value})[\"value\"]\n  File \"/home/addweb/.local/lib/python3.10/site-packages/selenium/webdriver/remote/webdriver.py\", line 346, in execute\n    self.error_handler.check_response(response)\n  File \"/home/addweb/.local/lib/python3.10/site-packages/selenium/webdriver/remote/errorhandler.py\", line 245, in check_response\n    raise exception_class(message, screen, stacktrace)\n",
      "steps" : [ ],
      "attachments" : [ {
        "uid" : "e333215629351805",
        "name" : "Error Message",
        "source" : "e333215629351805.txt",
        "type" : "text/plain",
        "size" : 984
      }, {
        "uid" : "cbefd7cb047ecd53",
        "name" : "Screenshot of https://voltSTG:oI5L!YKmQ%401gOvqQ@stg.voltactivedata.com/ Page",
        "source" : "cbefd7cb047ecd53.png",
        "type" : "image/png",
        "size" : 464863
      } ],
      "parameters" : [ ],
      "stepsCount" : 0,
      "attachmentsCount" : 2,
      "shouldDisplayMessage" : true,
      "hasContent" : true
    }, {
      "name" : "Then The user should be redirected to the \"advantage_streaming\" page",
      "time" : {
        "start" : 1698828043977,
        "stop" : 1698828043977,
        "duration" : 0
      },
      "status" : "skipped",
      "steps" : [ ],
      "attachments" : [ ],
      "parameters" : [ ],
      "stepsCount" : 0,
      "attachmentsCount" : 0,
      "shouldDisplayMessage" : false,
      "hasContent" : false
    }, {
      "name" : "When The user clicks on the \"top-10-capabilites_6\" button",
      "time" : {
        "start" : 1698828043977,
        "stop" : 1698828043977,
        "duration" : 0
      },
      "status" : "skipped",
      "steps" : [ ],
      "attachments" : [ ],
      "parameters" : [ ],
      "stepsCount" : 0,
      "attachmentsCount" : 0,
      "shouldDisplayMessage" : false,
      "hasContent" : false
    }, {
      "name" : "Then The user should be redirected to the \"top-10-capabilites\" page",
      "time" : {
        "start" : 1698828043977,
        "stop" : 1698828043977,
        "duration" : 0
      },
      "status" : "skipped",
      "steps" : [ ],
      "attachments" : [ ],
      "parameters" : [ ],
      "stepsCount" : 0,
      "attachmentsCount" : 0,
      "shouldDisplayMessage" : false,
      "hasContent" : false
    } ],
    "attachments" : [ ],
    "parameters" : [ ],
    "stepsCount" : 9,
    "attachmentsCount" : 2,
    "shouldDisplayMessage" : false,
    "hasContent" : true
  },
  "afterStages" : [ ],
  "labels" : [ {
    "name" : "severity",
    "value" : "normal"
  }, {
    "name" : "feature",
    "value" : "Test Redirection of Pages"
  }, {
    "name" : "framework",
    "value" : "behave"
  }, {
    "name" : "language",
    "value" : "cpython3"
  }, {
    "name" : "resultFormat",
    "value" : "allure2"
  } ],
  "parameters" : [ ],
  "links" : [ ],
  "hidden" : false,
  "retry" : false,
  "extra" : {
    "severity" : "normal",
    "retries" : [ ],
    "categories" : [ {
      "name" : "Test defects",
      "matchedStatuses" : [ ],
      "flaky" : false
    } ],
    "tags" : [ ]
  },
  "source" : "c1dcf8e420ded037.json",
  "parameterValues" : [ ]
}