{
  "uid" : "cdb766d58082fdd",
  "name" : "Test submenu and button on the BSS page",
  "fullName" : "Test Redirection of Pages: Test submenu and button on the BSS page",
  "historyId" : "80a35cfc42f2694b759e8471cd4545ec",
  "time" : {
    "start" : 1698759710302,
    "stop" : 1698759722998,
    "duration" : 12696
  },
  "status" : "broken",
  "statusMessage" : "selenium.common.exceptions.ElementNotInteractableException: Message: element not interactable: element has zero size\n  (Session info: chrome=114.0.5735.133)\nStacktrace:\n#0 0x5581697b44e3 <unknown>\n#1 0x5581694e3c76 <unknown>\n#2 0x558169521033 <unknown>\n#3 0x5581695161da <unknown>\n#4 0x55816953f012 <unknown>\n#5 0x558169515b03 <unknown>\n#6 0x55816953f1de <unknown>\n#7 0x55816955730e <unknown>\n#8 0x55816953ede3 <unknown>\n#9 0x5581695142dd <unknown>\n#10 0x55816951534e <unknown>\n#11 0x5581697743e4 <unknown>\n#12 0x5581697783d7 <unknown>\n#13 0x558169782b20 <unknown>\n#14 0x558169779023 <unknown>\n#15 0x5581697471aa <unknown>\n#16 0x55816979d6b8 <unknown>\n#17 0x55816979d847 <unknown>\n#18 0x5581697ad243 <unknown>\n#19 0x7fea8f090402 <unknown>\n\n",
  "statusTrace" : "  File \"/usr/local/lib/python3.10/dist-packages/behave/model.py\", line 1329, in run\n    match.run(runner.context)\n  File \"/usr/local/lib/python3.10/dist-packages/behave/matchers.py\", line 98, in run\n    self.func(context, *args, **kwargs)\n  File \"steps/PageRedirectionSteps.py\", line 69, in step_impl\n    submenu_element.click()\n  File \"/home/addweb/.local/lib/python3.10/site-packages/selenium/webdriver/remote/webelement.py\", line 94, in click\n    self._execute(Command.CLICK_ELEMENT)\n  File \"/home/addweb/.local/lib/python3.10/site-packages/selenium/webdriver/remote/webelement.py\", line 395, in _execute\n    return self._parent.execute(command, params)\n  File \"/home/addweb/.local/lib/python3.10/site-packages/selenium/webdriver/remote/webdriver.py\", line 346, in execute\n    self.error_handler.check_response(response)\n  File \"/home/addweb/.local/lib/python3.10/site-packages/selenium/webdriver/remote/errorhandler.py\", line 245, in check_response\n    raise exception_class(message, screen, stacktrace)\n",
  "flaky" : false,
  "newFailed" : false,
  "beforeStages" : [ ],
  "testStage" : {
    "status" : "broken",
    "statusMessage" : "selenium.common.exceptions.ElementNotInteractableException: Message: element not interactable: element has zero size\n  (Session info: chrome=114.0.5735.133)\nStacktrace:\n#0 0x5581697b44e3 <unknown>\n#1 0x5581694e3c76 <unknown>\n#2 0x558169521033 <unknown>\n#3 0x5581695161da <unknown>\n#4 0x55816953f012 <unknown>\n#5 0x558169515b03 <unknown>\n#6 0x55816953f1de <unknown>\n#7 0x55816955730e <unknown>\n#8 0x55816953ede3 <unknown>\n#9 0x5581695142dd <unknown>\n#10 0x55816951534e <unknown>\n#11 0x5581697743e4 <unknown>\n#12 0x5581697783d7 <unknown>\n#13 0x558169782b20 <unknown>\n#14 0x558169779023 <unknown>\n#15 0x5581697471aa <unknown>\n#16 0x55816979d6b8 <unknown>\n#17 0x55816979d847 <unknown>\n#18 0x5581697ad243 <unknown>\n#19 0x7fea8f090402 <unknown>\n\n",
    "statusTrace" : "  File \"/usr/local/lib/python3.10/dist-packages/behave/model.py\", line 1329, in run\n    match.run(runner.context)\n  File \"/usr/local/lib/python3.10/dist-packages/behave/matchers.py\", line 98, in run\n    self.func(context, *args, **kwargs)\n  File \"steps/PageRedirectionSteps.py\", line 69, in step_impl\n    submenu_element.click()\n  File \"/home/addweb/.local/lib/python3.10/site-packages/selenium/webdriver/remote/webelement.py\", line 94, in click\n    self._execute(Command.CLICK_ELEMENT)\n  File \"/home/addweb/.local/lib/python3.10/site-packages/selenium/webdriver/remote/webelement.py\", line 395, in _execute\n    return self._parent.execute(command, params)\n  File \"/home/addweb/.local/lib/python3.10/site-packages/selenium/webdriver/remote/webdriver.py\", line 346, in execute\n    self.error_handler.check_response(response)\n  File \"/home/addweb/.local/lib/python3.10/site-packages/selenium/webdriver/remote/errorhandler.py\", line 245, in check_response\n    raise exception_class(message, screen, stacktrace)\n",
    "steps" : [ {
      "name" : "Given The user is on the \"stg\" site",
      "time" : {
        "start" : 1698759711263,
        "stop" : 1698759722191,
        "duration" : 10928
      },
      "status" : "passed",
      "steps" : [ ],
      "attachments" : [ ],
      "parameters" : [ ],
      "stepsCount" : 0,
      "attachmentsCount" : 0,
      "shouldDisplayMessage" : false,
      "hasContent" : false
    }, {
      "name" : "When The user hovers over the \"use_cases\" menu",
      "time" : {
        "start" : 1698759722191,
        "stop" : 1698759722510,
        "duration" : 319
      },
      "status" : "passed",
      "steps" : [ ],
      "attachments" : [ ],
      "parameters" : [ ],
      "stepsCount" : 0,
      "attachmentsCount" : 0,
      "shouldDisplayMessage" : false,
      "hasContent" : false
    }, {
      "name" : "And The user clicks on the \"bss\" submenu link and verify the redirection \"bss\" page",
      "time" : {
        "start" : 1698759722510,
        "stop" : 1698759722930,
        "duration" : 420
      },
      "status" : "broken",
      "statusMessage" : "selenium.common.exceptions.ElementNotInteractableException: Message: element not interactable: element has zero size\n  (Session info: chrome=114.0.5735.133)\nStacktrace:\n#0 0x5581697b44e3 <unknown>\n#1 0x5581694e3c76 <unknown>\n#2 0x558169521033 <unknown>\n#3 0x5581695161da <unknown>\n#4 0x55816953f012 <unknown>\n#5 0x558169515b03 <unknown>\n#6 0x55816953f1de <unknown>\n#7 0x55816955730e <unknown>\n#8 0x55816953ede3 <unknown>\n#9 0x5581695142dd <unknown>\n#10 0x55816951534e <unknown>\n#11 0x5581697743e4 <unknown>\n#12 0x5581697783d7 <unknown>\n#13 0x558169782b20 <unknown>\n#14 0x558169779023 <unknown>\n#15 0x5581697471aa <unknown>\n#16 0x55816979d6b8 <unknown>\n#17 0x55816979d847 <unknown>\n#18 0x5581697ad243 <unknown>\n#19 0x7fea8f090402 <unknown>\n\n",
      "statusTrace" : "  File \"/usr/local/lib/python3.10/dist-packages/behave/model.py\", line 1329, in run\n    match.run(runner.context)\n  File \"/usr/local/lib/python3.10/dist-packages/behave/matchers.py\", line 98, in run\n    self.func(context, *args, **kwargs)\n  File \"steps/PageRedirectionSteps.py\", line 69, in step_impl\n    submenu_element.click()\n  File \"/home/addweb/.local/lib/python3.10/site-packages/selenium/webdriver/remote/webelement.py\", line 94, in click\n    self._execute(Command.CLICK_ELEMENT)\n  File \"/home/addweb/.local/lib/python3.10/site-packages/selenium/webdriver/remote/webelement.py\", line 395, in _execute\n    return self._parent.execute(command, params)\n  File \"/home/addweb/.local/lib/python3.10/site-packages/selenium/webdriver/remote/webdriver.py\", line 346, in execute\n    self.error_handler.check_response(response)\n  File \"/home/addweb/.local/lib/python3.10/site-packages/selenium/webdriver/remote/errorhandler.py\", line 245, in check_response\n    raise exception_class(message, screen, stacktrace)\n",
      "steps" : [ ],
      "attachments" : [ {
        "uid" : "3017214b34e48b9b",
        "name" : "Error Message",
        "source" : "3017214b34e48b9b.txt",
        "type" : "text/plain",
        "size" : 698
      }, {
        "uid" : "b82a71b69567af74",
        "name" : "Screenshot of https://voltSTG:oI5L!YKmQ%401gOvqQ@stg.voltactivedata.com/ Page",
        "source" : "b82a71b69567af74.png",
        "type" : "image/png",
        "size" : 421420
      } ],
      "parameters" : [ ],
      "stepsCount" : 0,
      "attachmentsCount" : 2,
      "shouldDisplayMessage" : true,
      "hasContent" : true
    }, {
      "name" : "When The user clicks on the \"bss_framework\" button",
      "time" : {
        "start" : 1698759722997,
        "stop" : 1698759722997,
        "duration" : 0
      },
      "status" : "skipped",
      "steps" : [ ],
      "attachments" : [ ],
      "parameters" : [ ],
      "stepsCount" : 0,
      "attachmentsCount" : 0,
      "shouldDisplayMessage" : false,
      "hasContent" : false
    }, {
      "name" : "Then The user should be redirected to the \"bss_framework\" page",
      "time" : {
        "start" : 1698759722997,
        "stop" : 1698759722997,
        "duration" : 0
      },
      "status" : "skipped",
      "steps" : [ ],
      "attachments" : [ ],
      "parameters" : [ ],
      "stepsCount" : 0,
      "attachmentsCount" : 0,
      "shouldDisplayMessage" : false,
      "hasContent" : false
    }, {
      "name" : "When The user clicks on the \"bss_solution\" button",
      "time" : {
        "start" : 1698759722997,
        "stop" : 1698759722997,
        "duration" : 0
      },
      "status" : "skipped",
      "steps" : [ ],
      "attachments" : [ ],
      "parameters" : [ ],
      "stepsCount" : 0,
      "attachmentsCount" : 0,
      "shouldDisplayMessage" : false,
      "hasContent" : false
    }, {
      "name" : "Then The user should be redirected to the \"bss_solution\" page",
      "time" : {
        "start" : 1698759722997,
        "stop" : 1698759722997,
        "duration" : 0
      },
      "status" : "skipped",
      "steps" : [ ],
      "attachments" : [ ],
      "parameters" : [ ],
      "stepsCount" : 0,
      "attachmentsCount" : 0,
      "shouldDisplayMessage" : false,
      "hasContent" : false
    }, {
      "name" : "When The user clicks on the \"data_platform_2\" button",
      "time" : {
        "start" : 1698759722998,
        "stop" : 1698759722998,
        "duration" : 0
      },
      "status" : "skipped",
      "steps" : [ ],
      "attachments" : [ ],
      "parameters" : [ ],
      "stepsCount" : 0,
      "attachmentsCount" : 0,
      "shouldDisplayMessage" : false,
      "hasContent" : false
    }, {
      "name" : "Then The user should be redirected to the \"data_platform\" page",
      "time" : {
        "start" : 1698759722998,
        "stop" : 1698759722998,
        "duration" : 0
      },
      "status" : "skipped",
      "steps" : [ ],
      "attachments" : [ ],
      "parameters" : [ ],
      "stepsCount" : 0,
      "attachmentsCount" : 0,
      "shouldDisplayMessage" : false,
      "hasContent" : false
    }, {
      "name" : "When The user clicks on the \"edge_iot_2\" button",
      "time" : {
        "start" : 1698759722998,
        "stop" : 1698759722998,
        "duration" : 0
      },
      "status" : "skipped",
      "steps" : [ ],
      "attachments" : [ ],
      "parameters" : [ ],
      "stepsCount" : 0,
      "attachmentsCount" : 0,
      "shouldDisplayMessage" : false,
      "hasContent" : false
    }, {
      "name" : "Then The user should be redirected to the \"edge_iot\" page",
      "time" : {
        "start" : 1698759722998,
        "stop" : 1698759722998,
        "duration" : 0
      },
      "status" : "skipped",
      "steps" : [ ],
      "attachments" : [ ],
      "parameters" : [ ],
      "stepsCount" : 0,
      "attachmentsCount" : 0,
      "shouldDisplayMessage" : false,
      "hasContent" : false
    }, {
      "name" : "When The user clicks on the \"kafka_challange_2\" button",
      "time" : {
        "start" : 1698759722998,
        "stop" : 1698759722998,
        "duration" : 0
      },
      "status" : "skipped",
      "steps" : [ ],
      "attachments" : [ ],
      "parameters" : [ ],
      "stepsCount" : 0,
      "attachmentsCount" : 0,
      "shouldDisplayMessage" : false,
      "hasContent" : false
    }, {
      "name" : "Then The user should be redirected to the \"kafka_challange\" page",
      "time" : {
        "start" : 1698759722998,
        "stop" : 1698759722998,
        "duration" : 0
      },
      "status" : "skipped",
      "steps" : [ ],
      "attachments" : [ ],
      "parameters" : [ ],
      "stepsCount" : 0,
      "attachmentsCount" : 0,
      "shouldDisplayMessage" : false,
      "hasContent" : false
    } ],
    "attachments" : [ ],
    "parameters" : [ ],
    "stepsCount" : 13,
    "attachmentsCount" : 2,
    "shouldDisplayMessage" : false,
    "hasContent" : true
  },
  "afterStages" : [ ],
  "labels" : [ {
    "name" : "severity",
    "value" : "normal"
  }, {
    "name" : "feature",
    "value" : "Test Redirection of Pages"
  }, {
    "name" : "framework",
    "value" : "behave"
  }, {
    "name" : "language",
    "value" : "cpython3"
  }, {
    "name" : "resultFormat",
    "value" : "allure2"
  } ],
  "parameters" : [ ],
  "links" : [ ],
  "hidden" : false,
  "retry" : false,
  "extra" : {
    "severity" : "normal",
    "retries" : [ ],
    "categories" : [ {
      "name" : "Test defects",
      "matchedStatuses" : [ ],
      "flaky" : false
    } ],
    "tags" : [ ]
  },
  "source" : "cdb766d58082fdd.json",
  "parameterValues" : [ ]
}