{
  "uid" : "4b4757e66a1912dae1a509f688f20b0f",
  "name" : "categories",
  "children" : [ {
    "name" : "Test defects",
    "children" : [ {
      "name" : "selenium.common.exceptions.NoSuchElementException: Message: no such element: Unable to locate element: {\"method\":\"xpath\",\"selector\":\"/html/body/div[1]/div[3]/div/div/div/div/main/article/div/div/div[9]/div/div/div/div[2]/div[2]/div/div/div[2]/div/div/div/div/div[2]/a\"}\n  (Session info: headless chrome=114.0.5735.133); For documentation on this error, please visit: https://www.selenium.dev/documentation/webdriver/troubleshooting/errors#no-such-element-exception\nStacktrace:\n#0 0x55ec613b34e3 <unknown>\n#1 0x55ec610e2c76 <unknown>\n#2 0x55ec6111ec96 <unknown>\n#3 0x55ec6111edc1 <unknown>\n#4 0x55ec611587f4 <unknown>\n#5 0x55ec6113e03d <unknown>\n#6 0x55ec6115630e <unknown>\n#7 0x55ec6113dde3 <unknown>\n#8 0x55ec611132dd <unknown>\n#9 0x55ec6111434e <unknown>\n#10 0x55ec613733e4 <unknown>\n#11 0x55ec613773d7 <unknown>\n#12 0x55ec61381b20 <unknown>\n#13 0x55ec61378023 <unknown>\n#14 0x55ec613461aa <unknown>\n#15 0x55ec6139c6b8 <unknown>\n#16 0x55ec6139c847 <unknown>\n#17 0x55ec613ac243 <unknown>\n#18 0x7f3455c90402 <unknown>\n\n",
      "children" : [ {
        "name" : "Test submenu and button on the Fraud Prevention page",
        "uid" : "67a87c6b84dd6434",
        "parentUid" : "96b95dea3050ff16139209f585a5efb5",
        "status" : "broken",
        "time" : {
          "start" : 1698829894067,
          "stop" : 1698829953104,
          "duration" : 59037
        },
        "flaky" : false,
        "newFailed" : false,
        "parameters" : [ ]
      } ],
      "uid" : "96b95dea3050ff16139209f585a5efb5"
    }, {
      "name" : "selenium.common.exceptions.NoSuchElementException: Message: no such element: Unable to locate element: {\"method\":\"xpath\",\"selector\":\"/html/body/div[7]/div[2]/div/div[1]/div/div[2]/div/button[3]\"}\n  (Session info: headless chrome=114.0.5735.133); For documentation on this error, please visit: https://www.selenium.dev/documentation/webdriver/troubleshooting/errors#no-such-element-exception\nStacktrace:\n#0 0x56097eb864e3 <unknown>\n#1 0x56097e8b5c76 <unknown>\n#2 0x56097e8f1c96 <unknown>\n#3 0x56097e8f1dc1 <unknown>\n#4 0x56097e92b7f4 <unknown>\n#5 0x56097e91103d <unknown>\n#6 0x56097e92930e <unknown>\n#7 0x56097e910de3 <unknown>\n#8 0x56097e8e62dd <unknown>\n#9 0x56097e8e734e <unknown>\n#10 0x56097eb463e4 <unknown>\n#11 0x56097eb4a3d7 <unknown>\n#12 0x56097eb54b20 <unknown>\n#13 0x56097eb4b023 <unknown>\n#14 0x56097eb191aa <unknown>\n#15 0x56097eb6f6b8 <unknown>\n#16 0x56097eb6f847 <unknown>\n#17 0x56097eb7f243 <unknown>\n#18 0x7f51fc890402 <unknown>\n\n",
      "children" : [ {
        "name" : "Test the Link Redirection on Footer",
        "uid" : "7362621da2a68116",
        "parentUid" : "c634fa6c305c97999bedcbe930e3362b",
        "status" : "broken",
        "time" : {
          "start" : 1698830368144,
          "stop" : 1698830388731,
          "duration" : 20587
        },
        "flaky" : false,
        "newFailed" : false,
        "parameters" : [ ]
      } ],
      "uid" : "c634fa6c305c97999bedcbe930e3362b"
    } ],
    "uid" : "bdbf199525818fae7a8651db9eafe741"
  }, {
    "name" : "Product defects",
    "children" : [ {
      "name" : "AssertionError\n",
      "children" : [ {
        "name" : "Test submenu and button on the Resources page",
        "uid" : "fd92b61e61ce7d4",
        "parentUid" : "a730cf0b0a23aabea6d11aa0391c8a76",
        "status" : "failed",
        "time" : {
          "start" : 1698830052055,
          "stop" : 1698830079054,
          "duration" : 26999
        },
        "flaky" : false,
        "newFailed" : false,
        "parameters" : [ ]
      } ],
      "uid" : "a730cf0b0a23aabea6d11aa0391c8a76"
    } ],
    "uid" : "8fb3a91ba5aaf9de24cc8a92edc82b5d"
  } ]
}