{
  "uid" : "c6ef7a4228f9ef11",
  "name" : "Test submenu and button on the Resources page",
  "fullName" : "Test Redirection of Pages: Test submenu and button on the Resources page",
  "historyId" : "22b01316d2a65b4f589a9af09648ad5d",
  "time" : {
    "start" : 1698817496411,
    "stop" : 1698817512584,
    "duration" : 16173
  },
  "status" : "broken",
  "statusMessage" : "selenium.common.exceptions.ElementClickInterceptedException: Message: element click intercepted: Element <div class=\"nice-select type\" tabindex=\"0\">...</div> is not clickable at point (201, 591). Other element would receive the click: <div id=\"onetrust-policy-text\">...</div>\n  (Session info: chrome=114.0.5735.133)\nStacktrace:\n#0 0x5653219794e3 <unknown>\n#1 0x5653216a8c76 <unknown>\n#2 0x5653216ea9d4 <unknown>\n#3 0x5653216e8cbd <unknown>\n#4 0x5653216e6d2e <unknown>\n#5 0x5653216e610f <unknown>\n#6 0x5653216db1da <unknown>\n#7 0x565321704012 <unknown>\n#8 0x5653216dab03 <unknown>\n#9 0x5653217041de <unknown>\n#10 0x56532171c30e <unknown>\n#11 0x565321703de3 <unknown>\n#12 0x5653216d92dd <unknown>\n#13 0x5653216da34e <unknown>\n#14 0x5653219393e4 <unknown>\n#15 0x56532193d3d7 <unknown>\n#16 0x565321947b20 <unknown>\n#17 0x56532193e023 <unknown>\n#18 0x56532190c1aa <unknown>\n#19 0x5653219626b8 <unknown>\n#20 0x565321962847 <unknown>\n#21 0x565321972243 <unknown>\n#22 0x7f45bbc90402 <unknown>\n\n",
  "statusTrace" : "  File \"/usr/local/lib/python3.10/dist-packages/behave/model.py\", line 1329, in run\n    match.run(runner.context)\n  File \"/usr/local/lib/python3.10/dist-packages/behave/matchers.py\", line 98, in run\n    self.func(context, *args, **kwargs)\n  File \"steps/PageRedirectionSteps.py\", line 231, in step_impl\n    type_dropdown_btn.click()\n  File \"/home/addweb/.local/lib/python3.10/site-packages/selenium/webdriver/remote/webelement.py\", line 94, in click\n    self._execute(Command.CLICK_ELEMENT)\n  File \"/home/addweb/.local/lib/python3.10/site-packages/selenium/webdriver/remote/webelement.py\", line 395, in _execute\n    return self._parent.execute(command, params)\n  File \"/home/addweb/.local/lib/python3.10/site-packages/selenium/webdriver/remote/webdriver.py\", line 346, in execute\n    self.error_handler.check_response(response)\n  File \"/home/addweb/.local/lib/python3.10/site-packages/selenium/webdriver/remote/errorhandler.py\", line 245, in check_response\n    raise exception_class(message, screen, stacktrace)\n",
  "flaky" : false,
  "newFailed" : false,
  "beforeStages" : [ ],
  "testStage" : {
    "status" : "broken",
    "statusMessage" : "selenium.common.exceptions.ElementClickInterceptedException: Message: element click intercepted: Element <div class=\"nice-select type\" tabindex=\"0\">...</div> is not clickable at point (201, 591). Other element would receive the click: <div id=\"onetrust-policy-text\">...</div>\n  (Session info: chrome=114.0.5735.133)\nStacktrace:\n#0 0x5653219794e3 <unknown>\n#1 0x5653216a8c76 <unknown>\n#2 0x5653216ea9d4 <unknown>\n#3 0x5653216e8cbd <unknown>\n#4 0x5653216e6d2e <unknown>\n#5 0x5653216e610f <unknown>\n#6 0x5653216db1da <unknown>\n#7 0x565321704012 <unknown>\n#8 0x5653216dab03 <unknown>\n#9 0x5653217041de <unknown>\n#10 0x56532171c30e <unknown>\n#11 0x565321703de3 <unknown>\n#12 0x5653216d92dd <unknown>\n#13 0x5653216da34e <unknown>\n#14 0x5653219393e4 <unknown>\n#15 0x56532193d3d7 <unknown>\n#16 0x565321947b20 <unknown>\n#17 0x56532193e023 <unknown>\n#18 0x56532190c1aa <unknown>\n#19 0x5653219626b8 <unknown>\n#20 0x565321962847 <unknown>\n#21 0x565321972243 <unknown>\n#22 0x7f45bbc90402 <unknown>\n\n",
    "statusTrace" : "  File \"/usr/local/lib/python3.10/dist-packages/behave/model.py\", line 1329, in run\n    match.run(runner.context)\n  File \"/usr/local/lib/python3.10/dist-packages/behave/matchers.py\", line 98, in run\n    self.func(context, *args, **kwargs)\n  File \"steps/PageRedirectionSteps.py\", line 231, in step_impl\n    type_dropdown_btn.click()\n  File \"/home/addweb/.local/lib/python3.10/site-packages/selenium/webdriver/remote/webelement.py\", line 94, in click\n    self._execute(Command.CLICK_ELEMENT)\n  File \"/home/addweb/.local/lib/python3.10/site-packages/selenium/webdriver/remote/webelement.py\", line 395, in _execute\n    return self._parent.execute(command, params)\n  File \"/home/addweb/.local/lib/python3.10/site-packages/selenium/webdriver/remote/webdriver.py\", line 346, in execute\n    self.error_handler.check_response(response)\n  File \"/home/addweb/.local/lib/python3.10/site-packages/selenium/webdriver/remote/errorhandler.py\", line 245, in check_response\n    raise exception_class(message, screen, stacktrace)\n",
    "steps" : [ {
      "name" : "Given The user is on the \"stg\" site",
      "time" : {
        "start" : 1698817497343,
        "stop" : 1698817506848,
        "duration" : 9505
      },
      "status" : "passed",
      "steps" : [ ],
      "attachments" : [ ],
      "parameters" : [ ],
      "stepsCount" : 0,
      "attachmentsCount" : 0,
      "shouldDisplayMessage" : false,
      "hasContent" : false
    }, {
      "name" : "When The user hovers over the \"resources\" menu",
      "time" : {
        "start" : 1698817506848,
        "stop" : 1698817507154,
        "duration" : 306
      },
      "status" : "passed",
      "steps" : [ ],
      "attachments" : [ ],
      "parameters" : [ ],
      "stepsCount" : 0,
      "attachmentsCount" : 0,
      "shouldDisplayMessage" : false,
      "hasContent" : false
    }, {
      "name" : "And The user clicks on the \"resources_library\" submenu link and verify the redirection \"resources_library\" page",
      "time" : {
        "start" : 1698817507155,
        "stop" : 1698817511405,
        "duration" : 4250
      },
      "status" : "passed",
      "steps" : [ ],
      "attachments" : [ ],
      "parameters" : [ ],
      "stepsCount" : 0,
      "attachmentsCount" : 0,
      "shouldDisplayMessage" : false,
      "hasContent" : false
    }, {
      "name" : "When The user selects \"REPORT\" from the \"Type\" dropdown in \"Type UL\"",
      "time" : {
        "start" : 1698817511405,
        "stop" : 1698817512511,
        "duration" : 1106
      },
      "status" : "broken",
      "statusMessage" : "selenium.common.exceptions.ElementClickInterceptedException: Message: element click intercepted: Element <div class=\"nice-select type\" tabindex=\"0\">...</div> is not clickable at point (201, 591). Other element would receive the click: <div id=\"onetrust-policy-text\">...</div>\n  (Session info: chrome=114.0.5735.133)\nStacktrace:\n#0 0x5653219794e3 <unknown>\n#1 0x5653216a8c76 <unknown>\n#2 0x5653216ea9d4 <unknown>\n#3 0x5653216e8cbd <unknown>\n#4 0x5653216e6d2e <unknown>\n#5 0x5653216e610f <unknown>\n#6 0x5653216db1da <unknown>\n#7 0x565321704012 <unknown>\n#8 0x5653216dab03 <unknown>\n#9 0x5653217041de <unknown>\n#10 0x56532171c30e <unknown>\n#11 0x565321703de3 <unknown>\n#12 0x5653216d92dd <unknown>\n#13 0x5653216da34e <unknown>\n#14 0x5653219393e4 <unknown>\n#15 0x56532193d3d7 <unknown>\n#16 0x565321947b20 <unknown>\n#17 0x56532193e023 <unknown>\n#18 0x56532190c1aa <unknown>\n#19 0x5653219626b8 <unknown>\n#20 0x565321962847 <unknown>\n#21 0x565321972243 <unknown>\n#22 0x7f45bbc90402 <unknown>\n\n",
      "statusTrace" : "  File \"/usr/local/lib/python3.10/dist-packages/behave/model.py\", line 1329, in run\n    match.run(runner.context)\n  File \"/usr/local/lib/python3.10/dist-packages/behave/matchers.py\", line 98, in run\n    self.func(context, *args, **kwargs)\n  File \"steps/PageRedirectionSteps.py\", line 231, in step_impl\n    type_dropdown_btn.click()\n  File \"/home/addweb/.local/lib/python3.10/site-packages/selenium/webdriver/remote/webelement.py\", line 94, in click\n    self._execute(Command.CLICK_ELEMENT)\n  File \"/home/addweb/.local/lib/python3.10/site-packages/selenium/webdriver/remote/webelement.py\", line 395, in _execute\n    return self._parent.execute(command, params)\n  File \"/home/addweb/.local/lib/python3.10/site-packages/selenium/webdriver/remote/webdriver.py\", line 346, in execute\n    self.error_handler.check_response(response)\n  File \"/home/addweb/.local/lib/python3.10/site-packages/selenium/webdriver/remote/errorhandler.py\", line 245, in check_response\n    raise exception_class(message, screen, stacktrace)\n",
      "steps" : [ ],
      "attachments" : [ ],
      "parameters" : [ ],
      "stepsCount" : 0,
      "attachmentsCount" : 0,
      "shouldDisplayMessage" : true,
      "hasContent" : true
    }, {
      "name" : "Then The \"resource_list_element\" should be filtered by \"REPORT\" type",
      "time" : {
        "start" : 1698817512584,
        "stop" : 1698817512584,
        "duration" : 0
      },
      "status" : "skipped",
      "steps" : [ ],
      "attachments" : [ ],
      "parameters" : [ ],
      "stepsCount" : 0,
      "attachmentsCount" : 0,
      "shouldDisplayMessage" : false,
      "hasContent" : false
    }, {
      "name" : "When The user enters the resource title \"Resource Title\" in the \"search bar\"",
      "time" : {
        "start" : 1698817512584,
        "stop" : 1698817512584,
        "duration" : 0
      },
      "status" : "skipped",
      "steps" : [ ],
      "attachments" : [ ],
      "parameters" : [ ],
      "stepsCount" : 0,
      "attachmentsCount" : 0,
      "shouldDisplayMessage" : false,
      "hasContent" : false
    }, {
      "name" : "Then The \"resource_list_element\" should be filtered by \"Resource Title\" resource",
      "time" : {
        "start" : 1698817512584,
        "stop" : 1698817512584,
        "duration" : 0
      },
      "status" : "skipped",
      "steps" : [ ],
      "attachments" : [ ],
      "parameters" : [ ],
      "stepsCount" : 0,
      "attachmentsCount" : 0,
      "shouldDisplayMessage" : false,
      "hasContent" : false
    } ],
    "attachments" : [ ],
    "parameters" : [ ],
    "stepsCount" : 7,
    "attachmentsCount" : 0,
    "shouldDisplayMessage" : false,
    "hasContent" : true
  },
  "afterStages" : [ ],
  "labels" : [ {
    "name" : "severity",
    "value" : "normal"
  }, {
    "name" : "feature",
    "value" : "Test Redirection of Pages"
  }, {
    "name" : "framework",
    "value" : "behave"
  }, {
    "name" : "language",
    "value" : "cpython3"
  }, {
    "name" : "resultFormat",
    "value" : "allure2"
  } ],
  "parameters" : [ ],
  "links" : [ ],
  "hidden" : false,
  "retry" : false,
  "extra" : {
    "severity" : "normal",
    "retries" : [ ],
    "categories" : [ {
      "name" : "Test defects",
      "matchedStatuses" : [ ],
      "flaky" : false
    } ],
    "tags" : [ ]
  },
  "source" : "c6ef7a4228f9ef11.json",
  "parameterValues" : [ ]
}