{
  "uid" : "5bb6c1daa6f89f7d",
  "name" : "Test submenu and button on the Resources page",
  "fullName" : "Test Redirection of Pages: Test submenu and button on the Resources page",
  "historyId" : "22b01316d2a65b4f589a9af09648ad5d",
  "time" : {
    "start" : 1698817054250,
    "stop" : 1698817068227,
    "duration" : 13977
  },
  "status" : "broken",
  "statusMessage" : "selenium.common.exceptions.ElementClickInterceptedException: Message: element click intercepted: Element <li data-value=\"report\" class=\"option\">...</li> is not clickable at point (194, 604). Other element would receive the click: <div id=\"onetrust-policy\">...</div>\n  (Session info: chrome=114.0.5735.133)\nStacktrace:\n#0 0x562ab87014e3 <unknown>\n#1 0x562ab8430c76 <unknown>\n#2 0x562ab84729d4 <unknown>\n#3 0x562ab8470cbd <unknown>\n#4 0x562ab846ed2e <unknown>\n#5 0x562ab846e10f <unknown>\n#6 0x562ab84631da <unknown>\n#7 0x562ab848c012 <unknown>\n#8 0x562ab8462b03 <unknown>\n#9 0x562ab848c1de <unknown>\n#10 0x562ab84a430e <unknown>\n#11 0x562ab848bde3 <unknown>\n#12 0x562ab84612dd <unknown>\n#13 0x562ab846234e <unknown>\n#14 0x562ab86c13e4 <unknown>\n#15 0x562ab86c53d7 <unknown>\n#16 0x562ab86cfb20 <unknown>\n#17 0x562ab86c6023 <unknown>\n#18 0x562ab86941aa <unknown>\n#19 0x562ab86ea6b8 <unknown>\n#20 0x562ab86ea847 <unknown>\n#21 0x562ab86fa243 <unknown>\n#22 0x7fc371890402 <unknown>\n\n",
  "statusTrace" : "  File \"/usr/local/lib/python3.10/dist-packages/behave/model.py\", line 1329, in run\n    match.run(runner.context)\n  File \"/usr/local/lib/python3.10/dist-packages/behave/matchers.py\", line 98, in run\n    self.func(context, *args, **kwargs)\n  File \"steps/PageRedirectionSteps.py\", line 239, in step_impl\n    li.click()\n  File \"/home/addweb/.local/lib/python3.10/site-packages/selenium/webdriver/remote/webelement.py\", line 94, in click\n    self._execute(Command.CLICK_ELEMENT)\n  File \"/home/addweb/.local/lib/python3.10/site-packages/selenium/webdriver/remote/webelement.py\", line 395, in _execute\n    return self._parent.execute(command, params)\n  File \"/home/addweb/.local/lib/python3.10/site-packages/selenium/webdriver/remote/webdriver.py\", line 346, in execute\n    self.error_handler.check_response(response)\n  File \"/home/addweb/.local/lib/python3.10/site-packages/selenium/webdriver/remote/errorhandler.py\", line 245, in check_response\n    raise exception_class(message, screen, stacktrace)\n",
  "flaky" : false,
  "newFailed" : false,
  "beforeStages" : [ ],
  "testStage" : {
    "status" : "broken",
    "statusMessage" : "selenium.common.exceptions.ElementClickInterceptedException: Message: element click intercepted: Element <li data-value=\"report\" class=\"option\">...</li> is not clickable at point (194, 604). Other element would receive the click: <div id=\"onetrust-policy\">...</div>\n  (Session info: chrome=114.0.5735.133)\nStacktrace:\n#0 0x562ab87014e3 <unknown>\n#1 0x562ab8430c76 <unknown>\n#2 0x562ab84729d4 <unknown>\n#3 0x562ab8470cbd <unknown>\n#4 0x562ab846ed2e <unknown>\n#5 0x562ab846e10f <unknown>\n#6 0x562ab84631da <unknown>\n#7 0x562ab848c012 <unknown>\n#8 0x562ab8462b03 <unknown>\n#9 0x562ab848c1de <unknown>\n#10 0x562ab84a430e <unknown>\n#11 0x562ab848bde3 <unknown>\n#12 0x562ab84612dd <unknown>\n#13 0x562ab846234e <unknown>\n#14 0x562ab86c13e4 <unknown>\n#15 0x562ab86c53d7 <unknown>\n#16 0x562ab86cfb20 <unknown>\n#17 0x562ab86c6023 <unknown>\n#18 0x562ab86941aa <unknown>\n#19 0x562ab86ea6b8 <unknown>\n#20 0x562ab86ea847 <unknown>\n#21 0x562ab86fa243 <unknown>\n#22 0x7fc371890402 <unknown>\n\n",
    "statusTrace" : "  File \"/usr/local/lib/python3.10/dist-packages/behave/model.py\", line 1329, in run\n    match.run(runner.context)\n  File \"/usr/local/lib/python3.10/dist-packages/behave/matchers.py\", line 98, in run\n    self.func(context, *args, **kwargs)\n  File \"steps/PageRedirectionSteps.py\", line 239, in step_impl\n    li.click()\n  File \"/home/addweb/.local/lib/python3.10/site-packages/selenium/webdriver/remote/webelement.py\", line 94, in click\n    self._execute(Command.CLICK_ELEMENT)\n  File \"/home/addweb/.local/lib/python3.10/site-packages/selenium/webdriver/remote/webelement.py\", line 395, in _execute\n    return self._parent.execute(command, params)\n  File \"/home/addweb/.local/lib/python3.10/site-packages/selenium/webdriver/remote/webdriver.py\", line 346, in execute\n    self.error_handler.check_response(response)\n  File \"/home/addweb/.local/lib/python3.10/site-packages/selenium/webdriver/remote/errorhandler.py\", line 245, in check_response\n    raise exception_class(message, screen, stacktrace)\n",
    "steps" : [ {
      "name" : "Given The user is on the \"stg\" site",
      "time" : {
        "start" : 1698817055166,
        "stop" : 1698817063938,
        "duration" : 8772
      },
      "status" : "passed",
      "steps" : [ ],
      "attachments" : [ ],
      "parameters" : [ ],
      "stepsCount" : 0,
      "attachmentsCount" : 0,
      "shouldDisplayMessage" : false,
      "hasContent" : false
    }, {
      "name" : "When The user hovers over the \"resources\" menu",
      "time" : {
        "start" : 1698817063939,
        "stop" : 1698817064255,
        "duration" : 316
      },
      "status" : "passed",
      "steps" : [ ],
      "attachments" : [ ],
      "parameters" : [ ],
      "stepsCount" : 0,
      "attachmentsCount" : 0,
      "shouldDisplayMessage" : false,
      "hasContent" : false
    }, {
      "name" : "And The user clicks on the \"resources_library\" submenu link and verify the redirection \"resources_library\" page",
      "time" : {
        "start" : 1698817064255,
        "stop" : 1698817066665,
        "duration" : 2410
      },
      "status" : "passed",
      "steps" : [ ],
      "attachments" : [ ],
      "parameters" : [ ],
      "stepsCount" : 0,
      "attachmentsCount" : 0,
      "shouldDisplayMessage" : false,
      "hasContent" : false
    }, {
      "name" : "When The user selects \"REPORT\" from the \"Type\" dropdown in \"Type UL\"",
      "time" : {
        "start" : 1698817066666,
        "stop" : 1698817068159,
        "duration" : 1493
      },
      "status" : "broken",
      "statusMessage" : "selenium.common.exceptions.ElementClickInterceptedException: Message: element click intercepted: Element <li data-value=\"report\" class=\"option\">...</li> is not clickable at point (194, 604). Other element would receive the click: <div id=\"onetrust-policy\">...</div>\n  (Session info: chrome=114.0.5735.133)\nStacktrace:\n#0 0x562ab87014e3 <unknown>\n#1 0x562ab8430c76 <unknown>\n#2 0x562ab84729d4 <unknown>\n#3 0x562ab8470cbd <unknown>\n#4 0x562ab846ed2e <unknown>\n#5 0x562ab846e10f <unknown>\n#6 0x562ab84631da <unknown>\n#7 0x562ab848c012 <unknown>\n#8 0x562ab8462b03 <unknown>\n#9 0x562ab848c1de <unknown>\n#10 0x562ab84a430e <unknown>\n#11 0x562ab848bde3 <unknown>\n#12 0x562ab84612dd <unknown>\n#13 0x562ab846234e <unknown>\n#14 0x562ab86c13e4 <unknown>\n#15 0x562ab86c53d7 <unknown>\n#16 0x562ab86cfb20 <unknown>\n#17 0x562ab86c6023 <unknown>\n#18 0x562ab86941aa <unknown>\n#19 0x562ab86ea6b8 <unknown>\n#20 0x562ab86ea847 <unknown>\n#21 0x562ab86fa243 <unknown>\n#22 0x7fc371890402 <unknown>\n\n",
      "statusTrace" : "  File \"/usr/local/lib/python3.10/dist-packages/behave/model.py\", line 1329, in run\n    match.run(runner.context)\n  File \"/usr/local/lib/python3.10/dist-packages/behave/matchers.py\", line 98, in run\n    self.func(context, *args, **kwargs)\n  File \"steps/PageRedirectionSteps.py\", line 239, in step_impl\n    li.click()\n  File \"/home/addweb/.local/lib/python3.10/site-packages/selenium/webdriver/remote/webelement.py\", line 94, in click\n    self._execute(Command.CLICK_ELEMENT)\n  File \"/home/addweb/.local/lib/python3.10/site-packages/selenium/webdriver/remote/webelement.py\", line 395, in _execute\n    return self._parent.execute(command, params)\n  File \"/home/addweb/.local/lib/python3.10/site-packages/selenium/webdriver/remote/webdriver.py\", line 346, in execute\n    self.error_handler.check_response(response)\n  File \"/home/addweb/.local/lib/python3.10/site-packages/selenium/webdriver/remote/errorhandler.py\", line 245, in check_response\n    raise exception_class(message, screen, stacktrace)\n",
      "steps" : [ ],
      "attachments" : [ ],
      "parameters" : [ ],
      "stepsCount" : 0,
      "attachmentsCount" : 0,
      "shouldDisplayMessage" : true,
      "hasContent" : true
    }, {
      "name" : "Then The \"resource_list_element\" should be filtered by \"REPORT\" type",
      "time" : {
        "start" : 1698817068227,
        "stop" : 1698817068227,
        "duration" : 0
      },
      "status" : "skipped",
      "steps" : [ ],
      "attachments" : [ ],
      "parameters" : [ ],
      "stepsCount" : 0,
      "attachmentsCount" : 0,
      "shouldDisplayMessage" : false,
      "hasContent" : false
    }, {
      "name" : "When The user enters the resource title \"Resource Title\" in the \"search bar\"",
      "time" : {
        "start" : 1698817068227,
        "stop" : 1698817068227,
        "duration" : 0
      },
      "status" : "skipped",
      "steps" : [ ],
      "attachments" : [ ],
      "parameters" : [ ],
      "stepsCount" : 0,
      "attachmentsCount" : 0,
      "shouldDisplayMessage" : false,
      "hasContent" : false
    }, {
      "name" : "Then The \"resource_list_element\" should be filtered by \"Resource Title\" resource",
      "time" : {
        "start" : 1698817068227,
        "stop" : 1698817068227,
        "duration" : 0
      },
      "status" : "skipped",
      "steps" : [ ],
      "attachments" : [ ],
      "parameters" : [ ],
      "stepsCount" : 0,
      "attachmentsCount" : 0,
      "shouldDisplayMessage" : false,
      "hasContent" : false
    } ],
    "attachments" : [ ],
    "parameters" : [ ],
    "stepsCount" : 7,
    "attachmentsCount" : 0,
    "shouldDisplayMessage" : false,
    "hasContent" : true
  },
  "afterStages" : [ ],
  "labels" : [ {
    "name" : "severity",
    "value" : "normal"
  }, {
    "name" : "feature",
    "value" : "Test Redirection of Pages"
  }, {
    "name" : "framework",
    "value" : "behave"
  }, {
    "name" : "language",
    "value" : "cpython3"
  }, {
    "name" : "resultFormat",
    "value" : "allure2"
  } ],
  "parameters" : [ ],
  "links" : [ ],
  "hidden" : false,
  "retry" : false,
  "extra" : {
    "severity" : "normal",
    "retries" : [ ],
    "categories" : [ {
      "name" : "Test defects",
      "matchedStatuses" : [ ],
      "flaky" : false
    } ],
    "tags" : [ ]
  },
  "source" : "5bb6c1daa6f89f7d.json",
  "parameterValues" : [ ]
}